[2025-12-16T17:40:54.264+0000] {local_task_job_runner.py:120} INFO - ::group::Pre task execution logs
[2025-12-16T17:40:54.315+0000] {taskinstance.py:2076} INFO - Dependencies all met for dep_context=non-requeueable deps ti=<TaskInstance: users_elt_daily.extract_users manual__2025-11-15T00:00:00+00:00 [queued]>
[2025-12-16T17:40:54.328+0000] {taskinstance.py:2076} INFO - Dependencies all met for dep_context=requeueable deps ti=<TaskInstance: users_elt_daily.extract_users manual__2025-11-15T00:00:00+00:00 [queued]>
[2025-12-16T17:40:54.329+0000] {taskinstance.py:2306} INFO - Starting attempt 1 of 1
[2025-12-16T17:40:54.393+0000] {taskinstance.py:2330} INFO - Executing <Task(BashOperator): extract_users> on 2025-11-15 00:00:00+00:00
[2025-12-16T17:40:54.409+0000] {logging_mixin.py:188} WARNING - /home/***/.local/lib/python3.12/site-packages/***/task/task_runner/standard_task_runner.py:62 DeprecationWarning: This process (pid=499) is multi-threaded, use of fork() may lead to deadlocks in the child.
[2025-12-16T17:40:54.405+0000] {standard_task_runner.py:90} INFO - Running: ['***', 'tasks', 'run', 'users_elt_daily', 'extract_users', 'manual__2025-11-15T00:00:00+00:00', '--job-id', '182', '--raw', '--subdir', 'DAGS_FOLDER/users_elt_daily.py', '--cfg-path', '/tmp/tmpisu3mbk8']
[2025-12-16T17:40:54.411+0000] {standard_task_runner.py:64} INFO - Started process 504 to run task
[2025-12-16T17:40:54.411+0000] {standard_task_runner.py:91} INFO - Job 182: Subtask extract_users
[2025-12-16T17:40:54.521+0000] {task_command.py:426} INFO - Running <TaskInstance: users_elt_daily.extract_users manual__2025-11-15T00:00:00+00:00 [running]> on host be068e76f4a7
[2025-12-16T17:40:54.673+0000] {taskinstance.py:2648} INFO - Exporting env vars: AIRFLOW_CTX_DAG_OWNER='***' AIRFLOW_CTX_DAG_ID='users_elt_daily' AIRFLOW_CTX_TASK_ID='extract_users' AIRFLOW_CTX_EXECUTION_DATE='2025-11-15T00:00:00+00:00' AIRFLOW_CTX_TRY_NUMBER='1' AIRFLOW_CTX_DAG_RUN_ID='manual__2025-11-15T00:00:00+00:00'
[2025-12-16T17:40:54.675+0000] {taskinstance.py:430} INFO - ::endgroup::
[2025-12-16T17:40:54.702+0000] {subprocess.py:63} INFO - Tmp dir root location: /tmp
[2025-12-16T17:40:54.704+0000] {subprocess.py:75} INFO - Running command: ['/usr/bin/bash', '-c', 'python /opt/***/scripts/extract_users.py --ds 2025-11-15']
[2025-12-16T17:40:54.728+0000] {subprocess.py:86} INFO - Output:
[2025-12-16T17:40:55.127+0000] {subprocess.py:93} INFO - [extract_users] ds=2025-11-15 wrote=/opt/***/data/source/users/users_2025-11-15.json new_users=18 last_user_id=534
[2025-12-16T17:40:55.156+0000] {subprocess.py:97} INFO - Command exited with return code 0
[2025-12-16T17:40:55.158+0000] {taskinstance.py:441} INFO - ::group::Post task execution logs
[2025-12-16T17:40:55.211+0000] {taskinstance.py:1206} INFO - Marking task as SUCCESS. dag_id=users_elt_daily, task_id=extract_users, run_id=manual__2025-11-15T00:00:00+00:00, execution_date=20251115T000000, start_date=20251216T174054, end_date=20251216T174055
[2025-12-16T17:40:55.270+0000] {local_task_job_runner.py:243} INFO - Task exited with return code 0
[2025-12-16T17:40:55.314+0000] {taskinstance.py:3503} INFO - 1 downstream tasks scheduled from follow-on schedule check
[2025-12-16T17:40:55.318+0000] {local_task_job_runner.py:222} INFO - ::endgroup::
