[2025-12-16T17:13:10.384+0000] {local_task_job_runner.py:120} INFO - ::group::Pre task execution logs
[2025-12-16T17:13:10.479+0000] {taskinstance.py:2076} INFO - Dependencies all met for dep_context=non-requeueable deps ti=<TaskInstance: invoices_elt_daily.extract_invoices scheduled__2025-12-09T00:00:00+00:00 [queued]>
[2025-12-16T17:13:10.503+0000] {taskinstance.py:2076} INFO - Dependencies all met for dep_context=requeueable deps ti=<TaskInstance: invoices_elt_daily.extract_invoices scheduled__2025-12-09T00:00:00+00:00 [queued]>
[2025-12-16T17:13:10.507+0000] {taskinstance.py:2306} INFO - Starting attempt 1 of 1
[2025-12-16T17:13:10.562+0000] {taskinstance.py:2330} INFO - Executing <Task(BashOperator): extract_invoices> on 2025-12-09 00:00:00+00:00
[2025-12-16T17:13:10.590+0000] {logging_mixin.py:188} WARNING - /home/***/.local/lib/python3.12/site-packages/***/task/task_runner/standard_task_runner.py:62 DeprecationWarning: This process (pid=254) is multi-threaded, use of fork() may lead to deadlocks in the child.
[2025-12-16T17:13:10.586+0000] {standard_task_runner.py:90} INFO - Running: ['***', 'tasks', 'run', 'invoices_elt_daily', 'extract_invoices', 'scheduled__2025-12-09T00:00:00+00:00', '--job-id', '69', '--raw', '--subdir', 'DAGS_FOLDER/invoices_elt_daily.py', '--cfg-path', '/tmp/tmp3chc4qnl']
[2025-12-16T17:13:10.593+0000] {standard_task_runner.py:64} INFO - Started process 266 to run task
[2025-12-16T17:13:10.595+0000] {standard_task_runner.py:91} INFO - Job 69: Subtask extract_invoices
[2025-12-16T17:13:10.766+0000] {task_command.py:426} INFO - Running <TaskInstance: invoices_elt_daily.extract_invoices scheduled__2025-12-09T00:00:00+00:00 [running]> on host be068e76f4a7
[2025-12-16T17:13:10.989+0000] {taskinstance.py:2648} INFO - Exporting env vars: AIRFLOW_CTX_DAG_OWNER='***' AIRFLOW_CTX_DAG_ID='invoices_elt_daily' AIRFLOW_CTX_TASK_ID='extract_invoices' AIRFLOW_CTX_EXECUTION_DATE='2025-12-09T00:00:00+00:00' AIRFLOW_CTX_TRY_NUMBER='1' AIRFLOW_CTX_DAG_RUN_ID='scheduled__2025-12-09T00:00:00+00:00'
[2025-12-16T17:13:10.991+0000] {taskinstance.py:430} INFO - ::endgroup::
[2025-12-16T17:13:11.045+0000] {subprocess.py:63} INFO - Tmp dir root location: /tmp
[2025-12-16T17:13:11.053+0000] {subprocess.py:75} INFO - Running command: ['/usr/bin/bash', '-c', 'python /opt/***/scripts/extract_invoices.py --ds 2025-12-09']
[2025-12-16T17:13:11.094+0000] {subprocess.py:86} INFO - Output:
[2025-12-16T17:13:11.801+0000] {subprocess.py:93} INFO - [extract_invoices] ds=2025-12-09 not billing day -> wrote empty file
[2025-12-16T17:13:11.845+0000] {subprocess.py:97} INFO - Command exited with return code 0
[2025-12-16T17:13:11.848+0000] {taskinstance.py:441} INFO - ::group::Post task execution logs
[2025-12-16T17:13:11.910+0000] {taskinstance.py:1206} INFO - Marking task as SUCCESS. dag_id=invoices_elt_daily, task_id=extract_invoices, run_id=scheduled__2025-12-09T00:00:00+00:00, execution_date=20251209T000000, start_date=20251216T171310, end_date=20251216T171311
[2025-12-16T17:13:12.005+0000] {local_task_job_runner.py:243} INFO - Task exited with return code 0
[2025-12-16T17:13:12.079+0000] {taskinstance.py:3503} INFO - 1 downstream tasks scheduled from follow-on schedule check
[2025-12-16T17:13:12.087+0000] {local_task_job_runner.py:222} INFO - ::endgroup::
[2025-12-16T17:41:34.719+0000] {local_task_job_runner.py:120} INFO - ::group::Pre task execution logs
[2025-12-16T17:41:34.798+0000] {taskinstance.py:2076} INFO - Dependencies all met for dep_context=non-requeueable deps ti=<TaskInstance: invoices_elt_daily.extract_invoices scheduled__2025-12-09T00:00:00+00:00 [queued]>
[2025-12-16T17:41:34.817+0000] {taskinstance.py:2076} INFO - Dependencies all met for dep_context=requeueable deps ti=<TaskInstance: invoices_elt_daily.extract_invoices scheduled__2025-12-09T00:00:00+00:00 [queued]>
[2025-12-16T17:41:34.818+0000] {taskinstance.py:2306} INFO - Starting attempt 1 of 1
[2025-12-16T17:41:34.848+0000] {taskinstance.py:2330} INFO - Executing <Task(BashOperator): extract_invoices> on 2025-12-09 00:00:00+00:00
[2025-12-16T17:41:34.866+0000] {logging_mixin.py:188} WARNING - /home/***/.local/lib/python3.12/site-packages/***/task/task_runner/standard_task_runner.py:62 DeprecationWarning: This process (pid=998) is multi-threaded, use of fork() may lead to deadlocks in the child.
[2025-12-16T17:41:34.865+0000] {standard_task_runner.py:90} INFO - Running: ['***', 'tasks', 'run', 'invoices_elt_daily', 'extract_invoices', 'scheduled__2025-12-09T00:00:00+00:00', '--job-id', '343', '--raw', '--subdir', 'DAGS_FOLDER/invoices_elt_daily.py', '--cfg-path', '/tmp/tmp85xpkmtc']
[2025-12-16T17:41:34.875+0000] {standard_task_runner.py:64} INFO - Started process 1004 to run task
[2025-12-16T17:41:34.875+0000] {standard_task_runner.py:91} INFO - Job 343: Subtask extract_invoices
[2025-12-16T17:41:35.057+0000] {task_command.py:426} INFO - Running <TaskInstance: invoices_elt_daily.extract_invoices scheduled__2025-12-09T00:00:00+00:00 [running]> on host be068e76f4a7
[2025-12-16T17:41:35.285+0000] {taskinstance.py:2648} INFO - Exporting env vars: AIRFLOW_CTX_DAG_OWNER='***' AIRFLOW_CTX_DAG_ID='invoices_elt_daily' AIRFLOW_CTX_TASK_ID='extract_invoices' AIRFLOW_CTX_EXECUTION_DATE='2025-12-09T00:00:00+00:00' AIRFLOW_CTX_TRY_NUMBER='1' AIRFLOW_CTX_DAG_RUN_ID='scheduled__2025-12-09T00:00:00+00:00'
[2025-12-16T17:41:35.287+0000] {taskinstance.py:430} INFO - ::endgroup::
[2025-12-16T17:41:35.328+0000] {subprocess.py:63} INFO - Tmp dir root location: /tmp
[2025-12-16T17:41:35.333+0000] {subprocess.py:75} INFO - Running command: ['/usr/bin/bash', '-c', 'python /opt/***/scripts/extract_invoices.py --ds 2025-12-09']
[2025-12-16T17:41:35.369+0000] {subprocess.py:86} INFO - Output:
[2025-12-16T17:41:35.981+0000] {subprocess.py:93} INFO - [extract_invoices] ds=2025-12-09 already exists -> skip
[2025-12-16T17:41:36.024+0000] {subprocess.py:97} INFO - Command exited with return code 0
[2025-12-16T17:41:36.026+0000] {taskinstance.py:441} INFO - ::group::Post task execution logs
[2025-12-16T17:41:36.101+0000] {taskinstance.py:1206} INFO - Marking task as SUCCESS. dag_id=invoices_elt_daily, task_id=extract_invoices, run_id=scheduled__2025-12-09T00:00:00+00:00, execution_date=20251209T000000, start_date=20251216T174134, end_date=20251216T174136
[2025-12-16T17:41:36.378+0000] {local_task_job_runner.py:243} INFO - Task exited with return code 0
[2025-12-16T17:41:36.446+0000] {taskinstance.py:3503} INFO - 1 downstream tasks scheduled from follow-on schedule check
[2025-12-16T17:41:36.461+0000] {local_task_job_runner.py:222} INFO - ::endgroup::
