[2025-12-16T17:13:09.066+0000] {local_task_job_runner.py:120} INFO - ::group::Pre task execution logs
[2025-12-16T17:13:09.127+0000] {taskinstance.py:2076} INFO - Dependencies all met for dep_context=non-requeueable deps ti=<TaskInstance: invoices_elt_daily.extract_invoices scheduled__2025-12-02T00:00:00+00:00 [queued]>
[2025-12-16T17:13:09.142+0000] {taskinstance.py:2076} INFO - Dependencies all met for dep_context=requeueable deps ti=<TaskInstance: invoices_elt_daily.extract_invoices scheduled__2025-12-02T00:00:00+00:00 [queued]>
[2025-12-16T17:13:09.144+0000] {taskinstance.py:2306} INFO - Starting attempt 1 of 1
[2025-12-16T17:13:09.173+0000] {taskinstance.py:2330} INFO - Executing <Task(BashOperator): extract_invoices> on 2025-12-02 00:00:00+00:00
[2025-12-16T17:13:09.188+0000] {standard_task_runner.py:90} INFO - Running: ['***', 'tasks', 'run', 'invoices_elt_daily', 'extract_invoices', 'scheduled__2025-12-02T00:00:00+00:00', '--job-id', '62', '--raw', '--subdir', 'DAGS_FOLDER/invoices_elt_daily.py', '--cfg-path', '/tmp/tmp27wm62sc']
[2025-12-16T17:13:09.193+0000] {standard_task_runner.py:91} INFO - Job 62: Subtask extract_invoices
[2025-12-16T17:13:09.196+0000] {logging_mixin.py:188} WARNING - /home/***/.local/lib/python3.12/site-packages/***/task/task_runner/standard_task_runner.py:62 DeprecationWarning: This process (pid=235) is multi-threaded, use of fork() may lead to deadlocks in the child.
[2025-12-16T17:13:09.198+0000] {standard_task_runner.py:64} INFO - Started process 241 to run task
[2025-12-16T17:13:09.300+0000] {task_command.py:426} INFO - Running <TaskInstance: invoices_elt_daily.extract_invoices scheduled__2025-12-02T00:00:00+00:00 [running]> on host be068e76f4a7
[2025-12-16T17:13:09.460+0000] {taskinstance.py:2648} INFO - Exporting env vars: AIRFLOW_CTX_DAG_OWNER='***' AIRFLOW_CTX_DAG_ID='invoices_elt_daily' AIRFLOW_CTX_TASK_ID='extract_invoices' AIRFLOW_CTX_EXECUTION_DATE='2025-12-02T00:00:00+00:00' AIRFLOW_CTX_TRY_NUMBER='1' AIRFLOW_CTX_DAG_RUN_ID='scheduled__2025-12-02T00:00:00+00:00'
[2025-12-16T17:13:09.461+0000] {taskinstance.py:430} INFO - ::endgroup::
[2025-12-16T17:13:09.496+0000] {subprocess.py:63} INFO - Tmp dir root location: /tmp
[2025-12-16T17:13:09.499+0000] {subprocess.py:75} INFO - Running command: ['/usr/bin/bash', '-c', 'python /opt/***/scripts/extract_invoices.py --ds 2025-12-02']
[2025-12-16T17:13:09.525+0000] {subprocess.py:86} INFO - Output:
[2025-12-16T17:13:10.031+0000] {subprocess.py:93} INFO - [extract_invoices] ds=2025-12-02 not billing day -> wrote empty file
[2025-12-16T17:13:10.066+0000] {subprocess.py:97} INFO - Command exited with return code 0
[2025-12-16T17:13:10.067+0000] {taskinstance.py:441} INFO - ::group::Post task execution logs
[2025-12-16T17:13:10.113+0000] {taskinstance.py:1206} INFO - Marking task as SUCCESS. dag_id=invoices_elt_daily, task_id=extract_invoices, run_id=scheduled__2025-12-02T00:00:00+00:00, execution_date=20251202T000000, start_date=20251216T171309, end_date=20251216T171310
[2025-12-16T17:13:10.220+0000] {local_task_job_runner.py:243} INFO - Task exited with return code 0
[2025-12-16T17:13:10.271+0000] {taskinstance.py:3503} INFO - 1 downstream tasks scheduled from follow-on schedule check
[2025-12-16T17:13:10.276+0000] {local_task_job_runner.py:222} INFO - ::endgroup::
[2025-12-16T17:41:33.004+0000] {local_task_job_runner.py:120} INFO - ::group::Pre task execution logs
[2025-12-16T17:41:33.058+0000] {taskinstance.py:2076} INFO - Dependencies all met for dep_context=non-requeueable deps ti=<TaskInstance: invoices_elt_daily.extract_invoices scheduled__2025-12-02T00:00:00+00:00 [queued]>
[2025-12-16T17:41:33.071+0000] {taskinstance.py:2076} INFO - Dependencies all met for dep_context=requeueable deps ti=<TaskInstance: invoices_elt_daily.extract_invoices scheduled__2025-12-02T00:00:00+00:00 [queued]>
[2025-12-16T17:41:33.072+0000] {taskinstance.py:2306} INFO - Starting attempt 1 of 1
[2025-12-16T17:41:33.092+0000] {taskinstance.py:2330} INFO - Executing <Task(BashOperator): extract_invoices> on 2025-12-02 00:00:00+00:00
[2025-12-16T17:41:33.106+0000] {logging_mixin.py:188} WARNING - /home/***/.local/lib/python3.12/site-packages/***/task/task_runner/standard_task_runner.py:62 DeprecationWarning: This process (pid=981) is multi-threaded, use of fork() may lead to deadlocks in the child.
[2025-12-16T17:41:33.108+0000] {standard_task_runner.py:64} INFO - Started process 985 to run task
[2025-12-16T17:41:33.106+0000] {standard_task_runner.py:90} INFO - Running: ['***', 'tasks', 'run', 'invoices_elt_daily', 'extract_invoices', 'scheduled__2025-12-02T00:00:00+00:00', '--job-id', '336', '--raw', '--subdir', 'DAGS_FOLDER/invoices_elt_daily.py', '--cfg-path', '/tmp/tmpxdugz0f2']
[2025-12-16T17:41:33.109+0000] {standard_task_runner.py:91} INFO - Job 336: Subtask extract_invoices
[2025-12-16T17:41:33.198+0000] {task_command.py:426} INFO - Running <TaskInstance: invoices_elt_daily.extract_invoices scheduled__2025-12-02T00:00:00+00:00 [running]> on host be068e76f4a7
[2025-12-16T17:41:33.338+0000] {taskinstance.py:2648} INFO - Exporting env vars: AIRFLOW_CTX_DAG_OWNER='***' AIRFLOW_CTX_DAG_ID='invoices_elt_daily' AIRFLOW_CTX_TASK_ID='extract_invoices' AIRFLOW_CTX_EXECUTION_DATE='2025-12-02T00:00:00+00:00' AIRFLOW_CTX_TRY_NUMBER='1' AIRFLOW_CTX_DAG_RUN_ID='scheduled__2025-12-02T00:00:00+00:00'
[2025-12-16T17:41:33.339+0000] {taskinstance.py:430} INFO - ::endgroup::
[2025-12-16T17:41:33.361+0000] {subprocess.py:63} INFO - Tmp dir root location: /tmp
[2025-12-16T17:41:33.363+0000] {subprocess.py:75} INFO - Running command: ['/usr/bin/bash', '-c', 'python /opt/***/scripts/extract_invoices.py --ds 2025-12-02']
[2025-12-16T17:41:33.382+0000] {subprocess.py:86} INFO - Output:
[2025-12-16T17:41:34.186+0000] {subprocess.py:93} INFO - [extract_invoices] ds=2025-12-02 already exists -> skip
[2025-12-16T17:41:34.235+0000] {subprocess.py:97} INFO - Command exited with return code 0
[2025-12-16T17:41:34.238+0000] {taskinstance.py:441} INFO - ::group::Post task execution logs
[2025-12-16T17:41:34.318+0000] {taskinstance.py:1206} INFO - Marking task as SUCCESS. dag_id=invoices_elt_daily, task_id=extract_invoices, run_id=scheduled__2025-12-02T00:00:00+00:00, execution_date=20251202T000000, start_date=20251216T174133, end_date=20251216T174134
[2025-12-16T17:41:34.591+0000] {local_task_job_runner.py:243} INFO - Task exited with return code 0
[2025-12-16T17:41:34.649+0000] {taskinstance.py:3503} INFO - 1 downstream tasks scheduled from follow-on schedule check
[2025-12-16T17:41:34.654+0000] {local_task_job_runner.py:222} INFO - ::endgroup::
