[2025-12-16T17:20:46.725+0000] {local_task_job_runner.py:120} INFO - ::group::Pre task execution logs
[2025-12-16T17:20:46.765+0000] {taskinstance.py:2076} INFO - Dependencies all met for dep_context=non-requeueable deps ti=<TaskInstance: invoices_elt_daily.extract_invoices scheduled__2025-12-02T00:00:00+00:00 [queued]>
[2025-12-16T17:20:46.777+0000] {taskinstance.py:2076} INFO - Dependencies all met for dep_context=requeueable deps ti=<TaskInstance: invoices_elt_daily.extract_invoices scheduled__2025-12-02T00:00:00+00:00 [queued]>
[2025-12-16T17:20:46.778+0000] {taskinstance.py:2306} INFO - Starting attempt 3 of 3
[2025-12-16T17:20:46.792+0000] {taskinstance.py:2330} INFO - Executing <Task(BashOperator): extract_invoices> on 2025-12-02 00:00:00+00:00
[2025-12-16T17:20:46.803+0000] {logging_mixin.py:188} WARNING - /home/***/.local/lib/python3.12/site-packages/***/task/task_runner/standard_task_runner.py:62 DeprecationWarning: This process (pid=632) is multi-threaded, use of fork() may lead to deadlocks in the child.
[2025-12-16T17:20:46.803+0000] {standard_task_runner.py:90} INFO - Running: ['***', 'tasks', 'run', 'invoices_elt_daily', 'extract_invoices', 'scheduled__2025-12-02T00:00:00+00:00', '--job-id', '93', '--raw', '--subdir', 'DAGS_FOLDER/invoices_elt_daily.py', '--cfg-path', '/tmp/tmputdav9qz']
[2025-12-16T17:20:46.805+0000] {standard_task_runner.py:64} INFO - Started process 633 to run task
[2025-12-16T17:20:46.805+0000] {standard_task_runner.py:91} INFO - Job 93: Subtask extract_invoices
[2025-12-16T17:20:46.892+0000] {task_command.py:426} INFO - Running <TaskInstance: invoices_elt_daily.extract_invoices scheduled__2025-12-02T00:00:00+00:00 [running]> on host be068e76f4a7
[2025-12-16T17:20:47.006+0000] {taskinstance.py:2648} INFO - Exporting env vars: AIRFLOW_CTX_DAG_OWNER='***' AIRFLOW_CTX_DAG_ID='invoices_elt_daily' AIRFLOW_CTX_TASK_ID='extract_invoices' AIRFLOW_CTX_EXECUTION_DATE='2025-12-02T00:00:00+00:00' AIRFLOW_CTX_TRY_NUMBER='3' AIRFLOW_CTX_DAG_RUN_ID='scheduled__2025-12-02T00:00:00+00:00'
[2025-12-16T17:20:47.008+0000] {taskinstance.py:430} INFO - ::endgroup::
[2025-12-16T17:20:47.026+0000] {subprocess.py:63} INFO - Tmp dir root location: /tmp
[2025-12-16T17:20:47.028+0000] {subprocess.py:75} INFO - Running command: ['/usr/bin/bash', '-c', 'python /opt/***/scripts/extract_invoices.py --ds 2025-12-02']
[2025-12-16T17:20:47.043+0000] {subprocess.py:86} INFO - Output:
[2025-12-16T17:20:47.309+0000] {subprocess.py:93} INFO - [extract_invoices] ds=2025-12-02 already exists -> skip
[2025-12-16T17:20:47.323+0000] {subprocess.py:97} INFO - Command exited with return code 0
[2025-12-16T17:20:47.325+0000] {taskinstance.py:441} INFO - ::group::Post task execution logs
[2025-12-16T17:20:47.377+0000] {taskinstance.py:1206} INFO - Marking task as SUCCESS. dag_id=invoices_elt_daily, task_id=extract_invoices, run_id=scheduled__2025-12-02T00:00:00+00:00, execution_date=20251202T000000, start_date=20251216T172046, end_date=20251216T172047
[2025-12-16T17:20:47.422+0000] {local_task_job_runner.py:243} INFO - Task exited with return code 0
[2025-12-16T17:20:47.446+0000] {taskinstance.py:3503} INFO - 0 downstream tasks scheduled from follow-on schedule check
[2025-12-16T17:20:47.449+0000] {local_task_job_runner.py:222} INFO - ::endgroup::
