[2025-12-16T17:20:30.515+0000] {local_task_job_runner.py:120} INFO - ::group::Pre task execution logs
[2025-12-16T17:20:30.557+0000] {taskinstance.py:2076} INFO - Dependencies all met for dep_context=non-requeueable deps ti=<TaskInstance: invoices_elt_daily.extract_invoices scheduled__2025-12-02T00:00:00+00:00 [queued]>
[2025-12-16T17:20:30.569+0000] {taskinstance.py:2076} INFO - Dependencies all met for dep_context=requeueable deps ti=<TaskInstance: invoices_elt_daily.extract_invoices scheduled__2025-12-02T00:00:00+00:00 [queued]>
[2025-12-16T17:20:30.570+0000] {taskinstance.py:2306} INFO - Starting attempt 2 of 2
[2025-12-16T17:20:30.584+0000] {taskinstance.py:2330} INFO - Executing <Task(BashOperator): extract_invoices> on 2025-12-02 00:00:00+00:00
[2025-12-16T17:20:30.594+0000] {logging_mixin.py:188} WARNING - /home/***/.local/lib/python3.12/site-packages/***/task/task_runner/standard_task_runner.py:62 DeprecationWarning: This process (pid=629) is multi-threaded, use of fork() may lead to deadlocks in the child.
[2025-12-16T17:20:30.596+0000] {standard_task_runner.py:64} INFO - Started process 630 to run task
[2025-12-16T17:20:30.594+0000] {standard_task_runner.py:90} INFO - Running: ['***', 'tasks', 'run', 'invoices_elt_daily', 'extract_invoices', 'scheduled__2025-12-02T00:00:00+00:00', '--job-id', '92', '--raw', '--subdir', 'DAGS_FOLDER/invoices_elt_daily.py', '--cfg-path', '/tmp/tmpfhoi3whh']
[2025-12-16T17:20:30.596+0000] {standard_task_runner.py:91} INFO - Job 92: Subtask extract_invoices
[2025-12-16T17:20:30.680+0000] {task_command.py:426} INFO - Running <TaskInstance: invoices_elt_daily.extract_invoices scheduled__2025-12-02T00:00:00+00:00 [running]> on host be068e76f4a7
[2025-12-16T17:20:30.790+0000] {taskinstance.py:2648} INFO - Exporting env vars: AIRFLOW_CTX_DAG_OWNER='***' AIRFLOW_CTX_DAG_ID='invoices_elt_daily' AIRFLOW_CTX_TASK_ID='extract_invoices' AIRFLOW_CTX_EXECUTION_DATE='2025-12-02T00:00:00+00:00' AIRFLOW_CTX_TRY_NUMBER='2' AIRFLOW_CTX_DAG_RUN_ID='scheduled__2025-12-02T00:00:00+00:00'
[2025-12-16T17:20:30.792+0000] {taskinstance.py:430} INFO - ::endgroup::
[2025-12-16T17:20:30.810+0000] {subprocess.py:63} INFO - Tmp dir root location: /tmp
[2025-12-16T17:20:30.812+0000] {subprocess.py:75} INFO - Running command: ['/usr/bin/bash', '-c', 'python /opt/***/scripts/extract_invoices.py --ds 2025-12-02']
[2025-12-16T17:20:30.828+0000] {subprocess.py:86} INFO - Output:
[2025-12-16T17:20:31.091+0000] {subprocess.py:93} INFO - [extract_invoices] ds=2025-12-02 already exists -> skip
[2025-12-16T17:20:31.103+0000] {subprocess.py:97} INFO - Command exited with return code 0
[2025-12-16T17:20:31.105+0000] {taskinstance.py:441} INFO - ::group::Post task execution logs
[2025-12-16T17:20:31.136+0000] {taskinstance.py:1206} INFO - Marking task as SUCCESS. dag_id=invoices_elt_daily, task_id=extract_invoices, run_id=scheduled__2025-12-02T00:00:00+00:00, execution_date=20251202T000000, start_date=20251216T172030, end_date=20251216T172031
[2025-12-16T17:20:31.171+0000] {local_task_job_runner.py:243} INFO - Task exited with return code 0
[2025-12-16T17:20:31.193+0000] {taskinstance.py:3503} INFO - 0 downstream tasks scheduled from follow-on schedule check
[2025-12-16T17:20:31.196+0000] {local_task_job_runner.py:222} INFO - ::endgroup::
