[2025-12-16T17:31:26.626+0000] {local_task_job_runner.py:120} INFO - ::group::Pre task execution logs
[2025-12-16T17:31:26.742+0000] {taskinstance.py:2076} INFO - Dependencies all met for dep_context=non-requeueable deps ti=<TaskInstance: users_elt_daily.extract_users scheduled__2025-11-13T00:00:00+00:00 [queued]>
[2025-12-16T17:31:26.762+0000] {taskinstance.py:2076} INFO - Dependencies all met for dep_context=requeueable deps ti=<TaskInstance: users_elt_daily.extract_users scheduled__2025-11-13T00:00:00+00:00 [queued]>
[2025-12-16T17:31:26.764+0000] {taskinstance.py:2306} INFO - Starting attempt 1 of 1
[2025-12-16T17:31:26.806+0000] {taskinstance.py:2330} INFO - Executing <Task(BashOperator): extract_users> on 2025-11-13 00:00:00+00:00
[2025-12-16T17:31:26.834+0000] {logging_mixin.py:188} WARNING - /home/***/.local/lib/python3.12/site-packages/***/task/task_runner/standard_task_runner.py:62 DeprecationWarning: This process (pid=1098) is multi-threaded, use of fork() may lead to deadlocks in the child.
[2025-12-16T17:31:26.828+0000] {standard_task_runner.py:90} INFO - Running: ['***', 'tasks', 'run', 'users_elt_daily', 'extract_users', 'scheduled__2025-11-13T00:00:00+00:00', '--job-id', '110', '--raw', '--subdir', 'DAGS_FOLDER/users_elt_daily.py', '--cfg-path', '/tmp/tmp5i3indbj']
[2025-12-16T17:31:26.840+0000] {standard_task_runner.py:91} INFO - Job 110: Subtask extract_users
[2025-12-16T17:31:26.839+0000] {standard_task_runner.py:64} INFO - Started process 1112 to run task
[2025-12-16T17:31:27.029+0000] {task_command.py:426} INFO - Running <TaskInstance: users_elt_daily.extract_users scheduled__2025-11-13T00:00:00+00:00 [running]> on host be068e76f4a7
[2025-12-16T17:31:27.240+0000] {taskinstance.py:2648} INFO - Exporting env vars: AIRFLOW_CTX_DAG_OWNER='***' AIRFLOW_CTX_DAG_ID='users_elt_daily' AIRFLOW_CTX_TASK_ID='extract_users' AIRFLOW_CTX_EXECUTION_DATE='2025-11-13T00:00:00+00:00' AIRFLOW_CTX_TRY_NUMBER='1' AIRFLOW_CTX_DAG_RUN_ID='scheduled__2025-11-13T00:00:00+00:00'
[2025-12-16T17:31:27.242+0000] {taskinstance.py:430} INFO - ::endgroup::
[2025-12-16T17:31:27.281+0000] {subprocess.py:63} INFO - Tmp dir root location: /tmp
[2025-12-16T17:31:27.287+0000] {subprocess.py:75} INFO - Running command: ['/usr/bin/bash', '-c', 'python /opt/***/scripts/extract_users.py --ds 2025-11-13']
[2025-12-16T17:31:27.318+0000] {subprocess.py:86} INFO - Output:
[2025-12-16T17:31:27.837+0000] {subprocess.py:93} INFO - [extract_users] ds=2025-11-13 wrote=/opt/***/data/source/users/users_2025-11-13.json new_users=9 last_user_id=183
[2025-12-16T17:31:27.871+0000] {subprocess.py:97} INFO - Command exited with return code 0
[2025-12-16T17:31:27.875+0000] {taskinstance.py:441} INFO - ::group::Post task execution logs
[2025-12-16T17:31:27.944+0000] {taskinstance.py:1206} INFO - Marking task as SUCCESS. dag_id=users_elt_daily, task_id=extract_users, run_id=scheduled__2025-11-13T00:00:00+00:00, execution_date=20251113T000000, start_date=20251216T173126, end_date=20251216T173127
[2025-12-16T17:31:28.083+0000] {local_task_job_runner.py:243} INFO - Task exited with return code 0
[2025-12-16T17:31:28.124+0000] {taskinstance.py:3503} INFO - 1 downstream tasks scheduled from follow-on schedule check
[2025-12-16T17:31:28.129+0000] {local_task_job_runner.py:222} INFO - ::endgroup::
[2025-12-16T17:40:57.852+0000] {local_task_job_runner.py:120} INFO - ::group::Pre task execution logs
[2025-12-16T17:40:57.943+0000] {taskinstance.py:2076} INFO - Dependencies all met for dep_context=non-requeueable deps ti=<TaskInstance: users_elt_daily.extract_users scheduled__2025-11-13T00:00:00+00:00 [queued]>
[2025-12-16T17:40:57.964+0000] {taskinstance.py:2076} INFO - Dependencies all met for dep_context=requeueable deps ti=<TaskInstance: users_elt_daily.extract_users scheduled__2025-11-13T00:00:00+00:00 [queued]>
[2025-12-16T17:40:57.966+0000] {taskinstance.py:2306} INFO - Starting attempt 1 of 1
[2025-12-16T17:40:58.009+0000] {taskinstance.py:2330} INFO - Executing <Task(BashOperator): extract_users> on 2025-11-13 00:00:00+00:00
[2025-12-16T17:40:58.032+0000] {standard_task_runner.py:90} INFO - Running: ['***', 'tasks', 'run', 'users_elt_daily', 'extract_users', 'scheduled__2025-11-13T00:00:00+00:00', '--job-id', '205', '--raw', '--subdir', 'DAGS_FOLDER/users_elt_daily.py', '--cfg-path', '/tmp/tmp4fj_j_e7']
[2025-12-16T17:40:58.039+0000] {standard_task_runner.py:91} INFO - Job 205: Subtask extract_users
[2025-12-16T17:40:58.038+0000] {logging_mixin.py:188} WARNING - /home/***/.local/lib/python3.12/site-packages/***/task/task_runner/standard_task_runner.py:62 DeprecationWarning: This process (pid=558) is multi-threaded, use of fork() may lead to deadlocks in the child.
[2025-12-16T17:40:58.042+0000] {standard_task_runner.py:64} INFO - Started process 568 to run task
[2025-12-16T17:40:58.196+0000] {task_command.py:426} INFO - Running <TaskInstance: users_elt_daily.extract_users scheduled__2025-11-13T00:00:00+00:00 [running]> on host be068e76f4a7
[2025-12-16T17:40:58.370+0000] {taskinstance.py:2648} INFO - Exporting env vars: AIRFLOW_CTX_DAG_OWNER='***' AIRFLOW_CTX_DAG_ID='users_elt_daily' AIRFLOW_CTX_TASK_ID='extract_users' AIRFLOW_CTX_EXECUTION_DATE='2025-11-13T00:00:00+00:00' AIRFLOW_CTX_TRY_NUMBER='1' AIRFLOW_CTX_DAG_RUN_ID='scheduled__2025-11-13T00:00:00+00:00'
[2025-12-16T17:40:58.371+0000] {taskinstance.py:430} INFO - ::endgroup::
[2025-12-16T17:40:58.396+0000] {subprocess.py:63} INFO - Tmp dir root location: /tmp
[2025-12-16T17:40:58.398+0000] {subprocess.py:75} INFO - Running command: ['/usr/bin/bash', '-c', 'python /opt/***/scripts/extract_users.py --ds 2025-11-13']
[2025-12-16T17:40:58.422+0000] {subprocess.py:86} INFO - Output:
[2025-12-16T17:40:58.804+0000] {subprocess.py:93} INFO - [extract_users] ds=2025-11-13 already exists -> skip (/opt/***/data/source/users/users_2025-11-13.json)
[2025-12-16T17:40:58.832+0000] {subprocess.py:97} INFO - Command exited with return code 0
[2025-12-16T17:40:58.833+0000] {taskinstance.py:441} INFO - ::group::Post task execution logs
[2025-12-16T17:40:58.878+0000] {taskinstance.py:1206} INFO - Marking task as SUCCESS. dag_id=users_elt_daily, task_id=extract_users, run_id=scheduled__2025-11-13T00:00:00+00:00, execution_date=20251113T000000, start_date=20251216T174057, end_date=20251216T174058
[2025-12-16T17:40:58.947+0000] {local_task_job_runner.py:243} INFO - Task exited with return code 0
[2025-12-16T17:40:58.985+0000] {taskinstance.py:3503} INFO - 1 downstream tasks scheduled from follow-on schedule check
[2025-12-16T17:40:58.989+0000] {local_task_job_runner.py:222} INFO - ::endgroup::
