[2025-12-16T17:31:36.755+0000] {local_task_job_runner.py:120} INFO - ::group::Pre task execution logs
[2025-12-16T17:31:36.805+0000] {taskinstance.py:2076} INFO - Dependencies all met for dep_context=non-requeueable deps ti=<TaskInstance: users_elt_daily.load_users scheduled__2025-11-29T00:00:00+00:00 [queued]>
[2025-12-16T17:31:36.819+0000] {taskinstance.py:2076} INFO - Dependencies all met for dep_context=requeueable deps ti=<TaskInstance: users_elt_daily.load_users scheduled__2025-11-29T00:00:00+00:00 [queued]>
[2025-12-16T17:31:36.820+0000] {taskinstance.py:2306} INFO - Starting attempt 1 of 1
[2025-12-16T17:31:36.839+0000] {taskinstance.py:2330} INFO - Executing <Task(BashOperator): load_users> on 2025-11-29 00:00:00+00:00
[2025-12-16T17:31:36.851+0000] {standard_task_runner.py:90} INFO - Running: ['***', 'tasks', 'run', 'users_elt_daily', 'load_users', 'scheduled__2025-11-29T00:00:00+00:00', '--job-id', '148', '--raw', '--subdir', 'DAGS_FOLDER/users_elt_daily.py', '--cfg-path', '/tmp/tmph3sqrj6w']
[2025-12-16T17:31:36.852+0000] {logging_mixin.py:188} WARNING - /home/***/.local/lib/python3.12/site-packages/***/task/task_runner/standard_task_runner.py:62 DeprecationWarning: This process (pid=1231) is multi-threaded, use of fork() may lead to deadlocks in the child.
[2025-12-16T17:31:36.854+0000] {standard_task_runner.py:91} INFO - Job 148: Subtask load_users
[2025-12-16T17:31:36.854+0000] {standard_task_runner.py:64} INFO - Started process 1234 to run task
[2025-12-16T17:31:36.941+0000] {task_command.py:426} INFO - Running <TaskInstance: users_elt_daily.load_users scheduled__2025-11-29T00:00:00+00:00 [running]> on host be068e76f4a7
[2025-12-16T17:31:37.076+0000] {taskinstance.py:2648} INFO - Exporting env vars: AIRFLOW_CTX_DAG_OWNER='***' AIRFLOW_CTX_DAG_ID='users_elt_daily' AIRFLOW_CTX_TASK_ID='load_users' AIRFLOW_CTX_EXECUTION_DATE='2025-11-29T00:00:00+00:00' AIRFLOW_CTX_TRY_NUMBER='1' AIRFLOW_CTX_DAG_RUN_ID='scheduled__2025-11-29T00:00:00+00:00'
[2025-12-16T17:31:37.077+0000] {taskinstance.py:430} INFO - ::endgroup::
[2025-12-16T17:31:37.097+0000] {subprocess.py:63} INFO - Tmp dir root location: /tmp
[2025-12-16T17:31:37.099+0000] {subprocess.py:75} INFO - Running command: ['/usr/bin/bash', '-c', 'python /opt/***/scripts/load_users.py --ds 2025-11-29']
[2025-12-16T17:31:37.116+0000] {subprocess.py:86} INFO - Output:
[2025-12-16T17:31:37.445+0000] {subprocess.py:93} INFO - [load_users] ds=2025-11-29 inserted=5 rows
[2025-12-16T17:31:37.465+0000] {subprocess.py:97} INFO - Command exited with return code 0
[2025-12-16T17:31:37.466+0000] {taskinstance.py:441} INFO - ::group::Post task execution logs
[2025-12-16T17:31:37.501+0000] {taskinstance.py:1206} INFO - Marking task as SUCCESS. dag_id=users_elt_daily, task_id=load_users, run_id=scheduled__2025-11-29T00:00:00+00:00, execution_date=20251129T000000, start_date=20251216T173136, end_date=20251216T173137
[2025-12-16T17:31:37.554+0000] {local_task_job_runner.py:243} INFO - Task exited with return code 0
[2025-12-16T17:31:37.574+0000] {taskinstance.py:3503} INFO - 0 downstream tasks scheduled from follow-on schedule check
[2025-12-16T17:31:37.577+0000] {local_task_job_runner.py:222} INFO - ::endgroup::
[2025-12-16T17:41:12.548+0000] {local_task_job_runner.py:120} INFO - ::group::Pre task execution logs
[2025-12-16T17:41:12.750+0000] {taskinstance.py:2076} INFO - Dependencies all met for dep_context=non-requeueable deps ti=<TaskInstance: users_elt_daily.load_users scheduled__2025-11-29T00:00:00+00:00 [queued]>
[2025-12-16T17:41:12.783+0000] {taskinstance.py:2076} INFO - Dependencies all met for dep_context=requeueable deps ti=<TaskInstance: users_elt_daily.load_users scheduled__2025-11-29T00:00:00+00:00 [queued]>
[2025-12-16T17:41:12.789+0000] {taskinstance.py:2306} INFO - Starting attempt 1 of 1
[2025-12-16T17:41:13.164+0000] {taskinstance.py:2330} INFO - Executing <Task(BashOperator): load_users> on 2025-11-29 00:00:00+00:00
[2025-12-16T17:41:13.199+0000] {logging_mixin.py:188} WARNING - /home/***/.local/lib/python3.12/site-packages/***/task/task_runner/standard_task_runner.py:62 DeprecationWarning: This process (pid=721) is multi-threaded, use of fork() may lead to deadlocks in the child.
[2025-12-16T17:41:13.196+0000] {standard_task_runner.py:90} INFO - Running: ['***', 'tasks', 'run', 'users_elt_daily', 'load_users', 'scheduled__2025-11-29T00:00:00+00:00', '--job-id', '257', '--raw', '--subdir', 'DAGS_FOLDER/users_elt_daily.py', '--cfg-path', '/tmp/tmpn72oqb2w']
[2025-12-16T17:41:13.203+0000] {standard_task_runner.py:91} INFO - Job 257: Subtask load_users
[2025-12-16T17:41:13.203+0000] {standard_task_runner.py:64} INFO - Started process 736 to run task
[2025-12-16T17:41:13.404+0000] {task_command.py:426} INFO - Running <TaskInstance: users_elt_daily.load_users scheduled__2025-11-29T00:00:00+00:00 [running]> on host be068e76f4a7
[2025-12-16T17:41:13.783+0000] {taskinstance.py:2648} INFO - Exporting env vars: AIRFLOW_CTX_DAG_OWNER='***' AIRFLOW_CTX_DAG_ID='users_elt_daily' AIRFLOW_CTX_TASK_ID='load_users' AIRFLOW_CTX_EXECUTION_DATE='2025-11-29T00:00:00+00:00' AIRFLOW_CTX_TRY_NUMBER='1' AIRFLOW_CTX_DAG_RUN_ID='scheduled__2025-11-29T00:00:00+00:00'
[2025-12-16T17:41:13.793+0000] {taskinstance.py:430} INFO - ::endgroup::
[2025-12-16T17:41:13.849+0000] {subprocess.py:63} INFO - Tmp dir root location: /tmp
[2025-12-16T17:41:13.861+0000] {subprocess.py:75} INFO - Running command: ['/usr/bin/bash', '-c', 'python /opt/***/scripts/load_users.py --ds 2025-11-29']
[2025-12-16T17:41:13.920+0000] {subprocess.py:86} INFO - Output:
[2025-12-16T17:41:15.500+0000] {subprocess.py:93} INFO - [load_users] ds=2025-11-29 inserted=5 rows
[2025-12-16T17:41:15.553+0000] {subprocess.py:97} INFO - Command exited with return code 0
[2025-12-16T17:41:15.557+0000] {taskinstance.py:441} INFO - ::group::Post task execution logs
[2025-12-16T17:41:15.673+0000] {taskinstance.py:1206} INFO - Marking task as SUCCESS. dag_id=users_elt_daily, task_id=load_users, run_id=scheduled__2025-11-29T00:00:00+00:00, execution_date=20251129T000000, start_date=20251216T174112, end_date=20251216T174115
[2025-12-16T17:41:15.852+0000] {local_task_job_runner.py:243} INFO - Task exited with return code 0
[2025-12-16T17:41:15.968+0000] {taskinstance.py:3503} INFO - 0 downstream tasks scheduled from follow-on schedule check
[2025-12-16T17:41:15.983+0000] {local_task_job_runner.py:222} INFO - ::endgroup::
