[2025-12-16T17:31:23.882+0000] {local_task_job_runner.py:120} INFO - ::group::Pre task execution logs
[2025-12-16T17:31:23.952+0000] {taskinstance.py:2076} INFO - Dependencies all met for dep_context=non-requeueable deps ti=<TaskInstance: users_elt_daily.extract_users scheduled__2025-11-01T00:00:00+00:00 [queued]>
[2025-12-16T17:31:23.968+0000] {taskinstance.py:2076} INFO - Dependencies all met for dep_context=requeueable deps ti=<TaskInstance: users_elt_daily.extract_users scheduled__2025-11-01T00:00:00+00:00 [queued]>
[2025-12-16T17:31:23.970+0000] {taskinstance.py:2306} INFO - Starting attempt 1 of 1
[2025-12-16T17:31:24.016+0000] {taskinstance.py:2330} INFO - Executing <Task(BashOperator): extract_users> on 2025-11-01 00:00:00+00:00
[2025-12-16T17:31:24.030+0000] {logging_mixin.py:188} WARNING - /home/***/.local/lib/python3.12/site-packages/***/task/task_runner/standard_task_runner.py:62 DeprecationWarning: This process (pid=1060) is multi-threaded, use of fork() may lead to deadlocks in the child.
[2025-12-16T17:31:24.032+0000] {standard_task_runner.py:64} INFO - Started process 1064 to run task
[2025-12-16T17:31:24.029+0000] {standard_task_runner.py:90} INFO - Running: ['***', 'tasks', 'run', 'users_elt_daily', 'extract_users', 'scheduled__2025-11-01T00:00:00+00:00', '--job-id', '94', '--raw', '--subdir', 'DAGS_FOLDER/users_elt_daily.py', '--cfg-path', '/tmp/tmpyal_nra1']
[2025-12-16T17:31:24.037+0000] {standard_task_runner.py:91} INFO - Job 94: Subtask extract_users
[2025-12-16T17:31:24.145+0000] {task_command.py:426} INFO - Running <TaskInstance: users_elt_daily.extract_users scheduled__2025-11-01T00:00:00+00:00 [running]> on host be068e76f4a7
[2025-12-16T17:31:24.287+0000] {taskinstance.py:2648} INFO - Exporting env vars: AIRFLOW_CTX_DAG_OWNER='***' AIRFLOW_CTX_DAG_ID='users_elt_daily' AIRFLOW_CTX_TASK_ID='extract_users' AIRFLOW_CTX_EXECUTION_DATE='2025-11-01T00:00:00+00:00' AIRFLOW_CTX_TRY_NUMBER='1' AIRFLOW_CTX_DAG_RUN_ID='scheduled__2025-11-01T00:00:00+00:00'
[2025-12-16T17:31:24.289+0000] {taskinstance.py:430} INFO - ::endgroup::
[2025-12-16T17:31:24.324+0000] {subprocess.py:63} INFO - Tmp dir root location: /tmp
[2025-12-16T17:31:24.331+0000] {subprocess.py:75} INFO - Running command: ['/usr/bin/bash', '-c', 'python /opt/***/scripts/extract_users.py --ds 2025-11-01']
[2025-12-16T17:31:24.360+0000] {subprocess.py:86} INFO - Output:
[2025-12-16T17:31:24.828+0000] {subprocess.py:93} INFO - [extract_users] ds=2025-11-01 wrote=/opt/***/data/source/users/users_2025-11-01.json new_users=20 last_user_id=35
[2025-12-16T17:31:24.857+0000] {subprocess.py:97} INFO - Command exited with return code 0
[2025-12-16T17:31:24.859+0000] {taskinstance.py:441} INFO - ::group::Post task execution logs
[2025-12-16T17:31:24.916+0000] {taskinstance.py:1206} INFO - Marking task as SUCCESS. dag_id=users_elt_daily, task_id=extract_users, run_id=scheduled__2025-11-01T00:00:00+00:00, execution_date=20251101T000000, start_date=20251216T173123, end_date=20251216T173124
[2025-12-16T17:31:25.092+0000] {local_task_job_runner.py:243} INFO - Task exited with return code 0
[2025-12-16T17:31:25.141+0000] {taskinstance.py:3503} INFO - 1 downstream tasks scheduled from follow-on schedule check
[2025-12-16T17:31:25.146+0000] {local_task_job_runner.py:222} INFO - ::endgroup::
[2025-12-16T17:40:54.257+0000] {local_task_job_runner.py:120} INFO - ::group::Pre task execution logs
[2025-12-16T17:40:54.307+0000] {taskinstance.py:2076} INFO - Dependencies all met for dep_context=non-requeueable deps ti=<TaskInstance: users_elt_daily.extract_users scheduled__2025-11-01T00:00:00+00:00 [queued]>
[2025-12-16T17:40:54.323+0000] {taskinstance.py:2076} INFO - Dependencies all met for dep_context=requeueable deps ti=<TaskInstance: users_elt_daily.extract_users scheduled__2025-11-01T00:00:00+00:00 [queued]>
[2025-12-16T17:40:54.325+0000] {taskinstance.py:2306} INFO - Starting attempt 1 of 1
[2025-12-16T17:40:54.391+0000] {taskinstance.py:2330} INFO - Executing <Task(BashOperator): extract_users> on 2025-11-01 00:00:00+00:00
[2025-12-16T17:40:54.408+0000] {standard_task_runner.py:90} INFO - Running: ['***', 'tasks', 'run', 'users_elt_daily', 'extract_users', 'scheduled__2025-11-01T00:00:00+00:00', '--job-id', '181', '--raw', '--subdir', 'DAGS_FOLDER/users_elt_daily.py', '--cfg-path', '/tmp/tmpjthdj_bc']
[2025-12-16T17:40:54.412+0000] {logging_mixin.py:188} WARNING - /home/***/.local/lib/python3.12/site-packages/***/task/task_runner/standard_task_runner.py:62 DeprecationWarning: This process (pid=500) is multi-threaded, use of fork() may lead to deadlocks in the child.
[2025-12-16T17:40:54.413+0000] {standard_task_runner.py:91} INFO - Job 181: Subtask extract_users
[2025-12-16T17:40:54.414+0000] {standard_task_runner.py:64} INFO - Started process 505 to run task
[2025-12-16T17:40:54.526+0000] {task_command.py:426} INFO - Running <TaskInstance: users_elt_daily.extract_users scheduled__2025-11-01T00:00:00+00:00 [running]> on host be068e76f4a7
[2025-12-16T17:40:54.678+0000] {taskinstance.py:2648} INFO - Exporting env vars: AIRFLOW_CTX_DAG_OWNER='***' AIRFLOW_CTX_DAG_ID='users_elt_daily' AIRFLOW_CTX_TASK_ID='extract_users' AIRFLOW_CTX_EXECUTION_DATE='2025-11-01T00:00:00+00:00' AIRFLOW_CTX_TRY_NUMBER='1' AIRFLOW_CTX_DAG_RUN_ID='scheduled__2025-11-01T00:00:00+00:00'
[2025-12-16T17:40:54.679+0000] {taskinstance.py:430} INFO - ::endgroup::
[2025-12-16T17:40:54.709+0000] {subprocess.py:63} INFO - Tmp dir root location: /tmp
[2025-12-16T17:40:54.712+0000] {subprocess.py:75} INFO - Running command: ['/usr/bin/bash', '-c', 'python /opt/***/scripts/extract_users.py --ds 2025-11-01']
[2025-12-16T17:40:54.735+0000] {subprocess.py:86} INFO - Output:
[2025-12-16T17:40:55.145+0000] {subprocess.py:93} INFO - [extract_users] ds=2025-11-01 already exists -> skip (/opt/***/data/source/users/users_2025-11-01.json)
[2025-12-16T17:40:55.169+0000] {subprocess.py:97} INFO - Command exited with return code 0
[2025-12-16T17:40:55.171+0000] {taskinstance.py:441} INFO - ::group::Post task execution logs
[2025-12-16T17:40:55.222+0000] {taskinstance.py:1206} INFO - Marking task as SUCCESS. dag_id=users_elt_daily, task_id=extract_users, run_id=scheduled__2025-11-01T00:00:00+00:00, execution_date=20251101T000000, start_date=20251216T174054, end_date=20251216T174055
[2025-12-16T17:40:55.272+0000] {local_task_job_runner.py:243} INFO - Task exited with return code 0
[2025-12-16T17:40:55.322+0000] {taskinstance.py:3503} INFO - 1 downstream tasks scheduled from follow-on schedule check
[2025-12-16T17:40:55.327+0000] {local_task_job_runner.py:222} INFO - ::endgroup::
