[2025-12-16T17:31:44.520+0000] {local_task_job_runner.py:120} INFO - ::group::Pre task execution logs
[2025-12-16T17:31:44.578+0000] {taskinstance.py:2076} INFO - Dependencies all met for dep_context=non-requeueable deps ti=<TaskInstance: users_elt_daily.load_users scheduled__2025-12-12T00:00:00+00:00 [queued]>
[2025-12-16T17:31:44.591+0000] {taskinstance.py:2076} INFO - Dependencies all met for dep_context=requeueable deps ti=<TaskInstance: users_elt_daily.load_users scheduled__2025-12-12T00:00:00+00:00 [queued]>
[2025-12-16T17:31:44.591+0000] {taskinstance.py:2306} INFO - Starting attempt 1 of 1
[2025-12-16T17:31:44.610+0000] {taskinstance.py:2330} INFO - Executing <Task(BashOperator): load_users> on 2025-12-12 00:00:00+00:00
[2025-12-16T17:31:44.626+0000] {logging_mixin.py:188} WARNING - /home/***/.local/lib/python3.12/site-packages/***/task/task_runner/standard_task_runner.py:62 DeprecationWarning: This process (pid=1307) is multi-threaded, use of fork() may lead to deadlocks in the child.
[2025-12-16T17:31:44.628+0000] {standard_task_runner.py:64} INFO - Started process 1311 to run task
[2025-12-16T17:31:44.626+0000] {standard_task_runner.py:90} INFO - Running: ['***', 'tasks', 'run', 'users_elt_daily', 'load_users', 'scheduled__2025-12-12T00:00:00+00:00', '--job-id', '173', '--raw', '--subdir', 'DAGS_FOLDER/users_elt_daily.py', '--cfg-path', '/tmp/tmpgvcz0nob']
[2025-12-16T17:31:44.630+0000] {standard_task_runner.py:91} INFO - Job 173: Subtask load_users
[2025-12-16T17:31:44.728+0000] {task_command.py:426} INFO - Running <TaskInstance: users_elt_daily.load_users scheduled__2025-12-12T00:00:00+00:00 [running]> on host be068e76f4a7
[2025-12-16T17:31:44.872+0000] {taskinstance.py:2648} INFO - Exporting env vars: AIRFLOW_CTX_DAG_OWNER='***' AIRFLOW_CTX_DAG_ID='users_elt_daily' AIRFLOW_CTX_TASK_ID='load_users' AIRFLOW_CTX_EXECUTION_DATE='2025-12-12T00:00:00+00:00' AIRFLOW_CTX_TRY_NUMBER='1' AIRFLOW_CTX_DAG_RUN_ID='scheduled__2025-12-12T00:00:00+00:00'
[2025-12-16T17:31:44.874+0000] {taskinstance.py:430} INFO - ::endgroup::
[2025-12-16T17:31:44.894+0000] {subprocess.py:63} INFO - Tmp dir root location: /tmp
[2025-12-16T17:31:44.897+0000] {subprocess.py:75} INFO - Running command: ['/usr/bin/bash', '-c', 'python /opt/***/scripts/load_users.py --ds 2025-12-12']
[2025-12-16T17:31:44.913+0000] {subprocess.py:86} INFO - Output:
[2025-12-16T17:31:45.295+0000] {subprocess.py:93} INFO - [load_users] ds=2025-12-12 inserted=7 rows
[2025-12-16T17:31:45.316+0000] {subprocess.py:97} INFO - Command exited with return code 0
[2025-12-16T17:31:45.318+0000] {taskinstance.py:441} INFO - ::group::Post task execution logs
[2025-12-16T17:31:45.358+0000] {taskinstance.py:1206} INFO - Marking task as SUCCESS. dag_id=users_elt_daily, task_id=load_users, run_id=scheduled__2025-12-12T00:00:00+00:00, execution_date=20251212T000000, start_date=20251216T173144, end_date=20251216T173145
[2025-12-16T17:31:45.408+0000] {local_task_job_runner.py:243} INFO - Task exited with return code 0
[2025-12-16T17:31:45.436+0000] {taskinstance.py:3503} INFO - 0 downstream tasks scheduled from follow-on schedule check
[2025-12-16T17:31:45.440+0000] {local_task_job_runner.py:222} INFO - ::endgroup::
[2025-12-16T17:41:19.907+0000] {local_task_job_runner.py:120} INFO - ::group::Pre task execution logs
[2025-12-16T17:41:19.977+0000] {taskinstance.py:2076} INFO - Dependencies all met for dep_context=non-requeueable deps ti=<TaskInstance: users_elt_daily.load_users scheduled__2025-12-12T00:00:00+00:00 [queued]>
[2025-12-16T17:41:19.994+0000] {taskinstance.py:2076} INFO - Dependencies all met for dep_context=requeueable deps ti=<TaskInstance: users_elt_daily.load_users scheduled__2025-12-12T00:00:00+00:00 [queued]>
[2025-12-16T17:41:19.995+0000] {taskinstance.py:2306} INFO - Starting attempt 1 of 1
[2025-12-16T17:41:20.022+0000] {taskinstance.py:2330} INFO - Executing <Task(BashOperator): load_users> on 2025-12-12 00:00:00+00:00
[2025-12-16T17:41:20.042+0000] {logging_mixin.py:188} WARNING - /home/***/.local/lib/python3.12/site-packages/***/task/task_runner/standard_task_runner.py:62 DeprecationWarning: This process (pid=858) is multi-threaded, use of fork() may lead to deadlocks in the child.
[2025-12-16T17:41:20.041+0000] {standard_task_runner.py:90} INFO - Running: ['***', 'tasks', 'run', 'users_elt_daily', 'load_users', 'scheduled__2025-12-12T00:00:00+00:00', '--job-id', '297', '--raw', '--subdir', 'DAGS_FOLDER/users_elt_daily.py', '--cfg-path', '/tmp/tmpehay92gw']
[2025-12-16T17:41:20.044+0000] {standard_task_runner.py:64} INFO - Started process 865 to run task
[2025-12-16T17:41:20.045+0000] {standard_task_runner.py:91} INFO - Job 297: Subtask load_users
[2025-12-16T17:41:20.159+0000] {task_command.py:426} INFO - Running <TaskInstance: users_elt_daily.load_users scheduled__2025-12-12T00:00:00+00:00 [running]> on host be068e76f4a7
[2025-12-16T17:41:20.310+0000] {taskinstance.py:2648} INFO - Exporting env vars: AIRFLOW_CTX_DAG_OWNER='***' AIRFLOW_CTX_DAG_ID='users_elt_daily' AIRFLOW_CTX_TASK_ID='load_users' AIRFLOW_CTX_EXECUTION_DATE='2025-12-12T00:00:00+00:00' AIRFLOW_CTX_TRY_NUMBER='1' AIRFLOW_CTX_DAG_RUN_ID='scheduled__2025-12-12T00:00:00+00:00'
[2025-12-16T17:41:20.312+0000] {taskinstance.py:430} INFO - ::endgroup::
[2025-12-16T17:41:20.334+0000] {subprocess.py:63} INFO - Tmp dir root location: /tmp
[2025-12-16T17:41:20.336+0000] {subprocess.py:75} INFO - Running command: ['/usr/bin/bash', '-c', 'python /opt/***/scripts/load_users.py --ds 2025-12-12']
[2025-12-16T17:41:20.356+0000] {subprocess.py:86} INFO - Output:
[2025-12-16T17:41:20.717+0000] {subprocess.py:93} INFO - [load_users] ds=2025-12-12 inserted=7 rows
[2025-12-16T17:41:20.739+0000] {subprocess.py:97} INFO - Command exited with return code 0
[2025-12-16T17:41:20.740+0000] {taskinstance.py:441} INFO - ::group::Post task execution logs
[2025-12-16T17:41:20.774+0000] {taskinstance.py:1206} INFO - Marking task as SUCCESS. dag_id=users_elt_daily, task_id=load_users, run_id=scheduled__2025-12-12T00:00:00+00:00, execution_date=20251212T000000, start_date=20251216T174119, end_date=20251216T174120
[2025-12-16T17:41:20.824+0000] {local_task_job_runner.py:243} INFO - Task exited with return code 0
[2025-12-16T17:41:20.845+0000] {taskinstance.py:3503} INFO - 0 downstream tasks scheduled from follow-on schedule check
[2025-12-16T17:41:20.848+0000] {local_task_job_runner.py:222} INFO - ::endgroup::
