[2025-12-16T17:31:41.209+0000] {local_task_job_runner.py:120} INFO - ::group::Pre task execution logs
[2025-12-16T17:31:41.280+0000] {taskinstance.py:2076} INFO - Dependencies all met for dep_context=non-requeueable deps ti=<TaskInstance: users_elt_daily.extract_users scheduled__2025-12-10T00:00:00+00:00 [queued]>
[2025-12-16T17:31:41.300+0000] {taskinstance.py:2076} INFO - Dependencies all met for dep_context=requeueable deps ti=<TaskInstance: users_elt_daily.extract_users scheduled__2025-12-10T00:00:00+00:00 [queued]>
[2025-12-16T17:31:41.302+0000] {taskinstance.py:2306} INFO - Starting attempt 1 of 1
[2025-12-16T17:31:41.388+0000] {taskinstance.py:2330} INFO - Executing <Task(BashOperator): extract_users> on 2025-12-10 00:00:00+00:00
[2025-12-16T17:31:41.408+0000] {logging_mixin.py:188} WARNING - /home/***/.local/lib/python3.12/site-packages/***/task/task_runner/standard_task_runner.py:62 DeprecationWarning: This process (pid=1265) is multi-threaded, use of fork() may lead to deadlocks in the child.
[2025-12-16T17:31:41.414+0000] {standard_task_runner.py:64} INFO - Started process 1274 to run task
[2025-12-16T17:31:41.409+0000] {standard_task_runner.py:90} INFO - Running: ['***', 'tasks', 'run', 'users_elt_daily', 'extract_users', 'scheduled__2025-12-10T00:00:00+00:00', '--job-id', '160', '--raw', '--subdir', 'DAGS_FOLDER/users_elt_daily.py', '--cfg-path', '/tmp/tmpw22sqxnv']
[2025-12-16T17:31:41.417+0000] {standard_task_runner.py:91} INFO - Job 160: Subtask extract_users
[2025-12-16T17:31:41.583+0000] {task_command.py:426} INFO - Running <TaskInstance: users_elt_daily.extract_users scheduled__2025-12-10T00:00:00+00:00 [running]> on host be068e76f4a7
[2025-12-16T17:31:41.770+0000] {taskinstance.py:2648} INFO - Exporting env vars: AIRFLOW_CTX_DAG_OWNER='***' AIRFLOW_CTX_DAG_ID='users_elt_daily' AIRFLOW_CTX_TASK_ID='extract_users' AIRFLOW_CTX_EXECUTION_DATE='2025-12-10T00:00:00+00:00' AIRFLOW_CTX_TRY_NUMBER='1' AIRFLOW_CTX_DAG_RUN_ID='scheduled__2025-12-10T00:00:00+00:00'
[2025-12-16T17:31:41.772+0000] {taskinstance.py:430} INFO - ::endgroup::
[2025-12-16T17:31:41.813+0000] {subprocess.py:63} INFO - Tmp dir root location: /tmp
[2025-12-16T17:31:41.816+0000] {subprocess.py:75} INFO - Running command: ['/usr/bin/bash', '-c', 'python /opt/***/scripts/extract_users.py --ds 2025-12-10']
[2025-12-16T17:31:41.846+0000] {subprocess.py:86} INFO - Output:
[2025-12-16T17:31:42.334+0000] {subprocess.py:93} INFO - [extract_users] ds=2025-12-10 wrote=/opt/***/data/source/users/users_2025-12-10.json new_users=6 last_user_id=463
[2025-12-16T17:31:42.364+0000] {subprocess.py:97} INFO - Command exited with return code 0
[2025-12-16T17:31:42.366+0000] {taskinstance.py:441} INFO - ::group::Post task execution logs
[2025-12-16T17:31:42.430+0000] {taskinstance.py:1206} INFO - Marking task as SUCCESS. dag_id=users_elt_daily, task_id=extract_users, run_id=scheduled__2025-12-10T00:00:00+00:00, execution_date=20251210T000000, start_date=20251216T173141, end_date=20251216T173142
[2025-12-16T17:31:42.482+0000] {local_task_job_runner.py:243} INFO - Task exited with return code 0
[2025-12-16T17:31:42.504+0000] {local_task_job_runner.py:222} INFO - ::endgroup::
[2025-12-16T17:41:16.193+0000] {local_task_job_runner.py:120} INFO - ::group::Pre task execution logs
[2025-12-16T17:41:16.291+0000] {taskinstance.py:2076} INFO - Dependencies all met for dep_context=non-requeueable deps ti=<TaskInstance: users_elt_daily.extract_users scheduled__2025-12-10T00:00:00+00:00 [queued]>
[2025-12-16T17:41:16.310+0000] {taskinstance.py:2076} INFO - Dependencies all met for dep_context=requeueable deps ti=<TaskInstance: users_elt_daily.extract_users scheduled__2025-12-10T00:00:00+00:00 [queued]>
[2025-12-16T17:41:16.313+0000] {taskinstance.py:2306} INFO - Starting attempt 1 of 1
[2025-12-16T17:41:16.355+0000] {taskinstance.py:2330} INFO - Executing <Task(BashOperator): extract_users> on 2025-12-10 00:00:00+00:00
[2025-12-16T17:41:16.383+0000] {logging_mixin.py:188} WARNING - /home/***/.local/lib/python3.12/site-packages/***/task/task_runner/standard_task_runner.py:62 DeprecationWarning: This process (pid=782) is multi-threaded, use of fork() may lead to deadlocks in the child.
[2025-12-16T17:41:16.387+0000] {standard_task_runner.py:64} INFO - Started process 809 to run task
[2025-12-16T17:41:16.387+0000] {standard_task_runner.py:90} INFO - Running: ['***', 'tasks', 'run', 'users_elt_daily', 'extract_users', 'scheduled__2025-12-10T00:00:00+00:00', '--job-id', '278', '--raw', '--subdir', 'DAGS_FOLDER/users_elt_daily.py', '--cfg-path', '/tmp/tmpetxmh8jj']
[2025-12-16T17:41:16.403+0000] {standard_task_runner.py:91} INFO - Job 278: Subtask extract_users
[2025-12-16T17:41:16.671+0000] {task_command.py:426} INFO - Running <TaskInstance: users_elt_daily.extract_users scheduled__2025-12-10T00:00:00+00:00 [running]> on host be068e76f4a7
[2025-12-16T17:41:17.019+0000] {taskinstance.py:2648} INFO - Exporting env vars: AIRFLOW_CTX_DAG_OWNER='***' AIRFLOW_CTX_DAG_ID='users_elt_daily' AIRFLOW_CTX_TASK_ID='extract_users' AIRFLOW_CTX_EXECUTION_DATE='2025-12-10T00:00:00+00:00' AIRFLOW_CTX_TRY_NUMBER='1' AIRFLOW_CTX_DAG_RUN_ID='scheduled__2025-12-10T00:00:00+00:00'
[2025-12-16T17:41:17.021+0000] {taskinstance.py:430} INFO - ::endgroup::
[2025-12-16T17:41:17.085+0000] {subprocess.py:63} INFO - Tmp dir root location: /tmp
[2025-12-16T17:41:17.093+0000] {subprocess.py:75} INFO - Running command: ['/usr/bin/bash', '-c', 'python /opt/***/scripts/extract_users.py --ds 2025-12-10']
[2025-12-16T17:41:17.158+0000] {subprocess.py:86} INFO - Output:
[2025-12-16T17:41:17.896+0000] {subprocess.py:93} INFO - [extract_users] ds=2025-12-10 already exists -> skip (/opt/***/data/source/users/users_2025-12-10.json)
[2025-12-16T17:41:17.936+0000] {subprocess.py:97} INFO - Command exited with return code 0
[2025-12-16T17:41:17.938+0000] {taskinstance.py:441} INFO - ::group::Post task execution logs
[2025-12-16T17:41:18.014+0000] {taskinstance.py:1206} INFO - Marking task as SUCCESS. dag_id=users_elt_daily, task_id=extract_users, run_id=scheduled__2025-12-10T00:00:00+00:00, execution_date=20251210T000000, start_date=20251216T174116, end_date=20251216T174118
[2025-12-16T17:41:18.071+0000] {local_task_job_runner.py:243} INFO - Task exited with return code 0
[2025-12-16T17:41:18.133+0000] {taskinstance.py:3503} INFO - 1 downstream tasks scheduled from follow-on schedule check
[2025-12-16T17:41:18.140+0000] {local_task_job_runner.py:222} INFO - ::endgroup::
