[2025-12-16T17:31:40.936+0000] {local_task_job_runner.py:120} INFO - ::group::Pre task execution logs
[2025-12-16T17:31:41.025+0000] {taskinstance.py:2076} INFO - Dependencies all met for dep_context=non-requeueable deps ti=<TaskInstance: users_elt_daily.extract_users scheduled__2025-12-09T00:00:00+00:00 [queued]>
[2025-12-16T17:31:41.045+0000] {taskinstance.py:2076} INFO - Dependencies all met for dep_context=requeueable deps ti=<TaskInstance: users_elt_daily.extract_users scheduled__2025-12-09T00:00:00+00:00 [queued]>
[2025-12-16T17:31:41.049+0000] {taskinstance.py:2306} INFO - Starting attempt 1 of 1
[2025-12-16T17:31:41.078+0000] {taskinstance.py:2330} INFO - Executing <Task(BashOperator): extract_users> on 2025-12-09 00:00:00+00:00
[2025-12-16T17:31:41.104+0000] {logging_mixin.py:188} WARNING - /home/***/.local/lib/python3.12/site-packages/***/task/task_runner/standard_task_runner.py:62 DeprecationWarning: This process (pid=1260) is multi-threaded, use of fork() may lead to deadlocks in the child.
[2025-12-16T17:31:41.109+0000] {standard_task_runner.py:64} INFO - Started process 1269 to run task
[2025-12-16T17:31:41.102+0000] {standard_task_runner.py:90} INFO - Running: ['***', 'tasks', 'run', 'users_elt_daily', 'extract_users', 'scheduled__2025-12-09T00:00:00+00:00', '--job-id', '158', '--raw', '--subdir', 'DAGS_FOLDER/users_elt_daily.py', '--cfg-path', '/tmp/tmp5bb6ny5b']
[2025-12-16T17:31:41.111+0000] {standard_task_runner.py:91} INFO - Job 158: Subtask extract_users
[2025-12-16T17:31:41.270+0000] {task_command.py:426} INFO - Running <TaskInstance: users_elt_daily.extract_users scheduled__2025-12-09T00:00:00+00:00 [running]> on host be068e76f4a7
[2025-12-16T17:31:41.466+0000] {taskinstance.py:2648} INFO - Exporting env vars: AIRFLOW_CTX_DAG_OWNER='***' AIRFLOW_CTX_DAG_ID='users_elt_daily' AIRFLOW_CTX_TASK_ID='extract_users' AIRFLOW_CTX_EXECUTION_DATE='2025-12-09T00:00:00+00:00' AIRFLOW_CTX_TRY_NUMBER='1' AIRFLOW_CTX_DAG_RUN_ID='scheduled__2025-12-09T00:00:00+00:00'
[2025-12-16T17:31:41.473+0000] {taskinstance.py:430} INFO - ::endgroup::
[2025-12-16T17:31:41.511+0000] {subprocess.py:63} INFO - Tmp dir root location: /tmp
[2025-12-16T17:31:41.514+0000] {subprocess.py:75} INFO - Running command: ['/usr/bin/bash', '-c', 'python /opt/***/scripts/extract_users.py --ds 2025-12-09']
[2025-12-16T17:31:41.550+0000] {subprocess.py:86} INFO - Output:
[2025-12-16T17:31:42.000+0000] {subprocess.py:93} INFO - [extract_users] ds=2025-12-09 wrote=/opt/***/data/source/users/users_2025-12-09.json new_users=17 last_user_id=457
[2025-12-16T17:31:42.023+0000] {subprocess.py:97} INFO - Command exited with return code 0
[2025-12-16T17:31:42.025+0000] {taskinstance.py:441} INFO - ::group::Post task execution logs
[2025-12-16T17:31:42.082+0000] {taskinstance.py:1206} INFO - Marking task as SUCCESS. dag_id=users_elt_daily, task_id=extract_users, run_id=scheduled__2025-12-09T00:00:00+00:00, execution_date=20251209T000000, start_date=20251216T173141, end_date=20251216T173142
[2025-12-16T17:31:42.176+0000] {local_task_job_runner.py:243} INFO - Task exited with return code 0
[2025-12-16T17:31:42.208+0000] {local_task_job_runner.py:222} INFO - ::endgroup::
[2025-12-16T17:41:15.219+0000] {local_task_job_runner.py:120} INFO - ::group::Pre task execution logs
[2025-12-16T17:41:15.355+0000] {taskinstance.py:2076} INFO - Dependencies all met for dep_context=non-requeueable deps ti=<TaskInstance: users_elt_daily.extract_users scheduled__2025-12-09T00:00:00+00:00 [queued]>
[2025-12-16T17:41:15.402+0000] {taskinstance.py:2076} INFO - Dependencies all met for dep_context=requeueable deps ti=<TaskInstance: users_elt_daily.extract_users scheduled__2025-12-09T00:00:00+00:00 [queued]>
[2025-12-16T17:41:15.408+0000] {taskinstance.py:2306} INFO - Starting attempt 1 of 1
[2025-12-16T17:41:15.526+0000] {taskinstance.py:2330} INFO - Executing <Task(BashOperator): extract_users> on 2025-12-09 00:00:00+00:00
[2025-12-16T17:41:15.559+0000] {logging_mixin.py:188} WARNING - /home/***/.local/lib/python3.12/site-packages/***/task/task_runner/standard_task_runner.py:62 DeprecationWarning: This process (pid=761) is multi-threaded, use of fork() may lead to deadlocks in the child.
[2025-12-16T17:41:15.567+0000] {standard_task_runner.py:64} INFO - Started process 791 to run task
[2025-12-16T17:41:15.563+0000] {standard_task_runner.py:90} INFO - Running: ['***', 'tasks', 'run', 'users_elt_daily', 'extract_users', 'scheduled__2025-12-09T00:00:00+00:00', '--job-id', '273', '--raw', '--subdir', 'DAGS_FOLDER/users_elt_daily.py', '--cfg-path', '/tmp/tmp16rsyqhl']
[2025-12-16T17:41:15.577+0000] {standard_task_runner.py:91} INFO - Job 273: Subtask extract_users
[2025-12-16T17:41:15.926+0000] {task_command.py:426} INFO - Running <TaskInstance: users_elt_daily.extract_users scheduled__2025-12-09T00:00:00+00:00 [running]> on host be068e76f4a7
[2025-12-16T17:41:16.327+0000] {taskinstance.py:2648} INFO - Exporting env vars: AIRFLOW_CTX_DAG_OWNER='***' AIRFLOW_CTX_DAG_ID='users_elt_daily' AIRFLOW_CTX_TASK_ID='extract_users' AIRFLOW_CTX_EXECUTION_DATE='2025-12-09T00:00:00+00:00' AIRFLOW_CTX_TRY_NUMBER='1' AIRFLOW_CTX_DAG_RUN_ID='scheduled__2025-12-09T00:00:00+00:00'
[2025-12-16T17:41:16.332+0000] {taskinstance.py:430} INFO - ::endgroup::
[2025-12-16T17:41:16.381+0000] {subprocess.py:63} INFO - Tmp dir root location: /tmp
[2025-12-16T17:41:16.386+0000] {subprocess.py:75} INFO - Running command: ['/usr/bin/bash', '-c', 'python /opt/***/scripts/extract_users.py --ds 2025-12-09']
[2025-12-16T17:41:16.453+0000] {subprocess.py:86} INFO - Output:
[2025-12-16T17:41:17.272+0000] {subprocess.py:93} INFO - [extract_users] ds=2025-12-09 already exists -> skip (/opt/***/data/source/users/users_2025-12-09.json)
[2025-12-16T17:41:17.318+0000] {subprocess.py:97} INFO - Command exited with return code 0
[2025-12-16T17:41:17.323+0000] {taskinstance.py:441} INFO - ::group::Post task execution logs
[2025-12-16T17:41:17.421+0000] {taskinstance.py:1206} INFO - Marking task as SUCCESS. dag_id=users_elt_daily, task_id=extract_users, run_id=scheduled__2025-12-09T00:00:00+00:00, execution_date=20251209T000000, start_date=20251216T174115, end_date=20251216T174117
[2025-12-16T17:41:17.625+0000] {local_task_job_runner.py:243} INFO - Task exited with return code 0
[2025-12-16T17:41:17.741+0000] {taskinstance.py:3503} INFO - 1 downstream tasks scheduled from follow-on schedule check
[2025-12-16T17:41:17.750+0000] {local_task_job_runner.py:222} INFO - ::endgroup::
