[2025-12-16T17:41:17.843+0000] {local_task_job_runner.py:120} INFO - ::group::Pre task execution logs
[2025-12-16T17:41:17.956+0000] {taskinstance.py:2076} INFO - Dependencies all met for dep_context=non-requeueable deps ti=<TaskInstance: invoices_elt_daily.extract_invoices scheduled__2025-11-15T00:00:00+00:00 [queued]>
[2025-12-16T17:41:17.975+0000] {taskinstance.py:2076} INFO - Dependencies all met for dep_context=requeueable deps ti=<TaskInstance: invoices_elt_daily.extract_invoices scheduled__2025-11-15T00:00:00+00:00 [queued]>
[2025-12-16T17:41:17.976+0000] {taskinstance.py:2306} INFO - Starting attempt 1 of 1
[2025-12-16T17:41:18.186+0000] {taskinstance.py:2330} INFO - Executing <Task(BashOperator): extract_invoices> on 2025-11-15 00:00:00+00:00
[2025-12-16T17:41:18.223+0000] {logging_mixin.py:188} WARNING - /home/***/.local/lib/python3.12/site-packages/***/task/task_runner/standard_task_runner.py:62 DeprecationWarning: This process (pid=816) is multi-threaded, use of fork() may lead to deadlocks in the child.
[2025-12-16T17:41:18.229+0000] {standard_task_runner.py:64} INFO - Started process 836 to run task
[2025-12-16T17:41:18.224+0000] {standard_task_runner.py:90} INFO - Running: ['***', 'tasks', 'run', 'invoices_elt_daily', 'extract_invoices', 'scheduled__2025-11-15T00:00:00+00:00', '--job-id', '287', '--raw', '--subdir', 'DAGS_FOLDER/invoices_elt_daily.py', '--cfg-path', '/tmp/tmp_my1oywt']
[2025-12-16T17:41:18.235+0000] {standard_task_runner.py:91} INFO - Job 287: Subtask extract_invoices
[2025-12-16T17:41:18.427+0000] {task_command.py:426} INFO - Running <TaskInstance: invoices_elt_daily.extract_invoices scheduled__2025-11-15T00:00:00+00:00 [running]> on host be068e76f4a7
[2025-12-16T17:41:18.645+0000] {taskinstance.py:2648} INFO - Exporting env vars: AIRFLOW_CTX_DAG_OWNER='***' AIRFLOW_CTX_DAG_ID='invoices_elt_daily' AIRFLOW_CTX_TASK_ID='extract_invoices' AIRFLOW_CTX_EXECUTION_DATE='2025-11-15T00:00:00+00:00' AIRFLOW_CTX_TRY_NUMBER='1' AIRFLOW_CTX_DAG_RUN_ID='scheduled__2025-11-15T00:00:00+00:00'
[2025-12-16T17:41:18.651+0000] {taskinstance.py:430} INFO - ::endgroup::
[2025-12-16T17:41:18.682+0000] {subprocess.py:63} INFO - Tmp dir root location: /tmp
[2025-12-16T17:41:18.685+0000] {subprocess.py:75} INFO - Running command: ['/usr/bin/bash', '-c', 'python /opt/***/scripts/extract_invoices.py --ds 2025-11-15']
[2025-12-16T17:41:18.714+0000] {subprocess.py:86} INFO - Output:
[2025-12-16T17:41:19.239+0000] {subprocess.py:93} INFO - [extract_invoices] ds=2025-11-15 not billing day -> wrote empty file
[2025-12-16T17:41:19.282+0000] {subprocess.py:97} INFO - Command exited with return code 0
[2025-12-16T17:41:19.284+0000] {taskinstance.py:441} INFO - ::group::Post task execution logs
[2025-12-16T17:41:19.341+0000] {taskinstance.py:1206} INFO - Marking task as SUCCESS. dag_id=invoices_elt_daily, task_id=extract_invoices, run_id=scheduled__2025-11-15T00:00:00+00:00, execution_date=20251115T000000, start_date=20251216T174117, end_date=20251216T174119
[2025-12-16T17:41:19.514+0000] {local_task_job_runner.py:243} INFO - Task exited with return code 0
[2025-12-16T17:41:19.554+0000] {taskinstance.py:3503} INFO - 1 downstream tasks scheduled from follow-on schedule check
[2025-12-16T17:41:19.558+0000] {local_task_job_runner.py:222} INFO - ::endgroup::
