[2025-12-16T17:31:34.586+0000] {local_task_job_runner.py:120} INFO - ::group::Pre task execution logs
[2025-12-16T17:31:34.676+0000] {taskinstance.py:2076} INFO - Dependencies all met for dep_context=non-requeueable deps ti=<TaskInstance: users_elt_daily.extract_users scheduled__2025-11-29T00:00:00+00:00 [queued]>
[2025-12-16T17:31:34.703+0000] {taskinstance.py:2076} INFO - Dependencies all met for dep_context=requeueable deps ti=<TaskInstance: users_elt_daily.extract_users scheduled__2025-11-29T00:00:00+00:00 [queued]>
[2025-12-16T17:31:34.705+0000] {taskinstance.py:2306} INFO - Starting attempt 1 of 1
[2025-12-16T17:31:34.750+0000] {taskinstance.py:2330} INFO - Executing <Task(BashOperator): extract_users> on 2025-11-29 00:00:00+00:00
[2025-12-16T17:31:34.770+0000] {standard_task_runner.py:90} INFO - Running: ['***', 'tasks', 'run', 'users_elt_daily', 'extract_users', 'scheduled__2025-11-29T00:00:00+00:00', '--job-id', '140', '--raw', '--subdir', 'DAGS_FOLDER/users_elt_daily.py', '--cfg-path', '/tmp/tmpnq6tdbxl']
[2025-12-16T17:31:34.786+0000] {standard_task_runner.py:91} INFO - Job 140: Subtask extract_users
[2025-12-16T17:31:34.785+0000] {logging_mixin.py:188} WARNING - /home/***/.local/lib/python3.12/site-packages/***/task/task_runner/standard_task_runner.py:62 DeprecationWarning: This process (pid=1187) is multi-threaded, use of fork() may lead to deadlocks in the child.
[2025-12-16T17:31:34.807+0000] {standard_task_runner.py:64} INFO - Started process 1197 to run task
[2025-12-16T17:31:34.956+0000] {task_command.py:426} INFO - Running <TaskInstance: users_elt_daily.extract_users scheduled__2025-11-29T00:00:00+00:00 [running]> on host be068e76f4a7
[2025-12-16T17:31:35.219+0000] {taskinstance.py:2648} INFO - Exporting env vars: AIRFLOW_CTX_DAG_OWNER='***' AIRFLOW_CTX_DAG_ID='users_elt_daily' AIRFLOW_CTX_TASK_ID='extract_users' AIRFLOW_CTX_EXECUTION_DATE='2025-11-29T00:00:00+00:00' AIRFLOW_CTX_TRY_NUMBER='1' AIRFLOW_CTX_DAG_RUN_ID='scheduled__2025-11-29T00:00:00+00:00'
[2025-12-16T17:31:35.222+0000] {taskinstance.py:430} INFO - ::endgroup::
[2025-12-16T17:31:35.275+0000] {subprocess.py:63} INFO - Tmp dir root location: /tmp
[2025-12-16T17:31:35.279+0000] {subprocess.py:75} INFO - Running command: ['/usr/bin/bash', '-c', 'python /opt/***/scripts/extract_users.py --ds 2025-11-29']
[2025-12-16T17:31:35.319+0000] {subprocess.py:86} INFO - Output:
[2025-12-16T17:31:35.825+0000] {subprocess.py:93} INFO - [extract_users] ds=2025-11-29 wrote=/opt/***/data/source/users/users_2025-11-29.json new_users=5 last_user_id=358
[2025-12-16T17:31:35.859+0000] {subprocess.py:97} INFO - Command exited with return code 0
[2025-12-16T17:31:35.861+0000] {taskinstance.py:441} INFO - ::group::Post task execution logs
[2025-12-16T17:31:35.938+0000] {taskinstance.py:1206} INFO - Marking task as SUCCESS. dag_id=users_elt_daily, task_id=extract_users, run_id=scheduled__2025-11-29T00:00:00+00:00, execution_date=20251129T000000, start_date=20251216T173134, end_date=20251216T173135
[2025-12-16T17:31:36.008+0000] {local_task_job_runner.py:243} INFO - Task exited with return code 0
[2025-12-16T17:31:36.067+0000] {taskinstance.py:3503} INFO - 1 downstream tasks scheduled from follow-on schedule check
[2025-12-16T17:31:36.072+0000] {local_task_job_runner.py:222} INFO - ::endgroup::
[2025-12-16T17:41:10.202+0000] {local_task_job_runner.py:120} INFO - ::group::Pre task execution logs
[2025-12-16T17:41:10.276+0000] {taskinstance.py:2076} INFO - Dependencies all met for dep_context=non-requeueable deps ti=<TaskInstance: users_elt_daily.extract_users scheduled__2025-11-29T00:00:00+00:00 [queued]>
[2025-12-16T17:41:10.292+0000] {taskinstance.py:2076} INFO - Dependencies all met for dep_context=requeueable deps ti=<TaskInstance: users_elt_daily.extract_users scheduled__2025-11-29T00:00:00+00:00 [queued]>
[2025-12-16T17:41:10.293+0000] {taskinstance.py:2306} INFO - Starting attempt 1 of 1
[2025-12-16T17:41:10.394+0000] {taskinstance.py:2330} INFO - Executing <Task(BashOperator): extract_users> on 2025-11-29 00:00:00+00:00
[2025-12-16T17:41:10.413+0000] {logging_mixin.py:188} WARNING - /home/***/.local/lib/python3.12/site-packages/***/task/task_runner/standard_task_runner.py:62 DeprecationWarning: This process (pid=686) is multi-threaded, use of fork() may lead to deadlocks in the child.
[2025-12-16T17:41:10.412+0000] {standard_task_runner.py:90} INFO - Running: ['***', 'tasks', 'run', 'users_elt_daily', 'extract_users', 'scheduled__2025-11-29T00:00:00+00:00', '--job-id', '245', '--raw', '--subdir', 'DAGS_FOLDER/users_elt_daily.py', '--cfg-path', '/tmp/tmpth31z9az']
[2025-12-16T17:41:10.416+0000] {standard_task_runner.py:64} INFO - Started process 692 to run task
[2025-12-16T17:41:10.417+0000] {standard_task_runner.py:91} INFO - Job 245: Subtask extract_users
[2025-12-16T17:41:10.553+0000] {task_command.py:426} INFO - Running <TaskInstance: users_elt_daily.extract_users scheduled__2025-11-29T00:00:00+00:00 [running]> on host be068e76f4a7
[2025-12-16T17:41:10.768+0000] {taskinstance.py:2648} INFO - Exporting env vars: AIRFLOW_CTX_DAG_OWNER='***' AIRFLOW_CTX_DAG_ID='users_elt_daily' AIRFLOW_CTX_TASK_ID='extract_users' AIRFLOW_CTX_EXECUTION_DATE='2025-11-29T00:00:00+00:00' AIRFLOW_CTX_TRY_NUMBER='1' AIRFLOW_CTX_DAG_RUN_ID='scheduled__2025-11-29T00:00:00+00:00'
[2025-12-16T17:41:10.770+0000] {taskinstance.py:430} INFO - ::endgroup::
[2025-12-16T17:41:10.808+0000] {subprocess.py:63} INFO - Tmp dir root location: /tmp
[2025-12-16T17:41:10.811+0000] {subprocess.py:75} INFO - Running command: ['/usr/bin/bash', '-c', 'python /opt/***/scripts/extract_users.py --ds 2025-11-29']
[2025-12-16T17:41:10.843+0000] {subprocess.py:86} INFO - Output:
[2025-12-16T17:41:11.363+0000] {subprocess.py:93} INFO - [extract_users] ds=2025-11-29 already exists -> skip (/opt/***/data/source/users/users_2025-11-29.json)
[2025-12-16T17:41:11.394+0000] {subprocess.py:97} INFO - Command exited with return code 0
[2025-12-16T17:41:11.396+0000] {taskinstance.py:441} INFO - ::group::Post task execution logs
[2025-12-16T17:41:11.469+0000] {taskinstance.py:1206} INFO - Marking task as SUCCESS. dag_id=users_elt_daily, task_id=extract_users, run_id=scheduled__2025-11-29T00:00:00+00:00, execution_date=20251129T000000, start_date=20251216T174110, end_date=20251216T174111
[2025-12-16T17:41:11.568+0000] {local_task_job_runner.py:243} INFO - Task exited with return code 0
[2025-12-16T17:41:11.650+0000] {taskinstance.py:3503} INFO - 1 downstream tasks scheduled from follow-on schedule check
[2025-12-16T17:41:11.663+0000] {local_task_job_runner.py:222} INFO - ::endgroup::
