[2025-12-16T17:31:36.754+0000] {local_task_job_runner.py:120} INFO - ::group::Pre task execution logs
[2025-12-16T17:31:36.809+0000] {taskinstance.py:2076} INFO - Dependencies all met for dep_context=non-requeueable deps ti=<TaskInstance: users_elt_daily.load_users scheduled__2025-11-26T00:00:00+00:00 [queued]>
[2025-12-16T17:31:36.822+0000] {taskinstance.py:2076} INFO - Dependencies all met for dep_context=requeueable deps ti=<TaskInstance: users_elt_daily.load_users scheduled__2025-11-26T00:00:00+00:00 [queued]>
[2025-12-16T17:31:36.824+0000] {taskinstance.py:2306} INFO - Starting attempt 1 of 1
[2025-12-16T17:31:36.844+0000] {taskinstance.py:2330} INFO - Executing <Task(BashOperator): load_users> on 2025-11-26 00:00:00+00:00
[2025-12-16T17:31:36.858+0000] {logging_mixin.py:188} WARNING - /home/***/.local/lib/python3.12/site-packages/***/task/task_runner/standard_task_runner.py:62 DeprecationWarning: This process (pid=1228) is multi-threaded, use of fork() may lead to deadlocks in the child.
[2025-12-16T17:31:36.858+0000] {standard_task_runner.py:90} INFO - Running: ['***', 'tasks', 'run', 'users_elt_daily', 'load_users', 'scheduled__2025-11-26T00:00:00+00:00', '--job-id', '145', '--raw', '--subdir', 'DAGS_FOLDER/users_elt_daily.py', '--cfg-path', '/tmp/tmp6h29esc_']
[2025-12-16T17:31:36.861+0000] {standard_task_runner.py:64} INFO - Started process 1235 to run task
[2025-12-16T17:31:36.861+0000] {standard_task_runner.py:91} INFO - Job 145: Subtask load_users
[2025-12-16T17:31:36.950+0000] {task_command.py:426} INFO - Running <TaskInstance: users_elt_daily.load_users scheduled__2025-11-26T00:00:00+00:00 [running]> on host be068e76f4a7
[2025-12-16T17:31:37.086+0000] {taskinstance.py:2648} INFO - Exporting env vars: AIRFLOW_CTX_DAG_OWNER='***' AIRFLOW_CTX_DAG_ID='users_elt_daily' AIRFLOW_CTX_TASK_ID='load_users' AIRFLOW_CTX_EXECUTION_DATE='2025-11-26T00:00:00+00:00' AIRFLOW_CTX_TRY_NUMBER='1' AIRFLOW_CTX_DAG_RUN_ID='scheduled__2025-11-26T00:00:00+00:00'
[2025-12-16T17:31:37.087+0000] {taskinstance.py:430} INFO - ::endgroup::
[2025-12-16T17:31:37.106+0000] {subprocess.py:63} INFO - Tmp dir root location: /tmp
[2025-12-16T17:31:37.110+0000] {subprocess.py:75} INFO - Running command: ['/usr/bin/bash', '-c', 'python /opt/***/scripts/load_users.py --ds 2025-11-26']
[2025-12-16T17:31:37.127+0000] {subprocess.py:86} INFO - Output:
[2025-12-16T17:31:37.451+0000] {subprocess.py:93} INFO - [load_users] ds=2025-11-26 inserted=6 rows
[2025-12-16T17:31:37.469+0000] {subprocess.py:97} INFO - Command exited with return code 0
[2025-12-16T17:31:37.471+0000] {taskinstance.py:441} INFO - ::group::Post task execution logs
[2025-12-16T17:31:37.505+0000] {taskinstance.py:1206} INFO - Marking task as SUCCESS. dag_id=users_elt_daily, task_id=load_users, run_id=scheduled__2025-11-26T00:00:00+00:00, execution_date=20251126T000000, start_date=20251216T173136, end_date=20251216T173137
[2025-12-16T17:31:37.559+0000] {local_task_job_runner.py:243} INFO - Task exited with return code 0
[2025-12-16T17:31:37.580+0000] {taskinstance.py:3503} INFO - 0 downstream tasks scheduled from follow-on schedule check
[2025-12-16T17:31:37.583+0000] {local_task_job_runner.py:222} INFO - ::endgroup::
[2025-12-16T17:41:07.083+0000] {local_task_job_runner.py:120} INFO - ::group::Pre task execution logs
[2025-12-16T17:41:07.153+0000] {taskinstance.py:2076} INFO - Dependencies all met for dep_context=non-requeueable deps ti=<TaskInstance: users_elt_daily.load_users scheduled__2025-11-26T00:00:00+00:00 [queued]>
[2025-12-16T17:41:07.176+0000] {taskinstance.py:2076} INFO - Dependencies all met for dep_context=requeueable deps ti=<TaskInstance: users_elt_daily.load_users scheduled__2025-11-26T00:00:00+00:00 [queued]>
[2025-12-16T17:41:07.178+0000] {taskinstance.py:2306} INFO - Starting attempt 1 of 1
[2025-12-16T17:41:07.208+0000] {taskinstance.py:2330} INFO - Executing <Task(BashOperator): load_users> on 2025-11-26 00:00:00+00:00
[2025-12-16T17:41:07.229+0000] {logging_mixin.py:188} WARNING - /home/***/.local/lib/python3.12/site-packages/***/task/task_runner/standard_task_runner.py:62 DeprecationWarning: This process (pid=669) is multi-threaded, use of fork() may lead to deadlocks in the child.
[2025-12-16T17:41:07.231+0000] {standard_task_runner.py:64} INFO - Started process 675 to run task
[2025-12-16T17:41:07.229+0000] {standard_task_runner.py:90} INFO - Running: ['***', 'tasks', 'run', 'users_elt_daily', 'load_users', 'scheduled__2025-11-26T00:00:00+00:00', '--job-id', '240', '--raw', '--subdir', 'DAGS_FOLDER/users_elt_daily.py', '--cfg-path', '/tmp/tmpxuj5txhn']
[2025-12-16T17:41:07.233+0000] {standard_task_runner.py:91} INFO - Job 240: Subtask load_users
[2025-12-16T17:41:07.364+0000] {task_command.py:426} INFO - Running <TaskInstance: users_elt_daily.load_users scheduled__2025-11-26T00:00:00+00:00 [running]> on host be068e76f4a7
[2025-12-16T17:41:07.551+0000] {taskinstance.py:2648} INFO - Exporting env vars: AIRFLOW_CTX_DAG_OWNER='***' AIRFLOW_CTX_DAG_ID='users_elt_daily' AIRFLOW_CTX_TASK_ID='load_users' AIRFLOW_CTX_EXECUTION_DATE='2025-11-26T00:00:00+00:00' AIRFLOW_CTX_TRY_NUMBER='1' AIRFLOW_CTX_DAG_RUN_ID='scheduled__2025-11-26T00:00:00+00:00'
[2025-12-16T17:41:07.552+0000] {taskinstance.py:430} INFO - ::endgroup::
[2025-12-16T17:41:07.583+0000] {subprocess.py:63} INFO - Tmp dir root location: /tmp
[2025-12-16T17:41:07.586+0000] {subprocess.py:75} INFO - Running command: ['/usr/bin/bash', '-c', 'python /opt/***/scripts/load_users.py --ds 2025-11-26']
[2025-12-16T17:41:07.613+0000] {subprocess.py:86} INFO - Output:
[2025-12-16T17:41:08.018+0000] {subprocess.py:93} INFO - [load_users] ds=2025-11-26 inserted=6 rows
[2025-12-16T17:41:08.041+0000] {subprocess.py:97} INFO - Command exited with return code 0
[2025-12-16T17:41:08.043+0000] {taskinstance.py:441} INFO - ::group::Post task execution logs
[2025-12-16T17:41:08.079+0000] {taskinstance.py:1206} INFO - Marking task as SUCCESS. dag_id=users_elt_daily, task_id=load_users, run_id=scheduled__2025-11-26T00:00:00+00:00, execution_date=20251126T000000, start_date=20251216T174107, end_date=20251216T174108
[2025-12-16T17:41:08.132+0000] {local_task_job_runner.py:243} INFO - Task exited with return code 0
[2025-12-16T17:41:08.152+0000] {taskinstance.py:3503} INFO - 0 downstream tasks scheduled from follow-on schedule check
[2025-12-16T17:41:08.156+0000] {local_task_job_runner.py:222} INFO - ::endgroup::
