[2025-12-16T17:13:12.688+0000] {local_task_job_runner.py:120} INFO - ::group::Pre task execution logs
[2025-12-16T17:13:12.897+0000] {taskinstance.py:2076} INFO - Dependencies all met for dep_context=non-requeueable deps ti=<TaskInstance: invoices_elt_daily.extract_invoices scheduled__2025-12-14T00:00:00+00:00 [queued]>
[2025-12-16T17:13:12.973+0000] {taskinstance.py:2076} INFO - Dependencies all met for dep_context=requeueable deps ti=<TaskInstance: invoices_elt_daily.extract_invoices scheduled__2025-12-14T00:00:00+00:00 [queued]>
[2025-12-16T17:13:12.974+0000] {taskinstance.py:2306} INFO - Starting attempt 1 of 1
[2025-12-16T17:13:13.403+0000] {taskinstance.py:2330} INFO - Executing <Task(BashOperator): extract_invoices> on 2025-12-14 00:00:00+00:00
[2025-12-16T17:13:13.442+0000] {logging_mixin.py:188} WARNING - /home/***/.local/lib/python3.12/site-packages/***/task/task_runner/standard_task_runner.py:62 DeprecationWarning: This process (pid=310) is multi-threaded, use of fork() may lead to deadlocks in the child.
[2025-12-16T17:13:13.451+0000] {standard_task_runner.py:64} INFO - Started process 324 to run task
[2025-12-16T17:13:13.445+0000] {standard_task_runner.py:90} INFO - Running: ['***', 'tasks', 'run', 'invoices_elt_daily', 'extract_invoices', 'scheduled__2025-12-14T00:00:00+00:00', '--job-id', '83', '--raw', '--subdir', 'DAGS_FOLDER/invoices_elt_daily.py', '--cfg-path', '/tmp/tmp64oau270']
[2025-12-16T17:13:13.457+0000] {standard_task_runner.py:91} INFO - Job 83: Subtask extract_invoices
[2025-12-16T17:13:13.649+0000] {task_command.py:426} INFO - Running <TaskInstance: invoices_elt_daily.extract_invoices scheduled__2025-12-14T00:00:00+00:00 [running]> on host be068e76f4a7
[2025-12-16T17:13:13.946+0000] {taskinstance.py:2648} INFO - Exporting env vars: AIRFLOW_CTX_DAG_OWNER='***' AIRFLOW_CTX_DAG_ID='invoices_elt_daily' AIRFLOW_CTX_TASK_ID='extract_invoices' AIRFLOW_CTX_EXECUTION_DATE='2025-12-14T00:00:00+00:00' AIRFLOW_CTX_TRY_NUMBER='1' AIRFLOW_CTX_DAG_RUN_ID='scheduled__2025-12-14T00:00:00+00:00'
[2025-12-16T17:13:13.949+0000] {taskinstance.py:430} INFO - ::endgroup::
[2025-12-16T17:13:13.993+0000] {subprocess.py:63} INFO - Tmp dir root location: /tmp
[2025-12-16T17:13:13.997+0000] {subprocess.py:75} INFO - Running command: ['/usr/bin/bash', '-c', 'python /opt/***/scripts/extract_invoices.py --ds 2025-12-14']
[2025-12-16T17:13:14.030+0000] {subprocess.py:86} INFO - Output:
[2025-12-16T17:13:14.532+0000] {subprocess.py:93} INFO - [extract_invoices] ds=2025-12-14 not billing day -> wrote empty file
[2025-12-16T17:13:14.569+0000] {subprocess.py:97} INFO - Command exited with return code 0
[2025-12-16T17:13:14.571+0000] {taskinstance.py:441} INFO - ::group::Post task execution logs
[2025-12-16T17:13:14.625+0000] {taskinstance.py:1206} INFO - Marking task as SUCCESS. dag_id=invoices_elt_daily, task_id=extract_invoices, run_id=scheduled__2025-12-14T00:00:00+00:00, execution_date=20251214T000000, start_date=20251216T171312, end_date=20251216T171314
[2025-12-16T17:13:14.691+0000] {local_task_job_runner.py:243} INFO - Task exited with return code 0
[2025-12-16T17:13:14.736+0000] {taskinstance.py:3503} INFO - 1 downstream tasks scheduled from follow-on schedule check
[2025-12-16T17:13:14.740+0000] {local_task_job_runner.py:222} INFO - ::endgroup::
[2025-12-16T17:41:36.395+0000] {local_task_job_runner.py:120} INFO - ::group::Pre task execution logs
[2025-12-16T17:41:36.511+0000] {taskinstance.py:2076} INFO - Dependencies all met for dep_context=non-requeueable deps ti=<TaskInstance: invoices_elt_daily.extract_invoices scheduled__2025-12-14T00:00:00+00:00 [queued]>
[2025-12-16T17:41:36.538+0000] {taskinstance.py:2076} INFO - Dependencies all met for dep_context=requeueable deps ti=<TaskInstance: invoices_elt_daily.extract_invoices scheduled__2025-12-14T00:00:00+00:00 [queued]>
[2025-12-16T17:41:36.540+0000] {taskinstance.py:2306} INFO - Starting attempt 1 of 1
[2025-12-16T17:41:36.683+0000] {taskinstance.py:2330} INFO - Executing <Task(BashOperator): extract_invoices> on 2025-12-14 00:00:00+00:00
[2025-12-16T17:41:36.714+0000] {standard_task_runner.py:90} INFO - Running: ['***', 'tasks', 'run', 'invoices_elt_daily', 'extract_invoices', 'scheduled__2025-12-14T00:00:00+00:00', '--job-id', '353', '--raw', '--subdir', 'DAGS_FOLDER/invoices_elt_daily.py', '--cfg-path', '/tmp/tmph7c6qovb']
[2025-12-16T17:41:36.717+0000] {logging_mixin.py:188} WARNING - /home/***/.local/lib/python3.12/site-packages/***/task/task_runner/standard_task_runner.py:62 DeprecationWarning: This process (pid=1024) is multi-threaded, use of fork() may lead to deadlocks in the child.
[2025-12-16T17:41:36.723+0000] {standard_task_runner.py:91} INFO - Job 353: Subtask extract_invoices
[2025-12-16T17:41:36.728+0000] {standard_task_runner.py:64} INFO - Started process 1038 to run task
[2025-12-16T17:41:36.909+0000] {task_command.py:426} INFO - Running <TaskInstance: invoices_elt_daily.extract_invoices scheduled__2025-12-14T00:00:00+00:00 [running]> on host be068e76f4a7
[2025-12-16T17:41:37.150+0000] {taskinstance.py:2648} INFO - Exporting env vars: AIRFLOW_CTX_DAG_OWNER='***' AIRFLOW_CTX_DAG_ID='invoices_elt_daily' AIRFLOW_CTX_TASK_ID='extract_invoices' AIRFLOW_CTX_EXECUTION_DATE='2025-12-14T00:00:00+00:00' AIRFLOW_CTX_TRY_NUMBER='1' AIRFLOW_CTX_DAG_RUN_ID='scheduled__2025-12-14T00:00:00+00:00'
[2025-12-16T17:41:37.152+0000] {taskinstance.py:430} INFO - ::endgroup::
[2025-12-16T17:41:37.189+0000] {subprocess.py:63} INFO - Tmp dir root location: /tmp
[2025-12-16T17:41:37.194+0000] {subprocess.py:75} INFO - Running command: ['/usr/bin/bash', '-c', 'python /opt/***/scripts/extract_invoices.py --ds 2025-12-14']
[2025-12-16T17:41:37.224+0000] {subprocess.py:86} INFO - Output:
[2025-12-16T17:41:37.736+0000] {subprocess.py:93} INFO - [extract_invoices] ds=2025-12-14 already exists -> skip
[2025-12-16T17:41:37.772+0000] {subprocess.py:97} INFO - Command exited with return code 0
[2025-12-16T17:41:37.776+0000] {taskinstance.py:441} INFO - ::group::Post task execution logs
[2025-12-16T17:41:37.826+0000] {taskinstance.py:1206} INFO - Marking task as SUCCESS. dag_id=invoices_elt_daily, task_id=extract_invoices, run_id=scheduled__2025-12-14T00:00:00+00:00, execution_date=20251214T000000, start_date=20251216T174136, end_date=20251216T174137
[2025-12-16T17:41:37.878+0000] {local_task_job_runner.py:243} INFO - Task exited with return code 0
[2025-12-16T17:41:37.913+0000] {taskinstance.py:3503} INFO - 1 downstream tasks scheduled from follow-on schedule check
[2025-12-16T17:41:37.916+0000] {local_task_job_runner.py:222} INFO - ::endgroup::
