[2025-12-16T17:31:25.793+0000] {local_task_job_runner.py:120} INFO - ::group::Pre task execution logs
[2025-12-16T17:31:25.872+0000] {taskinstance.py:2076} INFO - Dependencies all met for dep_context=non-requeueable deps ti=<TaskInstance: users_elt_daily.load_users scheduled__2025-11-02T00:00:00+00:00 [queued]>
[2025-12-16T17:31:25.893+0000] {taskinstance.py:2076} INFO - Dependencies all met for dep_context=requeueable deps ti=<TaskInstance: users_elt_daily.load_users scheduled__2025-11-02T00:00:00+00:00 [queued]>
[2025-12-16T17:31:25.896+0000] {taskinstance.py:2306} INFO - Starting attempt 1 of 1
[2025-12-16T17:31:25.968+0000] {taskinstance.py:2330} INFO - Executing <Task(BashOperator): load_users> on 2025-11-02 00:00:00+00:00
[2025-12-16T17:31:25.995+0000] {logging_mixin.py:188} WARNING - /home/***/.local/lib/python3.12/site-packages/***/task/task_runner/standard_task_runner.py:62 DeprecationWarning: This process (pid=1085) is multi-threaded, use of fork() may lead to deadlocks in the child.
[2025-12-16T17:31:26.000+0000] {standard_task_runner.py:64} INFO - Started process 1096 to run task
[2025-12-16T17:31:25.996+0000] {standard_task_runner.py:90} INFO - Running: ['***', 'tasks', 'run', 'users_elt_daily', 'load_users', 'scheduled__2025-11-02T00:00:00+00:00', '--job-id', '105', '--raw', '--subdir', 'DAGS_FOLDER/users_elt_daily.py', '--cfg-path', '/tmp/tmp4x730g8_']
[2025-12-16T17:31:26.005+0000] {standard_task_runner.py:91} INFO - Job 105: Subtask load_users
[2025-12-16T17:31:26.221+0000] {task_command.py:426} INFO - Running <TaskInstance: users_elt_daily.load_users scheduled__2025-11-02T00:00:00+00:00 [running]> on host be068e76f4a7
[2025-12-16T17:31:26.443+0000] {taskinstance.py:2648} INFO - Exporting env vars: AIRFLOW_CTX_DAG_OWNER='***' AIRFLOW_CTX_DAG_ID='users_elt_daily' AIRFLOW_CTX_TASK_ID='load_users' AIRFLOW_CTX_EXECUTION_DATE='2025-11-02T00:00:00+00:00' AIRFLOW_CTX_TRY_NUMBER='1' AIRFLOW_CTX_DAG_RUN_ID='scheduled__2025-11-02T00:00:00+00:00'
[2025-12-16T17:31:26.447+0000] {taskinstance.py:430} INFO - ::endgroup::
[2025-12-16T17:31:26.529+0000] {subprocess.py:63} INFO - Tmp dir root location: /tmp
[2025-12-16T17:31:26.533+0000] {subprocess.py:75} INFO - Running command: ['/usr/bin/bash', '-c', 'python /opt/***/scripts/load_users.py --ds 2025-11-02']
[2025-12-16T17:31:26.589+0000] {subprocess.py:86} INFO - Output:
[2025-12-16T17:31:27.246+0000] {subprocess.py:93} INFO - [load_users] ds=2025-11-02 inserted=9 rows
[2025-12-16T17:31:27.288+0000] {subprocess.py:97} INFO - Command exited with return code 0
[2025-12-16T17:31:27.290+0000] {taskinstance.py:441} INFO - ::group::Post task execution logs
[2025-12-16T17:31:27.356+0000] {taskinstance.py:1206} INFO - Marking task as SUCCESS. dag_id=users_elt_daily, task_id=load_users, run_id=scheduled__2025-11-02T00:00:00+00:00, execution_date=20251102T000000, start_date=20251216T173125, end_date=20251216T173127
[2025-12-16T17:31:27.491+0000] {local_task_job_runner.py:243} INFO - Task exited with return code 0
[2025-12-16T17:31:27.536+0000] {taskinstance.py:3503} INFO - 0 downstream tasks scheduled from follow-on schedule check
[2025-12-16T17:31:27.543+0000] {local_task_job_runner.py:222} INFO - ::endgroup::
[2025-12-16T17:40:56.504+0000] {local_task_job_runner.py:120} INFO - ::group::Pre task execution logs
[2025-12-16T17:40:56.621+0000] {taskinstance.py:2076} INFO - Dependencies all met for dep_context=non-requeueable deps ti=<TaskInstance: users_elt_daily.load_users scheduled__2025-11-02T00:00:00+00:00 [queued]>
[2025-12-16T17:40:56.645+0000] {taskinstance.py:2076} INFO - Dependencies all met for dep_context=requeueable deps ti=<TaskInstance: users_elt_daily.load_users scheduled__2025-11-02T00:00:00+00:00 [queued]>
[2025-12-16T17:40:56.647+0000] {taskinstance.py:2306} INFO - Starting attempt 1 of 1
[2025-12-16T17:40:56.747+0000] {taskinstance.py:2330} INFO - Executing <Task(BashOperator): load_users> on 2025-11-02 00:00:00+00:00
[2025-12-16T17:40:56.772+0000] {standard_task_runner.py:90} INFO - Running: ['***', 'tasks', 'run', 'users_elt_daily', 'load_users', 'scheduled__2025-11-02T00:00:00+00:00', '--job-id', '197', '--raw', '--subdir', 'DAGS_FOLDER/users_elt_daily.py', '--cfg-path', '/tmp/tmp6m1txoi1']
[2025-12-16T17:40:56.782+0000] {logging_mixin.py:188} WARNING - /home/***/.local/lib/python3.12/site-packages/***/task/task_runner/standard_task_runner.py:62 DeprecationWarning: This process (pid=534) is multi-threaded, use of fork() may lead to deadlocks in the child.
[2025-12-16T17:40:56.783+0000] {standard_task_runner.py:91} INFO - Job 197: Subtask load_users
[2025-12-16T17:40:56.784+0000] {standard_task_runner.py:64} INFO - Started process 545 to run task
[2025-12-16T17:40:56.995+0000] {task_command.py:426} INFO - Running <TaskInstance: users_elt_daily.load_users scheduled__2025-11-02T00:00:00+00:00 [running]> on host be068e76f4a7
[2025-12-16T17:40:57.298+0000] {taskinstance.py:2648} INFO - Exporting env vars: AIRFLOW_CTX_DAG_OWNER='***' AIRFLOW_CTX_DAG_ID='users_elt_daily' AIRFLOW_CTX_TASK_ID='load_users' AIRFLOW_CTX_EXECUTION_DATE='2025-11-02T00:00:00+00:00' AIRFLOW_CTX_TRY_NUMBER='1' AIRFLOW_CTX_DAG_RUN_ID='scheduled__2025-11-02T00:00:00+00:00'
[2025-12-16T17:40:57.303+0000] {taskinstance.py:430} INFO - ::endgroup::
[2025-12-16T17:40:57.359+0000] {subprocess.py:63} INFO - Tmp dir root location: /tmp
[2025-12-16T17:40:57.363+0000] {subprocess.py:75} INFO - Running command: ['/usr/bin/bash', '-c', 'python /opt/***/scripts/load_users.py --ds 2025-11-02']
[2025-12-16T17:40:57.411+0000] {subprocess.py:86} INFO - Output:
[2025-12-16T17:40:58.125+0000] {subprocess.py:93} INFO - [load_users] ds=2025-11-02 inserted=9 rows
[2025-12-16T17:40:58.164+0000] {subprocess.py:97} INFO - Command exited with return code 0
[2025-12-16T17:40:58.166+0000] {taskinstance.py:441} INFO - ::group::Post task execution logs
[2025-12-16T17:40:58.227+0000] {taskinstance.py:1206} INFO - Marking task as SUCCESS. dag_id=users_elt_daily, task_id=load_users, run_id=scheduled__2025-11-02T00:00:00+00:00, execution_date=20251102T000000, start_date=20251216T174056, end_date=20251216T174058
[2025-12-16T17:40:58.281+0000] {local_task_job_runner.py:243} INFO - Task exited with return code 0
[2025-12-16T17:40:58.311+0000] {taskinstance.py:3503} INFO - 0 downstream tasks scheduled from follow-on schedule check
[2025-12-16T17:40:58.315+0000] {local_task_job_runner.py:222} INFO - ::endgroup::
