[2025-12-16T17:31:33.755+0000] {local_task_job_runner.py:120} INFO - ::group::Pre task execution logs
[2025-12-16T17:31:33.863+0000] {taskinstance.py:2076} INFO - Dependencies all met for dep_context=non-requeueable deps ti=<TaskInstance: users_elt_daily.extract_users scheduled__2025-11-27T00:00:00+00:00 [queued]>
[2025-12-16T17:31:33.905+0000] {taskinstance.py:2076} INFO - Dependencies all met for dep_context=requeueable deps ti=<TaskInstance: users_elt_daily.extract_users scheduled__2025-11-27T00:00:00+00:00 [queued]>
[2025-12-16T17:31:33.908+0000] {taskinstance.py:2306} INFO - Starting attempt 1 of 1
[2025-12-16T17:31:33.976+0000] {taskinstance.py:2330} INFO - Executing <Task(BashOperator): extract_users> on 2025-11-27 00:00:00+00:00
[2025-12-16T17:31:34.003+0000] {logging_mixin.py:188} WARNING - /home/***/.local/lib/python3.12/site-packages/***/task/task_runner/standard_task_runner.py:62 DeprecationWarning: This process (pid=1177) is multi-threaded, use of fork() may lead to deadlocks in the child.
[2025-12-16T17:31:34.007+0000] {standard_task_runner.py:64} INFO - Started process 1188 to run task
[2025-12-16T17:31:34.003+0000] {standard_task_runner.py:90} INFO - Running: ['***', 'tasks', 'run', 'users_elt_daily', 'extract_users', 'scheduled__2025-11-27T00:00:00+00:00', '--job-id', '135', '--raw', '--subdir', 'DAGS_FOLDER/users_elt_daily.py', '--cfg-path', '/tmp/tmp705dwyfc']
[2025-12-16T17:31:34.009+0000] {standard_task_runner.py:91} INFO - Job 135: Subtask extract_users
[2025-12-16T17:31:34.205+0000] {task_command.py:426} INFO - Running <TaskInstance: users_elt_daily.extract_users scheduled__2025-11-27T00:00:00+00:00 [running]> on host be068e76f4a7
[2025-12-16T17:31:34.586+0000] {taskinstance.py:2648} INFO - Exporting env vars: AIRFLOW_CTX_DAG_OWNER='***' AIRFLOW_CTX_DAG_ID='users_elt_daily' AIRFLOW_CTX_TASK_ID='extract_users' AIRFLOW_CTX_EXECUTION_DATE='2025-11-27T00:00:00+00:00' AIRFLOW_CTX_TRY_NUMBER='1' AIRFLOW_CTX_DAG_RUN_ID='scheduled__2025-11-27T00:00:00+00:00'
[2025-12-16T17:31:34.588+0000] {taskinstance.py:430} INFO - ::endgroup::
[2025-12-16T17:31:34.626+0000] {subprocess.py:63} INFO - Tmp dir root location: /tmp
[2025-12-16T17:31:34.629+0000] {subprocess.py:75} INFO - Running command: ['/usr/bin/bash', '-c', 'python /opt/***/scripts/extract_users.py --ds 2025-11-27']
[2025-12-16T17:31:34.662+0000] {subprocess.py:86} INFO - Output:
[2025-12-16T17:31:35.243+0000] {subprocess.py:93} INFO - [extract_users] ds=2025-11-27 wrote=/opt/***/data/source/users/users_2025-11-27.json new_users=9 last_user_id=342
[2025-12-16T17:31:35.282+0000] {subprocess.py:97} INFO - Command exited with return code 0
[2025-12-16T17:31:35.285+0000] {taskinstance.py:441} INFO - ::group::Post task execution logs
[2025-12-16T17:31:35.361+0000] {taskinstance.py:1206} INFO - Marking task as SUCCESS. dag_id=users_elt_daily, task_id=extract_users, run_id=scheduled__2025-11-27T00:00:00+00:00, execution_date=20251127T000000, start_date=20251216T173133, end_date=20251216T173135
[2025-12-16T17:31:35.436+0000] {local_task_job_runner.py:243} INFO - Task exited with return code 0
[2025-12-16T17:31:35.507+0000] {taskinstance.py:3503} INFO - 1 downstream tasks scheduled from follow-on schedule check
[2025-12-16T17:31:35.512+0000] {local_task_job_runner.py:222} INFO - ::endgroup::
[2025-12-16T17:41:05.341+0000] {local_task_job_runner.py:120} INFO - ::group::Pre task execution logs
[2025-12-16T17:41:05.453+0000] {taskinstance.py:2076} INFO - Dependencies all met for dep_context=non-requeueable deps ti=<TaskInstance: users_elt_daily.extract_users scheduled__2025-11-27T00:00:00+00:00 [queued]>
[2025-12-16T17:41:05.482+0000] {taskinstance.py:2076} INFO - Dependencies all met for dep_context=requeueable deps ti=<TaskInstance: users_elt_daily.extract_users scheduled__2025-11-27T00:00:00+00:00 [queued]>
[2025-12-16T17:41:05.484+0000] {taskinstance.py:2306} INFO - Starting attempt 1 of 1
[2025-12-16T17:41:05.621+0000] {taskinstance.py:2330} INFO - Executing <Task(BashOperator): extract_users> on 2025-11-27 00:00:00+00:00
[2025-12-16T17:41:05.675+0000] {logging_mixin.py:188} WARNING - /home/***/.local/lib/python3.12/site-packages/***/task/task_runner/standard_task_runner.py:62 DeprecationWarning: This process (pid=639) is multi-threaded, use of fork() may lead to deadlocks in the child.
[2025-12-16T17:41:05.674+0000] {standard_task_runner.py:90} INFO - Running: ['***', 'tasks', 'run', 'users_elt_daily', 'extract_users', 'scheduled__2025-11-27T00:00:00+00:00', '--job-id', '231', '--raw', '--subdir', 'DAGS_FOLDER/users_elt_daily.py', '--cfg-path', '/tmp/tmp34ls4ivi']
[2025-12-16T17:41:05.683+0000] {standard_task_runner.py:64} INFO - Started process 652 to run task
[2025-12-16T17:41:05.685+0000] {standard_task_runner.py:91} INFO - Job 231: Subtask extract_users
[2025-12-16T17:41:05.851+0000] {task_command.py:426} INFO - Running <TaskInstance: users_elt_daily.extract_users scheduled__2025-11-27T00:00:00+00:00 [running]> on host be068e76f4a7
[2025-12-16T17:41:06.094+0000] {taskinstance.py:2648} INFO - Exporting env vars: AIRFLOW_CTX_DAG_OWNER='***' AIRFLOW_CTX_DAG_ID='users_elt_daily' AIRFLOW_CTX_TASK_ID='extract_users' AIRFLOW_CTX_EXECUTION_DATE='2025-11-27T00:00:00+00:00' AIRFLOW_CTX_TRY_NUMBER='1' AIRFLOW_CTX_DAG_RUN_ID='scheduled__2025-11-27T00:00:00+00:00'
[2025-12-16T17:41:06.098+0000] {taskinstance.py:430} INFO - ::endgroup::
[2025-12-16T17:41:06.143+0000] {subprocess.py:63} INFO - Tmp dir root location: /tmp
[2025-12-16T17:41:06.146+0000] {subprocess.py:75} INFO - Running command: ['/usr/bin/bash', '-c', 'python /opt/***/scripts/extract_users.py --ds 2025-11-27']
[2025-12-16T17:41:06.182+0000] {subprocess.py:86} INFO - Output:
[2025-12-16T17:41:06.697+0000] {subprocess.py:93} INFO - [extract_users] ds=2025-11-27 already exists -> skip (/opt/***/data/source/users/users_2025-11-27.json)
[2025-12-16T17:41:06.726+0000] {subprocess.py:97} INFO - Command exited with return code 0
[2025-12-16T17:41:06.729+0000] {taskinstance.py:441} INFO - ::group::Post task execution logs
[2025-12-16T17:41:06.798+0000] {taskinstance.py:1206} INFO - Marking task as SUCCESS. dag_id=users_elt_daily, task_id=extract_users, run_id=scheduled__2025-11-27T00:00:00+00:00, execution_date=20251127T000000, start_date=20251216T174105, end_date=20251216T174106
[2025-12-16T17:41:06.944+0000] {local_task_job_runner.py:243} INFO - Task exited with return code 0
[2025-12-16T17:41:06.986+0000] {taskinstance.py:3503} INFO - 1 downstream tasks scheduled from follow-on schedule check
[2025-12-16T17:41:06.990+0000] {local_task_job_runner.py:222} INFO - ::endgroup::
