[2025-12-16T17:13:11.738+0000] {local_task_job_runner.py:120} INFO - ::group::Pre task execution logs
[2025-12-16T17:13:11.828+0000] {taskinstance.py:2076} INFO - Dependencies all met for dep_context=non-requeueable deps ti=<TaskInstance: invoices_elt_daily.load_invoices scheduled__2025-12-05T00:00:00+00:00 [queued]>
[2025-12-16T17:13:11.848+0000] {taskinstance.py:2076} INFO - Dependencies all met for dep_context=requeueable deps ti=<TaskInstance: invoices_elt_daily.load_invoices scheduled__2025-12-05T00:00:00+00:00 [queued]>
[2025-12-16T17:13:11.850+0000] {taskinstance.py:2306} INFO - Starting attempt 1 of 1
[2025-12-16T17:13:11.913+0000] {taskinstance.py:2330} INFO - Executing <Task(BashOperator): load_invoices> on 2025-12-05 00:00:00+00:00
[2025-12-16T17:13:11.939+0000] {standard_task_runner.py:90} INFO - Running: ['***', 'tasks', 'run', 'invoices_elt_daily', 'load_invoices', 'scheduled__2025-12-05T00:00:00+00:00', '--job-id', '78', '--raw', '--subdir', 'DAGS_FOLDER/invoices_elt_daily.py', '--cfg-path', '/tmp/tmpz46n5dxi']
[2025-12-16T17:13:11.959+0000] {standard_task_runner.py:91} INFO - Job 78: Subtask load_invoices
[2025-12-16T17:13:11.959+0000] {logging_mixin.py:188} WARNING - /home/***/.local/lib/python3.12/site-packages/***/task/task_runner/standard_task_runner.py:62 DeprecationWarning: This process (pid=289) is multi-threaded, use of fork() may lead to deadlocks in the child.
[2025-12-16T17:13:11.961+0000] {standard_task_runner.py:64} INFO - Started process 305 to run task
[2025-12-16T17:13:12.178+0000] {task_command.py:426} INFO - Running <TaskInstance: invoices_elt_daily.load_invoices scheduled__2025-12-05T00:00:00+00:00 [running]> on host be068e76f4a7
[2025-12-16T17:13:12.428+0000] {taskinstance.py:2648} INFO - Exporting env vars: AIRFLOW_CTX_DAG_OWNER='***' AIRFLOW_CTX_DAG_ID='invoices_elt_daily' AIRFLOW_CTX_TASK_ID='load_invoices' AIRFLOW_CTX_EXECUTION_DATE='2025-12-05T00:00:00+00:00' AIRFLOW_CTX_TRY_NUMBER='1' AIRFLOW_CTX_DAG_RUN_ID='scheduled__2025-12-05T00:00:00+00:00'
[2025-12-16T17:13:12.437+0000] {taskinstance.py:430} INFO - ::endgroup::
[2025-12-16T17:13:12.535+0000] {subprocess.py:63} INFO - Tmp dir root location: /tmp
[2025-12-16T17:13:12.549+0000] {subprocess.py:75} INFO - Running command: ['/usr/bin/bash', '-c', 'python /opt/***/scripts/load_invoices.py --ds 2025-12-05']
[2025-12-16T17:13:12.637+0000] {subprocess.py:86} INFO - Output:
[2025-12-16T17:13:13.647+0000] {subprocess.py:93} INFO - [load_invoices] ds=2025-12-05 inserted=0
[2025-12-16T17:13:13.693+0000] {subprocess.py:97} INFO - Command exited with return code 0
[2025-12-16T17:13:13.696+0000] {taskinstance.py:441} INFO - ::group::Post task execution logs
[2025-12-16T17:13:13.776+0000] {taskinstance.py:1206} INFO - Marking task as SUCCESS. dag_id=invoices_elt_daily, task_id=load_invoices, run_id=scheduled__2025-12-05T00:00:00+00:00, execution_date=20251205T000000, start_date=20251216T171311, end_date=20251216T171313
[2025-12-16T17:13:13.840+0000] {local_task_job_runner.py:243} INFO - Task exited with return code 0
[2025-12-16T17:13:13.883+0000] {local_task_job_runner.py:222} INFO - ::endgroup::
[2025-12-16T17:41:36.070+0000] {local_task_job_runner.py:120} INFO - ::group::Pre task execution logs
[2025-12-16T17:41:36.160+0000] {taskinstance.py:2076} INFO - Dependencies all met for dep_context=non-requeueable deps ti=<TaskInstance: invoices_elt_daily.load_invoices scheduled__2025-12-05T00:00:00+00:00 [queued]>
[2025-12-16T17:41:36.178+0000] {taskinstance.py:2076} INFO - Dependencies all met for dep_context=requeueable deps ti=<TaskInstance: invoices_elt_daily.load_invoices scheduled__2025-12-05T00:00:00+00:00 [queued]>
[2025-12-16T17:41:36.180+0000] {taskinstance.py:2306} INFO - Starting attempt 1 of 1
[2025-12-16T17:41:36.328+0000] {taskinstance.py:2330} INFO - Executing <Task(BashOperator): load_invoices> on 2025-12-05 00:00:00+00:00
[2025-12-16T17:41:36.353+0000] {logging_mixin.py:188} WARNING - /home/***/.local/lib/python3.12/site-packages/***/task/task_runner/standard_task_runner.py:62 DeprecationWarning: This process (pid=1020) is multi-threaded, use of fork() may lead to deadlocks in the child.
[2025-12-16T17:41:36.357+0000] {standard_task_runner.py:64} INFO - Started process 1031 to run task
[2025-12-16T17:41:36.351+0000] {standard_task_runner.py:90} INFO - Running: ['***', 'tasks', 'run', 'invoices_elt_daily', 'load_invoices', 'scheduled__2025-12-05T00:00:00+00:00', '--job-id', '351', '--raw', '--subdir', 'DAGS_FOLDER/invoices_elt_daily.py', '--cfg-path', '/tmp/tmpw4apobz0']
[2025-12-16T17:41:36.363+0000] {standard_task_runner.py:91} INFO - Job 351: Subtask load_invoices
[2025-12-16T17:41:36.544+0000] {task_command.py:426} INFO - Running <TaskInstance: invoices_elt_daily.load_invoices scheduled__2025-12-05T00:00:00+00:00 [running]> on host be068e76f4a7
[2025-12-16T17:41:36.792+0000] {taskinstance.py:2648} INFO - Exporting env vars: AIRFLOW_CTX_DAG_OWNER='***' AIRFLOW_CTX_DAG_ID='invoices_elt_daily' AIRFLOW_CTX_TASK_ID='load_invoices' AIRFLOW_CTX_EXECUTION_DATE='2025-12-05T00:00:00+00:00' AIRFLOW_CTX_TRY_NUMBER='1' AIRFLOW_CTX_DAG_RUN_ID='scheduled__2025-12-05T00:00:00+00:00'
[2025-12-16T17:41:36.795+0000] {taskinstance.py:430} INFO - ::endgroup::
[2025-12-16T17:41:36.838+0000] {subprocess.py:63} INFO - Tmp dir root location: /tmp
[2025-12-16T17:41:36.842+0000] {subprocess.py:75} INFO - Running command: ['/usr/bin/bash', '-c', 'python /opt/***/scripts/load_invoices.py --ds 2025-12-05']
[2025-12-16T17:41:36.874+0000] {subprocess.py:86} INFO - Output:
[2025-12-16T17:41:37.440+0000] {subprocess.py:93} INFO - [load_invoices] ds=2025-12-05 inserted=0
[2025-12-16T17:41:37.482+0000] {subprocess.py:97} INFO - Command exited with return code 0
[2025-12-16T17:41:37.483+0000] {taskinstance.py:441} INFO - ::group::Post task execution logs
[2025-12-16T17:41:37.540+0000] {taskinstance.py:1206} INFO - Marking task as SUCCESS. dag_id=invoices_elt_daily, task_id=load_invoices, run_id=scheduled__2025-12-05T00:00:00+00:00, execution_date=20251205T000000, start_date=20251216T174136, end_date=20251216T174137
[2025-12-16T17:41:37.601+0000] {local_task_job_runner.py:243} INFO - Task exited with return code 0
[2025-12-16T17:41:37.634+0000] {taskinstance.py:3503} INFO - 0 downstream tasks scheduled from follow-on schedule check
[2025-12-16T17:41:37.638+0000] {local_task_job_runner.py:222} INFO - ::endgroup::
