[2025-12-16T17:13:14.264+0000] {local_task_job_runner.py:120} INFO - ::group::Pre task execution logs
[2025-12-16T17:13:14.340+0000] {taskinstance.py:2076} INFO - Dependencies all met for dep_context=non-requeueable deps ti=<TaskInstance: invoices_elt_daily.load_invoices scheduled__2025-12-12T00:00:00+00:00 [queued]>
[2025-12-16T17:13:14.360+0000] {taskinstance.py:2076} INFO - Dependencies all met for dep_context=requeueable deps ti=<TaskInstance: invoices_elt_daily.load_invoices scheduled__2025-12-12T00:00:00+00:00 [queued]>
[2025-12-16T17:13:14.362+0000] {taskinstance.py:2306} INFO - Starting attempt 1 of 1
[2025-12-16T17:13:14.390+0000] {taskinstance.py:2330} INFO - Executing <Task(BashOperator): load_invoices> on 2025-12-12 00:00:00+00:00
[2025-12-16T17:13:14.409+0000] {standard_task_runner.py:90} INFO - Running: ['***', 'tasks', 'run', 'invoices_elt_daily', 'load_invoices', 'scheduled__2025-12-12T00:00:00+00:00', '--job-id', '88', '--raw', '--subdir', 'DAGS_FOLDER/invoices_elt_daily.py', '--cfg-path', '/tmp/tmpi2y0ttm4']
[2025-12-16T17:13:14.414+0000] {logging_mixin.py:188} WARNING - /home/***/.local/lib/python3.12/site-packages/***/task/task_runner/standard_task_runner.py:62 DeprecationWarning: This process (pid=329) is multi-threaded, use of fork() may lead to deadlocks in the child.
[2025-12-16T17:13:14.415+0000] {standard_task_runner.py:91} INFO - Job 88: Subtask load_invoices
[2025-12-16T17:13:14.416+0000] {standard_task_runner.py:64} INFO - Started process 337 to run task
[2025-12-16T17:13:14.537+0000] {task_command.py:426} INFO - Running <TaskInstance: invoices_elt_daily.load_invoices scheduled__2025-12-12T00:00:00+00:00 [running]> on host be068e76f4a7
[2025-12-16T17:13:14.738+0000] {taskinstance.py:2648} INFO - Exporting env vars: AIRFLOW_CTX_DAG_OWNER='***' AIRFLOW_CTX_DAG_ID='invoices_elt_daily' AIRFLOW_CTX_TASK_ID='load_invoices' AIRFLOW_CTX_EXECUTION_DATE='2025-12-12T00:00:00+00:00' AIRFLOW_CTX_TRY_NUMBER='1' AIRFLOW_CTX_DAG_RUN_ID='scheduled__2025-12-12T00:00:00+00:00'
[2025-12-16T17:13:14.740+0000] {taskinstance.py:430} INFO - ::endgroup::
[2025-12-16T17:13:14.773+0000] {subprocess.py:63} INFO - Tmp dir root location: /tmp
[2025-12-16T17:13:14.776+0000] {subprocess.py:75} INFO - Running command: ['/usr/bin/bash', '-c', 'python /opt/***/scripts/load_invoices.py --ds 2025-12-12']
[2025-12-16T17:13:14.803+0000] {subprocess.py:86} INFO - Output:
[2025-12-16T17:13:15.149+0000] {subprocess.py:93} INFO - [load_invoices] ds=2025-12-12 inserted=0
[2025-12-16T17:13:15.165+0000] {subprocess.py:97} INFO - Command exited with return code 0
[2025-12-16T17:13:15.166+0000] {taskinstance.py:441} INFO - ::group::Post task execution logs
[2025-12-16T17:13:15.201+0000] {taskinstance.py:1206} INFO - Marking task as SUCCESS. dag_id=invoices_elt_daily, task_id=load_invoices, run_id=scheduled__2025-12-12T00:00:00+00:00, execution_date=20251212T000000, start_date=20251216T171314, end_date=20251216T171315
[2025-12-16T17:13:15.236+0000] {local_task_job_runner.py:243} INFO - Task exited with return code 0
[2025-12-16T17:13:15.258+0000] {taskinstance.py:3503} INFO - 0 downstream tasks scheduled from follow-on schedule check
[2025-12-16T17:13:15.261+0000] {local_task_job_runner.py:222} INFO - ::endgroup::
[2025-12-16T17:41:38.563+0000] {local_task_job_runner.py:120} INFO - ::group::Pre task execution logs
[2025-12-16T17:41:38.612+0000] {taskinstance.py:2076} INFO - Dependencies all met for dep_context=non-requeueable deps ti=<TaskInstance: invoices_elt_daily.load_invoices scheduled__2025-12-12T00:00:00+00:00 [queued]>
[2025-12-16T17:41:38.624+0000] {taskinstance.py:2076} INFO - Dependencies all met for dep_context=requeueable deps ti=<TaskInstance: invoices_elt_daily.load_invoices scheduled__2025-12-12T00:00:00+00:00 [queued]>
[2025-12-16T17:41:38.626+0000] {taskinstance.py:2306} INFO - Starting attempt 1 of 1
[2025-12-16T17:41:38.647+0000] {taskinstance.py:2330} INFO - Executing <Task(BashOperator): load_invoices> on 2025-12-12 00:00:00+00:00
[2025-12-16T17:41:38.660+0000] {standard_task_runner.py:90} INFO - Running: ['***', 'tasks', 'run', 'invoices_elt_daily', 'load_invoices', 'scheduled__2025-12-12T00:00:00+00:00', '--job-id', '362', '--raw', '--subdir', 'DAGS_FOLDER/invoices_elt_daily.py', '--cfg-path', '/tmp/tmpvbscf2cl']
[2025-12-16T17:41:38.661+0000] {logging_mixin.py:188} WARNING - /home/***/.local/lib/python3.12/site-packages/***/task/task_runner/standard_task_runner.py:62 DeprecationWarning: This process (pid=1058) is multi-threaded, use of fork() may lead to deadlocks in the child.
[2025-12-16T17:41:38.663+0000] {standard_task_runner.py:91} INFO - Job 362: Subtask load_invoices
[2025-12-16T17:41:38.664+0000] {standard_task_runner.py:64} INFO - Started process 1063 to run task
[2025-12-16T17:41:38.762+0000] {task_command.py:426} INFO - Running <TaskInstance: invoices_elt_daily.load_invoices scheduled__2025-12-12T00:00:00+00:00 [running]> on host be068e76f4a7
[2025-12-16T17:41:38.896+0000] {taskinstance.py:2648} INFO - Exporting env vars: AIRFLOW_CTX_DAG_OWNER='***' AIRFLOW_CTX_DAG_ID='invoices_elt_daily' AIRFLOW_CTX_TASK_ID='load_invoices' AIRFLOW_CTX_EXECUTION_DATE='2025-12-12T00:00:00+00:00' AIRFLOW_CTX_TRY_NUMBER='1' AIRFLOW_CTX_DAG_RUN_ID='scheduled__2025-12-12T00:00:00+00:00'
[2025-12-16T17:41:38.898+0000] {taskinstance.py:430} INFO - ::endgroup::
[2025-12-16T17:41:38.925+0000] {subprocess.py:63} INFO - Tmp dir root location: /tmp
[2025-12-16T17:41:38.927+0000] {subprocess.py:75} INFO - Running command: ['/usr/bin/bash', '-c', 'python /opt/***/scripts/load_invoices.py --ds 2025-12-12']
[2025-12-16T17:41:38.947+0000] {subprocess.py:86} INFO - Output:
[2025-12-16T17:41:39.279+0000] {subprocess.py:93} INFO - [load_invoices] ds=2025-12-12 inserted=0
[2025-12-16T17:41:39.299+0000] {subprocess.py:97} INFO - Command exited with return code 0
[2025-12-16T17:41:39.300+0000] {taskinstance.py:441} INFO - ::group::Post task execution logs
[2025-12-16T17:41:39.342+0000] {taskinstance.py:1206} INFO - Marking task as SUCCESS. dag_id=invoices_elt_daily, task_id=load_invoices, run_id=scheduled__2025-12-12T00:00:00+00:00, execution_date=20251212T000000, start_date=20251216T174138, end_date=20251216T174139
[2025-12-16T17:41:39.402+0000] {local_task_job_runner.py:243} INFO - Task exited with return code 0
[2025-12-16T17:41:39.429+0000] {taskinstance.py:3503} INFO - 0 downstream tasks scheduled from follow-on schedule check
[2025-12-16T17:41:39.433+0000] {local_task_job_runner.py:222} INFO - ::endgroup::
