[2025-12-16T17:40:56.012+0000] {local_task_job_runner.py:120} INFO - ::group::Pre task execution logs
[2025-12-16T17:40:56.138+0000] {taskinstance.py:2076} INFO - Dependencies all met for dep_context=non-requeueable deps ti=<TaskInstance: users_elt_daily.load_users manual__2025-12-16T00:00:00+00:00 [queued]>
[2025-12-16T17:40:56.178+0000] {taskinstance.py:2076} INFO - Dependencies all met for dep_context=requeueable deps ti=<TaskInstance: users_elt_daily.load_users manual__2025-12-16T00:00:00+00:00 [queued]>
[2025-12-16T17:40:56.180+0000] {taskinstance.py:2306} INFO - Starting attempt 1 of 1
[2025-12-16T17:40:56.344+0000] {taskinstance.py:2330} INFO - Executing <Task(BashOperator): load_users> on 2025-12-16 00:00:00+00:00
[2025-12-16T17:40:56.385+0000] {standard_task_runner.py:90} INFO - Running: ['***', 'tasks', 'run', 'users_elt_daily', 'load_users', 'manual__2025-12-16T00:00:00+00:00', '--job-id', '195', '--raw', '--subdir', 'DAGS_FOLDER/users_elt_daily.py', '--cfg-path', '/tmp/tmpmkjj579c']
[2025-12-16T17:40:56.387+0000] {logging_mixin.py:188} WARNING - /home/***/.local/lib/python3.12/site-packages/***/task/task_runner/standard_task_runner.py:62 DeprecationWarning: This process (pid=531) is multi-threaded, use of fork() may lead to deadlocks in the child.
[2025-12-16T17:40:56.398+0000] {standard_task_runner.py:91} INFO - Job 195: Subtask load_users
[2025-12-16T17:40:56.399+0000] {standard_task_runner.py:64} INFO - Started process 538 to run task
[2025-12-16T17:40:56.628+0000] {task_command.py:426} INFO - Running <TaskInstance: users_elt_daily.load_users manual__2025-12-16T00:00:00+00:00 [running]> on host be068e76f4a7
[2025-12-16T17:40:56.904+0000] {taskinstance.py:2648} INFO - Exporting env vars: AIRFLOW_CTX_DAG_OWNER='***' AIRFLOW_CTX_DAG_ID='users_elt_daily' AIRFLOW_CTX_TASK_ID='load_users' AIRFLOW_CTX_EXECUTION_DATE='2025-12-16T00:00:00+00:00' AIRFLOW_CTX_TRY_NUMBER='1' AIRFLOW_CTX_DAG_RUN_ID='manual__2025-12-16T00:00:00+00:00'
[2025-12-16T17:40:56.910+0000] {taskinstance.py:430} INFO - ::endgroup::
[2025-12-16T17:40:56.961+0000] {subprocess.py:63} INFO - Tmp dir root location: /tmp
[2025-12-16T17:40:56.965+0000] {subprocess.py:75} INFO - Running command: ['/usr/bin/bash', '-c', 'python /opt/***/scripts/load_users.py --ds 2025-12-16']
[2025-12-16T17:40:57.015+0000] {subprocess.py:86} INFO - Output:
[2025-12-16T17:40:57.868+0000] {subprocess.py:93} INFO - [load_users] ds=2025-12-16 inserted=15 rows
[2025-12-16T17:40:57.904+0000] {subprocess.py:97} INFO - Command exited with return code 0
[2025-12-16T17:40:57.910+0000] {taskinstance.py:441} INFO - ::group::Post task execution logs
[2025-12-16T17:40:57.972+0000] {taskinstance.py:1206} INFO - Marking task as SUCCESS. dag_id=users_elt_daily, task_id=load_users, run_id=manual__2025-12-16T00:00:00+00:00, execution_date=20251216T000000, start_date=20251216T174056, end_date=20251216T174057
[2025-12-16T17:40:58.033+0000] {local_task_job_runner.py:243} INFO - Task exited with return code 0
[2025-12-16T17:40:58.076+0000] {taskinstance.py:3503} INFO - 0 downstream tasks scheduled from follow-on schedule check
[2025-12-16T17:40:58.080+0000] {local_task_job_runner.py:222} INFO - ::endgroup::
