[2025-12-16T17:13:10.980+0000] {local_task_job_runner.py:120} INFO - ::group::Pre task execution logs
[2025-12-16T17:13:11.082+0000] {taskinstance.py:2076} INFO - Dependencies all met for dep_context=non-requeueable deps ti=<TaskInstance: invoices_elt_daily.load_invoices scheduled__2025-12-02T00:00:00+00:00 [queued]>
[2025-12-16T17:13:11.111+0000] {taskinstance.py:2076} INFO - Dependencies all met for dep_context=requeueable deps ti=<TaskInstance: invoices_elt_daily.load_invoices scheduled__2025-12-02T00:00:00+00:00 [queued]>
[2025-12-16T17:13:11.117+0000] {taskinstance.py:2306} INFO - Starting attempt 1 of 1
[2025-12-16T17:13:11.174+0000] {taskinstance.py:2330} INFO - Executing <Task(BashOperator): load_invoices> on 2025-12-02 00:00:00+00:00
[2025-12-16T17:13:11.199+0000] {standard_task_runner.py:90} INFO - Running: ['***', 'tasks', 'run', 'invoices_elt_daily', 'load_invoices', 'scheduled__2025-12-02T00:00:00+00:00', '--job-id', '72', '--raw', '--subdir', 'DAGS_FOLDER/invoices_elt_daily.py', '--cfg-path', '/tmp/tmp4insanho']
[2025-12-16T17:13:11.208+0000] {standard_task_runner.py:91} INFO - Job 72: Subtask load_invoices
[2025-12-16T17:13:11.213+0000] {logging_mixin.py:188} WARNING - /home/***/.local/lib/python3.12/site-packages/***/task/task_runner/standard_task_runner.py:62 DeprecationWarning: This process (pid=261) is multi-threaded, use of fork() may lead to deadlocks in the child.
[2025-12-16T17:13:11.221+0000] {standard_task_runner.py:64} INFO - Started process 286 to run task
[2025-12-16T17:13:11.396+0000] {task_command.py:426} INFO - Running <TaskInstance: invoices_elt_daily.load_invoices scheduled__2025-12-02T00:00:00+00:00 [running]> on host be068e76f4a7
[2025-12-16T17:13:11.646+0000] {taskinstance.py:2648} INFO - Exporting env vars: AIRFLOW_CTX_DAG_OWNER='***' AIRFLOW_CTX_DAG_ID='invoices_elt_daily' AIRFLOW_CTX_TASK_ID='load_invoices' AIRFLOW_CTX_EXECUTION_DATE='2025-12-02T00:00:00+00:00' AIRFLOW_CTX_TRY_NUMBER='1' AIRFLOW_CTX_DAG_RUN_ID='scheduled__2025-12-02T00:00:00+00:00'
[2025-12-16T17:13:11.650+0000] {taskinstance.py:430} INFO - ::endgroup::
[2025-12-16T17:13:11.694+0000] {subprocess.py:63} INFO - Tmp dir root location: /tmp
[2025-12-16T17:13:11.698+0000] {subprocess.py:75} INFO - Running command: ['/usr/bin/bash', '-c', 'python /opt/***/scripts/load_invoices.py --ds 2025-12-02']
[2025-12-16T17:13:11.731+0000] {subprocess.py:86} INFO - Output:
[2025-12-16T17:13:12.525+0000] {subprocess.py:93} INFO - [load_invoices] ds=2025-12-02 inserted=0
[2025-12-16T17:13:12.618+0000] {subprocess.py:97} INFO - Command exited with return code 0
[2025-12-16T17:13:12.623+0000] {taskinstance.py:441} INFO - ::group::Post task execution logs
[2025-12-16T17:13:12.762+0000] {taskinstance.py:1206} INFO - Marking task as SUCCESS. dag_id=invoices_elt_daily, task_id=load_invoices, run_id=scheduled__2025-12-02T00:00:00+00:00, execution_date=20251202T000000, start_date=20251216T171311, end_date=20251216T171312
[2025-12-16T17:13:12.937+0000] {local_task_job_runner.py:243} INFO - Task exited with return code 0
[2025-12-16T17:13:12.993+0000] {taskinstance.py:3503} INFO - 0 downstream tasks scheduled from follow-on schedule check
[2025-12-16T17:13:13.009+0000] {local_task_job_runner.py:222} INFO - ::endgroup::
[2025-12-16T17:41:35.323+0000] {local_task_job_runner.py:120} INFO - ::group::Pre task execution logs
[2025-12-16T17:41:35.427+0000] {taskinstance.py:2076} INFO - Dependencies all met for dep_context=non-requeueable deps ti=<TaskInstance: invoices_elt_daily.load_invoices scheduled__2025-12-02T00:00:00+00:00 [queued]>
[2025-12-16T17:41:35.450+0000] {taskinstance.py:2076} INFO - Dependencies all met for dep_context=requeueable deps ti=<TaskInstance: invoices_elt_daily.load_invoices scheduled__2025-12-02T00:00:00+00:00 [queued]>
[2025-12-16T17:41:35.452+0000] {taskinstance.py:2306} INFO - Starting attempt 1 of 1
[2025-12-16T17:41:35.560+0000] {taskinstance.py:2330} INFO - Executing <Task(BashOperator): load_invoices> on 2025-12-02 00:00:00+00:00
[2025-12-16T17:41:35.584+0000] {logging_mixin.py:188} WARNING - /home/***/.local/lib/python3.12/site-packages/***/task/task_runner/standard_task_runner.py:62 DeprecationWarning: This process (pid=1008) is multi-threaded, use of fork() may lead to deadlocks in the child.
[2025-12-16T17:41:35.587+0000] {standard_task_runner.py:64} INFO - Started process 1018 to run task
[2025-12-16T17:41:35.588+0000] {standard_task_runner.py:90} INFO - Running: ['***', 'tasks', 'run', 'invoices_elt_daily', 'load_invoices', 'scheduled__2025-12-02T00:00:00+00:00', '--job-id', '345', '--raw', '--subdir', 'DAGS_FOLDER/invoices_elt_daily.py', '--cfg-path', '/tmp/tmpm7wyzv3b']
[2025-12-16T17:41:35.597+0000] {standard_task_runner.py:91} INFO - Job 345: Subtask load_invoices
[2025-12-16T17:41:35.781+0000] {task_command.py:426} INFO - Running <TaskInstance: invoices_elt_daily.load_invoices scheduled__2025-12-02T00:00:00+00:00 [running]> on host be068e76f4a7
[2025-12-16T17:41:36.003+0000] {taskinstance.py:2648} INFO - Exporting env vars: AIRFLOW_CTX_DAG_OWNER='***' AIRFLOW_CTX_DAG_ID='invoices_elt_daily' AIRFLOW_CTX_TASK_ID='load_invoices' AIRFLOW_CTX_EXECUTION_DATE='2025-12-02T00:00:00+00:00' AIRFLOW_CTX_TRY_NUMBER='1' AIRFLOW_CTX_DAG_RUN_ID='scheduled__2025-12-02T00:00:00+00:00'
[2025-12-16T17:41:36.008+0000] {taskinstance.py:430} INFO - ::endgroup::
[2025-12-16T17:41:36.040+0000] {subprocess.py:63} INFO - Tmp dir root location: /tmp
[2025-12-16T17:41:36.047+0000] {subprocess.py:75} INFO - Running command: ['/usr/bin/bash', '-c', 'python /opt/***/scripts/load_invoices.py --ds 2025-12-02']
[2025-12-16T17:41:36.081+0000] {subprocess.py:86} INFO - Output:
[2025-12-16T17:41:36.637+0000] {subprocess.py:93} INFO - [load_invoices] ds=2025-12-02 inserted=0
[2025-12-16T17:41:36.677+0000] {subprocess.py:97} INFO - Command exited with return code 0
[2025-12-16T17:41:36.679+0000] {taskinstance.py:441} INFO - ::group::Post task execution logs
[2025-12-16T17:41:36.749+0000] {taskinstance.py:1206} INFO - Marking task as SUCCESS. dag_id=invoices_elt_daily, task_id=load_invoices, run_id=scheduled__2025-12-02T00:00:00+00:00, execution_date=20251202T000000, start_date=20251216T174135, end_date=20251216T174136
[2025-12-16T17:41:36.830+0000] {local_task_job_runner.py:243} INFO - Task exited with return code 0
[2025-12-16T17:41:36.864+0000] {local_task_job_runner.py:222} INFO - ::endgroup::
