[2025-12-16T17:31:48.309+0000] {local_task_job_runner.py:120} INFO - ::group::Pre task execution logs
[2025-12-16T17:31:48.351+0000] {taskinstance.py:2076} INFO - Dependencies all met for dep_context=non-requeueable deps ti=<TaskInstance: users_elt_daily.load_users scheduled__2025-12-15T00:00:00+00:00 [queued]>
[2025-12-16T17:31:48.362+0000] {taskinstance.py:2076} INFO - Dependencies all met for dep_context=requeueable deps ti=<TaskInstance: users_elt_daily.load_users scheduled__2025-12-15T00:00:00+00:00 [queued]>
[2025-12-16T17:31:48.363+0000] {taskinstance.py:2306} INFO - Starting attempt 1 of 1
[2025-12-16T17:31:48.378+0000] {taskinstance.py:2330} INFO - Executing <Task(BashOperator): load_users> on 2025-12-15 00:00:00+00:00
[2025-12-16T17:31:48.387+0000] {logging_mixin.py:188} WARNING - /home/***/.local/lib/python3.12/site-packages/***/task/task_runner/standard_task_runner.py:62 DeprecationWarning: This process (pid=1321) is multi-threaded, use of fork() may lead to deadlocks in the child.
[2025-12-16T17:31:48.389+0000] {standard_task_runner.py:64} INFO - Started process 1323 to run task
[2025-12-16T17:31:48.388+0000] {standard_task_runner.py:90} INFO - Running: ['***', 'tasks', 'run', 'users_elt_daily', 'load_users', 'scheduled__2025-12-15T00:00:00+00:00', '--job-id', '176', '--raw', '--subdir', 'DAGS_FOLDER/users_elt_daily.py', '--cfg-path', '/tmp/tmpjk8kx2gd']
[2025-12-16T17:31:48.391+0000] {standard_task_runner.py:91} INFO - Job 176: Subtask load_users
[2025-12-16T17:31:48.468+0000] {task_command.py:426} INFO - Running <TaskInstance: users_elt_daily.load_users scheduled__2025-12-15T00:00:00+00:00 [running]> on host be068e76f4a7
[2025-12-16T17:31:48.581+0000] {taskinstance.py:2648} INFO - Exporting env vars: AIRFLOW_CTX_DAG_OWNER='***' AIRFLOW_CTX_DAG_ID='users_elt_daily' AIRFLOW_CTX_TASK_ID='load_users' AIRFLOW_CTX_EXECUTION_DATE='2025-12-15T00:00:00+00:00' AIRFLOW_CTX_TRY_NUMBER='1' AIRFLOW_CTX_DAG_RUN_ID='scheduled__2025-12-15T00:00:00+00:00'
[2025-12-16T17:31:48.582+0000] {taskinstance.py:430} INFO - ::endgroup::
[2025-12-16T17:31:48.597+0000] {subprocess.py:63} INFO - Tmp dir root location: /tmp
[2025-12-16T17:31:48.598+0000] {subprocess.py:75} INFO - Running command: ['/usr/bin/bash', '-c', 'python /opt/***/scripts/load_users.py --ds 2025-12-15']
[2025-12-16T17:31:48.613+0000] {subprocess.py:86} INFO - Output:
[2025-12-16T17:31:48.878+0000] {subprocess.py:93} INFO - [load_users] ds=2025-12-15 inserted=11 rows
[2025-12-16T17:31:48.897+0000] {subprocess.py:97} INFO - Command exited with return code 0
[2025-12-16T17:31:48.899+0000] {taskinstance.py:441} INFO - ::group::Post task execution logs
[2025-12-16T17:31:48.932+0000] {taskinstance.py:1206} INFO - Marking task as SUCCESS. dag_id=users_elt_daily, task_id=load_users, run_id=scheduled__2025-12-15T00:00:00+00:00, execution_date=20251215T000000, start_date=20251216T173148, end_date=20251216T173148
[2025-12-16T17:31:48.966+0000] {local_task_job_runner.py:243} INFO - Task exited with return code 0
[2025-12-16T17:31:48.987+0000] {taskinstance.py:3503} INFO - 0 downstream tasks scheduled from follow-on schedule check
[2025-12-16T17:31:48.990+0000] {local_task_job_runner.py:222} INFO - ::endgroup::
[2025-12-16T17:41:26.477+0000] {local_task_job_runner.py:120} INFO - ::group::Pre task execution logs
[2025-12-16T17:41:26.569+0000] {taskinstance.py:2076} INFO - Dependencies all met for dep_context=non-requeueable deps ti=<TaskInstance: users_elt_daily.load_users scheduled__2025-12-15T00:00:00+00:00 [queued]>
[2025-12-16T17:41:26.592+0000] {taskinstance.py:2076} INFO - Dependencies all met for dep_context=requeueable deps ti=<TaskInstance: users_elt_daily.load_users scheduled__2025-12-15T00:00:00+00:00 [queued]>
[2025-12-16T17:41:26.595+0000] {taskinstance.py:2306} INFO - Starting attempt 1 of 1
[2025-12-16T17:41:26.699+0000] {taskinstance.py:2330} INFO - Executing <Task(BashOperator): load_users> on 2025-12-15 00:00:00+00:00
[2025-12-16T17:41:26.717+0000] {logging_mixin.py:188} WARNING - /home/***/.local/lib/python3.12/site-packages/***/task/task_runner/standard_task_runner.py:62 DeprecationWarning: This process (pid=915) is multi-threaded, use of fork() may lead to deadlocks in the child.
[2025-12-16T17:41:26.717+0000] {standard_task_runner.py:90} INFO - Running: ['***', 'tasks', 'run', 'users_elt_daily', 'load_users', 'scheduled__2025-12-15T00:00:00+00:00', '--job-id', '319', '--raw', '--subdir', 'DAGS_FOLDER/users_elt_daily.py', '--cfg-path', '/tmp/tmpmw_ahvv3']
[2025-12-16T17:41:26.720+0000] {standard_task_runner.py:64} INFO - Started process 929 to run task
[2025-12-16T17:41:26.721+0000] {standard_task_runner.py:91} INFO - Job 319: Subtask load_users
[2025-12-16T17:41:26.928+0000] {task_command.py:426} INFO - Running <TaskInstance: users_elt_daily.load_users scheduled__2025-12-15T00:00:00+00:00 [running]> on host be068e76f4a7
[2025-12-16T17:41:27.163+0000] {taskinstance.py:2648} INFO - Exporting env vars: AIRFLOW_CTX_DAG_OWNER='***' AIRFLOW_CTX_DAG_ID='users_elt_daily' AIRFLOW_CTX_TASK_ID='load_users' AIRFLOW_CTX_EXECUTION_DATE='2025-12-15T00:00:00+00:00' AIRFLOW_CTX_TRY_NUMBER='1' AIRFLOW_CTX_DAG_RUN_ID='scheduled__2025-12-15T00:00:00+00:00'
[2025-12-16T17:41:27.165+0000] {taskinstance.py:430} INFO - ::endgroup::
[2025-12-16T17:41:27.207+0000] {subprocess.py:63} INFO - Tmp dir root location: /tmp
[2025-12-16T17:41:27.211+0000] {subprocess.py:75} INFO - Running command: ['/usr/bin/bash', '-c', 'python /opt/***/scripts/load_users.py --ds 2025-12-15']
[2025-12-16T17:41:27.251+0000] {subprocess.py:86} INFO - Output:
[2025-12-16T17:41:27.971+0000] {subprocess.py:93} INFO - [load_users] ds=2025-12-15 inserted=11 rows
[2025-12-16T17:41:28.005+0000] {subprocess.py:97} INFO - Command exited with return code 0
[2025-12-16T17:41:28.007+0000] {taskinstance.py:441} INFO - ::group::Post task execution logs
[2025-12-16T17:41:28.083+0000] {taskinstance.py:1206} INFO - Marking task as SUCCESS. dag_id=users_elt_daily, task_id=load_users, run_id=scheduled__2025-12-15T00:00:00+00:00, execution_date=20251215T000000, start_date=20251216T174126, end_date=20251216T174128
[2025-12-16T17:41:28.169+0000] {local_task_job_runner.py:243} INFO - Task exited with return code 0
[2025-12-16T17:41:28.202+0000] {local_task_job_runner.py:222} INFO - ::endgroup::
