[2025-12-16T17:31:32.023+0000] {local_task_job_runner.py:120} INFO - ::group::Pre task execution logs
[2025-12-16T17:31:32.073+0000] {taskinstance.py:2076} INFO - Dependencies all met for dep_context=non-requeueable deps ti=<TaskInstance: users_elt_daily.extract_users scheduled__2025-11-21T00:00:00+00:00 [queued]>
[2025-12-16T17:31:32.089+0000] {taskinstance.py:2076} INFO - Dependencies all met for dep_context=requeueable deps ti=<TaskInstance: users_elt_daily.extract_users scheduled__2025-11-21T00:00:00+00:00 [queued]>
[2025-12-16T17:31:32.091+0000] {taskinstance.py:2306} INFO - Starting attempt 1 of 1
[2025-12-16T17:31:32.136+0000] {taskinstance.py:2330} INFO - Executing <Task(BashOperator): extract_users> on 2025-11-21 00:00:00+00:00
[2025-12-16T17:31:32.150+0000] {logging_mixin.py:188} WARNING - /home/***/.local/lib/python3.12/site-packages/***/task/task_runner/standard_task_runner.py:62 DeprecationWarning: This process (pid=1159) is multi-threaded, use of fork() may lead to deadlocks in the child.
[2025-12-16T17:31:32.150+0000] {standard_task_runner.py:90} INFO - Running: ['***', 'tasks', 'run', 'users_elt_daily', 'extract_users', 'scheduled__2025-11-21T00:00:00+00:00', '--job-id', '129', '--raw', '--subdir', 'DAGS_FOLDER/users_elt_daily.py', '--cfg-path', '/tmp/tmpyazlyi44']
[2025-12-16T17:31:32.152+0000] {standard_task_runner.py:64} INFO - Started process 1165 to run task
[2025-12-16T17:31:32.153+0000] {standard_task_runner.py:91} INFO - Job 129: Subtask extract_users
[2025-12-16T17:31:32.261+0000] {task_command.py:426} INFO - Running <TaskInstance: users_elt_daily.extract_users scheduled__2025-11-21T00:00:00+00:00 [running]> on host be068e76f4a7
[2025-12-16T17:31:32.421+0000] {taskinstance.py:2648} INFO - Exporting env vars: AIRFLOW_CTX_DAG_OWNER='***' AIRFLOW_CTX_DAG_ID='users_elt_daily' AIRFLOW_CTX_TASK_ID='extract_users' AIRFLOW_CTX_EXECUTION_DATE='2025-11-21T00:00:00+00:00' AIRFLOW_CTX_TRY_NUMBER='1' AIRFLOW_CTX_DAG_RUN_ID='scheduled__2025-11-21T00:00:00+00:00'
[2025-12-16T17:31:32.423+0000] {taskinstance.py:430} INFO - ::endgroup::
[2025-12-16T17:31:32.450+0000] {subprocess.py:63} INFO - Tmp dir root location: /tmp
[2025-12-16T17:31:32.453+0000] {subprocess.py:75} INFO - Running command: ['/usr/bin/bash', '-c', 'python /opt/***/scripts/extract_users.py --ds 2025-11-21']
[2025-12-16T17:31:32.476+0000] {subprocess.py:86} INFO - Output:
[2025-12-16T17:31:33.153+0000] {subprocess.py:93} INFO - [extract_users] ds=2025-11-21 wrote=/opt/***/data/source/users/users_2025-11-21.json new_users=20 last_user_id=274
[2025-12-16T17:31:33.210+0000] {subprocess.py:97} INFO - Command exited with return code 0
[2025-12-16T17:31:33.212+0000] {taskinstance.py:441} INFO - ::group::Post task execution logs
[2025-12-16T17:31:33.313+0000] {taskinstance.py:1206} INFO - Marking task as SUCCESS. dag_id=users_elt_daily, task_id=extract_users, run_id=scheduled__2025-11-21T00:00:00+00:00, execution_date=20251121T000000, start_date=20251216T173132, end_date=20251216T173133
[2025-12-16T17:31:33.433+0000] {local_task_job_runner.py:243} INFO - Task exited with return code 0
[2025-12-16T17:31:33.511+0000] {taskinstance.py:3503} INFO - 1 downstream tasks scheduled from follow-on schedule check
[2025-12-16T17:31:33.521+0000] {local_task_job_runner.py:222} INFO - ::endgroup::
[2025-12-16T17:41:02.983+0000] {local_task_job_runner.py:120} INFO - ::group::Pre task execution logs
[2025-12-16T17:41:03.050+0000] {taskinstance.py:2076} INFO - Dependencies all met for dep_context=non-requeueable deps ti=<TaskInstance: users_elt_daily.extract_users scheduled__2025-11-21T00:00:00+00:00 [queued]>
[2025-12-16T17:41:03.067+0000] {taskinstance.py:2076} INFO - Dependencies all met for dep_context=requeueable deps ti=<TaskInstance: users_elt_daily.extract_users scheduled__2025-11-21T00:00:00+00:00 [queued]>
[2025-12-16T17:41:03.068+0000] {taskinstance.py:2306} INFO - Starting attempt 1 of 1
[2025-12-16T17:41:03.096+0000] {taskinstance.py:2330} INFO - Executing <Task(BashOperator): extract_users> on 2025-11-21 00:00:00+00:00
[2025-12-16T17:41:03.113+0000] {logging_mixin.py:188} WARNING - /home/***/.local/lib/python3.12/site-packages/***/task/task_runner/standard_task_runner.py:62 DeprecationWarning: This process (pid=610) is multi-threaded, use of fork() may lead to deadlocks in the child.
[2025-12-16T17:41:03.112+0000] {standard_task_runner.py:90} INFO - Running: ['***', 'tasks', 'run', 'users_elt_daily', 'extract_users', 'scheduled__2025-11-21T00:00:00+00:00', '--job-id', '221', '--raw', '--subdir', 'DAGS_FOLDER/users_elt_daily.py', '--cfg-path', '/tmp/tmp9djgzt2d']
[2025-12-16T17:41:03.119+0000] {standard_task_runner.py:64} INFO - Started process 618 to run task
[2025-12-16T17:41:03.119+0000] {standard_task_runner.py:91} INFO - Job 221: Subtask extract_users
[2025-12-16T17:41:03.262+0000] {task_command.py:426} INFO - Running <TaskInstance: users_elt_daily.extract_users scheduled__2025-11-21T00:00:00+00:00 [running]> on host be068e76f4a7
[2025-12-16T17:41:03.714+0000] {taskinstance.py:2648} INFO - Exporting env vars: AIRFLOW_CTX_DAG_OWNER='***' AIRFLOW_CTX_DAG_ID='users_elt_daily' AIRFLOW_CTX_TASK_ID='extract_users' AIRFLOW_CTX_EXECUTION_DATE='2025-11-21T00:00:00+00:00' AIRFLOW_CTX_TRY_NUMBER='1' AIRFLOW_CTX_DAG_RUN_ID='scheduled__2025-11-21T00:00:00+00:00'
[2025-12-16T17:41:03.723+0000] {taskinstance.py:430} INFO - ::endgroup::
[2025-12-16T17:41:03.804+0000] {subprocess.py:63} INFO - Tmp dir root location: /tmp
[2025-12-16T17:41:03.808+0000] {subprocess.py:75} INFO - Running command: ['/usr/bin/bash', '-c', 'python /opt/***/scripts/extract_users.py --ds 2025-11-21']
[2025-12-16T17:41:03.874+0000] {subprocess.py:86} INFO - Output:
[2025-12-16T17:41:04.503+0000] {subprocess.py:93} INFO - [extract_users] ds=2025-11-21 already exists -> skip (/opt/***/data/source/users/users_2025-11-21.json)
[2025-12-16T17:41:04.544+0000] {subprocess.py:97} INFO - Command exited with return code 0
[2025-12-16T17:41:04.546+0000] {taskinstance.py:441} INFO - ::group::Post task execution logs
[2025-12-16T17:41:04.621+0000] {taskinstance.py:1206} INFO - Marking task as SUCCESS. dag_id=users_elt_daily, task_id=extract_users, run_id=scheduled__2025-11-21T00:00:00+00:00, execution_date=20251121T000000, start_date=20251216T174103, end_date=20251216T174104
[2025-12-16T17:41:04.834+0000] {local_task_job_runner.py:243} INFO - Task exited with return code 0
[2025-12-16T17:41:04.890+0000] {taskinstance.py:3503} INFO - 1 downstream tasks scheduled from follow-on schedule check
[2025-12-16T17:41:04.893+0000] {local_task_job_runner.py:222} INFO - ::endgroup::
