[2025-12-16T17:41:27.220+0000] {local_task_job_runner.py:120} INFO - ::group::Pre task execution logs
[2025-12-16T17:41:27.378+0000] {taskinstance.py:2076} INFO - Dependencies all met for dep_context=non-requeueable deps ti=<TaskInstance: invoices_elt_daily.extract_invoices scheduled__2025-11-28T00:00:00+00:00 [queued]>
[2025-12-16T17:41:27.401+0000] {taskinstance.py:2076} INFO - Dependencies all met for dep_context=requeueable deps ti=<TaskInstance: invoices_elt_daily.extract_invoices scheduled__2025-11-28T00:00:00+00:00 [queued]>
[2025-12-16T17:41:27.408+0000] {taskinstance.py:2306} INFO - Starting attempt 1 of 1
[2025-12-16T17:41:27.586+0000] {taskinstance.py:2330} INFO - Executing <Task(BashOperator): extract_invoices> on 2025-11-28 00:00:00+00:00
[2025-12-16T17:41:27.627+0000] {logging_mixin.py:188} WARNING - /home/***/.local/lib/python3.12/site-packages/***/task/task_runner/standard_task_runner.py:62 DeprecationWarning: This process (pid=930) is multi-threaded, use of fork() may lead to deadlocks in the child.
[2025-12-16T17:41:27.624+0000] {standard_task_runner.py:90} INFO - Running: ['***', 'tasks', 'run', 'invoices_elt_daily', 'extract_invoices', 'scheduled__2025-11-28T00:00:00+00:00', '--job-id', '324', '--raw', '--subdir', 'DAGS_FOLDER/invoices_elt_daily.py', '--cfg-path', '/tmp/tmpwfvx3hsp']
[2025-12-16T17:41:27.633+0000] {standard_task_runner.py:91} INFO - Job 324: Subtask extract_invoices
[2025-12-16T17:41:27.631+0000] {standard_task_runner.py:64} INFO - Started process 946 to run task
[2025-12-16T17:41:27.833+0000] {task_command.py:426} INFO - Running <TaskInstance: invoices_elt_daily.extract_invoices scheduled__2025-11-28T00:00:00+00:00 [running]> on host be068e76f4a7
[2025-12-16T17:41:28.047+0000] {taskinstance.py:2648} INFO - Exporting env vars: AIRFLOW_CTX_DAG_OWNER='***' AIRFLOW_CTX_DAG_ID='invoices_elt_daily' AIRFLOW_CTX_TASK_ID='extract_invoices' AIRFLOW_CTX_EXECUTION_DATE='2025-11-28T00:00:00+00:00' AIRFLOW_CTX_TRY_NUMBER='1' AIRFLOW_CTX_DAG_RUN_ID='scheduled__2025-11-28T00:00:00+00:00'
[2025-12-16T17:41:28.049+0000] {taskinstance.py:430} INFO - ::endgroup::
[2025-12-16T17:41:28.084+0000] {subprocess.py:63} INFO - Tmp dir root location: /tmp
[2025-12-16T17:41:28.087+0000] {subprocess.py:75} INFO - Running command: ['/usr/bin/bash', '-c', 'python /opt/***/scripts/extract_invoices.py --ds 2025-11-28']
[2025-12-16T17:41:28.123+0000] {subprocess.py:86} INFO - Output:
[2025-12-16T17:41:28.836+0000] {subprocess.py:93} INFO - [extract_invoices] ds=2025-11-28 not billing day -> wrote empty file
[2025-12-16T17:41:28.866+0000] {subprocess.py:97} INFO - Command exited with return code 0
[2025-12-16T17:41:28.868+0000] {taskinstance.py:441} INFO - ::group::Post task execution logs
[2025-12-16T17:41:28.922+0000] {taskinstance.py:1206} INFO - Marking task as SUCCESS. dag_id=invoices_elt_daily, task_id=extract_invoices, run_id=scheduled__2025-11-28T00:00:00+00:00, execution_date=20251128T000000, start_date=20251216T174127, end_date=20251216T174128
[2025-12-16T17:41:28.972+0000] {local_task_job_runner.py:243} INFO - Task exited with return code 0
[2025-12-16T17:41:28.998+0000] {local_task_job_runner.py:222} INFO - ::endgroup::
