[2025-12-16T17:31:36.754+0000] {local_task_job_runner.py:120} INFO - ::group::Pre task execution logs
[2025-12-16T17:31:36.803+0000] {taskinstance.py:2076} INFO - Dependencies all met for dep_context=non-requeueable deps ti=<TaskInstance: users_elt_daily.load_users scheduled__2025-11-27T00:00:00+00:00 [queued]>
[2025-12-16T17:31:36.816+0000] {taskinstance.py:2076} INFO - Dependencies all met for dep_context=requeueable deps ti=<TaskInstance: users_elt_daily.load_users scheduled__2025-11-27T00:00:00+00:00 [queued]>
[2025-12-16T17:31:36.817+0000] {taskinstance.py:2306} INFO - Starting attempt 1 of 1
[2025-12-16T17:31:36.837+0000] {taskinstance.py:2330} INFO - Executing <Task(BashOperator): load_users> on 2025-11-27 00:00:00+00:00
[2025-12-16T17:31:36.850+0000] {logging_mixin.py:188} WARNING - /home/***/.local/lib/python3.12/site-packages/***/task/task_runner/standard_task_runner.py:62 DeprecationWarning: This process (pid=1229) is multi-threaded, use of fork() may lead to deadlocks in the child.
[2025-12-16T17:31:36.851+0000] {standard_task_runner.py:64} INFO - Started process 1233 to run task
[2025-12-16T17:31:36.850+0000] {standard_task_runner.py:90} INFO - Running: ['***', 'tasks', 'run', 'users_elt_daily', 'load_users', 'scheduled__2025-11-27T00:00:00+00:00', '--job-id', '147', '--raw', '--subdir', 'DAGS_FOLDER/users_elt_daily.py', '--cfg-path', '/tmp/tmpnxo3als4']
[2025-12-16T17:31:36.854+0000] {standard_task_runner.py:91} INFO - Job 147: Subtask load_users
[2025-12-16T17:31:36.941+0000] {task_command.py:426} INFO - Running <TaskInstance: users_elt_daily.load_users scheduled__2025-11-27T00:00:00+00:00 [running]> on host be068e76f4a7
[2025-12-16T17:31:37.071+0000] {taskinstance.py:2648} INFO - Exporting env vars: AIRFLOW_CTX_DAG_OWNER='***' AIRFLOW_CTX_DAG_ID='users_elt_daily' AIRFLOW_CTX_TASK_ID='load_users' AIRFLOW_CTX_EXECUTION_DATE='2025-11-27T00:00:00+00:00' AIRFLOW_CTX_TRY_NUMBER='1' AIRFLOW_CTX_DAG_RUN_ID='scheduled__2025-11-27T00:00:00+00:00'
[2025-12-16T17:31:37.072+0000] {taskinstance.py:430} INFO - ::endgroup::
[2025-12-16T17:31:37.092+0000] {subprocess.py:63} INFO - Tmp dir root location: /tmp
[2025-12-16T17:31:37.094+0000] {subprocess.py:75} INFO - Running command: ['/usr/bin/bash', '-c', 'python /opt/***/scripts/load_users.py --ds 2025-11-27']
[2025-12-16T17:31:37.111+0000] {subprocess.py:86} INFO - Output:
[2025-12-16T17:31:37.443+0000] {subprocess.py:93} INFO - [load_users] ds=2025-11-27 inserted=9 rows
[2025-12-16T17:31:37.464+0000] {subprocess.py:97} INFO - Command exited with return code 0
[2025-12-16T17:31:37.465+0000] {taskinstance.py:441} INFO - ::group::Post task execution logs
[2025-12-16T17:31:37.499+0000] {taskinstance.py:1206} INFO - Marking task as SUCCESS. dag_id=users_elt_daily, task_id=load_users, run_id=scheduled__2025-11-27T00:00:00+00:00, execution_date=20251127T000000, start_date=20251216T173136, end_date=20251216T173137
[2025-12-16T17:31:37.550+0000] {local_task_job_runner.py:243} INFO - Task exited with return code 0
[2025-12-16T17:31:37.570+0000] {taskinstance.py:3503} INFO - 0 downstream tasks scheduled from follow-on schedule check
[2025-12-16T17:31:37.573+0000] {local_task_job_runner.py:222} INFO - ::endgroup::
[2025-12-16T17:41:07.603+0000] {local_task_job_runner.py:120} INFO - ::group::Pre task execution logs
[2025-12-16T17:41:07.675+0000] {taskinstance.py:2076} INFO - Dependencies all met for dep_context=non-requeueable deps ti=<TaskInstance: users_elt_daily.load_users scheduled__2025-11-27T00:00:00+00:00 [queued]>
[2025-12-16T17:41:07.695+0000] {taskinstance.py:2076} INFO - Dependencies all met for dep_context=requeueable deps ti=<TaskInstance: users_elt_daily.load_users scheduled__2025-11-27T00:00:00+00:00 [queued]>
[2025-12-16T17:41:07.697+0000] {taskinstance.py:2306} INFO - Starting attempt 1 of 1
[2025-12-16T17:41:07.728+0000] {taskinstance.py:2330} INFO - Executing <Task(BashOperator): load_users> on 2025-11-27 00:00:00+00:00
[2025-12-16T17:41:07.744+0000] {logging_mixin.py:188} WARNING - /home/***/.local/lib/python3.12/site-packages/***/task/task_runner/standard_task_runner.py:62 DeprecationWarning: This process (pid=676) is multi-threaded, use of fork() may lead to deadlocks in the child.
[2025-12-16T17:41:07.747+0000] {standard_task_runner.py:64} INFO - Started process 680 to run task
[2025-12-16T17:41:07.745+0000] {standard_task_runner.py:90} INFO - Running: ['***', 'tasks', 'run', 'users_elt_daily', 'load_users', 'scheduled__2025-11-27T00:00:00+00:00', '--job-id', '241', '--raw', '--subdir', 'DAGS_FOLDER/users_elt_daily.py', '--cfg-path', '/tmp/tmpu2874jxd']
[2025-12-16T17:41:07.749+0000] {standard_task_runner.py:91} INFO - Job 241: Subtask load_users
[2025-12-16T17:41:07.871+0000] {task_command.py:426} INFO - Running <TaskInstance: users_elt_daily.load_users scheduled__2025-11-27T00:00:00+00:00 [running]> on host be068e76f4a7
[2025-12-16T17:41:08.007+0000] {taskinstance.py:2648} INFO - Exporting env vars: AIRFLOW_CTX_DAG_OWNER='***' AIRFLOW_CTX_DAG_ID='users_elt_daily' AIRFLOW_CTX_TASK_ID='load_users' AIRFLOW_CTX_EXECUTION_DATE='2025-11-27T00:00:00+00:00' AIRFLOW_CTX_TRY_NUMBER='1' AIRFLOW_CTX_DAG_RUN_ID='scheduled__2025-11-27T00:00:00+00:00'
[2025-12-16T17:41:08.008+0000] {taskinstance.py:430} INFO - ::endgroup::
[2025-12-16T17:41:08.028+0000] {subprocess.py:63} INFO - Tmp dir root location: /tmp
[2025-12-16T17:41:08.031+0000] {subprocess.py:75} INFO - Running command: ['/usr/bin/bash', '-c', 'python /opt/***/scripts/load_users.py --ds 2025-11-27']
[2025-12-16T17:41:08.051+0000] {subprocess.py:86} INFO - Output:
[2025-12-16T17:41:08.380+0000] {subprocess.py:93} INFO - [load_users] ds=2025-11-27 inserted=9 rows
[2025-12-16T17:41:08.400+0000] {subprocess.py:97} INFO - Command exited with return code 0
[2025-12-16T17:41:08.401+0000] {taskinstance.py:441} INFO - ::group::Post task execution logs
[2025-12-16T17:41:08.437+0000] {taskinstance.py:1206} INFO - Marking task as SUCCESS. dag_id=users_elt_daily, task_id=load_users, run_id=scheduled__2025-11-27T00:00:00+00:00, execution_date=20251127T000000, start_date=20251216T174107, end_date=20251216T174108
[2025-12-16T17:41:08.486+0000] {local_task_job_runner.py:243} INFO - Task exited with return code 0
[2025-12-16T17:41:08.508+0000] {taskinstance.py:3503} INFO - 0 downstream tasks scheduled from follow-on schedule check
[2025-12-16T17:41:08.511+0000] {local_task_job_runner.py:222} INFO - ::endgroup::
