[2025-12-16T17:31:24.531+0000] {local_task_job_runner.py:120} INFO - ::group::Pre task execution logs
[2025-12-16T17:31:24.618+0000] {taskinstance.py:2076} INFO - Dependencies all met for dep_context=non-requeueable deps ti=<TaskInstance: users_elt_daily.extract_users scheduled__2025-11-06T00:00:00+00:00 [queued]>
[2025-12-16T17:31:24.642+0000] {taskinstance.py:2076} INFO - Dependencies all met for dep_context=requeueable deps ti=<TaskInstance: users_elt_daily.extract_users scheduled__2025-11-06T00:00:00+00:00 [queued]>
[2025-12-16T17:31:24.644+0000] {taskinstance.py:2306} INFO - Starting attempt 1 of 1
[2025-12-16T17:31:24.769+0000] {taskinstance.py:2330} INFO - Executing <Task(BashOperator): extract_users> on 2025-11-06 00:00:00+00:00
[2025-12-16T17:31:24.791+0000] {logging_mixin.py:188} WARNING - /home/***/.local/lib/python3.12/site-packages/***/task/task_runner/standard_task_runner.py:62 DeprecationWarning: This process (pid=1067) is multi-threaded, use of fork() may lead to deadlocks in the child.
[2025-12-16T17:31:24.790+0000] {standard_task_runner.py:90} INFO - Running: ['***', 'tasks', 'run', 'users_elt_daily', 'extract_users', 'scheduled__2025-11-06T00:00:00+00:00', '--job-id', '99', '--raw', '--subdir', 'DAGS_FOLDER/users_elt_daily.py', '--cfg-path', '/tmp/tmph86hpcmj']
[2025-12-16T17:31:24.794+0000] {standard_task_runner.py:64} INFO - Started process 1077 to run task
[2025-12-16T17:31:24.795+0000] {standard_task_runner.py:91} INFO - Job 99: Subtask extract_users
[2025-12-16T17:31:24.944+0000] {task_command.py:426} INFO - Running <TaskInstance: users_elt_daily.extract_users scheduled__2025-11-06T00:00:00+00:00 [running]> on host be068e76f4a7
[2025-12-16T17:31:25.144+0000] {taskinstance.py:2648} INFO - Exporting env vars: AIRFLOW_CTX_DAG_OWNER='***' AIRFLOW_CTX_DAG_ID='users_elt_daily' AIRFLOW_CTX_TASK_ID='extract_users' AIRFLOW_CTX_EXECUTION_DATE='2025-11-06T00:00:00+00:00' AIRFLOW_CTX_TRY_NUMBER='1' AIRFLOW_CTX_DAG_RUN_ID='scheduled__2025-11-06T00:00:00+00:00'
[2025-12-16T17:31:25.146+0000] {taskinstance.py:430} INFO - ::endgroup::
[2025-12-16T17:31:25.185+0000] {subprocess.py:63} INFO - Tmp dir root location: /tmp
[2025-12-16T17:31:25.188+0000] {subprocess.py:75} INFO - Running command: ['/usr/bin/bash', '-c', 'python /opt/***/scripts/extract_users.py --ds 2025-11-06']
[2025-12-16T17:31:25.215+0000] {subprocess.py:86} INFO - Output:
[2025-12-16T17:31:25.771+0000] {subprocess.py:93} INFO - [extract_users] ds=2025-11-06 wrote=/opt/***/data/source/users/users_2025-11-06.json new_users=9 last_user_id=95
[2025-12-16T17:31:25.805+0000] {subprocess.py:97} INFO - Command exited with return code 0
[2025-12-16T17:31:25.809+0000] {taskinstance.py:441} INFO - ::group::Post task execution logs
[2025-12-16T17:31:25.871+0000] {taskinstance.py:1206} INFO - Marking task as SUCCESS. dag_id=users_elt_daily, task_id=extract_users, run_id=scheduled__2025-11-06T00:00:00+00:00, execution_date=20251106T000000, start_date=20251216T173124, end_date=20251216T173125
[2025-12-16T17:31:26.020+0000] {local_task_job_runner.py:243} INFO - Task exited with return code 0
[2025-12-16T17:31:26.111+0000] {taskinstance.py:3503} INFO - 1 downstream tasks scheduled from follow-on schedule check
[2025-12-16T17:31:26.117+0000] {local_task_job_runner.py:222} INFO - ::endgroup::
[2025-12-16T17:40:55.155+0000] {local_task_job_runner.py:120} INFO - ::group::Pre task execution logs
[2025-12-16T17:40:55.226+0000] {taskinstance.py:2076} INFO - Dependencies all met for dep_context=non-requeueable deps ti=<TaskInstance: users_elt_daily.extract_users scheduled__2025-11-06T00:00:00+00:00 [queued]>
[2025-12-16T17:40:55.251+0000] {taskinstance.py:2076} INFO - Dependencies all met for dep_context=requeueable deps ti=<TaskInstance: users_elt_daily.extract_users scheduled__2025-11-06T00:00:00+00:00 [queued]>
[2025-12-16T17:40:55.252+0000] {taskinstance.py:2306} INFO - Starting attempt 1 of 1
[2025-12-16T17:40:55.290+0000] {taskinstance.py:2330} INFO - Executing <Task(BashOperator): extract_users> on 2025-11-06 00:00:00+00:00
[2025-12-16T17:40:55.309+0000] {standard_task_runner.py:90} INFO - Running: ['***', 'tasks', 'run', 'users_elt_daily', 'extract_users', 'scheduled__2025-11-06T00:00:00+00:00', '--job-id', '189', '--raw', '--subdir', 'DAGS_FOLDER/users_elt_daily.py', '--cfg-path', '/tmp/tmp0dz9eoe2']
[2025-12-16T17:40:55.315+0000] {standard_task_runner.py:91} INFO - Job 189: Subtask extract_users
[2025-12-16T17:40:55.316+0000] {logging_mixin.py:188} WARNING - /home/***/.local/lib/python3.12/site-packages/***/task/task_runner/standard_task_runner.py:62 DeprecationWarning: This process (pid=516) is multi-threaded, use of fork() may lead to deadlocks in the child.
[2025-12-16T17:40:55.317+0000] {standard_task_runner.py:64} INFO - Started process 523 to run task
[2025-12-16T17:40:55.450+0000] {task_command.py:426} INFO - Running <TaskInstance: users_elt_daily.extract_users scheduled__2025-11-06T00:00:00+00:00 [running]> on host be068e76f4a7
[2025-12-16T17:40:55.637+0000] {taskinstance.py:2648} INFO - Exporting env vars: AIRFLOW_CTX_DAG_OWNER='***' AIRFLOW_CTX_DAG_ID='users_elt_daily' AIRFLOW_CTX_TASK_ID='extract_users' AIRFLOW_CTX_EXECUTION_DATE='2025-11-06T00:00:00+00:00' AIRFLOW_CTX_TRY_NUMBER='1' AIRFLOW_CTX_DAG_RUN_ID='scheduled__2025-11-06T00:00:00+00:00'
[2025-12-16T17:40:55.641+0000] {taskinstance.py:430} INFO - ::endgroup::
[2025-12-16T17:40:55.688+0000] {subprocess.py:63} INFO - Tmp dir root location: /tmp
[2025-12-16T17:40:55.692+0000] {subprocess.py:75} INFO - Running command: ['/usr/bin/bash', '-c', 'python /opt/***/scripts/extract_users.py --ds 2025-11-06']
[2025-12-16T17:40:55.729+0000] {subprocess.py:86} INFO - Output:
[2025-12-16T17:40:56.323+0000] {subprocess.py:93} INFO - [extract_users] ds=2025-11-06 already exists -> skip (/opt/***/data/source/users/users_2025-11-06.json)
[2025-12-16T17:40:56.367+0000] {subprocess.py:97} INFO - Command exited with return code 0
[2025-12-16T17:40:56.378+0000] {taskinstance.py:441} INFO - ::group::Post task execution logs
[2025-12-16T17:40:56.473+0000] {taskinstance.py:1206} INFO - Marking task as SUCCESS. dag_id=users_elt_daily, task_id=extract_users, run_id=scheduled__2025-11-06T00:00:00+00:00, execution_date=20251106T000000, start_date=20251216T174055, end_date=20251216T174056
[2025-12-16T17:40:56.563+0000] {local_task_job_runner.py:243} INFO - Task exited with return code 0
[2025-12-16T17:40:56.644+0000] {taskinstance.py:3503} INFO - 1 downstream tasks scheduled from follow-on schedule check
[2025-12-16T17:40:56.650+0000] {local_task_job_runner.py:222} INFO - ::endgroup::
