[2025-12-16T17:13:12.672+0000] {local_task_job_runner.py:120} INFO - ::group::Pre task execution logs
[2025-12-16T17:13:12.855+0000] {taskinstance.py:2076} INFO - Dependencies all met for dep_context=non-requeueable deps ti=<TaskInstance: invoices_elt_daily.load_invoices scheduled__2025-12-07T00:00:00+00:00 [queued]>
[2025-12-16T17:13:12.899+0000] {taskinstance.py:2076} INFO - Dependencies all met for dep_context=requeueable deps ti=<TaskInstance: invoices_elt_daily.load_invoices scheduled__2025-12-07T00:00:00+00:00 [queued]>
[2025-12-16T17:13:12.909+0000] {taskinstance.py:2306} INFO - Starting attempt 1 of 1
[2025-12-16T17:13:12.970+0000] {taskinstance.py:2330} INFO - Executing <Task(BashOperator): load_invoices> on 2025-12-07 00:00:00+00:00
[2025-12-16T17:13:13.012+0000] {logging_mixin.py:188} WARNING - /home/***/.local/lib/python3.12/site-packages/***/task/task_runner/standard_task_runner.py:62 DeprecationWarning: This process (pid=309) is multi-threaded, use of fork() may lead to deadlocks in the child.
[2025-12-16T17:13:13.015+0000] {standard_task_runner.py:64} INFO - Started process 320 to run task
[2025-12-16T17:13:13.008+0000] {standard_task_runner.py:90} INFO - Running: ['***', 'tasks', 'run', 'invoices_elt_daily', 'load_invoices', 'scheduled__2025-12-07T00:00:00+00:00', '--job-id', '81', '--raw', '--subdir', 'DAGS_FOLDER/invoices_elt_daily.py', '--cfg-path', '/tmp/tmpiuk4z_l2']
[2025-12-16T17:13:13.024+0000] {standard_task_runner.py:91} INFO - Job 81: Subtask load_invoices
[2025-12-16T17:13:13.355+0000] {task_command.py:426} INFO - Running <TaskInstance: invoices_elt_daily.load_invoices scheduled__2025-12-07T00:00:00+00:00 [running]> on host be068e76f4a7
[2025-12-16T17:13:13.680+0000] {taskinstance.py:2648} INFO - Exporting env vars: AIRFLOW_CTX_DAG_OWNER='***' AIRFLOW_CTX_DAG_ID='invoices_elt_daily' AIRFLOW_CTX_TASK_ID='load_invoices' AIRFLOW_CTX_EXECUTION_DATE='2025-12-07T00:00:00+00:00' AIRFLOW_CTX_TRY_NUMBER='1' AIRFLOW_CTX_DAG_RUN_ID='scheduled__2025-12-07T00:00:00+00:00'
[2025-12-16T17:13:13.682+0000] {taskinstance.py:430} INFO - ::endgroup::
[2025-12-16T17:13:13.723+0000] {subprocess.py:63} INFO - Tmp dir root location: /tmp
[2025-12-16T17:13:13.726+0000] {subprocess.py:75} INFO - Running command: ['/usr/bin/bash', '-c', 'python /opt/***/scripts/load_invoices.py --ds 2025-12-07']
[2025-12-16T17:13:13.767+0000] {subprocess.py:86} INFO - Output:
[2025-12-16T17:13:14.320+0000] {subprocess.py:93} INFO - [load_invoices] ds=2025-12-07 inserted=0
[2025-12-16T17:13:14.355+0000] {subprocess.py:97} INFO - Command exited with return code 0
[2025-12-16T17:13:14.357+0000] {taskinstance.py:441} INFO - ::group::Post task execution logs
[2025-12-16T17:13:14.409+0000] {taskinstance.py:1206} INFO - Marking task as SUCCESS. dag_id=invoices_elt_daily, task_id=load_invoices, run_id=scheduled__2025-12-07T00:00:00+00:00, execution_date=20251207T000000, start_date=20251216T171312, end_date=20251216T171314
[2025-12-16T17:13:14.578+0000] {local_task_job_runner.py:243} INFO - Task exited with return code 0
[2025-12-16T17:13:14.621+0000] {taskinstance.py:3503} INFO - 0 downstream tasks scheduled from follow-on schedule check
[2025-12-16T17:13:14.626+0000] {local_task_job_runner.py:222} INFO - ::endgroup::
[2025-12-16T17:41:36.917+0000] {local_task_job_runner.py:120} INFO - ::group::Pre task execution logs
[2025-12-16T17:41:37.022+0000] {taskinstance.py:2076} INFO - Dependencies all met for dep_context=non-requeueable deps ti=<TaskInstance: invoices_elt_daily.load_invoices scheduled__2025-12-07T00:00:00+00:00 [queued]>
[2025-12-16T17:41:37.042+0000] {taskinstance.py:2076} INFO - Dependencies all met for dep_context=requeueable deps ti=<TaskInstance: invoices_elt_daily.load_invoices scheduled__2025-12-07T00:00:00+00:00 [queued]>
[2025-12-16T17:41:37.045+0000] {taskinstance.py:2306} INFO - Starting attempt 1 of 1
[2025-12-16T17:41:37.076+0000] {taskinstance.py:2330} INFO - Executing <Task(BashOperator): load_invoices> on 2025-12-07 00:00:00+00:00
[2025-12-16T17:41:37.095+0000] {logging_mixin.py:188} WARNING - /home/***/.local/lib/python3.12/site-packages/***/task/task_runner/standard_task_runner.py:62 DeprecationWarning: This process (pid=1032) is multi-threaded, use of fork() may lead to deadlocks in the child.
[2025-12-16T17:41:37.097+0000] {standard_task_runner.py:64} INFO - Started process 1045 to run task
[2025-12-16T17:41:37.095+0000] {standard_task_runner.py:90} INFO - Running: ['***', 'tasks', 'run', 'invoices_elt_daily', 'load_invoices', 'scheduled__2025-12-07T00:00:00+00:00', '--job-id', '357', '--raw', '--subdir', 'DAGS_FOLDER/invoices_elt_daily.py', '--cfg-path', '/tmp/tmp_czydr6q']
[2025-12-16T17:41:37.099+0000] {standard_task_runner.py:91} INFO - Job 357: Subtask load_invoices
[2025-12-16T17:41:37.236+0000] {task_command.py:426} INFO - Running <TaskInstance: invoices_elt_daily.load_invoices scheduled__2025-12-07T00:00:00+00:00 [running]> on host be068e76f4a7
[2025-12-16T17:41:37.432+0000] {taskinstance.py:2648} INFO - Exporting env vars: AIRFLOW_CTX_DAG_OWNER='***' AIRFLOW_CTX_DAG_ID='invoices_elt_daily' AIRFLOW_CTX_TASK_ID='load_invoices' AIRFLOW_CTX_EXECUTION_DATE='2025-12-07T00:00:00+00:00' AIRFLOW_CTX_TRY_NUMBER='1' AIRFLOW_CTX_DAG_RUN_ID='scheduled__2025-12-07T00:00:00+00:00'
[2025-12-16T17:41:37.434+0000] {taskinstance.py:430} INFO - ::endgroup::
[2025-12-16T17:41:37.470+0000] {subprocess.py:63} INFO - Tmp dir root location: /tmp
[2025-12-16T17:41:37.474+0000] {subprocess.py:75} INFO - Running command: ['/usr/bin/bash', '-c', 'python /opt/***/scripts/load_invoices.py --ds 2025-12-07']
[2025-12-16T17:41:37.505+0000] {subprocess.py:86} INFO - Output:
[2025-12-16T17:41:37.956+0000] {subprocess.py:93} INFO - [load_invoices] ds=2025-12-07 inserted=0
[2025-12-16T17:41:37.986+0000] {subprocess.py:97} INFO - Command exited with return code 0
[2025-12-16T17:41:37.987+0000] {taskinstance.py:441} INFO - ::group::Post task execution logs
[2025-12-16T17:41:38.033+0000] {taskinstance.py:1206} INFO - Marking task as SUCCESS. dag_id=invoices_elt_daily, task_id=load_invoices, run_id=scheduled__2025-12-07T00:00:00+00:00, execution_date=20251207T000000, start_date=20251216T174137, end_date=20251216T174138
[2025-12-16T17:41:38.078+0000] {local_task_job_runner.py:243} INFO - Task exited with return code 0
[2025-12-16T17:41:38.103+0000] {taskinstance.py:3503} INFO - 0 downstream tasks scheduled from follow-on schedule check
[2025-12-16T17:41:38.107+0000] {local_task_job_runner.py:222} INFO - ::endgroup::
