[2025-12-16T17:31:39.778+0000] {local_task_job_runner.py:120} INFO - ::group::Pre task execution logs
[2025-12-16T17:31:39.835+0000] {taskinstance.py:2076} INFO - Dependencies all met for dep_context=non-requeueable deps ti=<TaskInstance: users_elt_daily.extract_users scheduled__2025-12-03T00:00:00+00:00 [queued]>
[2025-12-16T17:31:39.852+0000] {taskinstance.py:2076} INFO - Dependencies all met for dep_context=requeueable deps ti=<TaskInstance: users_elt_daily.extract_users scheduled__2025-12-03T00:00:00+00:00 [queued]>
[2025-12-16T17:31:39.854+0000] {taskinstance.py:2306} INFO - Starting attempt 1 of 1
[2025-12-16T17:31:39.894+0000] {taskinstance.py:2330} INFO - Executing <Task(BashOperator): extract_users> on 2025-12-03 00:00:00+00:00
[2025-12-16T17:31:39.908+0000] {logging_mixin.py:188} WARNING - /home/***/.local/lib/python3.12/site-packages/***/task/task_runner/standard_task_runner.py:62 DeprecationWarning: This process (pid=1244) is multi-threaded, use of fork() may lead to deadlocks in the child.
[2025-12-16T17:31:39.910+0000] {standard_task_runner.py:64} INFO - Started process 1248 to run task
[2025-12-16T17:31:39.908+0000] {standard_task_runner.py:90} INFO - Running: ['***', 'tasks', 'run', 'users_elt_daily', 'extract_users', 'scheduled__2025-12-03T00:00:00+00:00', '--job-id', '151', '--raw', '--subdir', 'DAGS_FOLDER/users_elt_daily.py', '--cfg-path', '/tmp/tmpiu3dswsk']
[2025-12-16T17:31:39.912+0000] {standard_task_runner.py:91} INFO - Job 151: Subtask extract_users
[2025-12-16T17:31:40.006+0000] {task_command.py:426} INFO - Running <TaskInstance: users_elt_daily.extract_users scheduled__2025-12-03T00:00:00+00:00 [running]> on host be068e76f4a7
[2025-12-16T17:31:40.155+0000] {taskinstance.py:2648} INFO - Exporting env vars: AIRFLOW_CTX_DAG_OWNER='***' AIRFLOW_CTX_DAG_ID='users_elt_daily' AIRFLOW_CTX_TASK_ID='extract_users' AIRFLOW_CTX_EXECUTION_DATE='2025-12-03T00:00:00+00:00' AIRFLOW_CTX_TRY_NUMBER='1' AIRFLOW_CTX_DAG_RUN_ID='scheduled__2025-12-03T00:00:00+00:00'
[2025-12-16T17:31:40.161+0000] {taskinstance.py:430} INFO - ::endgroup::
[2025-12-16T17:31:40.187+0000] {subprocess.py:63} INFO - Tmp dir root location: /tmp
[2025-12-16T17:31:40.189+0000] {subprocess.py:75} INFO - Running command: ['/usr/bin/bash', '-c', 'python /opt/***/scripts/extract_users.py --ds 2025-12-03']
[2025-12-16T17:31:40.214+0000] {subprocess.py:86} INFO - Output:
[2025-12-16T17:31:40.623+0000] {subprocess.py:93} INFO - [extract_users] ds=2025-12-03 wrote=/opt/***/data/source/users/users_2025-12-03.json new_users=8 last_user_id=388
[2025-12-16T17:31:40.644+0000] {subprocess.py:97} INFO - Command exited with return code 0
[2025-12-16T17:31:40.645+0000] {taskinstance.py:441} INFO - ::group::Post task execution logs
[2025-12-16T17:31:40.697+0000] {taskinstance.py:1206} INFO - Marking task as SUCCESS. dag_id=users_elt_daily, task_id=extract_users, run_id=scheduled__2025-12-03T00:00:00+00:00, execution_date=20251203T000000, start_date=20251216T173139, end_date=20251216T173140
[2025-12-16T17:31:40.769+0000] {local_task_job_runner.py:243} INFO - Task exited with return code 0
[2025-12-16T17:31:40.821+0000] {taskinstance.py:3503} INFO - 1 downstream tasks scheduled from follow-on schedule check
[2025-12-16T17:31:40.827+0000] {local_task_job_runner.py:222} INFO - ::endgroup::
[2025-12-16T17:41:11.143+0000] {local_task_job_runner.py:120} INFO - ::group::Pre task execution logs
[2025-12-16T17:41:11.256+0000] {taskinstance.py:2076} INFO - Dependencies all met for dep_context=non-requeueable deps ti=<TaskInstance: users_elt_daily.extract_users scheduled__2025-12-03T00:00:00+00:00 [queued]>
[2025-12-16T17:41:11.291+0000] {taskinstance.py:2076} INFO - Dependencies all met for dep_context=requeueable deps ti=<TaskInstance: users_elt_daily.extract_users scheduled__2025-12-03T00:00:00+00:00 [queued]>
[2025-12-16T17:41:11.293+0000] {taskinstance.py:2306} INFO - Starting attempt 1 of 1
[2025-12-16T17:41:11.492+0000] {taskinstance.py:2330} INFO - Executing <Task(BashOperator): extract_users> on 2025-12-03 00:00:00+00:00
[2025-12-16T17:41:11.513+0000] {logging_mixin.py:188} WARNING - /home/***/.local/lib/python3.12/site-packages/***/task/task_runner/standard_task_runner.py:62 DeprecationWarning: This process (pid=699) is multi-threaded, use of fork() may lead to deadlocks in the child.
[2025-12-16T17:41:11.518+0000] {standard_task_runner.py:64} INFO - Started process 710 to run task
[2025-12-16T17:41:11.527+0000] {standard_task_runner.py:90} INFO - Running: ['***', 'tasks', 'run', 'users_elt_daily', 'extract_users', 'scheduled__2025-12-03T00:00:00+00:00', '--job-id', '252', '--raw', '--subdir', 'DAGS_FOLDER/users_elt_daily.py', '--cfg-path', '/tmp/tmps6vpo40q']
[2025-12-16T17:41:11.531+0000] {standard_task_runner.py:91} INFO - Job 252: Subtask extract_users
[2025-12-16T17:41:11.788+0000] {task_command.py:426} INFO - Running <TaskInstance: users_elt_daily.extract_users scheduled__2025-12-03T00:00:00+00:00 [running]> on host be068e76f4a7
[2025-12-16T17:41:12.035+0000] {taskinstance.py:2648} INFO - Exporting env vars: AIRFLOW_CTX_DAG_OWNER='***' AIRFLOW_CTX_DAG_ID='users_elt_daily' AIRFLOW_CTX_TASK_ID='extract_users' AIRFLOW_CTX_EXECUTION_DATE='2025-12-03T00:00:00+00:00' AIRFLOW_CTX_TRY_NUMBER='1' AIRFLOW_CTX_DAG_RUN_ID='scheduled__2025-12-03T00:00:00+00:00'
[2025-12-16T17:41:12.039+0000] {taskinstance.py:430} INFO - ::endgroup::
[2025-12-16T17:41:12.082+0000] {subprocess.py:63} INFO - Tmp dir root location: /tmp
[2025-12-16T17:41:12.086+0000] {subprocess.py:75} INFO - Running command: ['/usr/bin/bash', '-c', 'python /opt/***/scripts/extract_users.py --ds 2025-12-03']
[2025-12-16T17:41:12.118+0000] {subprocess.py:86} INFO - Output:
[2025-12-16T17:41:12.845+0000] {subprocess.py:93} INFO - [extract_users] ds=2025-12-03 already exists -> skip (/opt/***/data/source/users/users_2025-12-03.json)
[2025-12-16T17:41:12.877+0000] {subprocess.py:97} INFO - Command exited with return code 0
[2025-12-16T17:41:12.881+0000] {taskinstance.py:441} INFO - ::group::Post task execution logs
[2025-12-16T17:41:12.977+0000] {taskinstance.py:1206} INFO - Marking task as SUCCESS. dag_id=users_elt_daily, task_id=extract_users, run_id=scheduled__2025-12-03T00:00:00+00:00, execution_date=20251203T000000, start_date=20251216T174111, end_date=20251216T174112
[2025-12-16T17:41:13.226+0000] {local_task_job_runner.py:243} INFO - Task exited with return code 0
[2025-12-16T17:41:13.309+0000] {taskinstance.py:3503} INFO - 1 downstream tasks scheduled from follow-on schedule check
[2025-12-16T17:41:13.314+0000] {local_task_job_runner.py:222} INFO - ::endgroup::
