[2025-12-16T17:31:42.176+0000] {local_task_job_runner.py:120} INFO - ::group::Pre task execution logs
[2025-12-16T17:31:42.282+0000] {taskinstance.py:2076} INFO - Dependencies all met for dep_context=non-requeueable deps ti=<TaskInstance: users_elt_daily.extract_users scheduled__2025-12-13T00:00:00+00:00 [queued]>
[2025-12-16T17:31:42.302+0000] {taskinstance.py:2076} INFO - Dependencies all met for dep_context=requeueable deps ti=<TaskInstance: users_elt_daily.extract_users scheduled__2025-12-13T00:00:00+00:00 [queued]>
[2025-12-16T17:31:42.305+0000] {taskinstance.py:2306} INFO - Starting attempt 1 of 1
[2025-12-16T17:31:42.373+0000] {taskinstance.py:2330} INFO - Executing <Task(BashOperator): extract_users> on 2025-12-13 00:00:00+00:00
[2025-12-16T17:31:42.395+0000] {standard_task_runner.py:90} INFO - Running: ['***', 'tasks', 'run', 'users_elt_daily', 'extract_users', 'scheduled__2025-12-13T00:00:00+00:00', '--job-id', '165', '--raw', '--subdir', 'DAGS_FOLDER/users_elt_daily.py', '--cfg-path', '/tmp/tmp1hj7knao']
[2025-12-16T17:31:42.397+0000] {logging_mixin.py:188} WARNING - /home/***/.local/lib/python3.12/site-packages/***/task/task_runner/standard_task_runner.py:62 DeprecationWarning: This process (pid=1280) is multi-threaded, use of fork() may lead to deadlocks in the child.
[2025-12-16T17:31:42.399+0000] {standard_task_runner.py:91} INFO - Job 165: Subtask extract_users
[2025-12-16T17:31:42.400+0000] {standard_task_runner.py:64} INFO - Started process 1291 to run task
[2025-12-16T17:31:42.545+0000] {task_command.py:426} INFO - Running <TaskInstance: users_elt_daily.extract_users scheduled__2025-12-13T00:00:00+00:00 [running]> on host be068e76f4a7
[2025-12-16T17:31:42.761+0000] {taskinstance.py:2648} INFO - Exporting env vars: AIRFLOW_CTX_DAG_OWNER='***' AIRFLOW_CTX_DAG_ID='users_elt_daily' AIRFLOW_CTX_TASK_ID='extract_users' AIRFLOW_CTX_EXECUTION_DATE='2025-12-13T00:00:00+00:00' AIRFLOW_CTX_TRY_NUMBER='1' AIRFLOW_CTX_DAG_RUN_ID='scheduled__2025-12-13T00:00:00+00:00'
[2025-12-16T17:31:42.763+0000] {taskinstance.py:430} INFO - ::endgroup::
[2025-12-16T17:31:42.798+0000] {subprocess.py:63} INFO - Tmp dir root location: /tmp
[2025-12-16T17:31:42.800+0000] {subprocess.py:75} INFO - Running command: ['/usr/bin/bash', '-c', 'python /opt/***/scripts/extract_users.py --ds 2025-12-13']
[2025-12-16T17:31:42.827+0000] {subprocess.py:86} INFO - Output:
[2025-12-16T17:31:43.355+0000] {subprocess.py:93} INFO - [extract_users] ds=2025-12-13 wrote=/opt/***/data/source/users/users_2025-12-13.json new_users=8 last_user_id=486
[2025-12-16T17:31:43.395+0000] {subprocess.py:97} INFO - Command exited with return code 0
[2025-12-16T17:31:43.397+0000] {taskinstance.py:441} INFO - ::group::Post task execution logs
[2025-12-16T17:31:43.505+0000] {taskinstance.py:1206} INFO - Marking task as SUCCESS. dag_id=users_elt_daily, task_id=extract_users, run_id=scheduled__2025-12-13T00:00:00+00:00, execution_date=20251213T000000, start_date=20251216T173142, end_date=20251216T173143
[2025-12-16T17:31:43.588+0000] {local_task_job_runner.py:243} INFO - Task exited with return code 0
[2025-12-16T17:31:43.647+0000] {taskinstance.py:3503} INFO - 1 downstream tasks scheduled from follow-on schedule check
[2025-12-16T17:31:43.668+0000] {local_task_job_runner.py:222} INFO - ::endgroup::
[2025-12-16T17:41:23.357+0000] {local_task_job_runner.py:120} INFO - ::group::Pre task execution logs
[2025-12-16T17:41:23.415+0000] {taskinstance.py:2076} INFO - Dependencies all met for dep_context=non-requeueable deps ti=<TaskInstance: users_elt_daily.extract_users scheduled__2025-12-13T00:00:00+00:00 [queued]>
[2025-12-16T17:41:23.433+0000] {taskinstance.py:2076} INFO - Dependencies all met for dep_context=requeueable deps ti=<TaskInstance: users_elt_daily.extract_users scheduled__2025-12-13T00:00:00+00:00 [queued]>
[2025-12-16T17:41:23.435+0000] {taskinstance.py:2306} INFO - Starting attempt 1 of 1
[2025-12-16T17:41:23.495+0000] {taskinstance.py:2330} INFO - Executing <Task(BashOperator): extract_users> on 2025-12-13 00:00:00+00:00
[2025-12-16T17:41:23.531+0000] {logging_mixin.py:188} WARNING - /home/***/.local/lib/python3.12/site-packages/***/task/task_runner/standard_task_runner.py:62 DeprecationWarning: This process (pid=875) is multi-threaded, use of fork() may lead to deadlocks in the child.
[2025-12-16T17:41:23.534+0000] {standard_task_runner.py:64} INFO - Started process 883 to run task
[2025-12-16T17:41:23.534+0000] {standard_task_runner.py:90} INFO - Running: ['***', 'tasks', 'run', 'users_elt_daily', 'extract_users', 'scheduled__2025-12-13T00:00:00+00:00', '--job-id', '302', '--raw', '--subdir', 'DAGS_FOLDER/users_elt_daily.py', '--cfg-path', '/tmp/tmph62yklqn']
[2025-12-16T17:41:23.544+0000] {standard_task_runner.py:91} INFO - Job 302: Subtask extract_users
[2025-12-16T17:41:23.798+0000] {task_command.py:426} INFO - Running <TaskInstance: users_elt_daily.extract_users scheduled__2025-12-13T00:00:00+00:00 [running]> on host be068e76f4a7
[2025-12-16T17:41:24.097+0000] {taskinstance.py:2648} INFO - Exporting env vars: AIRFLOW_CTX_DAG_OWNER='***' AIRFLOW_CTX_DAG_ID='users_elt_daily' AIRFLOW_CTX_TASK_ID='extract_users' AIRFLOW_CTX_EXECUTION_DATE='2025-12-13T00:00:00+00:00' AIRFLOW_CTX_TRY_NUMBER='1' AIRFLOW_CTX_DAG_RUN_ID='scheduled__2025-12-13T00:00:00+00:00'
[2025-12-16T17:41:24.100+0000] {taskinstance.py:430} INFO - ::endgroup::
[2025-12-16T17:41:24.136+0000] {subprocess.py:63} INFO - Tmp dir root location: /tmp
[2025-12-16T17:41:24.140+0000] {subprocess.py:75} INFO - Running command: ['/usr/bin/bash', '-c', 'python /opt/***/scripts/extract_users.py --ds 2025-12-13']
[2025-12-16T17:41:24.173+0000] {subprocess.py:86} INFO - Output:
[2025-12-16T17:41:24.839+0000] {subprocess.py:93} INFO - [extract_users] ds=2025-12-13 already exists -> skip (/opt/***/data/source/users/users_2025-12-13.json)
[2025-12-16T17:41:24.880+0000] {subprocess.py:97} INFO - Command exited with return code 0
[2025-12-16T17:41:24.882+0000] {taskinstance.py:441} INFO - ::group::Post task execution logs
[2025-12-16T17:41:24.959+0000] {taskinstance.py:1206} INFO - Marking task as SUCCESS. dag_id=users_elt_daily, task_id=extract_users, run_id=scheduled__2025-12-13T00:00:00+00:00, execution_date=20251213T000000, start_date=20251216T174123, end_date=20251216T174124
[2025-12-16T17:41:25.197+0000] {local_task_job_runner.py:243} INFO - Task exited with return code 0
[2025-12-16T17:41:25.258+0000] {taskinstance.py:3503} INFO - 1 downstream tasks scheduled from follow-on schedule check
[2025-12-16T17:41:25.264+0000] {local_task_job_runner.py:222} INFO - ::endgroup::
