[2025-12-16T17:13:12.133+0000] {local_task_job_runner.py:120} INFO - ::group::Pre task execution logs
[2025-12-16T17:13:12.246+0000] {taskinstance.py:2076} INFO - Dependencies all met for dep_context=non-requeueable deps ti=<TaskInstance: invoices_elt_daily.extract_invoices scheduled__2025-12-13T00:00:00+00:00 [queued]>
[2025-12-16T17:13:12.268+0000] {taskinstance.py:2076} INFO - Dependencies all met for dep_context=requeueable deps ti=<TaskInstance: invoices_elt_daily.extract_invoices scheduled__2025-12-13T00:00:00+00:00 [queued]>
[2025-12-16T17:13:12.271+0000] {taskinstance.py:2306} INFO - Starting attempt 1 of 1
[2025-12-16T17:13:12.320+0000] {taskinstance.py:2330} INFO - Executing <Task(BashOperator): extract_invoices> on 2025-12-13 00:00:00+00:00
[2025-12-16T17:13:12.351+0000] {logging_mixin.py:188} WARNING - /home/***/.local/lib/python3.12/site-packages/***/task/task_runner/standard_task_runner.py:62 DeprecationWarning: This process (pid=296) is multi-threaded, use of fork() may lead to deadlocks in the child.
[2025-12-16T17:13:12.348+0000] {standard_task_runner.py:90} INFO - Running: ['***', 'tasks', 'run', 'invoices_elt_daily', 'extract_invoices', 'scheduled__2025-12-13T00:00:00+00:00', '--job-id', '80', '--raw', '--subdir', 'DAGS_FOLDER/invoices_elt_daily.py', '--cfg-path', '/tmp/tmpjgegjeu2']
[2025-12-16T17:13:12.353+0000] {standard_task_runner.py:64} INFO - Started process 315 to run task
[2025-12-16T17:13:12.354+0000] {standard_task_runner.py:91} INFO - Job 80: Subtask extract_invoices
[2025-12-16T17:13:12.635+0000] {task_command.py:426} INFO - Running <TaskInstance: invoices_elt_daily.extract_invoices scheduled__2025-12-13T00:00:00+00:00 [running]> on host be068e76f4a7
[2025-12-16T17:13:13.051+0000] {taskinstance.py:2648} INFO - Exporting env vars: AIRFLOW_CTX_DAG_OWNER='***' AIRFLOW_CTX_DAG_ID='invoices_elt_daily' AIRFLOW_CTX_TASK_ID='extract_invoices' AIRFLOW_CTX_EXECUTION_DATE='2025-12-13T00:00:00+00:00' AIRFLOW_CTX_TRY_NUMBER='1' AIRFLOW_CTX_DAG_RUN_ID='scheduled__2025-12-13T00:00:00+00:00'
[2025-12-16T17:13:13.053+0000] {taskinstance.py:430} INFO - ::endgroup::
[2025-12-16T17:13:13.142+0000] {subprocess.py:63} INFO - Tmp dir root location: /tmp
[2025-12-16T17:13:13.150+0000] {subprocess.py:75} INFO - Running command: ['/usr/bin/bash', '-c', 'python /opt/***/scripts/extract_invoices.py --ds 2025-12-13']
[2025-12-16T17:13:13.228+0000] {subprocess.py:86} INFO - Output:
[2025-12-16T17:13:13.983+0000] {subprocess.py:93} INFO - [extract_invoices] ds=2025-12-13 not billing day -> wrote empty file
[2025-12-16T17:13:14.030+0000] {subprocess.py:97} INFO - Command exited with return code 0
[2025-12-16T17:13:14.032+0000] {taskinstance.py:441} INFO - ::group::Post task execution logs
[2025-12-16T17:13:14.106+0000] {taskinstance.py:1206} INFO - Marking task as SUCCESS. dag_id=invoices_elt_daily, task_id=extract_invoices, run_id=scheduled__2025-12-13T00:00:00+00:00, execution_date=20251213T000000, start_date=20251216T171312, end_date=20251216T171314
[2025-12-16T17:13:14.181+0000] {local_task_job_runner.py:243} INFO - Task exited with return code 0
[2025-12-16T17:13:14.232+0000] {taskinstance.py:3503} INFO - 1 downstream tasks scheduled from follow-on schedule check
[2025-12-16T17:13:14.236+0000] {local_task_job_runner.py:222} INFO - ::endgroup::
[2025-12-16T17:41:36.083+0000] {local_task_job_runner.py:120} INFO - ::group::Pre task execution logs
[2025-12-16T17:41:36.173+0000] {taskinstance.py:2076} INFO - Dependencies all met for dep_context=non-requeueable deps ti=<TaskInstance: invoices_elt_daily.extract_invoices scheduled__2025-12-13T00:00:00+00:00 [queued]>
[2025-12-16T17:41:36.190+0000] {taskinstance.py:2076} INFO - Dependencies all met for dep_context=requeueable deps ti=<TaskInstance: invoices_elt_daily.extract_invoices scheduled__2025-12-13T00:00:00+00:00 [queued]>
[2025-12-16T17:41:36.192+0000] {taskinstance.py:2306} INFO - Starting attempt 1 of 1
[2025-12-16T17:41:36.322+0000] {taskinstance.py:2330} INFO - Executing <Task(BashOperator): extract_invoices> on 2025-12-13 00:00:00+00:00
[2025-12-16T17:41:36.345+0000] {logging_mixin.py:188} WARNING - /home/***/.local/lib/python3.12/site-packages/***/task/task_runner/standard_task_runner.py:62 DeprecationWarning: This process (pid=1019) is multi-threaded, use of fork() may lead to deadlocks in the child.
[2025-12-16T17:41:36.350+0000] {standard_task_runner.py:64} INFO - Started process 1030 to run task
[2025-12-16T17:41:36.345+0000] {standard_task_runner.py:90} INFO - Running: ['***', 'tasks', 'run', 'invoices_elt_daily', 'extract_invoices', 'scheduled__2025-12-13T00:00:00+00:00', '--job-id', '352', '--raw', '--subdir', 'DAGS_FOLDER/invoices_elt_daily.py', '--cfg-path', '/tmp/tmp_hfuoy64']
[2025-12-16T17:41:36.356+0000] {standard_task_runner.py:91} INFO - Job 352: Subtask extract_invoices
[2025-12-16T17:41:36.528+0000] {task_command.py:426} INFO - Running <TaskInstance: invoices_elt_daily.extract_invoices scheduled__2025-12-13T00:00:00+00:00 [running]> on host be068e76f4a7
[2025-12-16T17:41:36.783+0000] {taskinstance.py:2648} INFO - Exporting env vars: AIRFLOW_CTX_DAG_OWNER='***' AIRFLOW_CTX_DAG_ID='invoices_elt_daily' AIRFLOW_CTX_TASK_ID='extract_invoices' AIRFLOW_CTX_EXECUTION_DATE='2025-12-13T00:00:00+00:00' AIRFLOW_CTX_TRY_NUMBER='1' AIRFLOW_CTX_DAG_RUN_ID='scheduled__2025-12-13T00:00:00+00:00'
[2025-12-16T17:41:36.786+0000] {taskinstance.py:430} INFO - ::endgroup::
[2025-12-16T17:41:36.838+0000] {subprocess.py:63} INFO - Tmp dir root location: /tmp
[2025-12-16T17:41:36.843+0000] {subprocess.py:75} INFO - Running command: ['/usr/bin/bash', '-c', 'python /opt/***/scripts/extract_invoices.py --ds 2025-12-13']
[2025-12-16T17:41:36.880+0000] {subprocess.py:86} INFO - Output:
[2025-12-16T17:41:37.423+0000] {subprocess.py:93} INFO - [extract_invoices] ds=2025-12-13 already exists -> skip
[2025-12-16T17:41:37.464+0000] {subprocess.py:97} INFO - Command exited with return code 0
[2025-12-16T17:41:37.466+0000] {taskinstance.py:441} INFO - ::group::Post task execution logs
[2025-12-16T17:41:37.524+0000] {taskinstance.py:1206} INFO - Marking task as SUCCESS. dag_id=invoices_elt_daily, task_id=extract_invoices, run_id=scheduled__2025-12-13T00:00:00+00:00, execution_date=20251213T000000, start_date=20251216T174136, end_date=20251216T174137
[2025-12-16T17:41:37.591+0000] {local_task_job_runner.py:243} INFO - Task exited with return code 0
[2025-12-16T17:41:37.631+0000] {taskinstance.py:3503} INFO - 1 downstream tasks scheduled from follow-on schedule check
[2025-12-16T17:41:37.635+0000] {local_task_job_runner.py:222} INFO - ::endgroup::
