[2025-12-16T17:13:12.102+0000] {local_task_job_runner.py:120} INFO - ::group::Pre task execution logs
[2025-12-16T17:13:12.212+0000] {taskinstance.py:2076} INFO - Dependencies all met for dep_context=non-requeueable deps ti=<TaskInstance: invoices_elt_daily.load_invoices scheduled__2025-12-06T00:00:00+00:00 [queued]>
[2025-12-16T17:13:12.233+0000] {taskinstance.py:2076} INFO - Dependencies all met for dep_context=requeueable deps ti=<TaskInstance: invoices_elt_daily.load_invoices scheduled__2025-12-06T00:00:00+00:00 [queued]>
[2025-12-16T17:13:12.235+0000] {taskinstance.py:2306} INFO - Starting attempt 1 of 1
[2025-12-16T17:13:12.313+0000] {taskinstance.py:2330} INFO - Executing <Task(BashOperator): load_invoices> on 2025-12-06 00:00:00+00:00
[2025-12-16T17:13:12.336+0000] {standard_task_runner.py:90} INFO - Running: ['***', 'tasks', 'run', 'invoices_elt_daily', 'load_invoices', 'scheduled__2025-12-06T00:00:00+00:00', '--job-id', '79', '--raw', '--subdir', 'DAGS_FOLDER/invoices_elt_daily.py', '--cfg-path', '/tmp/tmp7n0bac_y']
[2025-12-16T17:13:12.341+0000] {logging_mixin.py:188} WARNING - /home/***/.local/lib/python3.12/site-packages/***/task/task_runner/standard_task_runner.py:62 DeprecationWarning: This process (pid=297) is multi-threaded, use of fork() may lead to deadlocks in the child.
[2025-12-16T17:13:12.344+0000] {standard_task_runner.py:64} INFO - Started process 314 to run task
[2025-12-16T17:13:12.344+0000] {standard_task_runner.py:91} INFO - Job 79: Subtask load_invoices
[2025-12-16T17:13:12.585+0000] {task_command.py:426} INFO - Running <TaskInstance: invoices_elt_daily.load_invoices scheduled__2025-12-06T00:00:00+00:00 [running]> on host be068e76f4a7
[2025-12-16T17:13:12.965+0000] {taskinstance.py:2648} INFO - Exporting env vars: AIRFLOW_CTX_DAG_OWNER='***' AIRFLOW_CTX_DAG_ID='invoices_elt_daily' AIRFLOW_CTX_TASK_ID='load_invoices' AIRFLOW_CTX_EXECUTION_DATE='2025-12-06T00:00:00+00:00' AIRFLOW_CTX_TRY_NUMBER='1' AIRFLOW_CTX_DAG_RUN_ID='scheduled__2025-12-06T00:00:00+00:00'
[2025-12-16T17:13:12.977+0000] {taskinstance.py:430} INFO - ::endgroup::
[2025-12-16T17:13:13.062+0000] {subprocess.py:63} INFO - Tmp dir root location: /tmp
[2025-12-16T17:13:13.077+0000] {subprocess.py:75} INFO - Running command: ['/usr/bin/bash', '-c', 'python /opt/***/scripts/load_invoices.py --ds 2025-12-06']
[2025-12-16T17:13:13.163+0000] {subprocess.py:86} INFO - Output:
[2025-12-16T17:13:13.964+0000] {subprocess.py:93} INFO - [load_invoices] ds=2025-12-06 inserted=0
[2025-12-16T17:13:14.013+0000] {subprocess.py:97} INFO - Command exited with return code 0
[2025-12-16T17:13:14.016+0000] {taskinstance.py:441} INFO - ::group::Post task execution logs
[2025-12-16T17:13:14.088+0000] {taskinstance.py:1206} INFO - Marking task as SUCCESS. dag_id=invoices_elt_daily, task_id=load_invoices, run_id=scheduled__2025-12-06T00:00:00+00:00, execution_date=20251206T000000, start_date=20251216T171312, end_date=20251216T171314
[2025-12-16T17:13:14.157+0000] {local_task_job_runner.py:243} INFO - Task exited with return code 0
[2025-12-16T17:13:14.199+0000] {taskinstance.py:3503} INFO - 0 downstream tasks scheduled from follow-on schedule check
[2025-12-16T17:13:14.203+0000] {local_task_job_runner.py:222} INFO - ::endgroup::
[2025-12-16T17:41:36.416+0000] {local_task_job_runner.py:120} INFO - ::group::Pre task execution logs
[2025-12-16T17:41:36.511+0000] {taskinstance.py:2076} INFO - Dependencies all met for dep_context=non-requeueable deps ti=<TaskInstance: invoices_elt_daily.load_invoices scheduled__2025-12-06T00:00:00+00:00 [queued]>
[2025-12-16T17:41:36.540+0000] {taskinstance.py:2076} INFO - Dependencies all met for dep_context=requeueable deps ti=<TaskInstance: invoices_elt_daily.load_invoices scheduled__2025-12-06T00:00:00+00:00 [queued]>
[2025-12-16T17:41:36.541+0000] {taskinstance.py:2306} INFO - Starting attempt 1 of 1
[2025-12-16T17:41:36.680+0000] {taskinstance.py:2330} INFO - Executing <Task(BashOperator): load_invoices> on 2025-12-06 00:00:00+00:00
[2025-12-16T17:41:36.702+0000] {logging_mixin.py:188} WARNING - /home/***/.local/lib/python3.12/site-packages/***/task/task_runner/standard_task_runner.py:62 DeprecationWarning: This process (pid=1025) is multi-threaded, use of fork() may lead to deadlocks in the child.
[2025-12-16T17:41:36.703+0000] {standard_task_runner.py:90} INFO - Running: ['***', 'tasks', 'run', 'invoices_elt_daily', 'load_invoices', 'scheduled__2025-12-06T00:00:00+00:00', '--job-id', '354', '--raw', '--subdir', 'DAGS_FOLDER/invoices_elt_daily.py', '--cfg-path', '/tmp/tmpb45bhchn']
[2025-12-16T17:41:36.706+0000] {standard_task_runner.py:64} INFO - Started process 1037 to run task
[2025-12-16T17:41:36.707+0000] {standard_task_runner.py:91} INFO - Job 354: Subtask load_invoices
[2025-12-16T17:41:36.897+0000] {task_command.py:426} INFO - Running <TaskInstance: invoices_elt_daily.load_invoices scheduled__2025-12-06T00:00:00+00:00 [running]> on host be068e76f4a7
[2025-12-16T17:41:37.152+0000] {taskinstance.py:2648} INFO - Exporting env vars: AIRFLOW_CTX_DAG_OWNER='***' AIRFLOW_CTX_DAG_ID='invoices_elt_daily' AIRFLOW_CTX_TASK_ID='load_invoices' AIRFLOW_CTX_EXECUTION_DATE='2025-12-06T00:00:00+00:00' AIRFLOW_CTX_TRY_NUMBER='1' AIRFLOW_CTX_DAG_RUN_ID='scheduled__2025-12-06T00:00:00+00:00'
[2025-12-16T17:41:37.158+0000] {taskinstance.py:430} INFO - ::endgroup::
[2025-12-16T17:41:37.195+0000] {subprocess.py:63} INFO - Tmp dir root location: /tmp
[2025-12-16T17:41:37.199+0000] {subprocess.py:75} INFO - Running command: ['/usr/bin/bash', '-c', 'python /opt/***/scripts/load_invoices.py --ds 2025-12-06']
[2025-12-16T17:41:37.227+0000] {subprocess.py:86} INFO - Output:
[2025-12-16T17:41:37.726+0000] {subprocess.py:93} INFO - [load_invoices] ds=2025-12-06 inserted=0
[2025-12-16T17:41:37.754+0000] {subprocess.py:97} INFO - Command exited with return code 0
[2025-12-16T17:41:37.755+0000] {taskinstance.py:441} INFO - ::group::Post task execution logs
[2025-12-16T17:41:37.801+0000] {taskinstance.py:1206} INFO - Marking task as SUCCESS. dag_id=invoices_elt_daily, task_id=load_invoices, run_id=scheduled__2025-12-06T00:00:00+00:00, execution_date=20251206T000000, start_date=20251216T174136, end_date=20251216T174137
[2025-12-16T17:41:37.857+0000] {local_task_job_runner.py:243} INFO - Task exited with return code 0
[2025-12-16T17:41:37.882+0000] {taskinstance.py:3503} INFO - 0 downstream tasks scheduled from follow-on schedule check
[2025-12-16T17:41:37.886+0000] {local_task_job_runner.py:222} INFO - ::endgroup::
