[2025-12-16T17:31:27.286+0000] {local_task_job_runner.py:120} INFO - ::group::Pre task execution logs
[2025-12-16T17:31:27.360+0000] {taskinstance.py:2076} INFO - Dependencies all met for dep_context=non-requeueable deps ti=<TaskInstance: users_elt_daily.load_users scheduled__2025-11-07T00:00:00+00:00 [queued]>
[2025-12-16T17:31:27.378+0000] {taskinstance.py:2076} INFO - Dependencies all met for dep_context=requeueable deps ti=<TaskInstance: users_elt_daily.load_users scheduled__2025-11-07T00:00:00+00:00 [queued]>
[2025-12-16T17:31:27.380+0000] {taskinstance.py:2306} INFO - Starting attempt 1 of 1
[2025-12-16T17:31:27.457+0000] {taskinstance.py:2330} INFO - Executing <Task(BashOperator): load_users> on 2025-11-07 00:00:00+00:00
[2025-12-16T17:31:27.483+0000] {logging_mixin.py:188} WARNING - /home/***/.local/lib/python3.12/site-packages/***/task/task_runner/standard_task_runner.py:62 DeprecationWarning: This process (pid=1109) is multi-threaded, use of fork() may lead to deadlocks in the child.
[2025-12-16T17:31:27.486+0000] {standard_task_runner.py:64} INFO - Started process 1123 to run task
[2025-12-16T17:31:27.484+0000] {standard_task_runner.py:90} INFO - Running: ['***', 'tasks', 'run', 'users_elt_daily', 'load_users', 'scheduled__2025-11-07T00:00:00+00:00', '--job-id', '114', '--raw', '--subdir', 'DAGS_FOLDER/users_elt_daily.py', '--cfg-path', '/tmp/tmp59c3j7i9']
[2025-12-16T17:31:27.488+0000] {standard_task_runner.py:91} INFO - Job 114: Subtask load_users
[2025-12-16T17:31:27.642+0000] {task_command.py:426} INFO - Running <TaskInstance: users_elt_daily.load_users scheduled__2025-11-07T00:00:00+00:00 [running]> on host be068e76f4a7
[2025-12-16T17:31:27.879+0000] {taskinstance.py:2648} INFO - Exporting env vars: AIRFLOW_CTX_DAG_OWNER='***' AIRFLOW_CTX_DAG_ID='users_elt_daily' AIRFLOW_CTX_TASK_ID='load_users' AIRFLOW_CTX_EXECUTION_DATE='2025-11-07T00:00:00+00:00' AIRFLOW_CTX_TRY_NUMBER='1' AIRFLOW_CTX_DAG_RUN_ID='scheduled__2025-11-07T00:00:00+00:00'
[2025-12-16T17:31:27.882+0000] {taskinstance.py:430} INFO - ::endgroup::
[2025-12-16T17:31:27.917+0000] {subprocess.py:63} INFO - Tmp dir root location: /tmp
[2025-12-16T17:31:27.921+0000] {subprocess.py:75} INFO - Running command: ['/usr/bin/bash', '-c', 'python /opt/***/scripts/load_users.py --ds 2025-11-07']
[2025-12-16T17:31:27.957+0000] {subprocess.py:86} INFO - Output:
[2025-12-16T17:31:28.465+0000] {subprocess.py:93} INFO - [load_users] ds=2025-11-07 inserted=13 rows
[2025-12-16T17:31:28.497+0000] {subprocess.py:97} INFO - Command exited with return code 0
[2025-12-16T17:31:28.498+0000] {taskinstance.py:441} INFO - ::group::Post task execution logs
[2025-12-16T17:31:28.542+0000] {taskinstance.py:1206} INFO - Marking task as SUCCESS. dag_id=users_elt_daily, task_id=load_users, run_id=scheduled__2025-11-07T00:00:00+00:00, execution_date=20251107T000000, start_date=20251216T173127, end_date=20251216T173128
[2025-12-16T17:31:28.594+0000] {local_task_job_runner.py:243} INFO - Task exited with return code 0
[2025-12-16T17:31:28.626+0000] {taskinstance.py:3503} INFO - 0 downstream tasks scheduled from follow-on schedule check
[2025-12-16T17:31:28.630+0000] {local_task_job_runner.py:222} INFO - ::endgroup::
[2025-12-16T17:40:57.865+0000] {local_task_job_runner.py:120} INFO - ::group::Pre task execution logs
[2025-12-16T17:40:57.981+0000] {taskinstance.py:2076} INFO - Dependencies all met for dep_context=non-requeueable deps ti=<TaskInstance: users_elt_daily.load_users scheduled__2025-11-07T00:00:00+00:00 [queued]>
[2025-12-16T17:40:58.006+0000] {taskinstance.py:2076} INFO - Dependencies all met for dep_context=requeueable deps ti=<TaskInstance: users_elt_daily.load_users scheduled__2025-11-07T00:00:00+00:00 [queued]>
[2025-12-16T17:40:58.007+0000] {taskinstance.py:2306} INFO - Starting attempt 1 of 1
[2025-12-16T17:40:58.046+0000] {taskinstance.py:2330} INFO - Executing <Task(BashOperator): load_users> on 2025-11-07 00:00:00+00:00
[2025-12-16T17:40:58.072+0000] {standard_task_runner.py:90} INFO - Running: ['***', 'tasks', 'run', 'users_elt_daily', 'load_users', 'scheduled__2025-11-07T00:00:00+00:00', '--job-id', '206', '--raw', '--subdir', 'DAGS_FOLDER/users_elt_daily.py', '--cfg-path', '/tmp/tmp3r1uizri']
[2025-12-16T17:40:58.077+0000] {logging_mixin.py:188} WARNING - /home/***/.local/lib/python3.12/site-packages/***/task/task_runner/standard_task_runner.py:62 DeprecationWarning: This process (pid=559) is multi-threaded, use of fork() may lead to deadlocks in the child.
[2025-12-16T17:40:58.079+0000] {standard_task_runner.py:91} INFO - Job 206: Subtask load_users
[2025-12-16T17:40:58.080+0000] {standard_task_runner.py:64} INFO - Started process 569 to run task
[2025-12-16T17:40:58.226+0000] {task_command.py:426} INFO - Running <TaskInstance: users_elt_daily.load_users scheduled__2025-11-07T00:00:00+00:00 [running]> on host be068e76f4a7
[2025-12-16T17:40:58.394+0000] {taskinstance.py:2648} INFO - Exporting env vars: AIRFLOW_CTX_DAG_OWNER='***' AIRFLOW_CTX_DAG_ID='users_elt_daily' AIRFLOW_CTX_TASK_ID='load_users' AIRFLOW_CTX_EXECUTION_DATE='2025-11-07T00:00:00+00:00' AIRFLOW_CTX_TRY_NUMBER='1' AIRFLOW_CTX_DAG_RUN_ID='scheduled__2025-11-07T00:00:00+00:00'
[2025-12-16T17:40:58.395+0000] {taskinstance.py:430} INFO - ::endgroup::
[2025-12-16T17:40:58.423+0000] {subprocess.py:63} INFO - Tmp dir root location: /tmp
[2025-12-16T17:40:58.425+0000] {subprocess.py:75} INFO - Running command: ['/usr/bin/bash', '-c', 'python /opt/***/scripts/load_users.py --ds 2025-11-07']
[2025-12-16T17:40:58.448+0000] {subprocess.py:86} INFO - Output:
[2025-12-16T17:40:58.927+0000] {subprocess.py:93} INFO - [load_users] ds=2025-11-07 inserted=13 rows
[2025-12-16T17:40:58.959+0000] {subprocess.py:97} INFO - Command exited with return code 0
[2025-12-16T17:40:58.961+0000] {taskinstance.py:441} INFO - ::group::Post task execution logs
[2025-12-16T17:40:59.010+0000] {taskinstance.py:1206} INFO - Marking task as SUCCESS. dag_id=users_elt_daily, task_id=load_users, run_id=scheduled__2025-11-07T00:00:00+00:00, execution_date=20251107T000000, start_date=20251216T174057, end_date=20251216T174059
[2025-12-16T17:40:59.146+0000] {local_task_job_runner.py:243} INFO - Task exited with return code 0
[2025-12-16T17:40:59.176+0000] {taskinstance.py:3503} INFO - 0 downstream tasks scheduled from follow-on schedule check
[2025-12-16T17:40:59.180+0000] {local_task_job_runner.py:222} INFO - ::endgroup::
