[2025-12-16T17:41:30.703+0000] {local_task_job_runner.py:120} INFO - ::group::Pre task execution logs
[2025-12-16T17:41:30.746+0000] {taskinstance.py:2076} INFO - Dependencies all met for dep_context=non-requeueable deps ti=<TaskInstance: invoices_elt_daily.load_invoices scheduled__2025-11-29T00:00:00+00:00 [queued]>
[2025-12-16T17:41:30.756+0000] {taskinstance.py:2076} INFO - Dependencies all met for dep_context=requeueable deps ti=<TaskInstance: invoices_elt_daily.load_invoices scheduled__2025-11-29T00:00:00+00:00 [queued]>
[2025-12-16T17:41:30.757+0000] {taskinstance.py:2306} INFO - Starting attempt 1 of 1
[2025-12-16T17:41:30.773+0000] {taskinstance.py:2330} INFO - Executing <Task(BashOperator): load_invoices> on 2025-11-29 00:00:00+00:00
[2025-12-16T17:41:30.784+0000] {logging_mixin.py:188} WARNING - /home/***/.local/lib/python3.12/site-packages/***/task/task_runner/standard_task_runner.py:62 DeprecationWarning: This process (pid=974) is multi-threaded, use of fork() may lead to deadlocks in the child.
[2025-12-16T17:41:30.786+0000] {standard_task_runner.py:64} INFO - Started process 976 to run task
[2025-12-16T17:41:30.784+0000] {standard_task_runner.py:90} INFO - Running: ['***', 'tasks', 'run', 'invoices_elt_daily', 'load_invoices', 'scheduled__2025-11-29T00:00:00+00:00', '--job-id', '333', '--raw', '--subdir', 'DAGS_FOLDER/invoices_elt_daily.py', '--cfg-path', '/tmp/tmpt6qy28jx']
[2025-12-16T17:41:30.787+0000] {standard_task_runner.py:91} INFO - Job 333: Subtask load_invoices
[2025-12-16T17:41:30.868+0000] {task_command.py:426} INFO - Running <TaskInstance: invoices_elt_daily.load_invoices scheduled__2025-11-29T00:00:00+00:00 [running]> on host be068e76f4a7
[2025-12-16T17:41:30.978+0000] {taskinstance.py:2648} INFO - Exporting env vars: AIRFLOW_CTX_DAG_OWNER='***' AIRFLOW_CTX_DAG_ID='invoices_elt_daily' AIRFLOW_CTX_TASK_ID='load_invoices' AIRFLOW_CTX_EXECUTION_DATE='2025-11-29T00:00:00+00:00' AIRFLOW_CTX_TRY_NUMBER='1' AIRFLOW_CTX_DAG_RUN_ID='scheduled__2025-11-29T00:00:00+00:00'
[2025-12-16T17:41:30.981+0000] {taskinstance.py:430} INFO - ::endgroup::
[2025-12-16T17:41:30.996+0000] {subprocess.py:63} INFO - Tmp dir root location: /tmp
[2025-12-16T17:41:30.998+0000] {subprocess.py:75} INFO - Running command: ['/usr/bin/bash', '-c', 'python /opt/***/scripts/load_invoices.py --ds 2025-11-29']
[2025-12-16T17:41:31.014+0000] {subprocess.py:86} INFO - Output:
[2025-12-16T17:41:31.269+0000] {subprocess.py:93} INFO - [load_invoices] ds=2025-11-29 inserted=0
[2025-12-16T17:41:31.282+0000] {subprocess.py:97} INFO - Command exited with return code 0
[2025-12-16T17:41:31.284+0000] {taskinstance.py:441} INFO - ::group::Post task execution logs
[2025-12-16T17:41:31.321+0000] {taskinstance.py:1206} INFO - Marking task as SUCCESS. dag_id=invoices_elt_daily, task_id=load_invoices, run_id=scheduled__2025-11-29T00:00:00+00:00, execution_date=20251129T000000, start_date=20251216T174130, end_date=20251216T174131
[2025-12-16T17:41:31.363+0000] {local_task_job_runner.py:243} INFO - Task exited with return code 0
[2025-12-16T17:41:31.384+0000] {taskinstance.py:3503} INFO - 0 downstream tasks scheduled from follow-on schedule check
[2025-12-16T17:41:31.387+0000] {local_task_job_runner.py:222} INFO - ::endgroup::
