[2025-12-16T17:31:27.593+0000] {local_task_job_runner.py:120} INFO - ::group::Pre task execution logs
[2025-12-16T17:31:27.677+0000] {taskinstance.py:2076} INFO - Dependencies all met for dep_context=non-requeueable deps ti=<TaskInstance: users_elt_daily.load_users scheduled__2025-11-09T00:00:00+00:00 [queued]>
[2025-12-16T17:31:27.703+0000] {taskinstance.py:2076} INFO - Dependencies all met for dep_context=requeueable deps ti=<TaskInstance: users_elt_daily.load_users scheduled__2025-11-09T00:00:00+00:00 [queued]>
[2025-12-16T17:31:27.705+0000] {taskinstance.py:2306} INFO - Starting attempt 1 of 1
[2025-12-16T17:31:27.736+0000] {taskinstance.py:2330} INFO - Executing <Task(BashOperator): load_users> on 2025-11-09 00:00:00+00:00
[2025-12-16T17:31:27.761+0000] {logging_mixin.py:188} WARNING - /home/***/.local/lib/python3.12/site-packages/***/task/task_runner/standard_task_runner.py:62 DeprecationWarning: This process (pid=1117) is multi-threaded, use of fork() may lead to deadlocks in the child.
[2025-12-16T17:31:27.765+0000] {standard_task_runner.py:64} INFO - Started process 1128 to run task
[2025-12-16T17:31:27.763+0000] {standard_task_runner.py:90} INFO - Running: ['***', 'tasks', 'run', 'users_elt_daily', 'load_users', 'scheduled__2025-11-09T00:00:00+00:00', '--job-id', '117', '--raw', '--subdir', 'DAGS_FOLDER/users_elt_daily.py', '--cfg-path', '/tmp/tmpvlejqtxn']
[2025-12-16T17:31:27.767+0000] {standard_task_runner.py:91} INFO - Job 117: Subtask load_users
[2025-12-16T17:31:27.929+0000] {task_command.py:426} INFO - Running <TaskInstance: users_elt_daily.load_users scheduled__2025-11-09T00:00:00+00:00 [running]> on host be068e76f4a7
[2025-12-16T17:31:28.129+0000] {taskinstance.py:2648} INFO - Exporting env vars: AIRFLOW_CTX_DAG_OWNER='***' AIRFLOW_CTX_DAG_ID='users_elt_daily' AIRFLOW_CTX_TASK_ID='load_users' AIRFLOW_CTX_EXECUTION_DATE='2025-11-09T00:00:00+00:00' AIRFLOW_CTX_TRY_NUMBER='1' AIRFLOW_CTX_DAG_RUN_ID='scheduled__2025-11-09T00:00:00+00:00'
[2025-12-16T17:31:28.131+0000] {taskinstance.py:430} INFO - ::endgroup::
[2025-12-16T17:31:28.167+0000] {subprocess.py:63} INFO - Tmp dir root location: /tmp
[2025-12-16T17:31:28.174+0000] {subprocess.py:75} INFO - Running command: ['/usr/bin/bash', '-c', 'python /opt/***/scripts/load_users.py --ds 2025-11-09']
[2025-12-16T17:31:28.208+0000] {subprocess.py:86} INFO - Output:
[2025-12-16T17:31:28.670+0000] {subprocess.py:93} INFO - [load_users] ds=2025-11-09 inserted=14 rows
[2025-12-16T17:31:28.699+0000] {subprocess.py:97} INFO - Command exited with return code 0
[2025-12-16T17:31:28.701+0000] {taskinstance.py:441} INFO - ::group::Post task execution logs
[2025-12-16T17:31:28.741+0000] {taskinstance.py:1206} INFO - Marking task as SUCCESS. dag_id=users_elt_daily, task_id=load_users, run_id=scheduled__2025-11-09T00:00:00+00:00, execution_date=20251109T000000, start_date=20251216T173127, end_date=20251216T173128
[2025-12-16T17:31:28.792+0000] {local_task_job_runner.py:243} INFO - Task exited with return code 0
[2025-12-16T17:31:28.814+0000] {taskinstance.py:3503} INFO - 0 downstream tasks scheduled from follow-on schedule check
[2025-12-16T17:31:28.817+0000] {local_task_job_runner.py:222} INFO - ::endgroup::
[2025-12-16T17:40:59.228+0000] {local_task_job_runner.py:120} INFO - ::group::Pre task execution logs
[2025-12-16T17:40:59.290+0000] {taskinstance.py:2076} INFO - Dependencies all met for dep_context=non-requeueable deps ti=<TaskInstance: users_elt_daily.load_users scheduled__2025-11-09T00:00:00+00:00 [queued]>
[2025-12-16T17:40:59.306+0000] {taskinstance.py:2076} INFO - Dependencies all met for dep_context=requeueable deps ti=<TaskInstance: users_elt_daily.load_users scheduled__2025-11-09T00:00:00+00:00 [queued]>
[2025-12-16T17:40:59.307+0000] {taskinstance.py:2306} INFO - Starting attempt 1 of 1
[2025-12-16T17:40:59.331+0000] {taskinstance.py:2330} INFO - Executing <Task(BashOperator): load_users> on 2025-11-09 00:00:00+00:00
[2025-12-16T17:40:59.347+0000] {standard_task_runner.py:90} INFO - Running: ['***', 'tasks', 'run', 'users_elt_daily', 'load_users', 'scheduled__2025-11-09T00:00:00+00:00', '--job-id', '207', '--raw', '--subdir', 'DAGS_FOLDER/users_elt_daily.py', '--cfg-path', '/tmp/tmpcggyyhxh']
[2025-12-16T17:40:59.351+0000] {logging_mixin.py:188} WARNING - /home/***/.local/lib/python3.12/site-packages/***/task/task_runner/standard_task_runner.py:62 DeprecationWarning: This process (pid=577) is multi-threaded, use of fork() may lead to deadlocks in the child.
[2025-12-16T17:40:59.353+0000] {standard_task_runner.py:91} INFO - Job 207: Subtask load_users
[2025-12-16T17:40:59.353+0000] {standard_task_runner.py:64} INFO - Started process 582 to run task
[2025-12-16T17:40:59.466+0000] {task_command.py:426} INFO - Running <TaskInstance: users_elt_daily.load_users scheduled__2025-11-09T00:00:00+00:00 [running]> on host be068e76f4a7
[2025-12-16T17:40:59.609+0000] {taskinstance.py:2648} INFO - Exporting env vars: AIRFLOW_CTX_DAG_OWNER='***' AIRFLOW_CTX_DAG_ID='users_elt_daily' AIRFLOW_CTX_TASK_ID='load_users' AIRFLOW_CTX_EXECUTION_DATE='2025-11-09T00:00:00+00:00' AIRFLOW_CTX_TRY_NUMBER='1' AIRFLOW_CTX_DAG_RUN_ID='scheduled__2025-11-09T00:00:00+00:00'
[2025-12-16T17:40:59.611+0000] {taskinstance.py:430} INFO - ::endgroup::
[2025-12-16T17:40:59.636+0000] {subprocess.py:63} INFO - Tmp dir root location: /tmp
[2025-12-16T17:40:59.639+0000] {subprocess.py:75} INFO - Running command: ['/usr/bin/bash', '-c', 'python /opt/***/scripts/load_users.py --ds 2025-11-09']
[2025-12-16T17:40:59.659+0000] {subprocess.py:86} INFO - Output:
[2025-12-16T17:40:59.986+0000] {subprocess.py:93} INFO - [load_users] ds=2025-11-09 inserted=14 rows
[2025-12-16T17:41:00.014+0000] {subprocess.py:97} INFO - Command exited with return code 0
[2025-12-16T17:41:00.015+0000] {taskinstance.py:441} INFO - ::group::Post task execution logs
[2025-12-16T17:41:00.058+0000] {taskinstance.py:1206} INFO - Marking task as SUCCESS. dag_id=users_elt_daily, task_id=load_users, run_id=scheduled__2025-11-09T00:00:00+00:00, execution_date=20251109T000000, start_date=20251216T174059, end_date=20251216T174100
[2025-12-16T17:41:00.133+0000] {local_task_job_runner.py:243} INFO - Task exited with return code 0
[2025-12-16T17:41:00.156+0000] {taskinstance.py:3503} INFO - 0 downstream tasks scheduled from follow-on schedule check
[2025-12-16T17:41:00.159+0000] {local_task_job_runner.py:222} INFO - ::endgroup::
