[2025-12-16T17:13:09.873+0000] {local_task_job_runner.py:120} INFO - ::group::Pre task execution logs
[2025-12-16T17:13:09.956+0000] {taskinstance.py:2076} INFO - Dependencies all met for dep_context=non-requeueable deps ti=<TaskInstance: invoices_elt_daily.extract_invoices scheduled__2025-12-07T00:00:00+00:00 [queued]>
[2025-12-16T17:13:09.980+0000] {taskinstance.py:2076} INFO - Dependencies all met for dep_context=requeueable deps ti=<TaskInstance: invoices_elt_daily.extract_invoices scheduled__2025-12-07T00:00:00+00:00 [queued]>
[2025-12-16T17:13:09.982+0000] {taskinstance.py:2306} INFO - Starting attempt 1 of 1
[2025-12-16T17:13:10.159+0000] {taskinstance.py:2330} INFO - Executing <Task(BashOperator): extract_invoices> on 2025-12-07 00:00:00+00:00
[2025-12-16T17:13:10.182+0000] {standard_task_runner.py:90} INFO - Running: ['***', 'tasks', 'run', 'invoices_elt_daily', 'extract_invoices', 'scheduled__2025-12-07T00:00:00+00:00', '--job-id', '67', '--raw', '--subdir', 'DAGS_FOLDER/invoices_elt_daily.py', '--cfg-path', '/tmp/tmpi1s7l9to']
[2025-12-16T17:13:10.187+0000] {standard_task_runner.py:91} INFO - Job 67: Subtask extract_invoices
[2025-12-16T17:13:10.188+0000] {logging_mixin.py:188} WARNING - /home/***/.local/lib/python3.12/site-packages/***/task/task_runner/standard_task_runner.py:62 DeprecationWarning: This process (pid=247) is multi-threaded, use of fork() may lead to deadlocks in the child.
[2025-12-16T17:13:10.190+0000] {standard_task_runner.py:64} INFO - Started process 256 to run task
[2025-12-16T17:13:10.336+0000] {task_command.py:426} INFO - Running <TaskInstance: invoices_elt_daily.extract_invoices scheduled__2025-12-07T00:00:00+00:00 [running]> on host be068e76f4a7
[2025-12-16T17:13:10.574+0000] {taskinstance.py:2648} INFO - Exporting env vars: AIRFLOW_CTX_DAG_OWNER='***' AIRFLOW_CTX_DAG_ID='invoices_elt_daily' AIRFLOW_CTX_TASK_ID='extract_invoices' AIRFLOW_CTX_EXECUTION_DATE='2025-12-07T00:00:00+00:00' AIRFLOW_CTX_TRY_NUMBER='1' AIRFLOW_CTX_DAG_RUN_ID='scheduled__2025-12-07T00:00:00+00:00'
[2025-12-16T17:13:10.577+0000] {taskinstance.py:430} INFO - ::endgroup::
[2025-12-16T17:13:10.629+0000] {subprocess.py:63} INFO - Tmp dir root location: /tmp
[2025-12-16T17:13:10.633+0000] {subprocess.py:75} INFO - Running command: ['/usr/bin/bash', '-c', 'python /opt/***/scripts/extract_invoices.py --ds 2025-12-07']
[2025-12-16T17:13:10.668+0000] {subprocess.py:86} INFO - Output:
[2025-12-16T17:13:11.336+0000] {subprocess.py:93} INFO - [extract_invoices] ds=2025-12-07 not billing day -> wrote empty file
[2025-12-16T17:13:11.387+0000] {subprocess.py:97} INFO - Command exited with return code 0
[2025-12-16T17:13:11.392+0000] {taskinstance.py:441} INFO - ::group::Post task execution logs
[2025-12-16T17:13:11.465+0000] {taskinstance.py:1206} INFO - Marking task as SUCCESS. dag_id=invoices_elt_daily, task_id=extract_invoices, run_id=scheduled__2025-12-07T00:00:00+00:00, execution_date=20251207T000000, start_date=20251216T171309, end_date=20251216T171311
[2025-12-16T17:13:11.623+0000] {local_task_job_runner.py:243} INFO - Task exited with return code 0
[2025-12-16T17:13:11.674+0000] {taskinstance.py:3503} INFO - 1 downstream tasks scheduled from follow-on schedule check
[2025-12-16T17:13:11.678+0000] {local_task_job_runner.py:222} INFO - ::endgroup::
[2025-12-16T17:41:34.148+0000] {local_task_job_runner.py:120} INFO - ::group::Pre task execution logs
[2025-12-16T17:41:34.257+0000] {taskinstance.py:2076} INFO - Dependencies all met for dep_context=non-requeueable deps ti=<TaskInstance: invoices_elt_daily.extract_invoices scheduled__2025-12-07T00:00:00+00:00 [queued]>
[2025-12-16T17:41:34.283+0000] {taskinstance.py:2076} INFO - Dependencies all met for dep_context=requeueable deps ti=<TaskInstance: invoices_elt_daily.extract_invoices scheduled__2025-12-07T00:00:00+00:00 [queued]>
[2025-12-16T17:41:34.285+0000] {taskinstance.py:2306} INFO - Starting attempt 1 of 1
[2025-12-16T17:41:34.546+0000] {taskinstance.py:2330} INFO - Executing <Task(BashOperator): extract_invoices> on 2025-12-07 00:00:00+00:00
[2025-12-16T17:41:34.568+0000] {logging_mixin.py:188} WARNING - /home/***/.local/lib/python3.12/site-packages/***/task/task_runner/standard_task_runner.py:62 DeprecationWarning: This process (pid=992) is multi-threaded, use of fork() may lead to deadlocks in the child.
[2025-12-16T17:41:34.573+0000] {standard_task_runner.py:64} INFO - Started process 1000 to run task
[2025-12-16T17:41:34.568+0000] {standard_task_runner.py:90} INFO - Running: ['***', 'tasks', 'run', 'invoices_elt_daily', 'extract_invoices', 'scheduled__2025-12-07T00:00:00+00:00', '--job-id', '341', '--raw', '--subdir', 'DAGS_FOLDER/invoices_elt_daily.py', '--cfg-path', '/tmp/tmp0zw2b2_i']
[2025-12-16T17:41:34.576+0000] {standard_task_runner.py:91} INFO - Job 341: Subtask extract_invoices
[2025-12-16T17:41:34.721+0000] {task_command.py:426} INFO - Running <TaskInstance: invoices_elt_daily.extract_invoices scheduled__2025-12-07T00:00:00+00:00 [running]> on host be068e76f4a7
[2025-12-16T17:41:34.936+0000] {taskinstance.py:2648} INFO - Exporting env vars: AIRFLOW_CTX_DAG_OWNER='***' AIRFLOW_CTX_DAG_ID='invoices_elt_daily' AIRFLOW_CTX_TASK_ID='extract_invoices' AIRFLOW_CTX_EXECUTION_DATE='2025-12-07T00:00:00+00:00' AIRFLOW_CTX_TRY_NUMBER='1' AIRFLOW_CTX_DAG_RUN_ID='scheduled__2025-12-07T00:00:00+00:00'
[2025-12-16T17:41:34.938+0000] {taskinstance.py:430} INFO - ::endgroup::
[2025-12-16T17:41:35.006+0000] {subprocess.py:63} INFO - Tmp dir root location: /tmp
[2025-12-16T17:41:35.009+0000] {subprocess.py:75} INFO - Running command: ['/usr/bin/bash', '-c', 'python /opt/***/scripts/extract_invoices.py --ds 2025-12-07']
[2025-12-16T17:41:35.040+0000] {subprocess.py:86} INFO - Output:
[2025-12-16T17:41:35.623+0000] {subprocess.py:93} INFO - [extract_invoices] ds=2025-12-07 already exists -> skip
[2025-12-16T17:41:35.673+0000] {subprocess.py:97} INFO - Command exited with return code 0
[2025-12-16T17:41:35.677+0000] {taskinstance.py:441} INFO - ::group::Post task execution logs
[2025-12-16T17:41:35.774+0000] {taskinstance.py:1206} INFO - Marking task as SUCCESS. dag_id=invoices_elt_daily, task_id=extract_invoices, run_id=scheduled__2025-12-07T00:00:00+00:00, execution_date=20251207T000000, start_date=20251216T174134, end_date=20251216T174135
[2025-12-16T17:41:35.993+0000] {local_task_job_runner.py:243} INFO - Task exited with return code 0
[2025-12-16T17:41:36.044+0000] {taskinstance.py:3503} INFO - 1 downstream tasks scheduled from follow-on schedule check
[2025-12-16T17:41:36.051+0000] {local_task_job_runner.py:222} INFO - ::endgroup::
