[2025-12-16T17:31:33.234+0000] {local_task_job_runner.py:120} INFO - ::group::Pre task execution logs
[2025-12-16T17:31:33.426+0000] {taskinstance.py:2076} INFO - Dependencies all met for dep_context=non-requeueable deps ti=<TaskInstance: users_elt_daily.extract_users scheduled__2025-11-26T00:00:00+00:00 [queued]>
[2025-12-16T17:31:33.504+0000] {taskinstance.py:2076} INFO - Dependencies all met for dep_context=requeueable deps ti=<TaskInstance: users_elt_daily.extract_users scheduled__2025-11-26T00:00:00+00:00 [queued]>
[2025-12-16T17:31:33.515+0000] {taskinstance.py:2306} INFO - Starting attempt 1 of 1
[2025-12-16T17:31:33.847+0000] {taskinstance.py:2330} INFO - Executing <Task(BashOperator): extract_users> on 2025-11-26 00:00:00+00:00
[2025-12-16T17:31:33.875+0000] {logging_mixin.py:188} WARNING - /home/***/.local/lib/python3.12/site-packages/***/task/task_runner/standard_task_runner.py:62 DeprecationWarning: This process (pid=1174) is multi-threaded, use of fork() may lead to deadlocks in the child.
[2025-12-16T17:31:33.879+0000] {standard_task_runner.py:64} INFO - Started process 1185 to run task
[2025-12-16T17:31:33.871+0000] {standard_task_runner.py:90} INFO - Running: ['***', 'tasks', 'run', 'users_elt_daily', 'extract_users', 'scheduled__2025-11-26T00:00:00+00:00', '--job-id', '134', '--raw', '--subdir', 'DAGS_FOLDER/users_elt_daily.py', '--cfg-path', '/tmp/tmpnalt96lj']
[2025-12-16T17:31:33.887+0000] {standard_task_runner.py:91} INFO - Job 134: Subtask extract_users
[2025-12-16T17:31:34.088+0000] {task_command.py:426} INFO - Running <TaskInstance: users_elt_daily.extract_users scheduled__2025-11-26T00:00:00+00:00 [running]> on host be068e76f4a7
[2025-12-16T17:31:34.447+0000] {taskinstance.py:2648} INFO - Exporting env vars: AIRFLOW_CTX_DAG_OWNER='***' AIRFLOW_CTX_DAG_ID='users_elt_daily' AIRFLOW_CTX_TASK_ID='extract_users' AIRFLOW_CTX_EXECUTION_DATE='2025-11-26T00:00:00+00:00' AIRFLOW_CTX_TRY_NUMBER='1' AIRFLOW_CTX_DAG_RUN_ID='scheduled__2025-11-26T00:00:00+00:00'
[2025-12-16T17:31:34.450+0000] {taskinstance.py:430} INFO - ::endgroup::
[2025-12-16T17:31:34.508+0000] {subprocess.py:63} INFO - Tmp dir root location: /tmp
[2025-12-16T17:31:34.512+0000] {subprocess.py:75} INFO - Running command: ['/usr/bin/bash', '-c', 'python /opt/***/scripts/extract_users.py --ds 2025-11-26']
[2025-12-16T17:31:34.554+0000] {subprocess.py:86} INFO - Output:
[2025-12-16T17:31:35.115+0000] {subprocess.py:93} INFO - [extract_users] ds=2025-11-26 wrote=/opt/***/data/source/users/users_2025-11-26.json new_users=6 last_user_id=333
[2025-12-16T17:31:35.150+0000] {subprocess.py:97} INFO - Command exited with return code 0
[2025-12-16T17:31:35.153+0000] {taskinstance.py:441} INFO - ::group::Post task execution logs
[2025-12-16T17:31:35.221+0000] {taskinstance.py:1206} INFO - Marking task as SUCCESS. dag_id=users_elt_daily, task_id=extract_users, run_id=scheduled__2025-11-26T00:00:00+00:00, execution_date=20251126T000000, start_date=20251216T173133, end_date=20251216T173135
[2025-12-16T17:31:35.330+0000] {local_task_job_runner.py:243} INFO - Task exited with return code 0
[2025-12-16T17:31:35.401+0000] {taskinstance.py:3503} INFO - 1 downstream tasks scheduled from follow-on schedule check
[2025-12-16T17:31:35.408+0000] {local_task_job_runner.py:222} INFO - ::endgroup::
[2025-12-16T17:41:04.963+0000] {local_task_job_runner.py:120} INFO - ::group::Pre task execution logs
[2025-12-16T17:41:05.046+0000] {taskinstance.py:2076} INFO - Dependencies all met for dep_context=non-requeueable deps ti=<TaskInstance: users_elt_daily.extract_users scheduled__2025-11-26T00:00:00+00:00 [queued]>
[2025-12-16T17:41:05.066+0000] {taskinstance.py:2076} INFO - Dependencies all met for dep_context=requeueable deps ti=<TaskInstance: users_elt_daily.extract_users scheduled__2025-11-26T00:00:00+00:00 [queued]>
[2025-12-16T17:41:05.067+0000] {taskinstance.py:2306} INFO - Starting attempt 1 of 1
[2025-12-16T17:41:05.211+0000] {taskinstance.py:2330} INFO - Executing <Task(BashOperator): extract_users> on 2025-11-26 00:00:00+00:00
[2025-12-16T17:41:05.245+0000] {logging_mixin.py:188} WARNING - /home/***/.local/lib/python3.12/site-packages/***/task/task_runner/standard_task_runner.py:62 DeprecationWarning: This process (pid=631) is multi-threaded, use of fork() may lead to deadlocks in the child.
[2025-12-16T17:41:05.249+0000] {standard_task_runner.py:64} INFO - Started process 645 to run task
[2025-12-16T17:41:05.245+0000] {standard_task_runner.py:90} INFO - Running: ['***', 'tasks', 'run', 'users_elt_daily', 'extract_users', 'scheduled__2025-11-26T00:00:00+00:00', '--job-id', '230', '--raw', '--subdir', 'DAGS_FOLDER/users_elt_daily.py', '--cfg-path', '/tmp/tmps_fkt6uw']
[2025-12-16T17:41:05.251+0000] {standard_task_runner.py:91} INFO - Job 230: Subtask extract_users
[2025-12-16T17:41:05.441+0000] {task_command.py:426} INFO - Running <TaskInstance: users_elt_daily.extract_users scheduled__2025-11-26T00:00:00+00:00 [running]> on host be068e76f4a7
[2025-12-16T17:41:05.726+0000] {taskinstance.py:2648} INFO - Exporting env vars: AIRFLOW_CTX_DAG_OWNER='***' AIRFLOW_CTX_DAG_ID='users_elt_daily' AIRFLOW_CTX_TASK_ID='extract_users' AIRFLOW_CTX_EXECUTION_DATE='2025-11-26T00:00:00+00:00' AIRFLOW_CTX_TRY_NUMBER='1' AIRFLOW_CTX_DAG_RUN_ID='scheduled__2025-11-26T00:00:00+00:00'
[2025-12-16T17:41:05.728+0000] {taskinstance.py:430} INFO - ::endgroup::
[2025-12-16T17:41:05.772+0000] {subprocess.py:63} INFO - Tmp dir root location: /tmp
[2025-12-16T17:41:05.776+0000] {subprocess.py:75} INFO - Running command: ['/usr/bin/bash', '-c', 'python /opt/***/scripts/extract_users.py --ds 2025-11-26']
[2025-12-16T17:41:05.812+0000] {subprocess.py:86} INFO - Output:
[2025-12-16T17:41:06.316+0000] {subprocess.py:93} INFO - [extract_users] ds=2025-11-26 already exists -> skip (/opt/***/data/source/users/users_2025-11-26.json)
[2025-12-16T17:41:06.341+0000] {subprocess.py:97} INFO - Command exited with return code 0
[2025-12-16T17:41:06.343+0000] {taskinstance.py:441} INFO - ::group::Post task execution logs
[2025-12-16T17:41:06.404+0000] {taskinstance.py:1206} INFO - Marking task as SUCCESS. dag_id=users_elt_daily, task_id=extract_users, run_id=scheduled__2025-11-26T00:00:00+00:00, execution_date=20251126T000000, start_date=20251216T174105, end_date=20251216T174106
[2025-12-16T17:41:06.491+0000] {local_task_job_runner.py:243} INFO - Task exited with return code 0
[2025-12-16T17:41:06.523+0000] {local_task_job_runner.py:222} INFO - ::endgroup::
