[2025-12-16T17:31:40.067+0000] {local_task_job_runner.py:120} INFO - ::group::Pre task execution logs
[2025-12-16T17:31:40.122+0000] {taskinstance.py:2076} INFO - Dependencies all met for dep_context=non-requeueable deps ti=<TaskInstance: users_elt_daily.extract_users scheduled__2025-12-05T00:00:00+00:00 [queued]>
[2025-12-16T17:31:40.145+0000] {taskinstance.py:2076} INFO - Dependencies all met for dep_context=requeueable deps ti=<TaskInstance: users_elt_daily.extract_users scheduled__2025-12-05T00:00:00+00:00 [queued]>
[2025-12-16T17:31:40.147+0000] {taskinstance.py:2306} INFO - Starting attempt 1 of 1
[2025-12-16T17:31:40.266+0000] {taskinstance.py:2330} INFO - Executing <Task(BashOperator): extract_users> on 2025-12-05 00:00:00+00:00
[2025-12-16T17:31:40.283+0000] {logging_mixin.py:188} WARNING - /home/***/.local/lib/python3.12/site-packages/***/task/task_runner/standard_task_runner.py:62 DeprecationWarning: This process (pid=1247) is multi-threaded, use of fork() may lead to deadlocks in the child.
[2025-12-16T17:31:40.287+0000] {standard_task_runner.py:64} INFO - Started process 1255 to run task
[2025-12-16T17:31:40.283+0000] {standard_task_runner.py:90} INFO - Running: ['***', 'tasks', 'run', 'users_elt_daily', 'extract_users', 'scheduled__2025-12-05T00:00:00+00:00', '--job-id', '153', '--raw', '--subdir', 'DAGS_FOLDER/users_elt_daily.py', '--cfg-path', '/tmp/tmpt1kica2h']
[2025-12-16T17:31:40.288+0000] {standard_task_runner.py:91} INFO - Job 153: Subtask extract_users
[2025-12-16T17:31:40.402+0000] {task_command.py:426} INFO - Running <TaskInstance: users_elt_daily.extract_users scheduled__2025-12-05T00:00:00+00:00 [running]> on host be068e76f4a7
[2025-12-16T17:31:40.581+0000] {taskinstance.py:2648} INFO - Exporting env vars: AIRFLOW_CTX_DAG_OWNER='***' AIRFLOW_CTX_DAG_ID='users_elt_daily' AIRFLOW_CTX_TASK_ID='extract_users' AIRFLOW_CTX_EXECUTION_DATE='2025-12-05T00:00:00+00:00' AIRFLOW_CTX_TRY_NUMBER='1' AIRFLOW_CTX_DAG_RUN_ID='scheduled__2025-12-05T00:00:00+00:00'
[2025-12-16T17:31:40.584+0000] {taskinstance.py:430} INFO - ::endgroup::
[2025-12-16T17:31:40.612+0000] {subprocess.py:63} INFO - Tmp dir root location: /tmp
[2025-12-16T17:31:40.614+0000] {subprocess.py:75} INFO - Running command: ['/usr/bin/bash', '-c', 'python /opt/***/scripts/extract_users.py --ds 2025-12-05']
[2025-12-16T17:31:40.641+0000] {subprocess.py:86} INFO - Output:
[2025-12-16T17:31:41.165+0000] {subprocess.py:93} INFO - [extract_users] ds=2025-12-05 wrote=/opt/***/data/source/users/users_2025-12-05.json new_users=10 last_user_id=408
[2025-12-16T17:31:41.198+0000] {subprocess.py:97} INFO - Command exited with return code 0
[2025-12-16T17:31:41.200+0000] {taskinstance.py:441} INFO - ::group::Post task execution logs
[2025-12-16T17:31:41.254+0000] {taskinstance.py:1206} INFO - Marking task as SUCCESS. dag_id=users_elt_daily, task_id=extract_users, run_id=scheduled__2025-12-05T00:00:00+00:00, execution_date=20251205T000000, start_date=20251216T173140, end_date=20251216T173141
[2025-12-16T17:31:41.429+0000] {local_task_job_runner.py:243} INFO - Task exited with return code 0
[2025-12-16T17:31:41.484+0000] {taskinstance.py:3503} INFO - 1 downstream tasks scheduled from follow-on schedule check
[2025-12-16T17:31:41.494+0000] {local_task_job_runner.py:222} INFO - ::endgroup::
[2025-12-16T17:41:12.206+0000] {local_task_job_runner.py:120} INFO - ::group::Pre task execution logs
[2025-12-16T17:41:12.309+0000] {taskinstance.py:2076} INFO - Dependencies all met for dep_context=non-requeueable deps ti=<TaskInstance: users_elt_daily.extract_users scheduled__2025-12-05T00:00:00+00:00 [queued]>
[2025-12-16T17:41:12.331+0000] {taskinstance.py:2076} INFO - Dependencies all met for dep_context=requeueable deps ti=<TaskInstance: users_elt_daily.extract_users scheduled__2025-12-05T00:00:00+00:00 [queued]>
[2025-12-16T17:41:12.332+0000] {taskinstance.py:2306} INFO - Starting attempt 1 of 1
[2025-12-16T17:41:12.520+0000] {taskinstance.py:2330} INFO - Executing <Task(BashOperator): extract_users> on 2025-12-05 00:00:00+00:00
[2025-12-16T17:41:12.549+0000] {standard_task_runner.py:90} INFO - Running: ['***', 'tasks', 'run', 'users_elt_daily', 'extract_users', 'scheduled__2025-12-05T00:00:00+00:00', '--job-id', '256', '--raw', '--subdir', 'DAGS_FOLDER/users_elt_daily.py', '--cfg-path', '/tmp/tmp_dq81g5i']
[2025-12-16T17:41:12.563+0000] {standard_task_runner.py:91} INFO - Job 256: Subtask extract_users
[2025-12-16T17:41:12.558+0000] {logging_mixin.py:188} WARNING - /home/***/.local/lib/python3.12/site-packages/***/task/task_runner/standard_task_runner.py:62 DeprecationWarning: This process (pid=712) is multi-threaded, use of fork() may lead to deadlocks in the child.
[2025-12-16T17:41:12.575+0000] {standard_task_runner.py:64} INFO - Started process 727 to run task
[2025-12-16T17:41:12.919+0000] {task_command.py:426} INFO - Running <TaskInstance: users_elt_daily.extract_users scheduled__2025-12-05T00:00:00+00:00 [running]> on host be068e76f4a7
[2025-12-16T17:41:13.167+0000] {taskinstance.py:2648} INFO - Exporting env vars: AIRFLOW_CTX_DAG_OWNER='***' AIRFLOW_CTX_DAG_ID='users_elt_daily' AIRFLOW_CTX_TASK_ID='extract_users' AIRFLOW_CTX_EXECUTION_DATE='2025-12-05T00:00:00+00:00' AIRFLOW_CTX_TRY_NUMBER='1' AIRFLOW_CTX_DAG_RUN_ID='scheduled__2025-12-05T00:00:00+00:00'
[2025-12-16T17:41:13.169+0000] {taskinstance.py:430} INFO - ::endgroup::
[2025-12-16T17:41:13.206+0000] {subprocess.py:63} INFO - Tmp dir root location: /tmp
[2025-12-16T17:41:13.211+0000] {subprocess.py:75} INFO - Running command: ['/usr/bin/bash', '-c', 'python /opt/***/scripts/extract_users.py --ds 2025-12-05']
[2025-12-16T17:41:13.265+0000] {subprocess.py:86} INFO - Output:
[2025-12-16T17:41:14.460+0000] {subprocess.py:93} INFO - [extract_users] ds=2025-12-05 already exists -> skip (/opt/***/data/source/users/users_2025-12-05.json)
[2025-12-16T17:41:14.519+0000] {subprocess.py:97} INFO - Command exited with return code 0
[2025-12-16T17:41:14.522+0000] {taskinstance.py:441} INFO - ::group::Post task execution logs
[2025-12-16T17:41:14.704+0000] {taskinstance.py:1206} INFO - Marking task as SUCCESS. dag_id=users_elt_daily, task_id=extract_users, run_id=scheduled__2025-12-05T00:00:00+00:00, execution_date=20251205T000000, start_date=20251216T174112, end_date=20251216T174114
[2025-12-16T17:41:14.809+0000] {local_task_job_runner.py:243} INFO - Task exited with return code 0
[2025-12-16T17:41:14.965+0000] {taskinstance.py:3503} INFO - 1 downstream tasks scheduled from follow-on schedule check
[2025-12-16T17:41:14.975+0000] {local_task_job_runner.py:222} INFO - ::endgroup::
