[2025-12-16T17:13:11.001+0000] {local_task_job_runner.py:120} INFO - ::group::Pre task execution logs
[2025-12-16T17:13:11.105+0000] {taskinstance.py:2076} INFO - Dependencies all met for dep_context=non-requeueable deps ti=<TaskInstance: invoices_elt_daily.load_invoices scheduled__2025-12-01T00:00:00+00:00 [queued]>
[2025-12-16T17:13:11.134+0000] {taskinstance.py:2076} INFO - Dependencies all met for dep_context=requeueable deps ti=<TaskInstance: invoices_elt_daily.load_invoices scheduled__2025-12-01T00:00:00+00:00 [queued]>
[2025-12-16T17:13:11.135+0000] {taskinstance.py:2306} INFO - Starting attempt 1 of 1
[2025-12-16T17:13:11.184+0000] {taskinstance.py:2330} INFO - Executing <Task(BashOperator): load_invoices> on 2025-12-01 00:00:00+00:00
[2025-12-16T17:13:11.213+0000] {standard_task_runner.py:90} INFO - Running: ['***', 'tasks', 'run', 'invoices_elt_daily', 'load_invoices', 'scheduled__2025-12-01T00:00:00+00:00', '--job-id', '73', '--raw', '--subdir', 'DAGS_FOLDER/invoices_elt_daily.py', '--cfg-path', '/tmp/tmp4klwn06a']
[2025-12-16T17:13:11.220+0000] {logging_mixin.py:188} WARNING - /home/***/.local/lib/python3.12/site-packages/***/task/task_runner/standard_task_runner.py:62 DeprecationWarning: This process (pid=263) is multi-threaded, use of fork() may lead to deadlocks in the child.
[2025-12-16T17:13:11.227+0000] {standard_task_runner.py:64} INFO - Started process 288 to run task
[2025-12-16T17:13:11.225+0000] {standard_task_runner.py:91} INFO - Job 73: Subtask load_invoices
[2025-12-16T17:13:11.436+0000] {task_command.py:426} INFO - Running <TaskInstance: invoices_elt_daily.load_invoices scheduled__2025-12-01T00:00:00+00:00 [running]> on host be068e76f4a7
[2025-12-16T17:13:11.673+0000] {taskinstance.py:2648} INFO - Exporting env vars: AIRFLOW_CTX_DAG_OWNER='***' AIRFLOW_CTX_DAG_ID='invoices_elt_daily' AIRFLOW_CTX_TASK_ID='load_invoices' AIRFLOW_CTX_EXECUTION_DATE='2025-12-01T00:00:00+00:00' AIRFLOW_CTX_TRY_NUMBER='1' AIRFLOW_CTX_DAG_RUN_ID='scheduled__2025-12-01T00:00:00+00:00'
[2025-12-16T17:13:11.675+0000] {taskinstance.py:430} INFO - ::endgroup::
[2025-12-16T17:13:11.718+0000] {subprocess.py:63} INFO - Tmp dir root location: /tmp
[2025-12-16T17:13:11.722+0000] {subprocess.py:75} INFO - Running command: ['/usr/bin/bash', '-c', 'python /opt/***/scripts/load_invoices.py --ds 2025-12-01']
[2025-12-16T17:13:11.763+0000] {subprocess.py:86} INFO - Output:
[2025-12-16T17:13:12.530+0000] {subprocess.py:93} INFO - Traceback (most recent call last):
[2025-12-16T17:13:12.544+0000] {subprocess.py:93} INFO -   File "/opt/***/scripts/load_invoices.py", line 66, in <module>
[2025-12-16T17:13:12.588+0000] {subprocess.py:93} INFO -     main(ds=args.ds, data_dir=Path(args.data_dir))
[2025-12-16T17:13:12.607+0000] {subprocess.py:93} INFO -   File "/opt/***/scripts/load_invoices.py", line 22, in main
[2025-12-16T17:13:12.653+0000] {subprocess.py:93} INFO -     cur.execute("""
[2025-12-16T17:13:12.657+0000] {subprocess.py:93} INFO - psycopg2.errors.UniqueViolation: duplicate key value violates unique constraint "pg_type_typname_nsp_index"
[2025-12-16T17:13:12.661+0000] {subprocess.py:93} INFO - DETAIL:  Key (typname, typnamespace)=(raw_invoices, 2200) already exists.
[2025-12-16T17:13:12.663+0000] {subprocess.py:93} INFO - 
[2025-12-16T17:13:12.710+0000] {subprocess.py:97} INFO - Command exited with return code 1
[2025-12-16T17:13:12.718+0000] {taskinstance.py:441} INFO - ::group::Post task execution logs
[2025-12-16T17:13:12.791+0000] {taskinstance.py:2905} ERROR - Task failed with exception
Traceback (most recent call last):
  File "/home/airflow/.local/lib/python3.12/site-packages/airflow/models/taskinstance.py", line 465, in _execute_task
    result = _execute_callable(context=context, **execute_callable_kwargs)
             ^^^^^^^^^^^^^^^^^^^^^^^^^^^^^^^^^^^^^^^^^^^^^^^^^^^^^^^^^^^^^
  File "/home/airflow/.local/lib/python3.12/site-packages/airflow/models/taskinstance.py", line 432, in _execute_callable
    return execute_callable(context=context, **execute_callable_kwargs)
           ^^^^^^^^^^^^^^^^^^^^^^^^^^^^^^^^^^^^^^^^^^^^^^^^^^^^^^^^^^^^
  File "/home/airflow/.local/lib/python3.12/site-packages/airflow/models/baseoperator.py", line 401, in wrapper
    return func(self, *args, **kwargs)
           ^^^^^^^^^^^^^^^^^^^^^^^^^^^
  File "/home/airflow/.local/lib/python3.12/site-packages/airflow/operators/bash.py", line 243, in execute
    raise AirflowException(
airflow.exceptions.AirflowException: Bash command failed. The command returned a non-zero exit code 1.
[2025-12-16T17:13:12.805+0000] {taskinstance.py:1206} INFO - Marking task as FAILED. dag_id=invoices_elt_daily, task_id=load_invoices, run_id=scheduled__2025-12-01T00:00:00+00:00, execution_date=20251201T000000, start_date=20251216T171311, end_date=20251216T171312
[2025-12-16T17:13:12.855+0000] {standard_task_runner.py:110} ERROR - Failed to execute job 73 for task load_invoices (Bash command failed. The command returned a non-zero exit code 1.; 288)
[2025-12-16T17:13:12.972+0000] {local_task_job_runner.py:243} INFO - Task exited with return code 1
[2025-12-16T17:13:13.007+0000] {local_task_job_runner.py:222} INFO - ::endgroup::
[2025-12-16T17:41:35.352+0000] {local_task_job_runner.py:120} INFO - ::group::Pre task execution logs
[2025-12-16T17:41:35.447+0000] {taskinstance.py:2076} INFO - Dependencies all met for dep_context=non-requeueable deps ti=<TaskInstance: invoices_elt_daily.load_invoices scheduled__2025-12-01T00:00:00+00:00 [queued]>
[2025-12-16T17:41:35.466+0000] {taskinstance.py:2076} INFO - Dependencies all met for dep_context=requeueable deps ti=<TaskInstance: invoices_elt_daily.load_invoices scheduled__2025-12-01T00:00:00+00:00 [queued]>
[2025-12-16T17:41:35.467+0000] {taskinstance.py:2306} INFO - Starting attempt 1 of 1
[2025-12-16T17:41:35.561+0000] {taskinstance.py:2330} INFO - Executing <Task(BashOperator): load_invoices> on 2025-12-01 00:00:00+00:00
[2025-12-16T17:41:35.584+0000] {logging_mixin.py:188} WARNING - /home/***/.local/lib/python3.12/site-packages/***/task/task_runner/standard_task_runner.py:62 DeprecationWarning: This process (pid=1005) is multi-threaded, use of fork() may lead to deadlocks in the child.
[2025-12-16T17:41:35.587+0000] {standard_task_runner.py:64} INFO - Started process 1017 to run task
[2025-12-16T17:41:35.590+0000] {standard_task_runner.py:90} INFO - Running: ['***', 'tasks', 'run', 'invoices_elt_daily', 'load_invoices', 'scheduled__2025-12-01T00:00:00+00:00', '--job-id', '348', '--raw', '--subdir', 'DAGS_FOLDER/invoices_elt_daily.py', '--cfg-path', '/tmp/tmp2rhieoqk']
[2025-12-16T17:41:35.595+0000] {standard_task_runner.py:91} INFO - Job 348: Subtask load_invoices
[2025-12-16T17:41:35.793+0000] {task_command.py:426} INFO - Running <TaskInstance: invoices_elt_daily.load_invoices scheduled__2025-12-01T00:00:00+00:00 [running]> on host be068e76f4a7
[2025-12-16T17:41:36.003+0000] {taskinstance.py:2648} INFO - Exporting env vars: AIRFLOW_CTX_DAG_OWNER='***' AIRFLOW_CTX_DAG_ID='invoices_elt_daily' AIRFLOW_CTX_TASK_ID='load_invoices' AIRFLOW_CTX_EXECUTION_DATE='2025-12-01T00:00:00+00:00' AIRFLOW_CTX_TRY_NUMBER='1' AIRFLOW_CTX_DAG_RUN_ID='scheduled__2025-12-01T00:00:00+00:00'
[2025-12-16T17:41:36.008+0000] {taskinstance.py:430} INFO - ::endgroup::
[2025-12-16T17:41:36.046+0000] {subprocess.py:63} INFO - Tmp dir root location: /tmp
[2025-12-16T17:41:36.052+0000] {subprocess.py:75} INFO - Running command: ['/usr/bin/bash', '-c', 'python /opt/***/scripts/load_invoices.py --ds 2025-12-01']
[2025-12-16T17:41:36.091+0000] {subprocess.py:86} INFO - Output:
[2025-12-16T17:41:36.713+0000] {subprocess.py:93} INFO - [load_invoices] ds=2025-12-01 inserted=5
[2025-12-16T17:41:36.768+0000] {subprocess.py:97} INFO - Command exited with return code 0
[2025-12-16T17:41:36.771+0000] {taskinstance.py:441} INFO - ::group::Post task execution logs
[2025-12-16T17:41:36.839+0000] {taskinstance.py:1206} INFO - Marking task as SUCCESS. dag_id=invoices_elt_daily, task_id=load_invoices, run_id=scheduled__2025-12-01T00:00:00+00:00, execution_date=20251201T000000, start_date=20251216T174135, end_date=20251216T174136
[2025-12-16T17:41:37.067+0000] {local_task_job_runner.py:243} INFO - Task exited with return code 0
[2025-12-16T17:41:37.107+0000] {taskinstance.py:3503} INFO - 0 downstream tasks scheduled from follow-on schedule check
[2025-12-16T17:41:37.111+0000] {local_task_job_runner.py:222} INFO - ::endgroup::
