[2025-12-16T17:31:27.027+0000] {local_task_job_runner.py:120} INFO - ::group::Pre task execution logs
[2025-12-16T17:31:27.108+0000] {taskinstance.py:2076} INFO - Dependencies all met for dep_context=non-requeueable deps ti=<TaskInstance: users_elt_daily.extract_users scheduled__2025-11-14T00:00:00+00:00 [queued]>
[2025-12-16T17:31:27.127+0000] {taskinstance.py:2076} INFO - Dependencies all met for dep_context=requeueable deps ti=<TaskInstance: users_elt_daily.extract_users scheduled__2025-11-14T00:00:00+00:00 [queued]>
[2025-12-16T17:31:27.129+0000] {taskinstance.py:2306} INFO - Starting attempt 1 of 1
[2025-12-16T17:31:27.170+0000] {taskinstance.py:2330} INFO - Executing <Task(BashOperator): extract_users> on 2025-11-14 00:00:00+00:00
[2025-12-16T17:31:27.191+0000] {logging_mixin.py:188} WARNING - /home/***/.local/lib/python3.12/site-packages/***/task/task_runner/standard_task_runner.py:62 DeprecationWarning: This process (pid=1104) is multi-threaded, use of fork() may lead to deadlocks in the child.
[2025-12-16T17:31:27.191+0000] {standard_task_runner.py:90} INFO - Running: ['***', 'tasks', 'run', 'users_elt_daily', 'extract_users', 'scheduled__2025-11-14T00:00:00+00:00', '--job-id', '113', '--raw', '--subdir', 'DAGS_FOLDER/users_elt_daily.py', '--cfg-path', '/tmp/tmpuc2j4e5w']
[2025-12-16T17:31:27.198+0000] {standard_task_runner.py:64} INFO - Started process 1119 to run task
[2025-12-16T17:31:27.199+0000] {standard_task_runner.py:91} INFO - Job 113: Subtask extract_users
[2025-12-16T17:31:27.355+0000] {task_command.py:426} INFO - Running <TaskInstance: users_elt_daily.extract_users scheduled__2025-11-14T00:00:00+00:00 [running]> on host be068e76f4a7
[2025-12-16T17:31:27.556+0000] {taskinstance.py:2648} INFO - Exporting env vars: AIRFLOW_CTX_DAG_OWNER='***' AIRFLOW_CTX_DAG_ID='users_elt_daily' AIRFLOW_CTX_TASK_ID='extract_users' AIRFLOW_CTX_EXECUTION_DATE='2025-11-14T00:00:00+00:00' AIRFLOW_CTX_TRY_NUMBER='1' AIRFLOW_CTX_DAG_RUN_ID='scheduled__2025-11-14T00:00:00+00:00'
[2025-12-16T17:31:27.558+0000] {taskinstance.py:430} INFO - ::endgroup::
[2025-12-16T17:31:27.599+0000] {subprocess.py:63} INFO - Tmp dir root location: /tmp
[2025-12-16T17:31:27.604+0000] {subprocess.py:75} INFO - Running command: ['/usr/bin/bash', '-c', 'python /opt/***/scripts/extract_users.py --ds 2025-11-14']
[2025-12-16T17:31:27.647+0000] {subprocess.py:86} INFO - Output:
[2025-12-16T17:31:28.138+0000] {subprocess.py:93} INFO - [extract_users] ds=2025-11-14 wrote=/opt/***/data/source/users/users_2025-11-14.json new_users=16 last_user_id=199
[2025-12-16T17:31:28.166+0000] {subprocess.py:97} INFO - Command exited with return code 0
[2025-12-16T17:31:28.167+0000] {taskinstance.py:441} INFO - ::group::Post task execution logs
[2025-12-16T17:31:28.229+0000] {taskinstance.py:1206} INFO - Marking task as SUCCESS. dag_id=users_elt_daily, task_id=extract_users, run_id=scheduled__2025-11-14T00:00:00+00:00, execution_date=20251114T000000, start_date=20251216T173127, end_date=20251216T173128
[2025-12-16T17:31:28.310+0000] {local_task_job_runner.py:243} INFO - Task exited with return code 0
[2025-12-16T17:31:28.349+0000] {taskinstance.py:3503} INFO - 1 downstream tasks scheduled from follow-on schedule check
[2025-12-16T17:31:28.353+0000] {local_task_job_runner.py:222} INFO - ::endgroup::
[2025-12-16T17:41:01.665+0000] {local_task_job_runner.py:120} INFO - ::group::Pre task execution logs
[2025-12-16T17:41:01.704+0000] {taskinstance.py:2076} INFO - Dependencies all met for dep_context=non-requeueable deps ti=<TaskInstance: users_elt_daily.extract_users scheduled__2025-11-14T00:00:00+00:00 [queued]>
[2025-12-16T17:41:01.714+0000] {taskinstance.py:2076} INFO - Dependencies all met for dep_context=requeueable deps ti=<TaskInstance: users_elt_daily.extract_users scheduled__2025-11-14T00:00:00+00:00 [queued]>
[2025-12-16T17:41:01.715+0000] {taskinstance.py:2306} INFO - Starting attempt 1 of 1
[2025-12-16T17:41:01.729+0000] {taskinstance.py:2330} INFO - Executing <Task(BashOperator): extract_users> on 2025-11-14 00:00:00+00:00
[2025-12-16T17:41:01.739+0000] {logging_mixin.py:188} WARNING - /home/***/.local/lib/python3.12/site-packages/***/task/task_runner/standard_task_runner.py:62 DeprecationWarning: This process (pid=594) is multi-threaded, use of fork() may lead to deadlocks in the child.
[2025-12-16T17:41:01.739+0000] {standard_task_runner.py:90} INFO - Running: ['***', 'tasks', 'run', 'users_elt_daily', 'extract_users', 'scheduled__2025-11-14T00:00:00+00:00', '--job-id', '213', '--raw', '--subdir', 'DAGS_FOLDER/users_elt_daily.py', '--cfg-path', '/tmp/tmp4wsy1z6t']
[2025-12-16T17:41:01.741+0000] {standard_task_runner.py:64} INFO - Started process 595 to run task
[2025-12-16T17:41:01.742+0000] {standard_task_runner.py:91} INFO - Job 213: Subtask extract_users
[2025-12-16T17:41:01.820+0000] {task_command.py:426} INFO - Running <TaskInstance: users_elt_daily.extract_users scheduled__2025-11-14T00:00:00+00:00 [running]> on host be068e76f4a7
[2025-12-16T17:41:01.937+0000] {taskinstance.py:2648} INFO - Exporting env vars: AIRFLOW_CTX_DAG_OWNER='***' AIRFLOW_CTX_DAG_ID='users_elt_daily' AIRFLOW_CTX_TASK_ID='extract_users' AIRFLOW_CTX_EXECUTION_DATE='2025-11-14T00:00:00+00:00' AIRFLOW_CTX_TRY_NUMBER='1' AIRFLOW_CTX_DAG_RUN_ID='scheduled__2025-11-14T00:00:00+00:00'
[2025-12-16T17:41:01.938+0000] {taskinstance.py:430} INFO - ::endgroup::
[2025-12-16T17:41:01.953+0000] {subprocess.py:63} INFO - Tmp dir root location: /tmp
[2025-12-16T17:41:01.955+0000] {subprocess.py:75} INFO - Running command: ['/usr/bin/bash', '-c', 'python /opt/***/scripts/extract_users.py --ds 2025-11-14']
[2025-12-16T17:41:01.971+0000] {subprocess.py:86} INFO - Output:
[2025-12-16T17:41:02.216+0000] {subprocess.py:93} INFO - [extract_users] ds=2025-11-14 already exists -> skip (/opt/***/data/source/users/users_2025-11-14.json)
[2025-12-16T17:41:02.229+0000] {subprocess.py:97} INFO - Command exited with return code 0
[2025-12-16T17:41:02.231+0000] {taskinstance.py:441} INFO - ::group::Post task execution logs
[2025-12-16T17:41:02.269+0000] {taskinstance.py:1206} INFO - Marking task as SUCCESS. dag_id=users_elt_daily, task_id=extract_users, run_id=scheduled__2025-11-14T00:00:00+00:00, execution_date=20251114T000000, start_date=20251216T174101, end_date=20251216T174102
[2025-12-16T17:41:02.318+0000] {local_task_job_runner.py:243} INFO - Task exited with return code 0
[2025-12-16T17:41:02.349+0000] {taskinstance.py:3503} INFO - 1 downstream tasks scheduled from follow-on schedule check
[2025-12-16T17:41:02.353+0000] {local_task_job_runner.py:222} INFO - ::endgroup::
