[2025-12-16T15:32:56.530+0000] {local_task_job_runner.py:120} INFO - ::group::Pre task execution logs
[2025-12-16T15:32:56.568+0000] {taskinstance.py:2076} INFO - Dependencies all met for dep_context=non-requeueable deps ti=<TaskInstance: users_elt_daily.extract_users manual__2025-12-16T15:32:55.365592+00:00 [queued]>
[2025-12-16T15:32:56.579+0000] {taskinstance.py:2076} INFO - Dependencies all met for dep_context=requeueable deps ti=<TaskInstance: users_elt_daily.extract_users manual__2025-12-16T15:32:55.365592+00:00 [queued]>
[2025-12-16T15:32:56.580+0000] {taskinstance.py:2306} INFO - Starting attempt 1 of 1
[2025-12-16T15:32:56.594+0000] {taskinstance.py:2330} INFO - Executing <Task(BashOperator): extract_users> on 2025-12-16 15:32:55.365592+00:00
[2025-12-16T15:32:56.607+0000] {logging_mixin.py:188} WARNING - /home/***/.local/lib/python3.12/site-packages/***/task/task_runner/standard_task_runner.py:62 DeprecationWarning: This process (pid=218) is multi-threaded, use of fork() may lead to deadlocks in the child.
[2025-12-16T15:32:56.605+0000] {standard_task_runner.py:90} INFO - Running: ['***', 'tasks', 'run', 'users_elt_daily', 'extract_users', 'manual__2025-12-16T15:32:55.365592+00:00', '--job-id', '39', '--raw', '--subdir', 'DAGS_FOLDER/users_elt_daily.py', '--cfg-path', '/tmp/tmpy0g34kzd']
[2025-12-16T15:32:56.608+0000] {standard_task_runner.py:64} INFO - Started process 219 to run task
[2025-12-16T15:32:56.609+0000] {standard_task_runner.py:91} INFO - Job 39: Subtask extract_users
[2025-12-16T15:32:56.695+0000] {task_command.py:426} INFO - Running <TaskInstance: users_elt_daily.extract_users manual__2025-12-16T15:32:55.365592+00:00 [running]> on host be068e76f4a7
[2025-12-16T15:32:56.817+0000] {taskinstance.py:2648} INFO - Exporting env vars: AIRFLOW_CTX_DAG_OWNER='***' AIRFLOW_CTX_DAG_ID='users_elt_daily' AIRFLOW_CTX_TASK_ID='extract_users' AIRFLOW_CTX_EXECUTION_DATE='2025-12-16T15:32:55.365592+00:00' AIRFLOW_CTX_TRY_NUMBER='1' AIRFLOW_CTX_DAG_RUN_ID='manual__2025-12-16T15:32:55.365592+00:00'
[2025-12-16T15:32:56.818+0000] {taskinstance.py:430} INFO - ::endgroup::
[2025-12-16T15:32:56.840+0000] {subprocess.py:63} INFO - Tmp dir root location: /tmp
[2025-12-16T15:32:56.842+0000] {subprocess.py:75} INFO - Running command: ['/usr/bin/bash', '-c', 'python /opt/***/scripts/extract_users.py --ds 2025-12-16']
[2025-12-16T15:32:56.859+0000] {subprocess.py:86} INFO - Output:
[2025-12-16T15:32:57.084+0000] {subprocess.py:93} INFO - [extract_users] ds=2025-12-16 wrote=/opt/***/data/source/users/users_2025-12-16.json new_users=15 last_user_id=60
[2025-12-16T15:32:57.093+0000] {subprocess.py:97} INFO - Command exited with return code 0
[2025-12-16T15:32:57.094+0000] {taskinstance.py:441} INFO - ::group::Post task execution logs
[2025-12-16T15:32:57.136+0000] {taskinstance.py:1206} INFO - Marking task as SUCCESS. dag_id=users_elt_daily, task_id=extract_users, run_id=manual__2025-12-16T15:32:55.365592+00:00, execution_date=20251216T153255, start_date=20251216T153256, end_date=20251216T153257
[2025-12-16T15:32:57.184+0000] {local_task_job_runner.py:243} INFO - Task exited with return code 0
[2025-12-16T15:32:57.208+0000] {taskinstance.py:3503} INFO - 1 downstream tasks scheduled from follow-on schedule check
[2025-12-16T15:32:57.211+0000] {local_task_job_runner.py:222} INFO - ::endgroup::
