[2025-12-16T17:40:45.397+0000] {local_task_job_runner.py:120} INFO - ::group::Pre task execution logs
[2025-12-16T17:40:45.437+0000] {taskinstance.py:2076} INFO - Dependencies all met for dep_context=non-requeueable deps ti=<TaskInstance: plans_elt_daily.load_plans manual__2025-12-16T17:34:45+00:00 [queued]>
[2025-12-16T17:40:45.446+0000] {taskinstance.py:2076} INFO - Dependencies all met for dep_context=requeueable deps ti=<TaskInstance: plans_elt_daily.load_plans manual__2025-12-16T17:34:45+00:00 [queued]>
[2025-12-16T17:40:45.448+0000] {taskinstance.py:2306} INFO - Starting attempt 1 of 1
[2025-12-16T17:40:45.464+0000] {taskinstance.py:2330} INFO - Executing <Task(BashOperator): load_plans> on 2025-12-16 17:34:45+00:00
[2025-12-16T17:40:45.474+0000] {standard_task_runner.py:90} INFO - Running: ['***', 'tasks', 'run', 'plans_elt_daily', 'load_plans', 'manual__2025-12-16T17:34:45+00:00', '--job-id', '180', '--raw', '--subdir', 'DAGS_FOLDER/plans_elt_daily.py', '--cfg-path', '/tmp/tmpdu08dj68']
[2025-12-16T17:40:45.477+0000] {logging_mixin.py:188} WARNING - /home/***/.local/lib/python3.12/site-packages/***/task/task_runner/standard_task_runner.py:62 DeprecationWarning: This process (pid=495) is multi-threaded, use of fork() may lead to deadlocks in the child.
[2025-12-16T17:40:45.477+0000] {standard_task_runner.py:91} INFO - Job 180: Subtask load_plans
[2025-12-16T17:40:45.478+0000] {standard_task_runner.py:64} INFO - Started process 496 to run task
[2025-12-16T17:40:45.553+0000] {task_command.py:426} INFO - Running <TaskInstance: plans_elt_daily.load_plans manual__2025-12-16T17:34:45+00:00 [running]> on host be068e76f4a7
[2025-12-16T17:40:45.657+0000] {taskinstance.py:2648} INFO - Exporting env vars: AIRFLOW_CTX_DAG_OWNER='***' AIRFLOW_CTX_DAG_ID='plans_elt_daily' AIRFLOW_CTX_TASK_ID='load_plans' AIRFLOW_CTX_EXECUTION_DATE='2025-12-16T17:34:45+00:00' AIRFLOW_CTX_TRY_NUMBER='1' AIRFLOW_CTX_DAG_RUN_ID='manual__2025-12-16T17:34:45+00:00'
[2025-12-16T17:40:45.658+0000] {taskinstance.py:430} INFO - ::endgroup::
[2025-12-16T17:40:45.673+0000] {subprocess.py:63} INFO - Tmp dir root location: /tmp
[2025-12-16T17:40:45.676+0000] {subprocess.py:75} INFO - Running command: ['/usr/bin/bash', '-c', 'python /opt/***/scripts/load_plans.py']
[2025-12-16T17:40:45.691+0000] {subprocess.py:86} INFO - Output:
[2025-12-16T17:40:45.896+0000] {subprocess.py:93} INFO - [load_plans] inserted=3
[2025-12-16T17:40:45.907+0000] {subprocess.py:97} INFO - Command exited with return code 0
[2025-12-16T17:40:45.909+0000] {taskinstance.py:441} INFO - ::group::Post task execution logs
[2025-12-16T17:40:45.956+0000] {taskinstance.py:1206} INFO - Marking task as SUCCESS. dag_id=plans_elt_daily, task_id=load_plans, run_id=manual__2025-12-16T17:34:45+00:00, execution_date=20251216T173445, start_date=20251216T174045, end_date=20251216T174045
[2025-12-16T17:40:46.014+0000] {local_task_job_runner.py:243} INFO - Task exited with return code 0
[2025-12-16T17:40:46.037+0000] {taskinstance.py:3503} INFO - 0 downstream tasks scheduled from follow-on schedule check
[2025-12-16T17:40:46.040+0000] {local_task_job_runner.py:222} INFO - ::endgroup::
