[2025-12-16T17:31:44.514+0000] {local_task_job_runner.py:120} INFO - ::group::Pre task execution logs
[2025-12-16T17:31:44.574+0000] {taskinstance.py:2076} INFO - Dependencies all met for dep_context=non-requeueable deps ti=<TaskInstance: users_elt_daily.load_users scheduled__2025-12-11T00:00:00+00:00 [queued]>
[2025-12-16T17:31:44.588+0000] {taskinstance.py:2076} INFO - Dependencies all met for dep_context=requeueable deps ti=<TaskInstance: users_elt_daily.load_users scheduled__2025-12-11T00:00:00+00:00 [queued]>
[2025-12-16T17:31:44.589+0000] {taskinstance.py:2306} INFO - Starting attempt 1 of 1
[2025-12-16T17:31:44.609+0000] {taskinstance.py:2330} INFO - Executing <Task(BashOperator): load_users> on 2025-12-11 00:00:00+00:00
[2025-12-16T17:31:44.621+0000] {logging_mixin.py:188} WARNING - /home/***/.local/lib/python3.12/site-packages/***/task/task_runner/standard_task_runner.py:62 DeprecationWarning: This process (pid=1308) is multi-threaded, use of fork() may lead to deadlocks in the child.
[2025-12-16T17:31:44.624+0000] {standard_task_runner.py:64} INFO - Started process 1309 to run task
[2025-12-16T17:31:44.621+0000] {standard_task_runner.py:90} INFO - Running: ['***', 'tasks', 'run', 'users_elt_daily', 'load_users', 'scheduled__2025-12-11T00:00:00+00:00', '--job-id', '171', '--raw', '--subdir', 'DAGS_FOLDER/users_elt_daily.py', '--cfg-path', '/tmp/tmp6na0_kgd']
[2025-12-16T17:31:44.626+0000] {standard_task_runner.py:91} INFO - Job 171: Subtask load_users
[2025-12-16T17:31:44.728+0000] {task_command.py:426} INFO - Running <TaskInstance: users_elt_daily.load_users scheduled__2025-12-11T00:00:00+00:00 [running]> on host be068e76f4a7
[2025-12-16T17:31:44.871+0000] {taskinstance.py:2648} INFO - Exporting env vars: AIRFLOW_CTX_DAG_OWNER='***' AIRFLOW_CTX_DAG_ID='users_elt_daily' AIRFLOW_CTX_TASK_ID='load_users' AIRFLOW_CTX_EXECUTION_DATE='2025-12-11T00:00:00+00:00' AIRFLOW_CTX_TRY_NUMBER='1' AIRFLOW_CTX_DAG_RUN_ID='scheduled__2025-12-11T00:00:00+00:00'
[2025-12-16T17:31:44.873+0000] {taskinstance.py:430} INFO - ::endgroup::
[2025-12-16T17:31:44.892+0000] {subprocess.py:63} INFO - Tmp dir root location: /tmp
[2025-12-16T17:31:44.895+0000] {subprocess.py:75} INFO - Running command: ['/usr/bin/bash', '-c', 'python /opt/***/scripts/load_users.py --ds 2025-12-11']
[2025-12-16T17:31:44.913+0000] {subprocess.py:86} INFO - Output:
[2025-12-16T17:31:45.297+0000] {subprocess.py:93} INFO - [load_users] ds=2025-12-11 inserted=8 rows
[2025-12-16T17:31:45.319+0000] {subprocess.py:97} INFO - Command exited with return code 0
[2025-12-16T17:31:45.321+0000] {taskinstance.py:441} INFO - ::group::Post task execution logs
[2025-12-16T17:31:45.362+0000] {taskinstance.py:1206} INFO - Marking task as SUCCESS. dag_id=users_elt_daily, task_id=load_users, run_id=scheduled__2025-12-11T00:00:00+00:00, execution_date=20251211T000000, start_date=20251216T173144, end_date=20251216T173145
[2025-12-16T17:31:45.404+0000] {local_task_job_runner.py:243} INFO - Task exited with return code 0
[2025-12-16T17:31:45.433+0000] {taskinstance.py:3503} INFO - 0 downstream tasks scheduled from follow-on schedule check
[2025-12-16T17:31:45.436+0000] {local_task_job_runner.py:222} INFO - ::endgroup::
[2025-12-16T17:41:19.631+0000] {local_task_job_runner.py:120} INFO - ::group::Pre task execution logs
[2025-12-16T17:41:19.704+0000] {taskinstance.py:2076} INFO - Dependencies all met for dep_context=non-requeueable deps ti=<TaskInstance: users_elt_daily.load_users scheduled__2025-12-11T00:00:00+00:00 [queued]>
[2025-12-16T17:41:19.723+0000] {taskinstance.py:2076} INFO - Dependencies all met for dep_context=requeueable deps ti=<TaskInstance: users_elt_daily.load_users scheduled__2025-12-11T00:00:00+00:00 [queued]>
[2025-12-16T17:41:19.726+0000] {taskinstance.py:2306} INFO - Starting attempt 1 of 1
[2025-12-16T17:41:19.756+0000] {taskinstance.py:2330} INFO - Executing <Task(BashOperator): load_users> on 2025-12-11 00:00:00+00:00
[2025-12-16T17:41:19.773+0000] {logging_mixin.py:188} WARNING - /home/***/.local/lib/python3.12/site-packages/***/task/task_runner/standard_task_runner.py:62 DeprecationWarning: This process (pid=855) is multi-threaded, use of fork() may lead to deadlocks in the child.
[2025-12-16T17:41:19.773+0000] {standard_task_runner.py:90} INFO - Running: ['***', 'tasks', 'run', 'users_elt_daily', 'load_users', 'scheduled__2025-12-11T00:00:00+00:00', '--job-id', '294', '--raw', '--subdir', 'DAGS_FOLDER/users_elt_daily.py', '--cfg-path', '/tmp/tmpxrksdw53']
[2025-12-16T17:41:19.778+0000] {standard_task_runner.py:64} INFO - Started process 861 to run task
[2025-12-16T17:41:19.778+0000] {standard_task_runner.py:91} INFO - Job 294: Subtask load_users
[2025-12-16T17:41:19.895+0000] {task_command.py:426} INFO - Running <TaskInstance: users_elt_daily.load_users scheduled__2025-12-11T00:00:00+00:00 [running]> on host be068e76f4a7
[2025-12-16T17:41:20.074+0000] {taskinstance.py:2648} INFO - Exporting env vars: AIRFLOW_CTX_DAG_OWNER='***' AIRFLOW_CTX_DAG_ID='users_elt_daily' AIRFLOW_CTX_TASK_ID='load_users' AIRFLOW_CTX_EXECUTION_DATE='2025-12-11T00:00:00+00:00' AIRFLOW_CTX_TRY_NUMBER='1' AIRFLOW_CTX_DAG_RUN_ID='scheduled__2025-12-11T00:00:00+00:00'
[2025-12-16T17:41:20.079+0000] {taskinstance.py:430} INFO - ::endgroup::
[2025-12-16T17:41:20.103+0000] {subprocess.py:63} INFO - Tmp dir root location: /tmp
[2025-12-16T17:41:20.105+0000] {subprocess.py:75} INFO - Running command: ['/usr/bin/bash', '-c', 'python /opt/***/scripts/load_users.py --ds 2025-12-11']
[2025-12-16T17:41:20.126+0000] {subprocess.py:86} INFO - Output:
[2025-12-16T17:41:20.490+0000] {subprocess.py:93} INFO - [load_users] ds=2025-12-11 inserted=8 rows
[2025-12-16T17:41:20.523+0000] {subprocess.py:97} INFO - Command exited with return code 0
[2025-12-16T17:41:20.524+0000] {taskinstance.py:441} INFO - ::group::Post task execution logs
[2025-12-16T17:41:20.567+0000] {taskinstance.py:1206} INFO - Marking task as SUCCESS. dag_id=users_elt_daily, task_id=load_users, run_id=scheduled__2025-12-11T00:00:00+00:00, execution_date=20251211T000000, start_date=20251216T174119, end_date=20251216T174120
[2025-12-16T17:41:20.637+0000] {local_task_job_runner.py:243} INFO - Task exited with return code 0
[2025-12-16T17:41:20.659+0000] {taskinstance.py:3503} INFO - 0 downstream tasks scheduled from follow-on schedule check
[2025-12-16T17:41:20.662+0000] {local_task_job_runner.py:222} INFO - ::endgroup::
