[2025-12-16T17:31:24.736+0000] {local_task_job_runner.py:120} INFO - ::group::Pre task execution logs
[2025-12-16T17:31:24.824+0000] {taskinstance.py:2076} INFO - Dependencies all met for dep_context=non-requeueable deps ti=<TaskInstance: users_elt_daily.extract_users scheduled__2025-11-07T00:00:00+00:00 [queued]>
[2025-12-16T17:31:24.849+0000] {taskinstance.py:2076} INFO - Dependencies all met for dep_context=requeueable deps ti=<TaskInstance: users_elt_daily.extract_users scheduled__2025-11-07T00:00:00+00:00 [queued]>
[2025-12-16T17:31:24.850+0000] {taskinstance.py:2306} INFO - Starting attempt 1 of 1
[2025-12-16T17:31:25.036+0000] {taskinstance.py:2330} INFO - Executing <Task(BashOperator): extract_users> on 2025-11-07 00:00:00+00:00
[2025-12-16T17:31:25.063+0000] {logging_mixin.py:188} WARNING - /home/***/.local/lib/python3.12/site-packages/***/task/task_runner/standard_task_runner.py:62 DeprecationWarning: This process (pid=1070) is multi-threaded, use of fork() may lead to deadlocks in the child.
[2025-12-16T17:31:25.061+0000] {standard_task_runner.py:90} INFO - Running: ['***', 'tasks', 'run', 'users_elt_daily', 'extract_users', 'scheduled__2025-11-07T00:00:00+00:00', '--job-id', '100', '--raw', '--subdir', 'DAGS_FOLDER/users_elt_daily.py', '--cfg-path', '/tmp/tmpwq45ixsh']
[2025-12-16T17:31:25.066+0000] {standard_task_runner.py:64} INFO - Started process 1080 to run task
[2025-12-16T17:31:25.067+0000] {standard_task_runner.py:91} INFO - Job 100: Subtask extract_users
[2025-12-16T17:31:25.204+0000] {task_command.py:426} INFO - Running <TaskInstance: users_elt_daily.extract_users scheduled__2025-11-07T00:00:00+00:00 [running]> on host be068e76f4a7
[2025-12-16T17:31:25.414+0000] {taskinstance.py:2648} INFO - Exporting env vars: AIRFLOW_CTX_DAG_OWNER='***' AIRFLOW_CTX_DAG_ID='users_elt_daily' AIRFLOW_CTX_TASK_ID='extract_users' AIRFLOW_CTX_EXECUTION_DATE='2025-11-07T00:00:00+00:00' AIRFLOW_CTX_TRY_NUMBER='1' AIRFLOW_CTX_DAG_RUN_ID='scheduled__2025-11-07T00:00:00+00:00'
[2025-12-16T17:31:25.416+0000] {taskinstance.py:430} INFO - ::endgroup::
[2025-12-16T17:31:25.470+0000] {subprocess.py:63} INFO - Tmp dir root location: /tmp
[2025-12-16T17:31:25.475+0000] {subprocess.py:75} INFO - Running command: ['/usr/bin/bash', '-c', 'python /opt/***/scripts/extract_users.py --ds 2025-11-07']
[2025-12-16T17:31:25.515+0000] {subprocess.py:86} INFO - Output:
[2025-12-16T17:31:26.063+0000] {subprocess.py:93} INFO - [extract_users] ds=2025-11-07 wrote=/opt/***/data/source/users/users_2025-11-07.json new_users=13 last_user_id=108
[2025-12-16T17:31:26.104+0000] {subprocess.py:97} INFO - Command exited with return code 0
[2025-12-16T17:31:26.106+0000] {taskinstance.py:441} INFO - ::group::Post task execution logs
[2025-12-16T17:31:26.194+0000] {taskinstance.py:1206} INFO - Marking task as SUCCESS. dag_id=users_elt_daily, task_id=extract_users, run_id=scheduled__2025-11-07T00:00:00+00:00, execution_date=20251107T000000, start_date=20251216T173124, end_date=20251216T173126
[2025-12-16T17:31:26.412+0000] {local_task_job_runner.py:243} INFO - Task exited with return code 0
[2025-12-16T17:31:26.513+0000] {taskinstance.py:3503} INFO - 1 downstream tasks scheduled from follow-on schedule check
[2025-12-16T17:31:26.553+0000] {local_task_job_runner.py:222} INFO - ::endgroup::
[2025-12-16T17:40:55.402+0000] {local_task_job_runner.py:120} INFO - ::group::Pre task execution logs
[2025-12-16T17:40:55.468+0000] {taskinstance.py:2076} INFO - Dependencies all met for dep_context=non-requeueable deps ti=<TaskInstance: users_elt_daily.extract_users scheduled__2025-11-07T00:00:00+00:00 [queued]>
[2025-12-16T17:40:55.481+0000] {taskinstance.py:2076} INFO - Dependencies all met for dep_context=requeueable deps ti=<TaskInstance: users_elt_daily.extract_users scheduled__2025-11-07T00:00:00+00:00 [queued]>
[2025-12-16T17:40:55.483+0000] {taskinstance.py:2306} INFO - Starting attempt 1 of 1
[2025-12-16T17:40:55.516+0000] {taskinstance.py:2330} INFO - Executing <Task(BashOperator): extract_users> on 2025-11-07 00:00:00+00:00
[2025-12-16T17:40:55.532+0000] {standard_task_runner.py:90} INFO - Running: ['***', 'tasks', 'run', 'users_elt_daily', 'extract_users', 'scheduled__2025-11-07T00:00:00+00:00', '--job-id', '190', '--raw', '--subdir', 'DAGS_FOLDER/users_elt_daily.py', '--cfg-path', '/tmp/tmpxy0j2ubp']
[2025-12-16T17:40:55.538+0000] {standard_task_runner.py:91} INFO - Job 190: Subtask extract_users
[2025-12-16T17:40:55.538+0000] {logging_mixin.py:188} WARNING - /home/***/.local/lib/python3.12/site-packages/***/task/task_runner/standard_task_runner.py:62 DeprecationWarning: This process (pid=519) is multi-threaded, use of fork() may lead to deadlocks in the child.
[2025-12-16T17:40:55.540+0000] {standard_task_runner.py:64} INFO - Started process 526 to run task
[2025-12-16T17:40:55.695+0000] {task_command.py:426} INFO - Running <TaskInstance: users_elt_daily.extract_users scheduled__2025-11-07T00:00:00+00:00 [running]> on host be068e76f4a7
[2025-12-16T17:40:55.924+0000] {taskinstance.py:2648} INFO - Exporting env vars: AIRFLOW_CTX_DAG_OWNER='***' AIRFLOW_CTX_DAG_ID='users_elt_daily' AIRFLOW_CTX_TASK_ID='extract_users' AIRFLOW_CTX_EXECUTION_DATE='2025-11-07T00:00:00+00:00' AIRFLOW_CTX_TRY_NUMBER='1' AIRFLOW_CTX_DAG_RUN_ID='scheduled__2025-11-07T00:00:00+00:00'
[2025-12-16T17:40:55.928+0000] {taskinstance.py:430} INFO - ::endgroup::
[2025-12-16T17:40:55.993+0000] {subprocess.py:63} INFO - Tmp dir root location: /tmp
[2025-12-16T17:40:55.999+0000] {subprocess.py:75} INFO - Running command: ['/usr/bin/bash', '-c', 'python /opt/***/scripts/extract_users.py --ds 2025-11-07']
[2025-12-16T17:40:56.044+0000] {subprocess.py:86} INFO - Output:
[2025-12-16T17:40:56.666+0000] {subprocess.py:93} INFO - [extract_users] ds=2025-11-07 already exists -> skip (/opt/***/data/source/users/users_2025-11-07.json)
[2025-12-16T17:40:56.697+0000] {subprocess.py:97} INFO - Command exited with return code 0
[2025-12-16T17:40:56.700+0000] {taskinstance.py:441} INFO - ::group::Post task execution logs
[2025-12-16T17:40:56.789+0000] {taskinstance.py:1206} INFO - Marking task as SUCCESS. dag_id=users_elt_daily, task_id=extract_users, run_id=scheduled__2025-11-07T00:00:00+00:00, execution_date=20251107T000000, start_date=20251216T174055, end_date=20251216T174056
[2025-12-16T17:40:56.868+0000] {local_task_job_runner.py:243} INFO - Task exited with return code 0
[2025-12-16T17:40:56.950+0000] {taskinstance.py:3503} INFO - 1 downstream tasks scheduled from follow-on schedule check
[2025-12-16T17:40:56.955+0000] {local_task_job_runner.py:222} INFO - ::endgroup::
