[2025-12-16T17:31:24.078+0000] {local_task_job_runner.py:120} INFO - ::group::Pre task execution logs
[2025-12-16T17:31:24.135+0000] {taskinstance.py:2076} INFO - Dependencies all met for dep_context=non-requeueable deps ti=<TaskInstance: users_elt_daily.extract_users scheduled__2025-11-03T00:00:00+00:00 [queued]>
[2025-12-16T17:31:24.150+0000] {taskinstance.py:2076} INFO - Dependencies all met for dep_context=requeueable deps ti=<TaskInstance: users_elt_daily.extract_users scheduled__2025-11-03T00:00:00+00:00 [queued]>
[2025-12-16T17:31:24.151+0000] {taskinstance.py:2306} INFO - Starting attempt 1 of 1
[2025-12-16T17:31:24.174+0000] {taskinstance.py:2330} INFO - Executing <Task(BashOperator): extract_users> on 2025-11-03 00:00:00+00:00
[2025-12-16T17:31:24.188+0000] {logging_mixin.py:188} WARNING - /home/***/.local/lib/python3.12/site-packages/***/task/task_runner/standard_task_runner.py:62 DeprecationWarning: This process (pid=1062) is multi-threaded, use of fork() may lead to deadlocks in the child.
[2025-12-16T17:31:24.190+0000] {standard_task_runner.py:64} INFO - Started process 1068 to run task
[2025-12-16T17:31:24.188+0000] {standard_task_runner.py:90} INFO - Running: ['***', 'tasks', 'run', 'users_elt_daily', 'extract_users', 'scheduled__2025-11-03T00:00:00+00:00', '--job-id', '96', '--raw', '--subdir', 'DAGS_FOLDER/users_elt_daily.py', '--cfg-path', '/tmp/tmpkui08vj6']
[2025-12-16T17:31:24.192+0000] {standard_task_runner.py:91} INFO - Job 96: Subtask extract_users
[2025-12-16T17:31:24.305+0000] {task_command.py:426} INFO - Running <TaskInstance: users_elt_daily.extract_users scheduled__2025-11-03T00:00:00+00:00 [running]> on host be068e76f4a7
[2025-12-16T17:31:24.496+0000] {taskinstance.py:2648} INFO - Exporting env vars: AIRFLOW_CTX_DAG_OWNER='***' AIRFLOW_CTX_DAG_ID='users_elt_daily' AIRFLOW_CTX_TASK_ID='extract_users' AIRFLOW_CTX_EXECUTION_DATE='2025-11-03T00:00:00+00:00' AIRFLOW_CTX_TRY_NUMBER='1' AIRFLOW_CTX_DAG_RUN_ID='scheduled__2025-11-03T00:00:00+00:00'
[2025-12-16T17:31:24.500+0000] {taskinstance.py:430} INFO - ::endgroup::
[2025-12-16T17:31:24.541+0000] {subprocess.py:63} INFO - Tmp dir root location: /tmp
[2025-12-16T17:31:24.546+0000] {subprocess.py:75} INFO - Running command: ['/usr/bin/bash', '-c', 'python /opt/***/scripts/extract_users.py --ds 2025-11-03']
[2025-12-16T17:31:24.582+0000] {subprocess.py:86} INFO - Output:
[2025-12-16T17:31:25.057+0000] {subprocess.py:93} INFO - [extract_users] ds=2025-11-03 wrote=/opt/***/data/source/users/users_2025-11-03.json new_users=19 last_user_id=63
[2025-12-16T17:31:25.082+0000] {subprocess.py:97} INFO - Command exited with return code 0
[2025-12-16T17:31:25.085+0000] {taskinstance.py:441} INFO - ::group::Post task execution logs
[2025-12-16T17:31:25.145+0000] {taskinstance.py:1206} INFO - Marking task as SUCCESS. dag_id=users_elt_daily, task_id=extract_users, run_id=scheduled__2025-11-03T00:00:00+00:00, execution_date=20251103T000000, start_date=20251216T173124, end_date=20251216T173125
[2025-12-16T17:31:25.331+0000] {local_task_job_runner.py:243} INFO - Task exited with return code 0
[2025-12-16T17:31:25.392+0000] {taskinstance.py:3503} INFO - 1 downstream tasks scheduled from follow-on schedule check
[2025-12-16T17:31:25.399+0000] {local_task_job_runner.py:222} INFO - ::endgroup::
[2025-12-16T17:40:54.536+0000] {local_task_job_runner.py:120} INFO - ::group::Pre task execution logs
[2025-12-16T17:40:54.592+0000] {taskinstance.py:2076} INFO - Dependencies all met for dep_context=non-requeueable deps ti=<TaskInstance: users_elt_daily.extract_users scheduled__2025-11-03T00:00:00+00:00 [queued]>
[2025-12-16T17:40:54.612+0000] {taskinstance.py:2076} INFO - Dependencies all met for dep_context=requeueable deps ti=<TaskInstance: users_elt_daily.extract_users scheduled__2025-11-03T00:00:00+00:00 [queued]>
[2025-12-16T17:40:54.613+0000] {taskinstance.py:2306} INFO - Starting attempt 1 of 1
[2025-12-16T17:40:54.733+0000] {taskinstance.py:2330} INFO - Executing <Task(BashOperator): extract_users> on 2025-11-03 00:00:00+00:00
[2025-12-16T17:40:54.750+0000] {standard_task_runner.py:90} INFO - Running: ['***', 'tasks', 'run', 'users_elt_daily', 'extract_users', 'scheduled__2025-11-03T00:00:00+00:00', '--job-id', '186', '--raw', '--subdir', 'DAGS_FOLDER/users_elt_daily.py', '--cfg-path', '/tmp/tmprjoj0fq3']
[2025-12-16T17:40:54.756+0000] {standard_task_runner.py:91} INFO - Job 186: Subtask extract_users
[2025-12-16T17:40:54.756+0000] {logging_mixin.py:188} WARNING - /home/***/.local/lib/python3.12/site-packages/***/task/task_runner/standard_task_runner.py:62 DeprecationWarning: This process (pid=503) is multi-threaded, use of fork() may lead to deadlocks in the child.
[2025-12-16T17:40:54.757+0000] {standard_task_runner.py:64} INFO - Started process 515 to run task
[2025-12-16T17:40:54.880+0000] {task_command.py:426} INFO - Running <TaskInstance: users_elt_daily.extract_users scheduled__2025-11-03T00:00:00+00:00 [running]> on host be068e76f4a7
[2025-12-16T17:40:55.083+0000] {taskinstance.py:2648} INFO - Exporting env vars: AIRFLOW_CTX_DAG_OWNER='***' AIRFLOW_CTX_DAG_ID='users_elt_daily' AIRFLOW_CTX_TASK_ID='extract_users' AIRFLOW_CTX_EXECUTION_DATE='2025-11-03T00:00:00+00:00' AIRFLOW_CTX_TRY_NUMBER='1' AIRFLOW_CTX_DAG_RUN_ID='scheduled__2025-11-03T00:00:00+00:00'
[2025-12-16T17:40:55.085+0000] {taskinstance.py:430} INFO - ::endgroup::
[2025-12-16T17:40:55.132+0000] {subprocess.py:63} INFO - Tmp dir root location: /tmp
[2025-12-16T17:40:55.137+0000] {subprocess.py:75} INFO - Running command: ['/usr/bin/bash', '-c', 'python /opt/***/scripts/extract_users.py --ds 2025-11-03']
[2025-12-16T17:40:55.168+0000] {subprocess.py:86} INFO - Output:
[2025-12-16T17:40:55.603+0000] {subprocess.py:93} INFO - [extract_users] ds=2025-11-03 already exists -> skip (/opt/***/data/source/users/users_2025-11-03.json)
[2025-12-16T17:40:55.630+0000] {subprocess.py:97} INFO - Command exited with return code 0
[2025-12-16T17:40:55.633+0000] {taskinstance.py:441} INFO - ::group::Post task execution logs
[2025-12-16T17:40:55.698+0000] {taskinstance.py:1206} INFO - Marking task as SUCCESS. dag_id=users_elt_daily, task_id=extract_users, run_id=scheduled__2025-11-03T00:00:00+00:00, execution_date=20251103T000000, start_date=20251216T174054, end_date=20251216T174055
[2025-12-16T17:40:55.900+0000] {local_task_job_runner.py:243} INFO - Task exited with return code 0
[2025-12-16T17:40:55.971+0000] {taskinstance.py:3503} INFO - 1 downstream tasks scheduled from follow-on schedule check
[2025-12-16T17:40:55.982+0000] {local_task_job_runner.py:222} INFO - ::endgroup::
