[2025-12-16T17:31:24.194+0000] {local_task_job_runner.py:120} INFO - ::group::Pre task execution logs
[2025-12-16T17:31:24.255+0000] {taskinstance.py:2076} INFO - Dependencies all met for dep_context=non-requeueable deps ti=<TaskInstance: users_elt_daily.extract_users scheduled__2025-11-04T00:00:00+00:00 [queued]>
[2025-12-16T17:31:24.269+0000] {taskinstance.py:2076} INFO - Dependencies all met for dep_context=requeueable deps ti=<TaskInstance: users_elt_daily.extract_users scheduled__2025-11-04T00:00:00+00:00 [queued]>
[2025-12-16T17:31:24.270+0000] {taskinstance.py:2306} INFO - Starting attempt 1 of 1
[2025-12-16T17:31:24.298+0000] {taskinstance.py:2330} INFO - Executing <Task(BashOperator): extract_users> on 2025-11-04 00:00:00+00:00
[2025-12-16T17:31:24.315+0000] {logging_mixin.py:188} WARNING - /home/***/.local/lib/python3.12/site-packages/***/task/task_runner/standard_task_runner.py:62 DeprecationWarning: This process (pid=1063) is multi-threaded, use of fork() may lead to deadlocks in the child.
[2025-12-16T17:31:24.315+0000] {standard_task_runner.py:90} INFO - Running: ['***', 'tasks', 'run', 'users_elt_daily', 'extract_users', 'scheduled__2025-11-04T00:00:00+00:00', '--job-id', '97', '--raw', '--subdir', 'DAGS_FOLDER/users_elt_daily.py', '--cfg-path', '/tmp/tmplqpyvcbb']
[2025-12-16T17:31:24.318+0000] {standard_task_runner.py:64} INFO - Started process 1069 to run task
[2025-12-16T17:31:24.320+0000] {standard_task_runner.py:91} INFO - Job 97: Subtask extract_users
[2025-12-16T17:31:24.466+0000] {task_command.py:426} INFO - Running <TaskInstance: users_elt_daily.extract_users scheduled__2025-11-04T00:00:00+00:00 [running]> on host be068e76f4a7
[2025-12-16T17:31:24.673+0000] {taskinstance.py:2648} INFO - Exporting env vars: AIRFLOW_CTX_DAG_OWNER='***' AIRFLOW_CTX_DAG_ID='users_elt_daily' AIRFLOW_CTX_TASK_ID='extract_users' AIRFLOW_CTX_EXECUTION_DATE='2025-11-04T00:00:00+00:00' AIRFLOW_CTX_TRY_NUMBER='1' AIRFLOW_CTX_DAG_RUN_ID='scheduled__2025-11-04T00:00:00+00:00'
[2025-12-16T17:31:24.680+0000] {taskinstance.py:430} INFO - ::endgroup::
[2025-12-16T17:31:24.721+0000] {subprocess.py:63} INFO - Tmp dir root location: /tmp
[2025-12-16T17:31:24.726+0000] {subprocess.py:75} INFO - Running command: ['/usr/bin/bash', '-c', 'python /opt/***/scripts/extract_users.py --ds 2025-11-04']
[2025-12-16T17:31:24.753+0000] {subprocess.py:86} INFO - Output:
[2025-12-16T17:31:25.233+0000] {subprocess.py:93} INFO - [extract_users] ds=2025-11-04 wrote=/opt/***/data/source/users/users_2025-11-04.json new_users=9 last_user_id=72
[2025-12-16T17:31:25.253+0000] {subprocess.py:97} INFO - Command exited with return code 0
[2025-12-16T17:31:25.255+0000] {taskinstance.py:441} INFO - ::group::Post task execution logs
[2025-12-16T17:31:25.328+0000] {taskinstance.py:1206} INFO - Marking task as SUCCESS. dag_id=users_elt_daily, task_id=extract_users, run_id=scheduled__2025-11-04T00:00:00+00:00, execution_date=20251104T000000, start_date=20251216T173124, end_date=20251216T173125
[2025-12-16T17:31:25.427+0000] {local_task_job_runner.py:243} INFO - Task exited with return code 0
[2025-12-16T17:31:25.459+0000] {local_task_job_runner.py:222} INFO - ::endgroup::
[2025-12-16T17:40:54.717+0000] {local_task_job_runner.py:120} INFO - ::group::Pre task execution logs
[2025-12-16T17:40:54.786+0000] {taskinstance.py:2076} INFO - Dependencies all met for dep_context=non-requeueable deps ti=<TaskInstance: users_elt_daily.extract_users scheduled__2025-11-04T00:00:00+00:00 [queued]>
[2025-12-16T17:40:54.804+0000] {taskinstance.py:2076} INFO - Dependencies all met for dep_context=requeueable deps ti=<TaskInstance: users_elt_daily.extract_users scheduled__2025-11-04T00:00:00+00:00 [queued]>
[2025-12-16T17:40:54.806+0000] {taskinstance.py:2306} INFO - Starting attempt 1 of 1
[2025-12-16T17:40:54.957+0000] {taskinstance.py:2330} INFO - Executing <Task(BashOperator): extract_users> on 2025-11-04 00:00:00+00:00
[2025-12-16T17:40:54.976+0000] {standard_task_runner.py:90} INFO - Running: ['***', 'tasks', 'run', 'users_elt_daily', 'extract_users', 'scheduled__2025-11-04T00:00:00+00:00', '--job-id', '187', '--raw', '--subdir', 'DAGS_FOLDER/users_elt_daily.py', '--cfg-path', '/tmp/tmpvlo7jwll']
[2025-12-16T17:40:54.984+0000] {standard_task_runner.py:91} INFO - Job 187: Subtask extract_users
[2025-12-16T17:40:54.984+0000] {logging_mixin.py:188} WARNING - /home/***/.local/lib/python3.12/site-packages/***/task/task_runner/standard_task_runner.py:62 DeprecationWarning: This process (pid=508) is multi-threaded, use of fork() may lead to deadlocks in the child.
[2025-12-16T17:40:54.986+0000] {standard_task_runner.py:64} INFO - Started process 518 to run task
[2025-12-16T17:40:55.139+0000] {task_command.py:426} INFO - Running <TaskInstance: users_elt_daily.extract_users scheduled__2025-11-04T00:00:00+00:00 [running]> on host be068e76f4a7
[2025-12-16T17:40:55.332+0000] {taskinstance.py:2648} INFO - Exporting env vars: AIRFLOW_CTX_DAG_OWNER='***' AIRFLOW_CTX_DAG_ID='users_elt_daily' AIRFLOW_CTX_TASK_ID='extract_users' AIRFLOW_CTX_EXECUTION_DATE='2025-11-04T00:00:00+00:00' AIRFLOW_CTX_TRY_NUMBER='1' AIRFLOW_CTX_DAG_RUN_ID='scheduled__2025-11-04T00:00:00+00:00'
[2025-12-16T17:40:55.337+0000] {taskinstance.py:430} INFO - ::endgroup::
[2025-12-16T17:40:55.377+0000] {subprocess.py:63} INFO - Tmp dir root location: /tmp
[2025-12-16T17:40:55.380+0000] {subprocess.py:75} INFO - Running command: ['/usr/bin/bash', '-c', 'python /opt/***/scripts/extract_users.py --ds 2025-11-04']
[2025-12-16T17:40:55.412+0000] {subprocess.py:86} INFO - Output:
[2025-12-16T17:40:55.896+0000] {subprocess.py:93} INFO - [extract_users] ds=2025-11-04 already exists -> skip (/opt/***/data/source/users/users_2025-11-04.json)
[2025-12-16T17:40:55.947+0000] {subprocess.py:97} INFO - Command exited with return code 0
[2025-12-16T17:40:55.952+0000] {taskinstance.py:441} INFO - ::group::Post task execution logs
[2025-12-16T17:40:56.084+0000] {taskinstance.py:1206} INFO - Marking task as SUCCESS. dag_id=users_elt_daily, task_id=extract_users, run_id=scheduled__2025-11-04T00:00:00+00:00, execution_date=20251104T000000, start_date=20251216T174054, end_date=20251216T174056
[2025-12-16T17:40:56.430+0000] {local_task_job_runner.py:243} INFO - Task exited with return code 0
[2025-12-16T17:40:56.517+0000] {taskinstance.py:3503} INFO - 1 downstream tasks scheduled from follow-on schedule check
[2025-12-16T17:40:56.524+0000] {local_task_job_runner.py:222} INFO - ::endgroup::
