[2025-12-16T17:41:10.806+0000] {local_task_job_runner.py:120} INFO - ::group::Pre task execution logs
[2025-12-16T17:41:10.885+0000] {taskinstance.py:2076} INFO - Dependencies all met for dep_context=non-requeueable deps ti=<TaskInstance: invoices_elt_daily.extract_invoices scheduled__2025-11-05T00:00:00+00:00 [queued]>
[2025-12-16T17:41:10.904+0000] {taskinstance.py:2076} INFO - Dependencies all met for dep_context=requeueable deps ti=<TaskInstance: invoices_elt_daily.extract_invoices scheduled__2025-11-05T00:00:00+00:00 [queued]>
[2025-12-16T17:41:10.907+0000] {taskinstance.py:2306} INFO - Starting attempt 1 of 1
[2025-12-16T17:41:11.027+0000] {taskinstance.py:2330} INFO - Executing <Task(BashOperator): extract_invoices> on 2025-11-05 00:00:00+00:00
[2025-12-16T17:41:11.054+0000] {logging_mixin.py:188} WARNING - /home/***/.local/lib/python3.12/site-packages/***/task/task_runner/standard_task_runner.py:62 DeprecationWarning: This process (pid=694) is multi-threaded, use of fork() may lead to deadlocks in the child.
[2025-12-16T17:41:11.058+0000] {standard_task_runner.py:90} INFO - Running: ['***', 'tasks', 'run', 'invoices_elt_daily', 'extract_invoices', 'scheduled__2025-11-05T00:00:00+00:00', '--job-id', '249', '--raw', '--subdir', 'DAGS_FOLDER/invoices_elt_daily.py', '--cfg-path', '/tmp/tmpyojy5clw']
[2025-12-16T17:41:11.063+0000] {standard_task_runner.py:64} INFO - Started process 705 to run task
[2025-12-16T17:41:11.065+0000] {standard_task_runner.py:91} INFO - Job 249: Subtask extract_invoices
[2025-12-16T17:41:11.257+0000] {task_command.py:426} INFO - Running <TaskInstance: invoices_elt_daily.extract_invoices scheduled__2025-11-05T00:00:00+00:00 [running]> on host be068e76f4a7
[2025-12-16T17:41:11.523+0000] {taskinstance.py:2648} INFO - Exporting env vars: AIRFLOW_CTX_DAG_OWNER='***' AIRFLOW_CTX_DAG_ID='invoices_elt_daily' AIRFLOW_CTX_TASK_ID='extract_invoices' AIRFLOW_CTX_EXECUTION_DATE='2025-11-05T00:00:00+00:00' AIRFLOW_CTX_TRY_NUMBER='1' AIRFLOW_CTX_DAG_RUN_ID='scheduled__2025-11-05T00:00:00+00:00'
[2025-12-16T17:41:11.531+0000] {taskinstance.py:430} INFO - ::endgroup::
[2025-12-16T17:41:11.585+0000] {subprocess.py:63} INFO - Tmp dir root location: /tmp
[2025-12-16T17:41:11.595+0000] {subprocess.py:75} INFO - Running command: ['/usr/bin/bash', '-c', 'python /opt/***/scripts/extract_invoices.py --ds 2025-11-05']
[2025-12-16T17:41:11.654+0000] {subprocess.py:86} INFO - Output:
[2025-12-16T17:41:12.359+0000] {subprocess.py:93} INFO - [extract_invoices] ds=2025-11-05 not billing day -> wrote empty file
[2025-12-16T17:41:12.397+0000] {subprocess.py:97} INFO - Command exited with return code 0
[2025-12-16T17:41:12.400+0000] {taskinstance.py:441} INFO - ::group::Post task execution logs
[2025-12-16T17:41:12.450+0000] {taskinstance.py:1206} INFO - Marking task as SUCCESS. dag_id=invoices_elt_daily, task_id=extract_invoices, run_id=scheduled__2025-11-05T00:00:00+00:00, execution_date=20251105T000000, start_date=20251216T174110, end_date=20251216T174112
[2025-12-16T17:41:12.564+0000] {local_task_job_runner.py:243} INFO - Task exited with return code 0
[2025-12-16T17:41:12.644+0000] {taskinstance.py:3503} INFO - 1 downstream tasks scheduled from follow-on schedule check
[2025-12-16T17:41:12.661+0000] {local_task_job_runner.py:222} INFO - ::endgroup::
