[2025-12-16T15:28:58.511+0000] {processor.py:161} INFO - Started process (PID=172) to work on /opt/airflow/dags/users_elt_daily.py
[2025-12-16T15:28:58.512+0000] {processor.py:830} INFO - Processing file /opt/airflow/dags/users_elt_daily.py for tasks to queue
[2025-12-16T15:28:58.515+0000] {logging_mixin.py:188} INFO - [2025-12-16T15:28:58.514+0000] {dagbag.py:545} INFO - Filling up the DagBag from /opt/airflow/dags/users_elt_daily.py
[2025-12-16T15:28:58.559+0000] {processor.py:840} INFO - DAG(s) 'users_elt_daily' retrieved from /opt/airflow/dags/users_elt_daily.py
[2025-12-16T15:28:58.873+0000] {logging_mixin.py:188} INFO - [2025-12-16T15:28:58.872+0000] {override.py:1858} INFO - Created Permission View: can read on DAG:users_elt_daily
[2025-12-16T15:28:58.888+0000] {logging_mixin.py:188} INFO - [2025-12-16T15:28:58.887+0000] {override.py:1858} INFO - Created Permission View: can delete on DAG:users_elt_daily
[2025-12-16T15:28:58.898+0000] {logging_mixin.py:188} INFO - [2025-12-16T15:28:58.898+0000] {override.py:1858} INFO - Created Permission View: can edit on DAG:users_elt_daily
[2025-12-16T15:28:58.900+0000] {logging_mixin.py:188} INFO - [2025-12-16T15:28:58.899+0000] {dag.py:3089} INFO - Sync 1 DAGs
[2025-12-16T15:28:58.913+0000] {logging_mixin.py:188} INFO - [2025-12-16T15:28:58.913+0000] {dag.py:3111} INFO - Creating ORM DAG for users_elt_daily
[2025-12-16T15:28:58.925+0000] {logging_mixin.py:188} INFO - [2025-12-16T15:28:58.924+0000] {dag.py:3947} INFO - Setting next_dagrun for users_elt_daily to 2025-12-16 00:00:00+00:00, run_after=2025-12-17 00:00:00+00:00
[2025-12-16T15:28:58.957+0000] {processor.py:183} INFO - Processing /opt/airflow/dags/users_elt_daily.py took 0.452 seconds
[2025-12-16T15:29:29.150+0000] {processor.py:161} INFO - Started process (PID=177) to work on /opt/airflow/dags/users_elt_daily.py
[2025-12-16T15:29:29.152+0000] {processor.py:830} INFO - Processing file /opt/airflow/dags/users_elt_daily.py for tasks to queue
[2025-12-16T15:29:29.154+0000] {logging_mixin.py:188} INFO - [2025-12-16T15:29:29.154+0000] {dagbag.py:545} INFO - Filling up the DagBag from /opt/airflow/dags/users_elt_daily.py
[2025-12-16T15:29:29.181+0000] {processor.py:840} INFO - DAG(s) 'users_elt_daily' retrieved from /opt/airflow/dags/users_elt_daily.py
[2025-12-16T15:29:29.222+0000] {logging_mixin.py:188} INFO - [2025-12-16T15:29:29.222+0000] {dag.py:3089} INFO - Sync 1 DAGs
[2025-12-16T15:29:29.252+0000] {logging_mixin.py:188} INFO - [2025-12-16T15:29:29.251+0000] {dag.py:3947} INFO - Setting next_dagrun for users_elt_daily to 2025-12-16 00:00:00+00:00, run_after=2025-12-17 00:00:00+00:00
[2025-12-16T15:29:29.290+0000] {processor.py:183} INFO - Processing /opt/airflow/dags/users_elt_daily.py took 0.147 seconds
[2025-12-16T15:29:59.500+0000] {processor.py:161} INFO - Started process (PID=182) to work on /opt/airflow/dags/users_elt_daily.py
[2025-12-16T15:29:59.502+0000] {processor.py:830} INFO - Processing file /opt/airflow/dags/users_elt_daily.py for tasks to queue
[2025-12-16T15:29:59.506+0000] {logging_mixin.py:188} INFO - [2025-12-16T15:29:59.505+0000] {dagbag.py:545} INFO - Filling up the DagBag from /opt/airflow/dags/users_elt_daily.py
[2025-12-16T15:29:59.544+0000] {processor.py:840} INFO - DAG(s) 'users_elt_daily' retrieved from /opt/airflow/dags/users_elt_daily.py
[2025-12-16T15:29:59.589+0000] {logging_mixin.py:188} INFO - [2025-12-16T15:29:59.589+0000] {dag.py:3089} INFO - Sync 1 DAGs
[2025-12-16T15:29:59.619+0000] {logging_mixin.py:188} INFO - [2025-12-16T15:29:59.619+0000] {dag.py:3947} INFO - Setting next_dagrun for users_elt_daily to 2025-12-16 00:00:00+00:00, run_after=2025-12-17 00:00:00+00:00
[2025-12-16T15:29:59.644+0000] {processor.py:183} INFO - Processing /opt/airflow/dags/users_elt_daily.py took 0.154 seconds
[2025-12-16T15:30:29.825+0000] {processor.py:161} INFO - Started process (PID=187) to work on /opt/airflow/dags/users_elt_daily.py
[2025-12-16T15:30:29.827+0000] {processor.py:830} INFO - Processing file /opt/airflow/dags/users_elt_daily.py for tasks to queue
[2025-12-16T15:30:29.829+0000] {logging_mixin.py:188} INFO - [2025-12-16T15:30:29.828+0000] {dagbag.py:545} INFO - Filling up the DagBag from /opt/airflow/dags/users_elt_daily.py
[2025-12-16T15:30:29.852+0000] {processor.py:840} INFO - DAG(s) 'users_elt_daily' retrieved from /opt/airflow/dags/users_elt_daily.py
[2025-12-16T15:30:29.888+0000] {logging_mixin.py:188} INFO - [2025-12-16T15:30:29.888+0000] {dag.py:3089} INFO - Sync 1 DAGs
[2025-12-16T15:30:29.913+0000] {logging_mixin.py:188} INFO - [2025-12-16T15:30:29.913+0000] {dag.py:3947} INFO - Setting next_dagrun for users_elt_daily to 2025-12-16 00:00:00+00:00, run_after=2025-12-17 00:00:00+00:00
[2025-12-16T15:30:29.938+0000] {processor.py:183} INFO - Processing /opt/airflow/dags/users_elt_daily.py took 0.120 seconds
[2025-12-16T15:31:00.118+0000] {processor.py:161} INFO - Started process (PID=198) to work on /opt/airflow/dags/users_elt_daily.py
[2025-12-16T15:31:00.120+0000] {processor.py:830} INFO - Processing file /opt/airflow/dags/users_elt_daily.py for tasks to queue
[2025-12-16T15:31:00.122+0000] {logging_mixin.py:188} INFO - [2025-12-16T15:31:00.122+0000] {dagbag.py:545} INFO - Filling up the DagBag from /opt/airflow/dags/users_elt_daily.py
[2025-12-16T15:31:00.145+0000] {processor.py:840} INFO - DAG(s) 'users_elt_daily' retrieved from /opt/airflow/dags/users_elt_daily.py
[2025-12-16T15:31:00.181+0000] {logging_mixin.py:188} INFO - [2025-12-16T15:31:00.181+0000] {dag.py:3089} INFO - Sync 1 DAGs
[2025-12-16T15:31:00.209+0000] {logging_mixin.py:188} INFO - [2025-12-16T15:31:00.209+0000] {dag.py:3947} INFO - Setting next_dagrun for users_elt_daily to 2025-12-16 00:00:00+00:00, run_after=2025-12-17 00:00:00+00:00
[2025-12-16T15:31:00.236+0000] {processor.py:183} INFO - Processing /opt/airflow/dags/users_elt_daily.py took 0.124 seconds
[2025-12-16T15:31:30.419+0000] {processor.py:161} INFO - Started process (PID=203) to work on /opt/airflow/dags/users_elt_daily.py
[2025-12-16T15:31:30.421+0000] {processor.py:830} INFO - Processing file /opt/airflow/dags/users_elt_daily.py for tasks to queue
[2025-12-16T15:31:30.423+0000] {logging_mixin.py:188} INFO - [2025-12-16T15:31:30.423+0000] {dagbag.py:545} INFO - Filling up the DagBag from /opt/airflow/dags/users_elt_daily.py
[2025-12-16T15:31:30.450+0000] {processor.py:840} INFO - DAG(s) 'users_elt_daily' retrieved from /opt/airflow/dags/users_elt_daily.py
[2025-12-16T15:31:30.488+0000] {logging_mixin.py:188} INFO - [2025-12-16T15:31:30.487+0000] {dag.py:3089} INFO - Sync 1 DAGs
[2025-12-16T15:31:30.514+0000] {logging_mixin.py:188} INFO - [2025-12-16T15:31:30.514+0000] {dag.py:3947} INFO - Setting next_dagrun for users_elt_daily to 2025-12-16 00:00:00+00:00, run_after=2025-12-17 00:00:00+00:00
[2025-12-16T15:31:30.539+0000] {processor.py:183} INFO - Processing /opt/airflow/dags/users_elt_daily.py took 0.128 seconds
[2025-12-16T15:32:00.601+0000] {processor.py:161} INFO - Started process (PID=208) to work on /opt/airflow/dags/users_elt_daily.py
[2025-12-16T15:32:00.602+0000] {processor.py:830} INFO - Processing file /opt/airflow/dags/users_elt_daily.py for tasks to queue
[2025-12-16T15:32:00.604+0000] {logging_mixin.py:188} INFO - [2025-12-16T15:32:00.604+0000] {dagbag.py:545} INFO - Filling up the DagBag from /opt/airflow/dags/users_elt_daily.py
[2025-12-16T15:32:00.628+0000] {processor.py:840} INFO - DAG(s) 'users_elt_daily' retrieved from /opt/airflow/dags/users_elt_daily.py
[2025-12-16T15:32:00.664+0000] {logging_mixin.py:188} INFO - [2025-12-16T15:32:00.663+0000] {dag.py:3089} INFO - Sync 1 DAGs
[2025-12-16T15:32:00.687+0000] {logging_mixin.py:188} INFO - [2025-12-16T15:32:00.686+0000] {dag.py:3947} INFO - Setting next_dagrun for users_elt_daily to 2025-12-16 00:00:00+00:00, run_after=2025-12-17 00:00:00+00:00
[2025-12-16T15:32:00.725+0000] {processor.py:183} INFO - Processing /opt/airflow/dags/users_elt_daily.py took 0.131 seconds
[2025-12-16T15:32:30.870+0000] {processor.py:161} INFO - Started process (PID=213) to work on /opt/airflow/dags/users_elt_daily.py
[2025-12-16T15:32:30.871+0000] {processor.py:830} INFO - Processing file /opt/airflow/dags/users_elt_daily.py for tasks to queue
[2025-12-16T15:32:30.873+0000] {logging_mixin.py:188} INFO - [2025-12-16T15:32:30.873+0000] {dagbag.py:545} INFO - Filling up the DagBag from /opt/airflow/dags/users_elt_daily.py
[2025-12-16T15:32:30.899+0000] {processor.py:840} INFO - DAG(s) 'users_elt_daily' retrieved from /opt/airflow/dags/users_elt_daily.py
[2025-12-16T15:32:30.935+0000] {logging_mixin.py:188} INFO - [2025-12-16T15:32:30.934+0000] {dag.py:3089} INFO - Sync 1 DAGs
[2025-12-16T15:32:30.960+0000] {logging_mixin.py:188} INFO - [2025-12-16T15:32:30.960+0000] {dag.py:3947} INFO - Setting next_dagrun for users_elt_daily to 2025-12-16 00:00:00+00:00, run_after=2025-12-17 00:00:00+00:00
[2025-12-16T15:32:30.999+0000] {processor.py:183} INFO - Processing /opt/airflow/dags/users_elt_daily.py took 0.135 seconds
[2025-12-16T15:33:01.174+0000] {processor.py:161} INFO - Started process (PID=224) to work on /opt/airflow/dags/users_elt_daily.py
[2025-12-16T15:33:01.176+0000] {processor.py:830} INFO - Processing file /opt/airflow/dags/users_elt_daily.py for tasks to queue
[2025-12-16T15:33:01.178+0000] {logging_mixin.py:188} INFO - [2025-12-16T15:33:01.178+0000] {dagbag.py:545} INFO - Filling up the DagBag from /opt/airflow/dags/users_elt_daily.py
[2025-12-16T15:33:01.202+0000] {processor.py:840} INFO - DAG(s) 'users_elt_daily' retrieved from /opt/airflow/dags/users_elt_daily.py
[2025-12-16T15:33:01.238+0000] {logging_mixin.py:188} INFO - [2025-12-16T15:33:01.237+0000] {dag.py:3089} INFO - Sync 1 DAGs
[2025-12-16T15:33:01.261+0000] {logging_mixin.py:188} INFO - [2025-12-16T15:33:01.261+0000] {dag.py:3947} INFO - Setting next_dagrun for users_elt_daily to 2025-12-16 00:00:00+00:00, run_after=2025-12-17 00:00:00+00:00
[2025-12-16T15:33:01.299+0000] {processor.py:183} INFO - Processing /opt/airflow/dags/users_elt_daily.py took 0.132 seconds
[2025-12-16T15:33:31.474+0000] {processor.py:161} INFO - Started process (PID=229) to work on /opt/airflow/dags/users_elt_daily.py
[2025-12-16T15:33:31.476+0000] {processor.py:830} INFO - Processing file /opt/airflow/dags/users_elt_daily.py for tasks to queue
[2025-12-16T15:33:31.478+0000] {logging_mixin.py:188} INFO - [2025-12-16T15:33:31.478+0000] {dagbag.py:545} INFO - Filling up the DagBag from /opt/airflow/dags/users_elt_daily.py
[2025-12-16T15:33:31.502+0000] {processor.py:840} INFO - DAG(s) 'users_elt_daily' retrieved from /opt/airflow/dags/users_elt_daily.py
[2025-12-16T15:33:31.537+0000] {logging_mixin.py:188} INFO - [2025-12-16T15:33:31.536+0000] {dag.py:3089} INFO - Sync 1 DAGs
[2025-12-16T15:33:31.562+0000] {logging_mixin.py:188} INFO - [2025-12-16T15:33:31.562+0000] {dag.py:3947} INFO - Setting next_dagrun for users_elt_daily to 2025-12-16 00:00:00+00:00, run_after=2025-12-17 00:00:00+00:00
[2025-12-16T15:33:31.599+0000] {processor.py:183} INFO - Processing /opt/airflow/dags/users_elt_daily.py took 0.132 seconds
[2025-12-16T15:34:01.702+0000] {processor.py:161} INFO - Started process (PID=234) to work on /opt/airflow/dags/users_elt_daily.py
[2025-12-16T15:34:01.703+0000] {processor.py:830} INFO - Processing file /opt/airflow/dags/users_elt_daily.py for tasks to queue
[2025-12-16T15:34:01.706+0000] {logging_mixin.py:188} INFO - [2025-12-16T15:34:01.705+0000] {dagbag.py:545} INFO - Filling up the DagBag from /opt/airflow/dags/users_elt_daily.py
[2025-12-16T15:34:01.764+0000] {processor.py:840} INFO - DAG(s) 'users_elt_daily' retrieved from /opt/airflow/dags/users_elt_daily.py
[2025-12-16T15:34:01.842+0000] {logging_mixin.py:188} INFO - [2025-12-16T15:34:01.841+0000] {dag.py:3089} INFO - Sync 1 DAGs
[2025-12-16T15:34:01.903+0000] {logging_mixin.py:188} INFO - [2025-12-16T15:34:01.902+0000] {dag.py:3947} INFO - Setting next_dagrun for users_elt_daily to 2025-12-16 00:00:00+00:00, run_after=2025-12-17 00:00:00+00:00
[2025-12-16T15:34:01.953+0000] {processor.py:183} INFO - Processing /opt/airflow/dags/users_elt_daily.py took 0.260 seconds
[2025-12-16T15:34:32.151+0000] {processor.py:161} INFO - Started process (PID=239) to work on /opt/airflow/dags/users_elt_daily.py
[2025-12-16T15:34:32.152+0000] {processor.py:830} INFO - Processing file /opt/airflow/dags/users_elt_daily.py for tasks to queue
[2025-12-16T15:34:32.156+0000] {logging_mixin.py:188} INFO - [2025-12-16T15:34:32.155+0000] {dagbag.py:545} INFO - Filling up the DagBag from /opt/airflow/dags/users_elt_daily.py
[2025-12-16T15:34:32.185+0000] {processor.py:840} INFO - DAG(s) 'users_elt_daily' retrieved from /opt/airflow/dags/users_elt_daily.py
[2025-12-16T15:34:32.228+0000] {logging_mixin.py:188} INFO - [2025-12-16T15:34:32.228+0000] {dag.py:3089} INFO - Sync 1 DAGs
[2025-12-16T15:34:32.256+0000] {logging_mixin.py:188} INFO - [2025-12-16T15:34:32.255+0000] {dag.py:3947} INFO - Setting next_dagrun for users_elt_daily to 2025-12-16 00:00:00+00:00, run_after=2025-12-17 00:00:00+00:00
[2025-12-16T15:34:32.297+0000] {processor.py:183} INFO - Processing /opt/airflow/dags/users_elt_daily.py took 0.154 seconds
[2025-12-16T15:35:02.489+0000] {processor.py:161} INFO - Started process (PID=244) to work on /opt/airflow/dags/users_elt_daily.py
[2025-12-16T15:35:02.491+0000] {processor.py:830} INFO - Processing file /opt/airflow/dags/users_elt_daily.py for tasks to queue
[2025-12-16T15:35:02.494+0000] {logging_mixin.py:188} INFO - [2025-12-16T15:35:02.493+0000] {dagbag.py:545} INFO - Filling up the DagBag from /opt/airflow/dags/users_elt_daily.py
[2025-12-16T15:35:02.520+0000] {processor.py:840} INFO - DAG(s) 'users_elt_daily' retrieved from /opt/airflow/dags/users_elt_daily.py
[2025-12-16T15:35:02.561+0000] {logging_mixin.py:188} INFO - [2025-12-16T15:35:02.561+0000] {dag.py:3089} INFO - Sync 1 DAGs
[2025-12-16T15:35:02.589+0000] {logging_mixin.py:188} INFO - [2025-12-16T15:35:02.588+0000] {dag.py:3947} INFO - Setting next_dagrun for users_elt_daily to 2025-12-16 00:00:00+00:00, run_after=2025-12-17 00:00:00+00:00
[2025-12-16T15:35:02.630+0000] {processor.py:183} INFO - Processing /opt/airflow/dags/users_elt_daily.py took 0.149 seconds
[2025-12-16T15:35:32.833+0000] {processor.py:161} INFO - Started process (PID=249) to work on /opt/airflow/dags/users_elt_daily.py
[2025-12-16T15:35:32.835+0000] {processor.py:830} INFO - Processing file /opt/airflow/dags/users_elt_daily.py for tasks to queue
[2025-12-16T15:35:32.837+0000] {logging_mixin.py:188} INFO - [2025-12-16T15:35:32.837+0000] {dagbag.py:545} INFO - Filling up the DagBag from /opt/airflow/dags/users_elt_daily.py
[2025-12-16T15:35:32.862+0000] {processor.py:840} INFO - DAG(s) 'users_elt_daily' retrieved from /opt/airflow/dags/users_elt_daily.py
[2025-12-16T15:35:32.898+0000] {logging_mixin.py:188} INFO - [2025-12-16T15:35:32.898+0000] {dag.py:3089} INFO - Sync 1 DAGs
[2025-12-16T15:35:32.922+0000] {logging_mixin.py:188} INFO - [2025-12-16T15:35:32.922+0000] {dag.py:3947} INFO - Setting next_dagrun for users_elt_daily to 2025-12-16 00:00:00+00:00, run_after=2025-12-17 00:00:00+00:00
[2025-12-16T15:35:32.960+0000] {processor.py:183} INFO - Processing /opt/airflow/dags/users_elt_daily.py took 0.133 seconds
[2025-12-16T15:36:03.143+0000] {processor.py:161} INFO - Started process (PID=254) to work on /opt/airflow/dags/users_elt_daily.py
[2025-12-16T15:36:03.145+0000] {processor.py:830} INFO - Processing file /opt/airflow/dags/users_elt_daily.py for tasks to queue
[2025-12-16T15:36:03.147+0000] {logging_mixin.py:188} INFO - [2025-12-16T15:36:03.147+0000] {dagbag.py:545} INFO - Filling up the DagBag from /opt/airflow/dags/users_elt_daily.py
[2025-12-16T15:36:03.172+0000] {processor.py:840} INFO - DAG(s) 'users_elt_daily' retrieved from /opt/airflow/dags/users_elt_daily.py
[2025-12-16T15:36:03.210+0000] {logging_mixin.py:188} INFO - [2025-12-16T15:36:03.210+0000] {dag.py:3089} INFO - Sync 1 DAGs
[2025-12-16T15:36:03.235+0000] {logging_mixin.py:188} INFO - [2025-12-16T15:36:03.235+0000] {dag.py:3947} INFO - Setting next_dagrun for users_elt_daily to 2025-12-16 00:00:00+00:00, run_after=2025-12-17 00:00:00+00:00
[2025-12-16T15:36:03.273+0000] {processor.py:183} INFO - Processing /opt/airflow/dags/users_elt_daily.py took 0.137 seconds
[2025-12-16T15:36:33.471+0000] {processor.py:161} INFO - Started process (PID=259) to work on /opt/airflow/dags/users_elt_daily.py
[2025-12-16T15:36:33.473+0000] {processor.py:830} INFO - Processing file /opt/airflow/dags/users_elt_daily.py for tasks to queue
[2025-12-16T15:36:33.476+0000] {logging_mixin.py:188} INFO - [2025-12-16T15:36:33.475+0000] {dagbag.py:545} INFO - Filling up the DagBag from /opt/airflow/dags/users_elt_daily.py
[2025-12-16T15:36:33.502+0000] {processor.py:840} INFO - DAG(s) 'users_elt_daily' retrieved from /opt/airflow/dags/users_elt_daily.py
[2025-12-16T15:36:33.539+0000] {logging_mixin.py:188} INFO - [2025-12-16T15:36:33.539+0000] {dag.py:3089} INFO - Sync 1 DAGs
[2025-12-16T15:36:33.563+0000] {logging_mixin.py:188} INFO - [2025-12-16T15:36:33.563+0000] {dag.py:3947} INFO - Setting next_dagrun for users_elt_daily to 2025-12-16 00:00:00+00:00, run_after=2025-12-17 00:00:00+00:00
[2025-12-16T15:36:33.603+0000] {processor.py:183} INFO - Processing /opt/airflow/dags/users_elt_daily.py took 0.139 seconds
[2025-12-16T15:37:03.808+0000] {processor.py:161} INFO - Started process (PID=264) to work on /opt/airflow/dags/users_elt_daily.py
[2025-12-16T15:37:03.810+0000] {processor.py:830} INFO - Processing file /opt/airflow/dags/users_elt_daily.py for tasks to queue
[2025-12-16T15:37:03.813+0000] {logging_mixin.py:188} INFO - [2025-12-16T15:37:03.812+0000] {dagbag.py:545} INFO - Filling up the DagBag from /opt/airflow/dags/users_elt_daily.py
[2025-12-16T15:37:03.837+0000] {processor.py:840} INFO - DAG(s) 'users_elt_daily' retrieved from /opt/airflow/dags/users_elt_daily.py
[2025-12-16T15:37:03.877+0000] {logging_mixin.py:188} INFO - [2025-12-16T15:37:03.877+0000] {dag.py:3089} INFO - Sync 1 DAGs
[2025-12-16T15:37:03.903+0000] {logging_mixin.py:188} INFO - [2025-12-16T15:37:03.903+0000] {dag.py:3947} INFO - Setting next_dagrun for users_elt_daily to 2025-12-16 00:00:00+00:00, run_after=2025-12-17 00:00:00+00:00
[2025-12-16T15:37:03.929+0000] {processor.py:183} INFO - Processing /opt/airflow/dags/users_elt_daily.py took 0.128 seconds
[2025-12-16T15:37:34.119+0000] {processor.py:161} INFO - Started process (PID=269) to work on /opt/airflow/dags/users_elt_daily.py
[2025-12-16T15:37:34.121+0000] {processor.py:830} INFO - Processing file /opt/airflow/dags/users_elt_daily.py for tasks to queue
[2025-12-16T15:37:34.123+0000] {logging_mixin.py:188} INFO - [2025-12-16T15:37:34.123+0000] {dagbag.py:545} INFO - Filling up the DagBag from /opt/airflow/dags/users_elt_daily.py
[2025-12-16T15:37:34.149+0000] {processor.py:840} INFO - DAG(s) 'users_elt_daily' retrieved from /opt/airflow/dags/users_elt_daily.py
[2025-12-16T15:37:34.187+0000] {logging_mixin.py:188} INFO - [2025-12-16T15:37:34.186+0000] {dag.py:3089} INFO - Sync 1 DAGs
[2025-12-16T15:37:34.214+0000] {logging_mixin.py:188} INFO - [2025-12-16T15:37:34.214+0000] {dag.py:3947} INFO - Setting next_dagrun for users_elt_daily to 2025-12-16 00:00:00+00:00, run_after=2025-12-17 00:00:00+00:00
[2025-12-16T15:37:34.254+0000] {processor.py:183} INFO - Processing /opt/airflow/dags/users_elt_daily.py took 0.142 seconds
[2025-12-16T15:38:04.436+0000] {processor.py:161} INFO - Started process (PID=274) to work on /opt/airflow/dags/users_elt_daily.py
[2025-12-16T15:38:04.438+0000] {processor.py:830} INFO - Processing file /opt/airflow/dags/users_elt_daily.py for tasks to queue
[2025-12-16T15:38:04.440+0000] {logging_mixin.py:188} INFO - [2025-12-16T15:38:04.440+0000] {dagbag.py:545} INFO - Filling up the DagBag from /opt/airflow/dags/users_elt_daily.py
[2025-12-16T15:38:04.464+0000] {processor.py:840} INFO - DAG(s) 'users_elt_daily' retrieved from /opt/airflow/dags/users_elt_daily.py
[2025-12-16T15:38:04.501+0000] {logging_mixin.py:188} INFO - [2025-12-16T15:38:04.501+0000] {dag.py:3089} INFO - Sync 1 DAGs
[2025-12-16T15:38:04.525+0000] {logging_mixin.py:188} INFO - [2025-12-16T15:38:04.525+0000] {dag.py:3947} INFO - Setting next_dagrun for users_elt_daily to 2025-12-16 00:00:00+00:00, run_after=2025-12-17 00:00:00+00:00
[2025-12-16T15:38:04.553+0000] {processor.py:183} INFO - Processing /opt/airflow/dags/users_elt_daily.py took 0.124 seconds
[2025-12-16T15:38:34.807+0000] {processor.py:161} INFO - Started process (PID=279) to work on /opt/airflow/dags/users_elt_daily.py
[2025-12-16T15:38:34.813+0000] {processor.py:830} INFO - Processing file /opt/airflow/dags/users_elt_daily.py for tasks to queue
[2025-12-16T15:38:34.824+0000] {logging_mixin.py:188} INFO - [2025-12-16T15:38:34.822+0000] {dagbag.py:545} INFO - Filling up the DagBag from /opt/airflow/dags/users_elt_daily.py
[2025-12-16T15:38:34.896+0000] {processor.py:840} INFO - DAG(s) 'users_elt_daily' retrieved from /opt/airflow/dags/users_elt_daily.py
[2025-12-16T15:38:34.948+0000] {logging_mixin.py:188} INFO - [2025-12-16T15:38:34.948+0000] {dag.py:3089} INFO - Sync 1 DAGs
[2025-12-16T15:38:34.982+0000] {logging_mixin.py:188} INFO - [2025-12-16T15:38:34.982+0000] {dag.py:3947} INFO - Setting next_dagrun for users_elt_daily to 2025-12-16 00:00:00+00:00, run_after=2025-12-17 00:00:00+00:00
[2025-12-16T15:38:35.015+0000] {processor.py:183} INFO - Processing /opt/airflow/dags/users_elt_daily.py took 0.226 seconds
[2025-12-16T15:39:05.234+0000] {processor.py:161} INFO - Started process (PID=284) to work on /opt/airflow/dags/users_elt_daily.py
[2025-12-16T15:39:05.236+0000] {processor.py:830} INFO - Processing file /opt/airflow/dags/users_elt_daily.py for tasks to queue
[2025-12-16T15:39:05.239+0000] {logging_mixin.py:188} INFO - [2025-12-16T15:39:05.239+0000] {dagbag.py:545} INFO - Filling up the DagBag from /opt/airflow/dags/users_elt_daily.py
[2025-12-16T15:39:05.270+0000] {processor.py:840} INFO - DAG(s) 'users_elt_daily' retrieved from /opt/airflow/dags/users_elt_daily.py
[2025-12-16T15:39:05.305+0000] {logging_mixin.py:188} INFO - [2025-12-16T15:39:05.304+0000] {dag.py:3089} INFO - Sync 1 DAGs
[2025-12-16T15:39:05.328+0000] {logging_mixin.py:188} INFO - [2025-12-16T15:39:05.328+0000] {dag.py:3947} INFO - Setting next_dagrun for users_elt_daily to 2025-12-16 00:00:00+00:00, run_after=2025-12-17 00:00:00+00:00
[2025-12-16T15:39:05.351+0000] {processor.py:183} INFO - Processing /opt/airflow/dags/users_elt_daily.py took 0.124 seconds
[2025-12-16T15:39:35.533+0000] {processor.py:161} INFO - Started process (PID=289) to work on /opt/airflow/dags/users_elt_daily.py
[2025-12-16T15:39:35.534+0000] {processor.py:830} INFO - Processing file /opt/airflow/dags/users_elt_daily.py for tasks to queue
[2025-12-16T15:39:35.536+0000] {logging_mixin.py:188} INFO - [2025-12-16T15:39:35.536+0000] {dagbag.py:545} INFO - Filling up the DagBag from /opt/airflow/dags/users_elt_daily.py
[2025-12-16T15:39:35.559+0000] {processor.py:840} INFO - DAG(s) 'users_elt_daily' retrieved from /opt/airflow/dags/users_elt_daily.py
[2025-12-16T15:39:35.595+0000] {logging_mixin.py:188} INFO - [2025-12-16T15:39:35.595+0000] {dag.py:3089} INFO - Sync 1 DAGs
[2025-12-16T15:39:35.622+0000] {logging_mixin.py:188} INFO - [2025-12-16T15:39:35.621+0000] {dag.py:3947} INFO - Setting next_dagrun for users_elt_daily to 2025-12-16 00:00:00+00:00, run_after=2025-12-17 00:00:00+00:00
[2025-12-16T15:39:35.670+0000] {processor.py:183} INFO - Processing /opt/airflow/dags/users_elt_daily.py took 0.144 seconds
[2025-12-16T15:40:05.889+0000] {processor.py:161} INFO - Started process (PID=294) to work on /opt/airflow/dags/users_elt_daily.py
[2025-12-16T15:40:05.891+0000] {processor.py:830} INFO - Processing file /opt/airflow/dags/users_elt_daily.py for tasks to queue
[2025-12-16T15:40:05.894+0000] {logging_mixin.py:188} INFO - [2025-12-16T15:40:05.893+0000] {dagbag.py:545} INFO - Filling up the DagBag from /opt/airflow/dags/users_elt_daily.py
[2025-12-16T15:40:05.920+0000] {processor.py:840} INFO - DAG(s) 'users_elt_daily' retrieved from /opt/airflow/dags/users_elt_daily.py
[2025-12-16T15:40:05.958+0000] {logging_mixin.py:188} INFO - [2025-12-16T15:40:05.958+0000] {dag.py:3089} INFO - Sync 1 DAGs
[2025-12-16T15:40:05.986+0000] {logging_mixin.py:188} INFO - [2025-12-16T15:40:05.985+0000] {dag.py:3947} INFO - Setting next_dagrun for users_elt_daily to 2025-12-16 00:00:00+00:00, run_after=2025-12-17 00:00:00+00:00
[2025-12-16T15:40:06.026+0000] {processor.py:183} INFO - Processing /opt/airflow/dags/users_elt_daily.py took 0.144 seconds
[2025-12-16T15:40:36.224+0000] {processor.py:161} INFO - Started process (PID=299) to work on /opt/airflow/dags/users_elt_daily.py
[2025-12-16T15:40:36.226+0000] {processor.py:830} INFO - Processing file /opt/airflow/dags/users_elt_daily.py for tasks to queue
[2025-12-16T15:40:36.228+0000] {logging_mixin.py:188} INFO - [2025-12-16T15:40:36.228+0000] {dagbag.py:545} INFO - Filling up the DagBag from /opt/airflow/dags/users_elt_daily.py
[2025-12-16T15:40:36.254+0000] {processor.py:840} INFO - DAG(s) 'users_elt_daily' retrieved from /opt/airflow/dags/users_elt_daily.py
[2025-12-16T15:40:36.292+0000] {logging_mixin.py:188} INFO - [2025-12-16T15:40:36.292+0000] {dag.py:3089} INFO - Sync 1 DAGs
[2025-12-16T15:40:36.317+0000] {logging_mixin.py:188} INFO - [2025-12-16T15:40:36.316+0000] {dag.py:3947} INFO - Setting next_dagrun for users_elt_daily to 2025-12-16 00:00:00+00:00, run_after=2025-12-17 00:00:00+00:00
[2025-12-16T15:40:36.353+0000] {processor.py:183} INFO - Processing /opt/airflow/dags/users_elt_daily.py took 0.137 seconds
[2025-12-16T15:41:06.544+0000] {processor.py:161} INFO - Started process (PID=304) to work on /opt/airflow/dags/users_elt_daily.py
[2025-12-16T15:41:06.545+0000] {processor.py:830} INFO - Processing file /opt/airflow/dags/users_elt_daily.py for tasks to queue
[2025-12-16T15:41:06.548+0000] {logging_mixin.py:188} INFO - [2025-12-16T15:41:06.547+0000] {dagbag.py:545} INFO - Filling up the DagBag from /opt/airflow/dags/users_elt_daily.py
[2025-12-16T15:41:06.572+0000] {processor.py:840} INFO - DAG(s) 'users_elt_daily' retrieved from /opt/airflow/dags/users_elt_daily.py
[2025-12-16T15:41:06.608+0000] {logging_mixin.py:188} INFO - [2025-12-16T15:41:06.608+0000] {dag.py:3089} INFO - Sync 1 DAGs
[2025-12-16T15:41:06.633+0000] {logging_mixin.py:188} INFO - [2025-12-16T15:41:06.633+0000] {dag.py:3947} INFO - Setting next_dagrun for users_elt_daily to 2025-12-16 00:00:00+00:00, run_after=2025-12-17 00:00:00+00:00
[2025-12-16T15:41:06.661+0000] {processor.py:183} INFO - Processing /opt/airflow/dags/users_elt_daily.py took 0.124 seconds
[2025-12-16T15:41:36.721+0000] {processor.py:161} INFO - Started process (PID=309) to work on /opt/airflow/dags/users_elt_daily.py
[2025-12-16T15:41:36.722+0000] {processor.py:830} INFO - Processing file /opt/airflow/dags/users_elt_daily.py for tasks to queue
[2025-12-16T15:41:36.724+0000] {logging_mixin.py:188} INFO - [2025-12-16T15:41:36.724+0000] {dagbag.py:545} INFO - Filling up the DagBag from /opt/airflow/dags/users_elt_daily.py
[2025-12-16T15:41:36.749+0000] {processor.py:840} INFO - DAG(s) 'users_elt_daily' retrieved from /opt/airflow/dags/users_elt_daily.py
[2025-12-16T15:41:36.790+0000] {logging_mixin.py:188} INFO - [2025-12-16T15:41:36.790+0000] {dag.py:3089} INFO - Sync 1 DAGs
[2025-12-16T15:41:36.817+0000] {logging_mixin.py:188} INFO - [2025-12-16T15:41:36.817+0000] {dag.py:3947} INFO - Setting next_dagrun for users_elt_daily to 2025-12-16 00:00:00+00:00, run_after=2025-12-17 00:00:00+00:00
[2025-12-16T15:41:36.845+0000] {processor.py:183} INFO - Processing /opt/airflow/dags/users_elt_daily.py took 0.131 seconds
[2025-12-16T15:42:07.025+0000] {processor.py:161} INFO - Started process (PID=314) to work on /opt/airflow/dags/users_elt_daily.py
[2025-12-16T15:42:07.026+0000] {processor.py:830} INFO - Processing file /opt/airflow/dags/users_elt_daily.py for tasks to queue
[2025-12-16T15:42:07.028+0000] {logging_mixin.py:188} INFO - [2025-12-16T15:42:07.028+0000] {dagbag.py:545} INFO - Filling up the DagBag from /opt/airflow/dags/users_elt_daily.py
[2025-12-16T15:42:07.054+0000] {processor.py:840} INFO - DAG(s) 'users_elt_daily' retrieved from /opt/airflow/dags/users_elt_daily.py
[2025-12-16T15:42:07.093+0000] {logging_mixin.py:188} INFO - [2025-12-16T15:42:07.093+0000] {dag.py:3089} INFO - Sync 1 DAGs
[2025-12-16T15:42:07.121+0000] {logging_mixin.py:188} INFO - [2025-12-16T15:42:07.120+0000] {dag.py:3947} INFO - Setting next_dagrun for users_elt_daily to 2025-12-16 00:00:00+00:00, run_after=2025-12-17 00:00:00+00:00
[2025-12-16T15:42:07.159+0000] {processor.py:183} INFO - Processing /opt/airflow/dags/users_elt_daily.py took 0.141 seconds
[2025-12-16T15:42:37.350+0000] {processor.py:161} INFO - Started process (PID=319) to work on /opt/airflow/dags/users_elt_daily.py
[2025-12-16T15:42:37.352+0000] {processor.py:830} INFO - Processing file /opt/airflow/dags/users_elt_daily.py for tasks to queue
[2025-12-16T15:42:37.355+0000] {logging_mixin.py:188} INFO - [2025-12-16T15:42:37.354+0000] {dagbag.py:545} INFO - Filling up the DagBag from /opt/airflow/dags/users_elt_daily.py
[2025-12-16T15:42:37.382+0000] {processor.py:840} INFO - DAG(s) 'users_elt_daily' retrieved from /opt/airflow/dags/users_elt_daily.py
[2025-12-16T15:42:37.423+0000] {logging_mixin.py:188} INFO - [2025-12-16T15:42:37.423+0000] {dag.py:3089} INFO - Sync 1 DAGs
[2025-12-16T15:42:37.448+0000] {logging_mixin.py:188} INFO - [2025-12-16T15:42:37.448+0000] {dag.py:3947} INFO - Setting next_dagrun for users_elt_daily to 2025-12-16 00:00:00+00:00, run_after=2025-12-17 00:00:00+00:00
[2025-12-16T15:42:37.472+0000] {processor.py:183} INFO - Processing /opt/airflow/dags/users_elt_daily.py took 0.128 seconds
[2025-12-16T15:43:07.663+0000] {processor.py:161} INFO - Started process (PID=324) to work on /opt/airflow/dags/users_elt_daily.py
[2025-12-16T15:43:07.665+0000] {processor.py:830} INFO - Processing file /opt/airflow/dags/users_elt_daily.py for tasks to queue
[2025-12-16T15:43:07.668+0000] {logging_mixin.py:188} INFO - [2025-12-16T15:43:07.667+0000] {dagbag.py:545} INFO - Filling up the DagBag from /opt/airflow/dags/users_elt_daily.py
[2025-12-16T15:43:07.693+0000] {processor.py:840} INFO - DAG(s) 'users_elt_daily' retrieved from /opt/airflow/dags/users_elt_daily.py
[2025-12-16T15:43:07.731+0000] {logging_mixin.py:188} INFO - [2025-12-16T15:43:07.731+0000] {dag.py:3089} INFO - Sync 1 DAGs
[2025-12-16T15:43:07.759+0000] {logging_mixin.py:188} INFO - [2025-12-16T15:43:07.758+0000] {dag.py:3947} INFO - Setting next_dagrun for users_elt_daily to 2025-12-16 00:00:00+00:00, run_after=2025-12-17 00:00:00+00:00
[2025-12-16T15:43:07.783+0000] {processor.py:183} INFO - Processing /opt/airflow/dags/users_elt_daily.py took 0.127 seconds
[2025-12-16T15:43:37.969+0000] {processor.py:161} INFO - Started process (PID=329) to work on /opt/airflow/dags/users_elt_daily.py
[2025-12-16T15:43:37.971+0000] {processor.py:830} INFO - Processing file /opt/airflow/dags/users_elt_daily.py for tasks to queue
[2025-12-16T15:43:37.974+0000] {logging_mixin.py:188} INFO - [2025-12-16T15:43:37.974+0000] {dagbag.py:545} INFO - Filling up the DagBag from /opt/airflow/dags/users_elt_daily.py
[2025-12-16T15:43:38.004+0000] {processor.py:840} INFO - DAG(s) 'users_elt_daily' retrieved from /opt/airflow/dags/users_elt_daily.py
[2025-12-16T15:43:38.043+0000] {logging_mixin.py:188} INFO - [2025-12-16T15:43:38.043+0000] {dag.py:3089} INFO - Sync 1 DAGs
[2025-12-16T15:43:38.070+0000] {logging_mixin.py:188} INFO - [2025-12-16T15:43:38.069+0000] {dag.py:3947} INFO - Setting next_dagrun for users_elt_daily to 2025-12-16 00:00:00+00:00, run_after=2025-12-17 00:00:00+00:00
[2025-12-16T15:43:38.095+0000] {processor.py:183} INFO - Processing /opt/airflow/dags/users_elt_daily.py took 0.134 seconds
[2025-12-16T15:44:08.184+0000] {processor.py:161} INFO - Started process (PID=334) to work on /opt/airflow/dags/users_elt_daily.py
[2025-12-16T15:44:08.185+0000] {processor.py:830} INFO - Processing file /opt/airflow/dags/users_elt_daily.py for tasks to queue
[2025-12-16T15:44:08.188+0000] {logging_mixin.py:188} INFO - [2025-12-16T15:44:08.187+0000] {dagbag.py:545} INFO - Filling up the DagBag from /opt/airflow/dags/users_elt_daily.py
[2025-12-16T15:44:08.215+0000] {processor.py:840} INFO - DAG(s) 'users_elt_daily' retrieved from /opt/airflow/dags/users_elt_daily.py
[2025-12-16T15:44:08.254+0000] {logging_mixin.py:188} INFO - [2025-12-16T15:44:08.254+0000] {dag.py:3089} INFO - Sync 1 DAGs
[2025-12-16T15:44:08.282+0000] {logging_mixin.py:188} INFO - [2025-12-16T15:44:08.281+0000] {dag.py:3947} INFO - Setting next_dagrun for users_elt_daily to 2025-12-16 00:00:00+00:00, run_after=2025-12-17 00:00:00+00:00
[2025-12-16T15:44:08.306+0000] {processor.py:183} INFO - Processing /opt/airflow/dags/users_elt_daily.py took 0.130 seconds
[2025-12-16T15:44:38.416+0000] {processor.py:161} INFO - Started process (PID=339) to work on /opt/airflow/dags/users_elt_daily.py
[2025-12-16T15:44:38.418+0000] {processor.py:830} INFO - Processing file /opt/airflow/dags/users_elt_daily.py for tasks to queue
[2025-12-16T15:44:38.420+0000] {logging_mixin.py:188} INFO - [2025-12-16T15:44:38.419+0000] {dagbag.py:545} INFO - Filling up the DagBag from /opt/airflow/dags/users_elt_daily.py
[2025-12-16T15:44:38.444+0000] {processor.py:840} INFO - DAG(s) 'users_elt_daily' retrieved from /opt/airflow/dags/users_elt_daily.py
[2025-12-16T15:44:38.481+0000] {logging_mixin.py:188} INFO - [2025-12-16T15:44:38.481+0000] {dag.py:3089} INFO - Sync 1 DAGs
[2025-12-16T15:44:38.508+0000] {logging_mixin.py:188} INFO - [2025-12-16T15:44:38.507+0000] {dag.py:3947} INFO - Setting next_dagrun for users_elt_daily to 2025-12-16 00:00:00+00:00, run_after=2025-12-17 00:00:00+00:00
[2025-12-16T15:44:38.531+0000] {processor.py:183} INFO - Processing /opt/airflow/dags/users_elt_daily.py took 0.121 seconds
[2025-12-16T15:45:08.643+0000] {processor.py:161} INFO - Started process (PID=344) to work on /opt/airflow/dags/users_elt_daily.py
[2025-12-16T15:45:08.644+0000] {processor.py:830} INFO - Processing file /opt/airflow/dags/users_elt_daily.py for tasks to queue
[2025-12-16T15:45:08.646+0000] {logging_mixin.py:188} INFO - [2025-12-16T15:45:08.646+0000] {dagbag.py:545} INFO - Filling up the DagBag from /opt/airflow/dags/users_elt_daily.py
[2025-12-16T15:45:08.670+0000] {processor.py:840} INFO - DAG(s) 'users_elt_daily' retrieved from /opt/airflow/dags/users_elt_daily.py
[2025-12-16T15:45:08.705+0000] {logging_mixin.py:188} INFO - [2025-12-16T15:45:08.705+0000] {dag.py:3089} INFO - Sync 1 DAGs
[2025-12-16T15:45:08.729+0000] {logging_mixin.py:188} INFO - [2025-12-16T15:45:08.729+0000] {dag.py:3947} INFO - Setting next_dagrun for users_elt_daily to 2025-12-16 00:00:00+00:00, run_after=2025-12-17 00:00:00+00:00
[2025-12-16T15:45:08.754+0000] {processor.py:183} INFO - Processing /opt/airflow/dags/users_elt_daily.py took 0.118 seconds
[2025-12-16T15:45:38.884+0000] {processor.py:161} INFO - Started process (PID=349) to work on /opt/airflow/dags/users_elt_daily.py
[2025-12-16T15:45:38.886+0000] {processor.py:830} INFO - Processing file /opt/airflow/dags/users_elt_daily.py for tasks to queue
[2025-12-16T15:45:38.888+0000] {logging_mixin.py:188} INFO - [2025-12-16T15:45:38.887+0000] {dagbag.py:545} INFO - Filling up the DagBag from /opt/airflow/dags/users_elt_daily.py
[2025-12-16T15:45:38.911+0000] {processor.py:840} INFO - DAG(s) 'users_elt_daily' retrieved from /opt/airflow/dags/users_elt_daily.py
[2025-12-16T15:45:38.948+0000] {logging_mixin.py:188} INFO - [2025-12-16T15:45:38.948+0000] {dag.py:3089} INFO - Sync 1 DAGs
[2025-12-16T15:45:38.976+0000] {logging_mixin.py:188} INFO - [2025-12-16T15:45:38.976+0000] {dag.py:3947} INFO - Setting next_dagrun for users_elt_daily to 2025-12-16 00:00:00+00:00, run_after=2025-12-17 00:00:00+00:00
[2025-12-16T15:45:38.998+0000] {processor.py:183} INFO - Processing /opt/airflow/dags/users_elt_daily.py took 0.121 seconds
[2025-12-16T15:46:09.095+0000] {processor.py:161} INFO - Started process (PID=354) to work on /opt/airflow/dags/users_elt_daily.py
[2025-12-16T15:46:09.096+0000] {processor.py:830} INFO - Processing file /opt/airflow/dags/users_elt_daily.py for tasks to queue
[2025-12-16T15:46:09.098+0000] {logging_mixin.py:188} INFO - [2025-12-16T15:46:09.098+0000] {dagbag.py:545} INFO - Filling up the DagBag from /opt/airflow/dags/users_elt_daily.py
[2025-12-16T15:46:09.121+0000] {processor.py:840} INFO - DAG(s) 'users_elt_daily' retrieved from /opt/airflow/dags/users_elt_daily.py
[2025-12-16T15:46:09.157+0000] {logging_mixin.py:188} INFO - [2025-12-16T15:46:09.157+0000] {dag.py:3089} INFO - Sync 1 DAGs
[2025-12-16T15:46:09.183+0000] {logging_mixin.py:188} INFO - [2025-12-16T15:46:09.182+0000] {dag.py:3947} INFO - Setting next_dagrun for users_elt_daily to 2025-12-16 00:00:00+00:00, run_after=2025-12-17 00:00:00+00:00
[2025-12-16T15:46:09.226+0000] {processor.py:183} INFO - Processing /opt/airflow/dags/users_elt_daily.py took 0.137 seconds
[2025-12-16T15:46:39.346+0000] {processor.py:161} INFO - Started process (PID=359) to work on /opt/airflow/dags/users_elt_daily.py
[2025-12-16T15:46:39.347+0000] {processor.py:830} INFO - Processing file /opt/airflow/dags/users_elt_daily.py for tasks to queue
[2025-12-16T15:46:39.350+0000] {logging_mixin.py:188} INFO - [2025-12-16T15:46:39.349+0000] {dagbag.py:545} INFO - Filling up the DagBag from /opt/airflow/dags/users_elt_daily.py
[2025-12-16T15:46:39.373+0000] {processor.py:840} INFO - DAG(s) 'users_elt_daily' retrieved from /opt/airflow/dags/users_elt_daily.py
[2025-12-16T15:46:39.410+0000] {logging_mixin.py:188} INFO - [2025-12-16T15:46:39.410+0000] {dag.py:3089} INFO - Sync 1 DAGs
[2025-12-16T15:46:39.438+0000] {logging_mixin.py:188} INFO - [2025-12-16T15:46:39.437+0000] {dag.py:3947} INFO - Setting next_dagrun for users_elt_daily to 2025-12-16 00:00:00+00:00, run_after=2025-12-17 00:00:00+00:00
[2025-12-16T15:46:39.463+0000] {processor.py:183} INFO - Processing /opt/airflow/dags/users_elt_daily.py took 0.124 seconds
[2025-12-16T15:47:09.560+0000] {processor.py:161} INFO - Started process (PID=364) to work on /opt/airflow/dags/users_elt_daily.py
[2025-12-16T15:47:09.562+0000] {processor.py:830} INFO - Processing file /opt/airflow/dags/users_elt_daily.py for tasks to queue
[2025-12-16T15:47:09.564+0000] {logging_mixin.py:188} INFO - [2025-12-16T15:47:09.564+0000] {dagbag.py:545} INFO - Filling up the DagBag from /opt/airflow/dags/users_elt_daily.py
[2025-12-16T15:47:09.588+0000] {processor.py:840} INFO - DAG(s) 'users_elt_daily' retrieved from /opt/airflow/dags/users_elt_daily.py
[2025-12-16T15:47:09.625+0000] {logging_mixin.py:188} INFO - [2025-12-16T15:47:09.625+0000] {dag.py:3089} INFO - Sync 1 DAGs
[2025-12-16T15:47:09.652+0000] {logging_mixin.py:188} INFO - [2025-12-16T15:47:09.651+0000] {dag.py:3947} INFO - Setting next_dagrun for users_elt_daily to 2025-12-16 00:00:00+00:00, run_after=2025-12-17 00:00:00+00:00
[2025-12-16T15:47:09.679+0000] {processor.py:183} INFO - Processing /opt/airflow/dags/users_elt_daily.py took 0.125 seconds
[2025-12-16T15:47:39.791+0000] {processor.py:161} INFO - Started process (PID=369) to work on /opt/airflow/dags/users_elt_daily.py
[2025-12-16T15:47:39.793+0000] {processor.py:830} INFO - Processing file /opt/airflow/dags/users_elt_daily.py for tasks to queue
[2025-12-16T15:47:39.796+0000] {logging_mixin.py:188} INFO - [2025-12-16T15:47:39.795+0000] {dagbag.py:545} INFO - Filling up the DagBag from /opt/airflow/dags/users_elt_daily.py
[2025-12-16T15:47:39.824+0000] {processor.py:840} INFO - DAG(s) 'users_elt_daily' retrieved from /opt/airflow/dags/users_elt_daily.py
[2025-12-16T15:47:39.866+0000] {logging_mixin.py:188} INFO - [2025-12-16T15:47:39.865+0000] {dag.py:3089} INFO - Sync 1 DAGs
[2025-12-16T15:47:39.894+0000] {logging_mixin.py:188} INFO - [2025-12-16T15:47:39.893+0000] {dag.py:3947} INFO - Setting next_dagrun for users_elt_daily to 2025-12-16 00:00:00+00:00, run_after=2025-12-17 00:00:00+00:00
[2025-12-16T15:47:39.917+0000] {processor.py:183} INFO - Processing /opt/airflow/dags/users_elt_daily.py took 0.133 seconds
[2025-12-16T15:48:10.010+0000] {processor.py:161} INFO - Started process (PID=374) to work on /opt/airflow/dags/users_elt_daily.py
[2025-12-16T15:48:10.011+0000] {processor.py:830} INFO - Processing file /opt/airflow/dags/users_elt_daily.py for tasks to queue
[2025-12-16T15:48:10.013+0000] {logging_mixin.py:188} INFO - [2025-12-16T15:48:10.013+0000] {dagbag.py:545} INFO - Filling up the DagBag from /opt/airflow/dags/users_elt_daily.py
[2025-12-16T15:48:10.045+0000] {processor.py:840} INFO - DAG(s) 'users_elt_daily' retrieved from /opt/airflow/dags/users_elt_daily.py
[2025-12-16T15:48:10.082+0000] {logging_mixin.py:188} INFO - [2025-12-16T15:48:10.082+0000] {dag.py:3089} INFO - Sync 1 DAGs
[2025-12-16T15:48:10.111+0000] {logging_mixin.py:188} INFO - [2025-12-16T15:48:10.111+0000] {dag.py:3947} INFO - Setting next_dagrun for users_elt_daily to 2025-12-16 00:00:00+00:00, run_after=2025-12-17 00:00:00+00:00
[2025-12-16T15:48:10.140+0000] {processor.py:183} INFO - Processing /opt/airflow/dags/users_elt_daily.py took 0.136 seconds
[2025-12-16T15:48:40.260+0000] {processor.py:161} INFO - Started process (PID=379) to work on /opt/airflow/dags/users_elt_daily.py
[2025-12-16T15:48:40.262+0000] {processor.py:830} INFO - Processing file /opt/airflow/dags/users_elt_daily.py for tasks to queue
[2025-12-16T15:48:40.264+0000] {logging_mixin.py:188} INFO - [2025-12-16T15:48:40.264+0000] {dagbag.py:545} INFO - Filling up the DagBag from /opt/airflow/dags/users_elt_daily.py
[2025-12-16T15:48:40.288+0000] {processor.py:840} INFO - DAG(s) 'users_elt_daily' retrieved from /opt/airflow/dags/users_elt_daily.py
[2025-12-16T15:48:40.320+0000] {logging_mixin.py:188} INFO - [2025-12-16T15:48:40.320+0000] {dag.py:3089} INFO - Sync 1 DAGs
[2025-12-16T15:48:40.348+0000] {logging_mixin.py:188} INFO - [2025-12-16T15:48:40.348+0000] {dag.py:3947} INFO - Setting next_dagrun for users_elt_daily to 2025-12-16 00:00:00+00:00, run_after=2025-12-17 00:00:00+00:00
[2025-12-16T15:48:40.371+0000] {processor.py:183} INFO - Processing /opt/airflow/dags/users_elt_daily.py took 0.117 seconds
[2025-12-16T15:49:10.517+0000] {processor.py:161} INFO - Started process (PID=384) to work on /opt/airflow/dags/users_elt_daily.py
[2025-12-16T15:49:10.518+0000] {processor.py:830} INFO - Processing file /opt/airflow/dags/users_elt_daily.py for tasks to queue
[2025-12-16T15:49:10.521+0000] {logging_mixin.py:188} INFO - [2025-12-16T15:49:10.520+0000] {dagbag.py:545} INFO - Filling up the DagBag from /opt/airflow/dags/users_elt_daily.py
[2025-12-16T15:49:10.544+0000] {processor.py:840} INFO - DAG(s) 'users_elt_daily' retrieved from /opt/airflow/dags/users_elt_daily.py
[2025-12-16T15:49:10.579+0000] {logging_mixin.py:188} INFO - [2025-12-16T15:49:10.579+0000] {dag.py:3089} INFO - Sync 1 DAGs
[2025-12-16T15:49:10.606+0000] {logging_mixin.py:188} INFO - [2025-12-16T15:49:10.606+0000] {dag.py:3947} INFO - Setting next_dagrun for users_elt_daily to 2025-12-16 00:00:00+00:00, run_after=2025-12-17 00:00:00+00:00
[2025-12-16T15:49:10.633+0000] {processor.py:183} INFO - Processing /opt/airflow/dags/users_elt_daily.py took 0.122 seconds
[2025-12-16T15:49:40.698+0000] {processor.py:161} INFO - Started process (PID=389) to work on /opt/airflow/dags/users_elt_daily.py
[2025-12-16T15:49:40.700+0000] {processor.py:830} INFO - Processing file /opt/airflow/dags/users_elt_daily.py for tasks to queue
[2025-12-16T15:49:40.702+0000] {logging_mixin.py:188} INFO - [2025-12-16T15:49:40.702+0000] {dagbag.py:545} INFO - Filling up the DagBag from /opt/airflow/dags/users_elt_daily.py
[2025-12-16T15:49:40.728+0000] {processor.py:840} INFO - DAG(s) 'users_elt_daily' retrieved from /opt/airflow/dags/users_elt_daily.py
[2025-12-16T15:49:40.770+0000] {logging_mixin.py:188} INFO - [2025-12-16T15:49:40.770+0000] {dag.py:3089} INFO - Sync 1 DAGs
[2025-12-16T15:49:40.795+0000] {logging_mixin.py:188} INFO - [2025-12-16T15:49:40.795+0000] {dag.py:3947} INFO - Setting next_dagrun for users_elt_daily to 2025-12-16 00:00:00+00:00, run_after=2025-12-17 00:00:00+00:00
[2025-12-16T15:49:40.836+0000] {processor.py:183} INFO - Processing /opt/airflow/dags/users_elt_daily.py took 0.145 seconds
[2025-12-16T15:50:10.986+0000] {processor.py:161} INFO - Started process (PID=394) to work on /opt/airflow/dags/users_elt_daily.py
[2025-12-16T15:50:10.987+0000] {processor.py:830} INFO - Processing file /opt/airflow/dags/users_elt_daily.py for tasks to queue
[2025-12-16T15:50:10.989+0000] {logging_mixin.py:188} INFO - [2025-12-16T15:50:10.989+0000] {dagbag.py:545} INFO - Filling up the DagBag from /opt/airflow/dags/users_elt_daily.py
[2025-12-16T15:50:11.012+0000] {processor.py:840} INFO - DAG(s) 'users_elt_daily' retrieved from /opt/airflow/dags/users_elt_daily.py
[2025-12-16T15:50:11.050+0000] {logging_mixin.py:188} INFO - [2025-12-16T15:50:11.050+0000] {dag.py:3089} INFO - Sync 1 DAGs
[2025-12-16T15:50:11.077+0000] {logging_mixin.py:188} INFO - [2025-12-16T15:50:11.077+0000] {dag.py:3947} INFO - Setting next_dagrun for users_elt_daily to 2025-12-16 00:00:00+00:00, run_after=2025-12-17 00:00:00+00:00
[2025-12-16T15:50:11.113+0000] {processor.py:183} INFO - Processing /opt/airflow/dags/users_elt_daily.py took 0.133 seconds
[2025-12-16T15:50:41.178+0000] {processor.py:161} INFO - Started process (PID=399) to work on /opt/airflow/dags/users_elt_daily.py
[2025-12-16T15:50:41.179+0000] {processor.py:830} INFO - Processing file /opt/airflow/dags/users_elt_daily.py for tasks to queue
[2025-12-16T15:50:41.182+0000] {logging_mixin.py:188} INFO - [2025-12-16T15:50:41.181+0000] {dagbag.py:545} INFO - Filling up the DagBag from /opt/airflow/dags/users_elt_daily.py
[2025-12-16T15:50:41.207+0000] {processor.py:840} INFO - DAG(s) 'users_elt_daily' retrieved from /opt/airflow/dags/users_elt_daily.py
[2025-12-16T15:50:41.248+0000] {logging_mixin.py:188} INFO - [2025-12-16T15:50:41.248+0000] {dag.py:3089} INFO - Sync 1 DAGs
[2025-12-16T15:50:41.276+0000] {logging_mixin.py:188} INFO - [2025-12-16T15:50:41.276+0000] {dag.py:3947} INFO - Setting next_dagrun for users_elt_daily to 2025-12-16 00:00:00+00:00, run_after=2025-12-17 00:00:00+00:00
[2025-12-16T15:50:41.303+0000] {processor.py:183} INFO - Processing /opt/airflow/dags/users_elt_daily.py took 0.132 seconds
[2025-12-16T15:51:11.482+0000] {processor.py:161} INFO - Started process (PID=404) to work on /opt/airflow/dags/users_elt_daily.py
[2025-12-16T15:51:11.483+0000] {processor.py:830} INFO - Processing file /opt/airflow/dags/users_elt_daily.py for tasks to queue
[2025-12-16T15:51:11.485+0000] {logging_mixin.py:188} INFO - [2025-12-16T15:51:11.485+0000] {dagbag.py:545} INFO - Filling up the DagBag from /opt/airflow/dags/users_elt_daily.py
[2025-12-16T15:51:11.513+0000] {processor.py:840} INFO - DAG(s) 'users_elt_daily' retrieved from /opt/airflow/dags/users_elt_daily.py
[2025-12-16T15:51:11.554+0000] {logging_mixin.py:188} INFO - [2025-12-16T15:51:11.553+0000] {dag.py:3089} INFO - Sync 1 DAGs
[2025-12-16T15:51:11.580+0000] {logging_mixin.py:188} INFO - [2025-12-16T15:51:11.579+0000] {dag.py:3947} INFO - Setting next_dagrun for users_elt_daily to 2025-12-16 00:00:00+00:00, run_after=2025-12-17 00:00:00+00:00
[2025-12-16T15:51:11.603+0000] {processor.py:183} INFO - Processing /opt/airflow/dags/users_elt_daily.py took 0.127 seconds
[2025-12-16T15:51:41.659+0000] {processor.py:161} INFO - Started process (PID=409) to work on /opt/airflow/dags/users_elt_daily.py
[2025-12-16T15:51:41.660+0000] {processor.py:830} INFO - Processing file /opt/airflow/dags/users_elt_daily.py for tasks to queue
[2025-12-16T15:51:41.662+0000] {logging_mixin.py:188} INFO - [2025-12-16T15:51:41.662+0000] {dagbag.py:545} INFO - Filling up the DagBag from /opt/airflow/dags/users_elt_daily.py
[2025-12-16T15:51:41.690+0000] {processor.py:840} INFO - DAG(s) 'users_elt_daily' retrieved from /opt/airflow/dags/users_elt_daily.py
[2025-12-16T15:51:41.732+0000] {logging_mixin.py:188} INFO - [2025-12-16T15:51:41.731+0000] {dag.py:3089} INFO - Sync 1 DAGs
[2025-12-16T15:51:41.759+0000] {logging_mixin.py:188} INFO - [2025-12-16T15:51:41.759+0000] {dag.py:3947} INFO - Setting next_dagrun for users_elt_daily to 2025-12-16 00:00:00+00:00, run_after=2025-12-17 00:00:00+00:00
[2025-12-16T15:51:41.783+0000] {processor.py:183} INFO - Processing /opt/airflow/dags/users_elt_daily.py took 0.131 seconds
[2025-12-16T15:52:11.945+0000] {processor.py:161} INFO - Started process (PID=414) to work on /opt/airflow/dags/users_elt_daily.py
[2025-12-16T15:52:11.946+0000] {processor.py:830} INFO - Processing file /opt/airflow/dags/users_elt_daily.py for tasks to queue
[2025-12-16T15:52:11.948+0000] {logging_mixin.py:188} INFO - [2025-12-16T15:52:11.948+0000] {dagbag.py:545} INFO - Filling up the DagBag from /opt/airflow/dags/users_elt_daily.py
[2025-12-16T15:52:11.975+0000] {processor.py:840} INFO - DAG(s) 'users_elt_daily' retrieved from /opt/airflow/dags/users_elt_daily.py
[2025-12-16T15:52:12.013+0000] {logging_mixin.py:188} INFO - [2025-12-16T15:52:12.013+0000] {dag.py:3089} INFO - Sync 1 DAGs
[2025-12-16T15:52:12.042+0000] {logging_mixin.py:188} INFO - [2025-12-16T15:52:12.042+0000] {dag.py:3947} INFO - Setting next_dagrun for users_elt_daily to 2025-12-16 00:00:00+00:00, run_after=2025-12-17 00:00:00+00:00
[2025-12-16T15:52:12.069+0000] {processor.py:183} INFO - Processing /opt/airflow/dags/users_elt_daily.py took 0.131 seconds
[2025-12-16T15:52:42.264+0000] {processor.py:161} INFO - Started process (PID=419) to work on /opt/airflow/dags/users_elt_daily.py
[2025-12-16T15:52:42.266+0000] {processor.py:830} INFO - Processing file /opt/airflow/dags/users_elt_daily.py for tasks to queue
[2025-12-16T15:52:42.269+0000] {logging_mixin.py:188} INFO - [2025-12-16T15:52:42.268+0000] {dagbag.py:545} INFO - Filling up the DagBag from /opt/airflow/dags/users_elt_daily.py
[2025-12-16T15:52:42.298+0000] {processor.py:840} INFO - DAG(s) 'users_elt_daily' retrieved from /opt/airflow/dags/users_elt_daily.py
[2025-12-16T15:52:42.343+0000] {logging_mixin.py:188} INFO - [2025-12-16T15:52:42.343+0000] {dag.py:3089} INFO - Sync 1 DAGs
[2025-12-16T15:52:42.371+0000] {logging_mixin.py:188} INFO - [2025-12-16T15:52:42.371+0000] {dag.py:3947} INFO - Setting next_dagrun for users_elt_daily to 2025-12-16 00:00:00+00:00, run_after=2025-12-17 00:00:00+00:00
[2025-12-16T15:52:42.399+0000] {processor.py:183} INFO - Processing /opt/airflow/dags/users_elt_daily.py took 0.143 seconds
[2025-12-16T15:53:06.271+0000] {processor.py:161} INFO - Started process (PID=172) to work on /opt/airflow/dags/users_elt_daily.py
[2025-12-16T15:53:06.273+0000] {processor.py:830} INFO - Processing file /opt/airflow/dags/users_elt_daily.py for tasks to queue
[2025-12-16T15:53:06.275+0000] {logging_mixin.py:188} INFO - [2025-12-16T15:53:06.275+0000] {dagbag.py:545} INFO - Filling up the DagBag from /opt/airflow/dags/users_elt_daily.py
[2025-12-16T15:53:06.322+0000] {processor.py:840} INFO - DAG(s) 'users_elt_daily' retrieved from /opt/airflow/dags/users_elt_daily.py
[2025-12-16T15:53:06.391+0000] {logging_mixin.py:188} INFO - [2025-12-16T15:53:06.391+0000] {dag.py:3089} INFO - Sync 1 DAGs
[2025-12-16T15:53:06.417+0000] {logging_mixin.py:188} INFO - [2025-12-16T15:53:06.417+0000] {dag.py:3947} INFO - Setting next_dagrun for users_elt_daily to 2025-12-16 00:00:00+00:00, run_after=2025-12-17 00:00:00+00:00
[2025-12-16T15:53:06.442+0000] {processor.py:183} INFO - Processing /opt/airflow/dags/users_elt_daily.py took 0.176 seconds
[2025-12-16T15:53:36.506+0000] {processor.py:161} INFO - Started process (PID=189) to work on /opt/airflow/dags/users_elt_daily.py
[2025-12-16T15:53:36.507+0000] {processor.py:830} INFO - Processing file /opt/airflow/dags/users_elt_daily.py for tasks to queue
[2025-12-16T15:53:36.510+0000] {logging_mixin.py:188} INFO - [2025-12-16T15:53:36.510+0000] {dagbag.py:545} INFO - Filling up the DagBag from /opt/airflow/dags/users_elt_daily.py
[2025-12-16T15:53:36.539+0000] {processor.py:840} INFO - DAG(s) 'users_elt_daily' retrieved from /opt/airflow/dags/users_elt_daily.py
[2025-12-16T15:53:36.582+0000] {logging_mixin.py:188} INFO - [2025-12-16T15:53:36.582+0000] {dag.py:3089} INFO - Sync 1 DAGs
[2025-12-16T15:53:36.617+0000] {logging_mixin.py:188} INFO - [2025-12-16T15:53:36.617+0000] {dag.py:3947} INFO - Setting next_dagrun for users_elt_daily to 2025-12-16 00:00:00+00:00, run_after=2025-12-17 00:00:00+00:00
[2025-12-16T15:53:36.659+0000] {processor.py:183} INFO - Processing /opt/airflow/dags/users_elt_daily.py took 0.160 seconds
[2025-12-16T15:54:06.806+0000] {processor.py:161} INFO - Started process (PID=200) to work on /opt/airflow/dags/users_elt_daily.py
[2025-12-16T15:54:06.807+0000] {processor.py:830} INFO - Processing file /opt/airflow/dags/users_elt_daily.py for tasks to queue
[2025-12-16T15:54:06.810+0000] {logging_mixin.py:188} INFO - [2025-12-16T15:54:06.810+0000] {dagbag.py:545} INFO - Filling up the DagBag from /opt/airflow/dags/users_elt_daily.py
[2025-12-16T15:54:06.837+0000] {processor.py:840} INFO - DAG(s) 'users_elt_daily' retrieved from /opt/airflow/dags/users_elt_daily.py
[2025-12-16T15:54:06.873+0000] {logging_mixin.py:188} INFO - [2025-12-16T15:54:06.873+0000] {dag.py:3089} INFO - Sync 1 DAGs
[2025-12-16T15:54:06.901+0000] {logging_mixin.py:188} INFO - [2025-12-16T15:54:06.901+0000] {dag.py:3947} INFO - Setting next_dagrun for users_elt_daily to 2025-12-16 00:00:00+00:00, run_after=2025-12-17 00:00:00+00:00
[2025-12-16T15:54:06.940+0000] {processor.py:183} INFO - Processing /opt/airflow/dags/users_elt_daily.py took 0.142 seconds
[2025-12-16T15:54:37.051+0000] {processor.py:161} INFO - Started process (PID=205) to work on /opt/airflow/dags/users_elt_daily.py
[2025-12-16T15:54:37.052+0000] {processor.py:830} INFO - Processing file /opt/airflow/dags/users_elt_daily.py for tasks to queue
[2025-12-16T15:54:37.055+0000] {logging_mixin.py:188} INFO - [2025-12-16T15:54:37.054+0000] {dagbag.py:545} INFO - Filling up the DagBag from /opt/airflow/dags/users_elt_daily.py
[2025-12-16T15:54:37.079+0000] {processor.py:840} INFO - DAG(s) 'users_elt_daily' retrieved from /opt/airflow/dags/users_elt_daily.py
[2025-12-16T15:54:37.115+0000] {logging_mixin.py:188} INFO - [2025-12-16T15:54:37.115+0000] {dag.py:3089} INFO - Sync 1 DAGs
[2025-12-16T15:54:37.142+0000] {logging_mixin.py:188} INFO - [2025-12-16T15:54:37.142+0000] {dag.py:3947} INFO - Setting next_dagrun for users_elt_daily to 2025-12-16 00:00:00+00:00, run_after=2025-12-17 00:00:00+00:00
[2025-12-16T15:54:37.179+0000] {processor.py:183} INFO - Processing /opt/airflow/dags/users_elt_daily.py took 0.135 seconds
[2025-12-16T15:55:07.328+0000] {processor.py:161} INFO - Started process (PID=210) to work on /opt/airflow/dags/users_elt_daily.py
[2025-12-16T15:55:07.329+0000] {processor.py:830} INFO - Processing file /opt/airflow/dags/users_elt_daily.py for tasks to queue
[2025-12-16T15:55:07.332+0000] {logging_mixin.py:188} INFO - [2025-12-16T15:55:07.331+0000] {dagbag.py:545} INFO - Filling up the DagBag from /opt/airflow/dags/users_elt_daily.py
[2025-12-16T15:55:07.355+0000] {processor.py:840} INFO - DAG(s) 'users_elt_daily' retrieved from /opt/airflow/dags/users_elt_daily.py
[2025-12-16T15:55:07.389+0000] {logging_mixin.py:188} INFO - [2025-12-16T15:55:07.389+0000] {dag.py:3089} INFO - Sync 1 DAGs
[2025-12-16T15:55:07.413+0000] {logging_mixin.py:188} INFO - [2025-12-16T15:55:07.413+0000] {dag.py:3947} INFO - Setting next_dagrun for users_elt_daily to 2025-12-16 00:00:00+00:00, run_after=2025-12-17 00:00:00+00:00
[2025-12-16T15:55:07.439+0000] {processor.py:183} INFO - Processing /opt/airflow/dags/users_elt_daily.py took 0.119 seconds
[2025-12-16T15:55:37.557+0000] {processor.py:161} INFO - Started process (PID=215) to work on /opt/airflow/dags/users_elt_daily.py
[2025-12-16T15:55:37.558+0000] {processor.py:830} INFO - Processing file /opt/airflow/dags/users_elt_daily.py for tasks to queue
[2025-12-16T15:55:37.560+0000] {logging_mixin.py:188} INFO - [2025-12-16T15:55:37.560+0000] {dagbag.py:545} INFO - Filling up the DagBag from /opt/airflow/dags/users_elt_daily.py
[2025-12-16T15:55:37.585+0000] {processor.py:840} INFO - DAG(s) 'users_elt_daily' retrieved from /opt/airflow/dags/users_elt_daily.py
[2025-12-16T15:55:37.627+0000] {logging_mixin.py:188} INFO - [2025-12-16T15:55:37.627+0000] {dag.py:3089} INFO - Sync 1 DAGs
[2025-12-16T15:55:37.655+0000] {logging_mixin.py:188} INFO - [2025-12-16T15:55:37.654+0000] {dag.py:3947} INFO - Setting next_dagrun for users_elt_daily to 2025-12-16 00:00:00+00:00, run_after=2025-12-17 00:00:00+00:00
[2025-12-16T15:55:37.679+0000] {processor.py:183} INFO - Processing /opt/airflow/dags/users_elt_daily.py took 0.129 seconds
[2025-12-16T15:56:17.477+0000] {processor.py:161} INFO - Started process (PID=175) to work on /opt/airflow/dags/users_elt_daily.py
[2025-12-16T15:56:17.478+0000] {processor.py:830} INFO - Processing file /opt/airflow/dags/users_elt_daily.py for tasks to queue
[2025-12-16T15:56:17.481+0000] {logging_mixin.py:188} INFO - [2025-12-16T15:56:17.480+0000] {dagbag.py:545} INFO - Filling up the DagBag from /opt/airflow/dags/users_elt_daily.py
[2025-12-16T15:56:17.512+0000] {processor.py:840} INFO - DAG(s) 'users_elt_daily' retrieved from /opt/airflow/dags/users_elt_daily.py
[2025-12-16T15:56:17.565+0000] {logging_mixin.py:188} INFO - [2025-12-16T15:56:17.565+0000] {dag.py:3089} INFO - Sync 1 DAGs
[2025-12-16T15:56:17.589+0000] {logging_mixin.py:188} INFO - [2025-12-16T15:56:17.589+0000] {dag.py:3947} INFO - Setting next_dagrun for users_elt_daily to 2025-12-16 00:00:00+00:00, run_after=2025-12-17 00:00:00+00:00
[2025-12-16T15:56:17.614+0000] {processor.py:183} INFO - Processing /opt/airflow/dags/users_elt_daily.py took 0.143 seconds
[2025-12-16T15:56:47.889+0000] {processor.py:161} INFO - Started process (PID=191) to work on /opt/airflow/dags/users_elt_daily.py
[2025-12-16T15:56:47.890+0000] {processor.py:830} INFO - Processing file /opt/airflow/dags/users_elt_daily.py for tasks to queue
[2025-12-16T15:56:47.893+0000] {logging_mixin.py:188} INFO - [2025-12-16T15:56:47.893+0000] {dagbag.py:545} INFO - Filling up the DagBag from /opt/airflow/dags/users_elt_daily.py
[2025-12-16T15:56:47.918+0000] {processor.py:840} INFO - DAG(s) 'users_elt_daily' retrieved from /opt/airflow/dags/users_elt_daily.py
[2025-12-16T15:56:47.957+0000] {logging_mixin.py:188} INFO - [2025-12-16T15:56:47.956+0000] {dag.py:3089} INFO - Sync 1 DAGs
[2025-12-16T15:56:47.987+0000] {logging_mixin.py:188} INFO - [2025-12-16T15:56:47.987+0000] {dag.py:3947} INFO - Setting next_dagrun for users_elt_daily to 2025-12-16 00:00:00+00:00, run_after=2025-12-17 00:00:00+00:00
[2025-12-16T15:56:48.011+0000] {processor.py:183} INFO - Processing /opt/airflow/dags/users_elt_daily.py took 0.129 seconds
[2025-12-16T15:57:18.201+0000] {processor.py:161} INFO - Started process (PID=207) to work on /opt/airflow/dags/users_elt_daily.py
[2025-12-16T15:57:18.202+0000] {processor.py:830} INFO - Processing file /opt/airflow/dags/users_elt_daily.py for tasks to queue
[2025-12-16T15:57:18.204+0000] {logging_mixin.py:188} INFO - [2025-12-16T15:57:18.204+0000] {dagbag.py:545} INFO - Filling up the DagBag from /opt/airflow/dags/users_elt_daily.py
[2025-12-16T15:57:18.229+0000] {processor.py:840} INFO - DAG(s) 'users_elt_daily' retrieved from /opt/airflow/dags/users_elt_daily.py
[2025-12-16T15:57:18.273+0000] {logging_mixin.py:188} INFO - [2025-12-16T15:57:18.273+0000] {dag.py:3089} INFO - Sync 1 DAGs
[2025-12-16T15:57:18.307+0000] {logging_mixin.py:188} INFO - [2025-12-16T15:57:18.307+0000] {dag.py:3947} INFO - Setting next_dagrun for users_elt_daily to 2025-12-16 00:00:00+00:00, run_after=2025-12-17 00:00:00+00:00
[2025-12-16T15:57:18.333+0000] {processor.py:183} INFO - Processing /opt/airflow/dags/users_elt_daily.py took 0.140 seconds
