[2025-12-16T17:31:27.015+0000] {local_task_job_runner.py:120} INFO - ::group::Pre task execution logs
[2025-12-16T17:31:27.103+0000] {taskinstance.py:2076} INFO - Dependencies all met for dep_context=non-requeueable deps ti=<TaskInstance: users_elt_daily.load_users scheduled__2025-11-06T00:00:00+00:00 [queued]>
[2025-12-16T17:31:27.121+0000] {taskinstance.py:2076} INFO - Dependencies all met for dep_context=requeueable deps ti=<TaskInstance: users_elt_daily.load_users scheduled__2025-11-06T00:00:00+00:00 [queued]>
[2025-12-16T17:31:27.123+0000] {taskinstance.py:2306} INFO - Starting attempt 1 of 1
[2025-12-16T17:31:27.162+0000] {taskinstance.py:2330} INFO - Executing <Task(BashOperator): load_users> on 2025-11-06 00:00:00+00:00
[2025-12-16T17:31:27.181+0000] {logging_mixin.py:188} WARNING - /home/***/.local/lib/python3.12/site-packages/***/task/task_runner/standard_task_runner.py:62 DeprecationWarning: This process (pid=1105) is multi-threaded, use of fork() may lead to deadlocks in the child.
[2025-12-16T17:31:27.184+0000] {standard_task_runner.py:64} INFO - Started process 1118 to run task
[2025-12-16T17:31:27.181+0000] {standard_task_runner.py:90} INFO - Running: ['***', 'tasks', 'run', 'users_elt_daily', 'load_users', 'scheduled__2025-11-06T00:00:00+00:00', '--job-id', '112', '--raw', '--subdir', 'DAGS_FOLDER/users_elt_daily.py', '--cfg-path', '/tmp/tmpbz24n5gh']
[2025-12-16T17:31:27.185+0000] {standard_task_runner.py:91} INFO - Job 112: Subtask load_users
[2025-12-16T17:31:27.337+0000] {task_command.py:426} INFO - Running <TaskInstance: users_elt_daily.load_users scheduled__2025-11-06T00:00:00+00:00 [running]> on host be068e76f4a7
[2025-12-16T17:31:27.527+0000] {taskinstance.py:2648} INFO - Exporting env vars: AIRFLOW_CTX_DAG_OWNER='***' AIRFLOW_CTX_DAG_ID='users_elt_daily' AIRFLOW_CTX_TASK_ID='load_users' AIRFLOW_CTX_EXECUTION_DATE='2025-11-06T00:00:00+00:00' AIRFLOW_CTX_TRY_NUMBER='1' AIRFLOW_CTX_DAG_RUN_ID='scheduled__2025-11-06T00:00:00+00:00'
[2025-12-16T17:31:27.529+0000] {taskinstance.py:430} INFO - ::endgroup::
[2025-12-16T17:31:27.567+0000] {subprocess.py:63} INFO - Tmp dir root location: /tmp
[2025-12-16T17:31:27.570+0000] {subprocess.py:75} INFO - Running command: ['/usr/bin/bash', '-c', 'python /opt/***/scripts/load_users.py --ds 2025-11-06']
[2025-12-16T17:31:27.603+0000] {subprocess.py:86} INFO - Output:
[2025-12-16T17:31:28.176+0000] {subprocess.py:93} INFO - [load_users] ds=2025-11-06 inserted=9 rows
[2025-12-16T17:31:28.217+0000] {subprocess.py:97} INFO - Command exited with return code 0
[2025-12-16T17:31:28.219+0000] {taskinstance.py:441} INFO - ::group::Post task execution logs
[2025-12-16T17:31:28.270+0000] {taskinstance.py:1206} INFO - Marking task as SUCCESS. dag_id=users_elt_daily, task_id=load_users, run_id=scheduled__2025-11-06T00:00:00+00:00, execution_date=20251106T000000, start_date=20251216T173127, end_date=20251216T173128
[2025-12-16T17:31:28.335+0000] {local_task_job_runner.py:243} INFO - Task exited with return code 0
[2025-12-16T17:31:28.372+0000] {taskinstance.py:3503} INFO - 0 downstream tasks scheduled from follow-on schedule check
[2025-12-16T17:31:28.376+0000] {local_task_job_runner.py:222} INFO - ::endgroup::
[2025-12-16T17:40:57.412+0000] {local_task_job_runner.py:120} INFO - ::group::Pre task execution logs
[2025-12-16T17:40:57.507+0000] {taskinstance.py:2076} INFO - Dependencies all met for dep_context=non-requeueable deps ti=<TaskInstance: users_elt_daily.load_users scheduled__2025-11-06T00:00:00+00:00 [queued]>
[2025-12-16T17:40:57.537+0000] {taskinstance.py:2076} INFO - Dependencies all met for dep_context=requeueable deps ti=<TaskInstance: users_elt_daily.load_users scheduled__2025-11-06T00:00:00+00:00 [queued]>
[2025-12-16T17:40:57.544+0000] {taskinstance.py:2306} INFO - Starting attempt 1 of 1
[2025-12-16T17:40:57.589+0000] {taskinstance.py:2330} INFO - Executing <Task(BashOperator): load_users> on 2025-11-06 00:00:00+00:00
[2025-12-16T17:40:57.619+0000] {standard_task_runner.py:90} INFO - Running: ['***', 'tasks', 'run', 'users_elt_daily', 'load_users', 'scheduled__2025-11-06T00:00:00+00:00', '--job-id', '201', '--raw', '--subdir', 'DAGS_FOLDER/users_elt_daily.py', '--cfg-path', '/tmp/tmpkw48xiwb']
[2025-12-16T17:40:57.631+0000] {standard_task_runner.py:91} INFO - Job 201: Subtask load_users
[2025-12-16T17:40:57.632+0000] {logging_mixin.py:188} WARNING - /home/***/.local/lib/python3.12/site-packages/***/task/task_runner/standard_task_runner.py:62 DeprecationWarning: This process (pid=550) is multi-threaded, use of fork() may lead to deadlocks in the child.
[2025-12-16T17:40:57.633+0000] {standard_task_runner.py:64} INFO - Started process 562 to run task
[2025-12-16T17:40:57.800+0000] {task_command.py:426} INFO - Running <TaskInstance: users_elt_daily.load_users scheduled__2025-11-06T00:00:00+00:00 [running]> on host be068e76f4a7
[2025-12-16T17:40:58.049+0000] {taskinstance.py:2648} INFO - Exporting env vars: AIRFLOW_CTX_DAG_OWNER='***' AIRFLOW_CTX_DAG_ID='users_elt_daily' AIRFLOW_CTX_TASK_ID='load_users' AIRFLOW_CTX_EXECUTION_DATE='2025-11-06T00:00:00+00:00' AIRFLOW_CTX_TRY_NUMBER='1' AIRFLOW_CTX_DAG_RUN_ID='scheduled__2025-11-06T00:00:00+00:00'
[2025-12-16T17:40:58.051+0000] {taskinstance.py:430} INFO - ::endgroup::
[2025-12-16T17:40:58.091+0000] {subprocess.py:63} INFO - Tmp dir root location: /tmp
[2025-12-16T17:40:58.097+0000] {subprocess.py:75} INFO - Running command: ['/usr/bin/bash', '-c', 'python /opt/***/scripts/load_users.py --ds 2025-11-06']
[2025-12-16T17:40:58.133+0000] {subprocess.py:86} INFO - Output:
[2025-12-16T17:40:58.583+0000] {subprocess.py:93} INFO - [load_users] ds=2025-11-06 inserted=9 rows
[2025-12-16T17:40:58.617+0000] {subprocess.py:97} INFO - Command exited with return code 0
[2025-12-16T17:40:58.619+0000] {taskinstance.py:441} INFO - ::group::Post task execution logs
[2025-12-16T17:40:58.687+0000] {taskinstance.py:1206} INFO - Marking task as SUCCESS. dag_id=users_elt_daily, task_id=load_users, run_id=scheduled__2025-11-06T00:00:00+00:00, execution_date=20251106T000000, start_date=20251216T174057, end_date=20251216T174058
[2025-12-16T17:40:58.765+0000] {local_task_job_runner.py:243} INFO - Task exited with return code 0
[2025-12-16T17:40:58.784+0000] {local_task_job_runner.py:222} INFO - ::endgroup::
