[2025-12-16T17:31:31.716+0000] {local_task_job_runner.py:120} INFO - ::group::Pre task execution logs
[2025-12-16T17:31:31.761+0000] {taskinstance.py:2076} INFO - Dependencies all met for dep_context=non-requeueable deps ti=<TaskInstance: users_elt_daily.extract_users scheduled__2025-11-18T00:00:00+00:00 [queued]>
[2025-12-16T17:31:31.773+0000] {taskinstance.py:2076} INFO - Dependencies all met for dep_context=requeueable deps ti=<TaskInstance: users_elt_daily.extract_users scheduled__2025-11-18T00:00:00+00:00 [queued]>
[2025-12-16T17:31:31.774+0000] {taskinstance.py:2306} INFO - Starting attempt 1 of 1
[2025-12-16T17:31:31.840+0000] {taskinstance.py:2330} INFO - Executing <Task(BashOperator): extract_users> on 2025-11-18 00:00:00+00:00
[2025-12-16T17:31:31.851+0000] {logging_mixin.py:188} WARNING - /home/***/.local/lib/python3.12/site-packages/***/task/task_runner/standard_task_runner.py:62 DeprecationWarning: This process (pid=1156) is multi-threaded, use of fork() may lead to deadlocks in the child.
[2025-12-16T17:31:31.851+0000] {standard_task_runner.py:90} INFO - Running: ['***', 'tasks', 'run', 'users_elt_daily', 'extract_users', 'scheduled__2025-11-18T00:00:00+00:00', '--job-id', '126', '--raw', '--subdir', 'DAGS_FOLDER/users_elt_daily.py', '--cfg-path', '/tmp/tmpsdlgc3l1']
[2025-12-16T17:31:31.855+0000] {standard_task_runner.py:64} INFO - Started process 1160 to run task
[2025-12-16T17:31:31.855+0000] {standard_task_runner.py:91} INFO - Job 126: Subtask extract_users
[2025-12-16T17:31:31.960+0000] {task_command.py:426} INFO - Running <TaskInstance: users_elt_daily.extract_users scheduled__2025-11-18T00:00:00+00:00 [running]> on host be068e76f4a7
[2025-12-16T17:31:32.118+0000] {taskinstance.py:2648} INFO - Exporting env vars: AIRFLOW_CTX_DAG_OWNER='***' AIRFLOW_CTX_DAG_ID='users_elt_daily' AIRFLOW_CTX_TASK_ID='extract_users' AIRFLOW_CTX_EXECUTION_DATE='2025-11-18T00:00:00+00:00' AIRFLOW_CTX_TRY_NUMBER='1' AIRFLOW_CTX_DAG_RUN_ID='scheduled__2025-11-18T00:00:00+00:00'
[2025-12-16T17:31:32.119+0000] {taskinstance.py:430} INFO - ::endgroup::
[2025-12-16T17:31:32.142+0000] {subprocess.py:63} INFO - Tmp dir root location: /tmp
[2025-12-16T17:31:32.145+0000] {subprocess.py:75} INFO - Running command: ['/usr/bin/bash', '-c', 'python /opt/***/scripts/extract_users.py --ds 2025-11-18']
[2025-12-16T17:31:32.167+0000] {subprocess.py:86} INFO - Output:
[2025-12-16T17:31:32.555+0000] {subprocess.py:93} INFO - [extract_users] ds=2025-11-18 wrote=/opt/***/data/source/users/users_2025-11-18.json new_users=9 last_user_id=237
[2025-12-16T17:31:32.591+0000] {subprocess.py:97} INFO - Command exited with return code 0
[2025-12-16T17:31:32.593+0000] {taskinstance.py:441} INFO - ::group::Post task execution logs
[2025-12-16T17:31:32.690+0000] {taskinstance.py:1206} INFO - Marking task as SUCCESS. dag_id=users_elt_daily, task_id=extract_users, run_id=scheduled__2025-11-18T00:00:00+00:00, execution_date=20251118T000000, start_date=20251216T173131, end_date=20251216T173132
[2025-12-16T17:31:32.919+0000] {local_task_job_runner.py:243} INFO - Task exited with return code 0
[2025-12-16T17:31:32.970+0000] {taskinstance.py:3503} INFO - 1 downstream tasks scheduled from follow-on schedule check
[2025-12-16T17:31:32.975+0000] {local_task_job_runner.py:222} INFO - ::endgroup::
[2025-12-16T17:41:02.454+0000] {local_task_job_runner.py:120} INFO - ::group::Pre task execution logs
[2025-12-16T17:41:02.514+0000] {taskinstance.py:2076} INFO - Dependencies all met for dep_context=non-requeueable deps ti=<TaskInstance: users_elt_daily.extract_users scheduled__2025-11-18T00:00:00+00:00 [queued]>
[2025-12-16T17:41:02.525+0000] {taskinstance.py:2076} INFO - Dependencies all met for dep_context=requeueable deps ti=<TaskInstance: users_elt_daily.extract_users scheduled__2025-11-18T00:00:00+00:00 [queued]>
[2025-12-16T17:41:02.526+0000] {taskinstance.py:2306} INFO - Starting attempt 1 of 1
[2025-12-16T17:41:02.621+0000] {taskinstance.py:2330} INFO - Executing <Task(BashOperator): extract_users> on 2025-11-18 00:00:00+00:00
[2025-12-16T17:41:02.638+0000] {logging_mixin.py:188} WARNING - /home/***/.local/lib/python3.12/site-packages/***/task/task_runner/standard_task_runner.py:62 DeprecationWarning: This process (pid=600) is multi-threaded, use of fork() may lead to deadlocks in the child.
[2025-12-16T17:41:02.638+0000] {standard_task_runner.py:90} INFO - Running: ['***', 'tasks', 'run', 'users_elt_daily', 'extract_users', 'scheduled__2025-11-18T00:00:00+00:00', '--job-id', '217', '--raw', '--subdir', 'DAGS_FOLDER/users_elt_daily.py', '--cfg-path', '/tmp/tmp05mp8hlb']
[2025-12-16T17:41:02.641+0000] {standard_task_runner.py:64} INFO - Started process 609 to run task
[2025-12-16T17:41:02.642+0000] {standard_task_runner.py:91} INFO - Job 217: Subtask extract_users
[2025-12-16T17:41:02.753+0000] {task_command.py:426} INFO - Running <TaskInstance: users_elt_daily.extract_users scheduled__2025-11-18T00:00:00+00:00 [running]> on host be068e76f4a7
[2025-12-16T17:41:02.925+0000] {taskinstance.py:2648} INFO - Exporting env vars: AIRFLOW_CTX_DAG_OWNER='***' AIRFLOW_CTX_DAG_ID='users_elt_daily' AIRFLOW_CTX_TASK_ID='extract_users' AIRFLOW_CTX_EXECUTION_DATE='2025-11-18T00:00:00+00:00' AIRFLOW_CTX_TRY_NUMBER='1' AIRFLOW_CTX_DAG_RUN_ID='scheduled__2025-11-18T00:00:00+00:00'
[2025-12-16T17:41:02.927+0000] {taskinstance.py:430} INFO - ::endgroup::
[2025-12-16T17:41:02.961+0000] {subprocess.py:63} INFO - Tmp dir root location: /tmp
[2025-12-16T17:41:02.965+0000] {subprocess.py:75} INFO - Running command: ['/usr/bin/bash', '-c', 'python /opt/***/scripts/extract_users.py --ds 2025-11-18']
[2025-12-16T17:41:02.992+0000] {subprocess.py:86} INFO - Output:
[2025-12-16T17:41:03.560+0000] {subprocess.py:93} INFO - [extract_users] ds=2025-11-18 already exists -> skip (/opt/***/data/source/users/users_2025-11-18.json)
[2025-12-16T17:41:03.617+0000] {subprocess.py:97} INFO - Command exited with return code 0
[2025-12-16T17:41:03.624+0000] {taskinstance.py:441} INFO - ::group::Post task execution logs
[2025-12-16T17:41:03.740+0000] {taskinstance.py:1206} INFO - Marking task as SUCCESS. dag_id=users_elt_daily, task_id=extract_users, run_id=scheduled__2025-11-18T00:00:00+00:00, execution_date=20251118T000000, start_date=20251216T174102, end_date=20251216T174103
[2025-12-16T17:41:03.879+0000] {local_task_job_runner.py:243} INFO - Task exited with return code 0
[2025-12-16T17:41:03.970+0000] {taskinstance.py:3503} INFO - 1 downstream tasks scheduled from follow-on schedule check
[2025-12-16T17:41:03.981+0000] {local_task_job_runner.py:222} INFO - ::endgroup::
