[2025-12-16T17:31:27.976+0000] {local_task_job_runner.py:120} INFO - ::group::Pre task execution logs
[2025-12-16T17:31:28.052+0000] {taskinstance.py:2076} INFO - Dependencies all met for dep_context=non-requeueable deps ti=<TaskInstance: users_elt_daily.load_users scheduled__2025-11-10T00:00:00+00:00 [queued]>
[2025-12-16T17:31:28.075+0000] {taskinstance.py:2076} INFO - Dependencies all met for dep_context=requeueable deps ti=<TaskInstance: users_elt_daily.load_users scheduled__2025-11-10T00:00:00+00:00 [queued]>
[2025-12-16T17:31:28.077+0000] {taskinstance.py:2306} INFO - Starting attempt 1 of 1
[2025-12-16T17:31:28.104+0000] {taskinstance.py:2330} INFO - Executing <Task(BashOperator): load_users> on 2025-11-10 00:00:00+00:00
[2025-12-16T17:31:28.126+0000] {logging_mixin.py:188} WARNING - /home/***/.local/lib/python3.12/site-packages/***/task/task_runner/standard_task_runner.py:62 DeprecationWarning: This process (pid=1125) is multi-threaded, use of fork() may lead to deadlocks in the child.
[2025-12-16T17:31:28.126+0000] {standard_task_runner.py:90} INFO - Running: ['***', 'tasks', 'run', 'users_elt_daily', 'load_users', 'scheduled__2025-11-10T00:00:00+00:00', '--job-id', '119', '--raw', '--subdir', 'DAGS_FOLDER/users_elt_daily.py', '--cfg-path', '/tmp/tmpma36yts4']
[2025-12-16T17:31:28.131+0000] {standard_task_runner.py:64} INFO - Started process 1135 to run task
[2025-12-16T17:31:28.131+0000] {standard_task_runner.py:91} INFO - Job 119: Subtask load_users
[2025-12-16T17:31:28.267+0000] {task_command.py:426} INFO - Running <TaskInstance: users_elt_daily.load_users scheduled__2025-11-10T00:00:00+00:00 [running]> on host be068e76f4a7
[2025-12-16T17:31:28.451+0000] {taskinstance.py:2648} INFO - Exporting env vars: AIRFLOW_CTX_DAG_OWNER='***' AIRFLOW_CTX_DAG_ID='users_elt_daily' AIRFLOW_CTX_TASK_ID='load_users' AIRFLOW_CTX_EXECUTION_DATE='2025-11-10T00:00:00+00:00' AIRFLOW_CTX_TRY_NUMBER='1' AIRFLOW_CTX_DAG_RUN_ID='scheduled__2025-11-10T00:00:00+00:00'
[2025-12-16T17:31:28.452+0000] {taskinstance.py:430} INFO - ::endgroup::
[2025-12-16T17:31:28.479+0000] {subprocess.py:63} INFO - Tmp dir root location: /tmp
[2025-12-16T17:31:28.482+0000] {subprocess.py:75} INFO - Running command: ['/usr/bin/bash', '-c', 'python /opt/***/scripts/load_users.py --ds 2025-11-10']
[2025-12-16T17:31:28.507+0000] {subprocess.py:86} INFO - Output:
[2025-12-16T17:31:28.892+0000] {subprocess.py:93} INFO - [load_users] ds=2025-11-10 inserted=18 rows
[2025-12-16T17:31:28.911+0000] {subprocess.py:97} INFO - Command exited with return code 0
[2025-12-16T17:31:28.913+0000] {taskinstance.py:441} INFO - ::group::Post task execution logs
[2025-12-16T17:31:28.947+0000] {taskinstance.py:1206} INFO - Marking task as SUCCESS. dag_id=users_elt_daily, task_id=load_users, run_id=scheduled__2025-11-10T00:00:00+00:00, execution_date=20251110T000000, start_date=20251216T173128, end_date=20251216T173128
[2025-12-16T17:31:28.995+0000] {local_task_job_runner.py:243} INFO - Task exited with return code 0
[2025-12-16T17:31:29.016+0000] {taskinstance.py:3503} INFO - 0 downstream tasks scheduled from follow-on schedule check
[2025-12-16T17:31:29.019+0000] {local_task_job_runner.py:222} INFO - ::endgroup::
[2025-12-16T17:40:59.234+0000] {local_task_job_runner.py:120} INFO - ::group::Pre task execution logs
[2025-12-16T17:40:59.298+0000] {taskinstance.py:2076} INFO - Dependencies all met for dep_context=non-requeueable deps ti=<TaskInstance: users_elt_daily.load_users scheduled__2025-11-10T00:00:00+00:00 [queued]>
[2025-12-16T17:40:59.315+0000] {taskinstance.py:2076} INFO - Dependencies all met for dep_context=requeueable deps ti=<TaskInstance: users_elt_daily.load_users scheduled__2025-11-10T00:00:00+00:00 [queued]>
[2025-12-16T17:40:59.316+0000] {taskinstance.py:2306} INFO - Starting attempt 1 of 1
[2025-12-16T17:40:59.342+0000] {taskinstance.py:2330} INFO - Executing <Task(BashOperator): load_users> on 2025-11-10 00:00:00+00:00
[2025-12-16T17:40:59.366+0000] {logging_mixin.py:188} WARNING - /home/***/.local/lib/python3.12/site-packages/***/task/task_runner/standard_task_runner.py:62 DeprecationWarning: This process (pid=580) is multi-threaded, use of fork() may lead to deadlocks in the child.
[2025-12-16T17:40:59.360+0000] {standard_task_runner.py:90} INFO - Running: ['***', 'tasks', 'run', 'users_elt_daily', 'load_users', 'scheduled__2025-11-10T00:00:00+00:00', '--job-id', '210', '--raw', '--subdir', 'DAGS_FOLDER/users_elt_daily.py', '--cfg-path', '/tmp/tmp1yyi8tl2']
[2025-12-16T17:40:59.368+0000] {standard_task_runner.py:64} INFO - Started process 585 to run task
[2025-12-16T17:40:59.369+0000] {standard_task_runner.py:91} INFO - Job 210: Subtask load_users
[2025-12-16T17:40:59.475+0000] {task_command.py:426} INFO - Running <TaskInstance: users_elt_daily.load_users scheduled__2025-11-10T00:00:00+00:00 [running]> on host be068e76f4a7
[2025-12-16T17:40:59.619+0000] {taskinstance.py:2648} INFO - Exporting env vars: AIRFLOW_CTX_DAG_OWNER='***' AIRFLOW_CTX_DAG_ID='users_elt_daily' AIRFLOW_CTX_TASK_ID='load_users' AIRFLOW_CTX_EXECUTION_DATE='2025-11-10T00:00:00+00:00' AIRFLOW_CTX_TRY_NUMBER='1' AIRFLOW_CTX_DAG_RUN_ID='scheduled__2025-11-10T00:00:00+00:00'
[2025-12-16T17:40:59.623+0000] {taskinstance.py:430} INFO - ::endgroup::
[2025-12-16T17:40:59.647+0000] {subprocess.py:63} INFO - Tmp dir root location: /tmp
[2025-12-16T17:40:59.649+0000] {subprocess.py:75} INFO - Running command: ['/usr/bin/bash', '-c', 'python /opt/***/scripts/load_users.py --ds 2025-11-10']
[2025-12-16T17:40:59.671+0000] {subprocess.py:86} INFO - Output:
[2025-12-16T17:41:00.010+0000] {subprocess.py:93} INFO - [load_users] ds=2025-11-10 inserted=18 rows
[2025-12-16T17:41:00.037+0000] {subprocess.py:97} INFO - Command exited with return code 0
[2025-12-16T17:41:00.038+0000] {taskinstance.py:441} INFO - ::group::Post task execution logs
[2025-12-16T17:41:00.081+0000] {taskinstance.py:1206} INFO - Marking task as SUCCESS. dag_id=users_elt_daily, task_id=load_users, run_id=scheduled__2025-11-10T00:00:00+00:00, execution_date=20251110T000000, start_date=20251216T174059, end_date=20251216T174100
[2025-12-16T17:41:00.147+0000] {local_task_job_runner.py:243} INFO - Task exited with return code 0
[2025-12-16T17:41:00.171+0000] {taskinstance.py:3503} INFO - 0 downstream tasks scheduled from follow-on schedule check
[2025-12-16T17:41:00.175+0000] {local_task_job_runner.py:222} INFO - ::endgroup::
