[2025-12-16T17:13:10.085+0000] {local_task_job_runner.py:120} INFO - ::group::Pre task execution logs
[2025-12-16T17:13:10.155+0000] {taskinstance.py:2076} INFO - Dependencies all met for dep_context=non-requeueable deps ti=<TaskInstance: invoices_elt_daily.extract_invoices scheduled__2025-12-08T00:00:00+00:00 [queued]>
[2025-12-16T17:13:10.181+0000] {taskinstance.py:2076} INFO - Dependencies all met for dep_context=requeueable deps ti=<TaskInstance: invoices_elt_daily.extract_invoices scheduled__2025-12-08T00:00:00+00:00 [queued]>
[2025-12-16T17:13:10.183+0000] {taskinstance.py:2306} INFO - Starting attempt 1 of 1
[2025-12-16T17:13:10.221+0000] {taskinstance.py:2330} INFO - Executing <Task(BashOperator): extract_invoices> on 2025-12-08 00:00:00+00:00
[2025-12-16T17:13:10.244+0000] {standard_task_runner.py:90} INFO - Running: ['***', 'tasks', 'run', 'invoices_elt_daily', 'extract_invoices', 'scheduled__2025-12-08T00:00:00+00:00', '--job-id', '68', '--raw', '--subdir', 'DAGS_FOLDER/invoices_elt_daily.py', '--cfg-path', '/tmp/tmpwsmydym0']
[2025-12-16T17:13:10.250+0000] {standard_task_runner.py:91} INFO - Job 68: Subtask extract_invoices
[2025-12-16T17:13:10.253+0000] {logging_mixin.py:188} WARNING - /home/***/.local/lib/python3.12/site-packages/***/task/task_runner/standard_task_runner.py:62 DeprecationWarning: This process (pid=251) is multi-threaded, use of fork() may lead to deadlocks in the child.
[2025-12-16T17:13:10.254+0000] {standard_task_runner.py:64} INFO - Started process 258 to run task
[2025-12-16T17:13:10.419+0000] {task_command.py:426} INFO - Running <TaskInstance: invoices_elt_daily.extract_invoices scheduled__2025-12-08T00:00:00+00:00 [running]> on host be068e76f4a7
[2025-12-16T17:13:10.668+0000] {taskinstance.py:2648} INFO - Exporting env vars: AIRFLOW_CTX_DAG_OWNER='***' AIRFLOW_CTX_DAG_ID='invoices_elt_daily' AIRFLOW_CTX_TASK_ID='extract_invoices' AIRFLOW_CTX_EXECUTION_DATE='2025-12-08T00:00:00+00:00' AIRFLOW_CTX_TRY_NUMBER='1' AIRFLOW_CTX_DAG_RUN_ID='scheduled__2025-12-08T00:00:00+00:00'
[2025-12-16T17:13:10.671+0000] {taskinstance.py:430} INFO - ::endgroup::
[2025-12-16T17:13:10.719+0000] {subprocess.py:63} INFO - Tmp dir root location: /tmp
[2025-12-16T17:13:10.725+0000] {subprocess.py:75} INFO - Running command: ['/usr/bin/bash', '-c', 'python /opt/***/scripts/extract_invoices.py --ds 2025-12-08']
[2025-12-16T17:13:10.758+0000] {subprocess.py:86} INFO - Output:
[2025-12-16T17:13:11.447+0000] {subprocess.py:93} INFO - [extract_invoices] ds=2025-12-08 not billing day -> wrote empty file
[2025-12-16T17:13:11.494+0000] {subprocess.py:97} INFO - Command exited with return code 0
[2025-12-16T17:13:11.500+0000] {taskinstance.py:441} INFO - ::group::Post task execution logs
[2025-12-16T17:13:11.568+0000] {taskinstance.py:1206} INFO - Marking task as SUCCESS. dag_id=invoices_elt_daily, task_id=extract_invoices, run_id=scheduled__2025-12-08T00:00:00+00:00, execution_date=20251208T000000, start_date=20251216T171310, end_date=20251216T171311
[2025-12-16T17:13:11.654+0000] {local_task_job_runner.py:243} INFO - Task exited with return code 0
[2025-12-16T17:13:11.691+0000] {local_task_job_runner.py:222} INFO - ::endgroup::
[2025-12-16T17:41:34.424+0000] {local_task_job_runner.py:120} INFO - ::group::Pre task execution logs
[2025-12-16T17:41:34.516+0000] {taskinstance.py:2076} INFO - Dependencies all met for dep_context=non-requeueable deps ti=<TaskInstance: invoices_elt_daily.extract_invoices scheduled__2025-12-08T00:00:00+00:00 [queued]>
[2025-12-16T17:41:34.539+0000] {taskinstance.py:2076} INFO - Dependencies all met for dep_context=requeueable deps ti=<TaskInstance: invoices_elt_daily.extract_invoices scheduled__2025-12-08T00:00:00+00:00 [queued]>
[2025-12-16T17:41:34.541+0000] {taskinstance.py:2306} INFO - Starting attempt 1 of 1
[2025-12-16T17:41:34.578+0000] {taskinstance.py:2330} INFO - Executing <Task(BashOperator): extract_invoices> on 2025-12-08 00:00:00+00:00
[2025-12-16T17:41:34.598+0000] {logging_mixin.py:188} WARNING - /home/***/.local/lib/python3.12/site-packages/***/task/task_runner/standard_task_runner.py:62 DeprecationWarning: This process (pid=995) is multi-threaded, use of fork() may lead to deadlocks in the child.
[2025-12-16T17:41:34.601+0000] {standard_task_runner.py:64} INFO - Started process 1002 to run task
[2025-12-16T17:41:34.599+0000] {standard_task_runner.py:90} INFO - Running: ['***', 'tasks', 'run', 'invoices_elt_daily', 'extract_invoices', 'scheduled__2025-12-08T00:00:00+00:00', '--job-id', '342', '--raw', '--subdir', 'DAGS_FOLDER/invoices_elt_daily.py', '--cfg-path', '/tmp/tmps9mfb3kh']
[2025-12-16T17:41:34.603+0000] {standard_task_runner.py:91} INFO - Job 342: Subtask extract_invoices
[2025-12-16T17:41:34.755+0000] {task_command.py:426} INFO - Running <TaskInstance: invoices_elt_daily.extract_invoices scheduled__2025-12-08T00:00:00+00:00 [running]> on host be068e76f4a7
[2025-12-16T17:41:34.996+0000] {taskinstance.py:2648} INFO - Exporting env vars: AIRFLOW_CTX_DAG_OWNER='***' AIRFLOW_CTX_DAG_ID='invoices_elt_daily' AIRFLOW_CTX_TASK_ID='extract_invoices' AIRFLOW_CTX_EXECUTION_DATE='2025-12-08T00:00:00+00:00' AIRFLOW_CTX_TRY_NUMBER='1' AIRFLOW_CTX_DAG_RUN_ID='scheduled__2025-12-08T00:00:00+00:00'
[2025-12-16T17:41:35.000+0000] {taskinstance.py:430} INFO - ::endgroup::
[2025-12-16T17:41:35.033+0000] {subprocess.py:63} INFO - Tmp dir root location: /tmp
[2025-12-16T17:41:35.037+0000] {subprocess.py:75} INFO - Running command: ['/usr/bin/bash', '-c', 'python /opt/***/scripts/extract_invoices.py --ds 2025-12-08']
[2025-12-16T17:41:35.069+0000] {subprocess.py:86} INFO - Output:
[2025-12-16T17:41:35.622+0000] {subprocess.py:93} INFO - [extract_invoices] ds=2025-12-08 already exists -> skip
[2025-12-16T17:41:35.673+0000] {subprocess.py:97} INFO - Command exited with return code 0
[2025-12-16T17:41:35.678+0000] {taskinstance.py:441} INFO - ::group::Post task execution logs
[2025-12-16T17:41:35.755+0000] {taskinstance.py:1206} INFO - Marking task as SUCCESS. dag_id=invoices_elt_daily, task_id=extract_invoices, run_id=scheduled__2025-12-08T00:00:00+00:00, execution_date=20251208T000000, start_date=20251216T174134, end_date=20251216T174135
[2025-12-16T17:41:35.980+0000] {local_task_job_runner.py:243} INFO - Task exited with return code 0
[2025-12-16T17:41:36.037+0000] {taskinstance.py:3503} INFO - 1 downstream tasks scheduled from follow-on schedule check
[2025-12-16T17:41:36.051+0000] {local_task_job_runner.py:222} INFO - ::endgroup::
