[2025-12-16T17:31:32.321+0000] {local_task_job_runner.py:120} INFO - ::group::Pre task execution logs
[2025-12-16T17:31:32.382+0000] {taskinstance.py:2076} INFO - Dependencies all met for dep_context=non-requeueable deps ti=<TaskInstance: users_elt_daily.extract_users scheduled__2025-11-23T00:00:00+00:00 [queued]>
[2025-12-16T17:31:32.397+0000] {taskinstance.py:2076} INFO - Dependencies all met for dep_context=requeueable deps ti=<TaskInstance: users_elt_daily.extract_users scheduled__2025-11-23T00:00:00+00:00 [queued]>
[2025-12-16T17:31:32.398+0000] {taskinstance.py:2306} INFO - Starting attempt 1 of 1
[2025-12-16T17:31:32.516+0000] {taskinstance.py:2330} INFO - Executing <Task(BashOperator): extract_users> on 2025-11-23 00:00:00+00:00
[2025-12-16T17:31:32.552+0000] {logging_mixin.py:188} WARNING - /home/***/.local/lib/python3.12/site-packages/***/task/task_runner/standard_task_runner.py:62 DeprecationWarning: This process (pid=1164) is multi-threaded, use of fork() may lead to deadlocks in the child.
[2025-12-16T17:31:32.555+0000] {standard_task_runner.py:64} INFO - Started process 1173 to run task
[2025-12-16T17:31:32.552+0000] {standard_task_runner.py:90} INFO - Running: ['***', 'tasks', 'run', 'users_elt_daily', 'extract_users', 'scheduled__2025-11-23T00:00:00+00:00', '--job-id', '131', '--raw', '--subdir', 'DAGS_FOLDER/users_elt_daily.py', '--cfg-path', '/tmp/tmpdocguk4z']
[2025-12-16T17:31:32.558+0000] {standard_task_runner.py:91} INFO - Job 131: Subtask extract_users
[2025-12-16T17:31:32.742+0000] {task_command.py:426} INFO - Running <TaskInstance: users_elt_daily.extract_users scheduled__2025-11-23T00:00:00+00:00 [running]> on host be068e76f4a7
[2025-12-16T17:31:32.982+0000] {taskinstance.py:2648} INFO - Exporting env vars: AIRFLOW_CTX_DAG_OWNER='***' AIRFLOW_CTX_DAG_ID='users_elt_daily' AIRFLOW_CTX_TASK_ID='extract_users' AIRFLOW_CTX_EXECUTION_DATE='2025-11-23T00:00:00+00:00' AIRFLOW_CTX_TRY_NUMBER='1' AIRFLOW_CTX_DAG_RUN_ID='scheduled__2025-11-23T00:00:00+00:00'
[2025-12-16T17:31:32.984+0000] {taskinstance.py:430} INFO - ::endgroup::
[2025-12-16T17:31:33.023+0000] {subprocess.py:63} INFO - Tmp dir root location: /tmp
[2025-12-16T17:31:33.026+0000] {subprocess.py:75} INFO - Running command: ['/usr/bin/bash', '-c', 'python /opt/***/scripts/extract_users.py --ds 2025-11-23']
[2025-12-16T17:31:33.104+0000] {subprocess.py:86} INFO - Output:
[2025-12-16T17:31:33.992+0000] {subprocess.py:93} INFO - [extract_users] ds=2025-11-23 wrote=/opt/***/data/source/users/users_2025-11-23.json new_users=8 last_user_id=293
[2025-12-16T17:31:34.030+0000] {subprocess.py:97} INFO - Command exited with return code 0
[2025-12-16T17:31:34.034+0000] {taskinstance.py:441} INFO - ::group::Post task execution logs
[2025-12-16T17:31:34.118+0000] {taskinstance.py:1206} INFO - Marking task as SUCCESS. dag_id=users_elt_daily, task_id=extract_users, run_id=scheduled__2025-11-23T00:00:00+00:00, execution_date=20251123T000000, start_date=20251216T173132, end_date=20251216T173134
[2025-12-16T17:31:34.385+0000] {local_task_job_runner.py:243} INFO - Task exited with return code 0
[2025-12-16T17:31:34.438+0000] {local_task_job_runner.py:222} INFO - ::endgroup::
[2025-12-16T17:41:03.712+0000] {local_task_job_runner.py:120} INFO - ::group::Pre task execution logs
[2025-12-16T17:41:03.859+0000] {taskinstance.py:2076} INFO - Dependencies all met for dep_context=non-requeueable deps ti=<TaskInstance: users_elt_daily.extract_users scheduled__2025-11-23T00:00:00+00:00 [queued]>
[2025-12-16T17:41:03.907+0000] {taskinstance.py:2076} INFO - Dependencies all met for dep_context=requeueable deps ti=<TaskInstance: users_elt_daily.extract_users scheduled__2025-11-23T00:00:00+00:00 [queued]>
[2025-12-16T17:41:03.910+0000] {taskinstance.py:2306} INFO - Starting attempt 1 of 1
[2025-12-16T17:41:03.984+0000] {taskinstance.py:2330} INFO - Executing <Task(BashOperator): extract_users> on 2025-11-23 00:00:00+00:00
[2025-12-16T17:41:04.015+0000] {logging_mixin.py:188} WARNING - /home/***/.local/lib/python3.12/site-packages/***/task/task_runner/standard_task_runner.py:62 DeprecationWarning: This process (pid=617) is multi-threaded, use of fork() may lead to deadlocks in the child.
[2025-12-16T17:41:04.018+0000] {standard_task_runner.py:64} INFO - Started process 629 to run task
[2025-12-16T17:41:04.009+0000] {standard_task_runner.py:90} INFO - Running: ['***', 'tasks', 'run', 'users_elt_daily', 'extract_users', 'scheduled__2025-11-23T00:00:00+00:00', '--job-id', '223', '--raw', '--subdir', 'DAGS_FOLDER/users_elt_daily.py', '--cfg-path', '/tmp/tmpfhfvlwjc']
[2025-12-16T17:41:04.024+0000] {standard_task_runner.py:91} INFO - Job 223: Subtask extract_users
[2025-12-16T17:41:04.214+0000] {task_command.py:426} INFO - Running <TaskInstance: users_elt_daily.extract_users scheduled__2025-11-23T00:00:00+00:00 [running]> on host be068e76f4a7
[2025-12-16T17:41:04.477+0000] {taskinstance.py:2648} INFO - Exporting env vars: AIRFLOW_CTX_DAG_OWNER='***' AIRFLOW_CTX_DAG_ID='users_elt_daily' AIRFLOW_CTX_TASK_ID='extract_users' AIRFLOW_CTX_EXECUTION_DATE='2025-11-23T00:00:00+00:00' AIRFLOW_CTX_TRY_NUMBER='1' AIRFLOW_CTX_DAG_RUN_ID='scheduled__2025-11-23T00:00:00+00:00'
[2025-12-16T17:41:04.479+0000] {taskinstance.py:430} INFO - ::endgroup::
[2025-12-16T17:41:04.516+0000] {subprocess.py:63} INFO - Tmp dir root location: /tmp
[2025-12-16T17:41:04.519+0000] {subprocess.py:75} INFO - Running command: ['/usr/bin/bash', '-c', 'python /opt/***/scripts/extract_users.py --ds 2025-11-23']
[2025-12-16T17:41:04.560+0000] {subprocess.py:86} INFO - Output:
[2025-12-16T17:41:05.107+0000] {subprocess.py:93} INFO - [extract_users] ds=2025-11-23 already exists -> skip (/opt/***/data/source/users/users_2025-11-23.json)
[2025-12-16T17:41:05.138+0000] {subprocess.py:97} INFO - Command exited with return code 0
[2025-12-16T17:41:05.140+0000] {taskinstance.py:441} INFO - ::group::Post task execution logs
[2025-12-16T17:41:05.196+0000] {taskinstance.py:1206} INFO - Marking task as SUCCESS. dag_id=users_elt_daily, task_id=extract_users, run_id=scheduled__2025-11-23T00:00:00+00:00, execution_date=20251123T000000, start_date=20251216T174103, end_date=20251216T174105
[2025-12-16T17:41:05.287+0000] {local_task_job_runner.py:243} INFO - Task exited with return code 0
[2025-12-16T17:41:05.355+0000] {taskinstance.py:3503} INFO - 1 downstream tasks scheduled from follow-on schedule check
[2025-12-16T17:41:05.363+0000] {local_task_job_runner.py:222} INFO - ::endgroup::
