[2025-12-16T17:31:32.790+0000] {local_task_job_runner.py:120} INFO - ::group::Pre task execution logs
[2025-12-16T17:31:32.878+0000] {taskinstance.py:2076} INFO - Dependencies all met for dep_context=non-requeueable deps ti=<TaskInstance: users_elt_daily.extract_users scheduled__2025-11-25T00:00:00+00:00 [queued]>
[2025-12-16T17:31:32.903+0000] {taskinstance.py:2076} INFO - Dependencies all met for dep_context=requeueable deps ti=<TaskInstance: users_elt_daily.extract_users scheduled__2025-11-25T00:00:00+00:00 [queued]>
[2025-12-16T17:31:32.906+0000] {taskinstance.py:2306} INFO - Starting attempt 1 of 1
[2025-12-16T17:31:32.942+0000] {taskinstance.py:2330} INFO - Executing <Task(BashOperator): extract_users> on 2025-11-25 00:00:00+00:00
[2025-12-16T17:31:32.962+0000] {logging_mixin.py:188} WARNING - /home/***/.local/lib/python3.12/site-packages/***/task/task_runner/standard_task_runner.py:62 DeprecationWarning: This process (pid=1171) is multi-threaded, use of fork() may lead to deadlocks in the child.
[2025-12-16T17:31:32.961+0000] {standard_task_runner.py:90} INFO - Running: ['***', 'tasks', 'run', 'users_elt_daily', 'extract_users', 'scheduled__2025-11-25T00:00:00+00:00', '--job-id', '133', '--raw', '--subdir', 'DAGS_FOLDER/users_elt_daily.py', '--cfg-path', '/tmp/tmp_ks_nc4y']
[2025-12-16T17:31:32.965+0000] {standard_task_runner.py:64} INFO - Started process 1178 to run task
[2025-12-16T17:31:32.966+0000] {standard_task_runner.py:91} INFO - Job 133: Subtask extract_users
[2025-12-16T17:31:33.193+0000] {task_command.py:426} INFO - Running <TaskInstance: users_elt_daily.extract_users scheduled__2025-11-25T00:00:00+00:00 [running]> on host be068e76f4a7
[2025-12-16T17:31:33.670+0000] {taskinstance.py:2648} INFO - Exporting env vars: AIRFLOW_CTX_DAG_OWNER='***' AIRFLOW_CTX_DAG_ID='users_elt_daily' AIRFLOW_CTX_TASK_ID='extract_users' AIRFLOW_CTX_EXECUTION_DATE='2025-11-25T00:00:00+00:00' AIRFLOW_CTX_TRY_NUMBER='1' AIRFLOW_CTX_DAG_RUN_ID='scheduled__2025-11-25T00:00:00+00:00'
[2025-12-16T17:31:33.675+0000] {taskinstance.py:430} INFO - ::endgroup::
[2025-12-16T17:31:33.722+0000] {subprocess.py:63} INFO - Tmp dir root location: /tmp
[2025-12-16T17:31:33.730+0000] {subprocess.py:75} INFO - Running command: ['/usr/bin/bash', '-c', 'python /opt/***/scripts/extract_users.py --ds 2025-11-25']
[2025-12-16T17:31:33.781+0000] {subprocess.py:86} INFO - Output:
[2025-12-16T17:31:34.538+0000] {subprocess.py:93} INFO - [extract_users] ds=2025-11-25 wrote=/opt/***/data/source/users/users_2025-11-25.json new_users=19 last_user_id=327
[2025-12-16T17:31:34.577+0000] {subprocess.py:97} INFO - Command exited with return code 0
[2025-12-16T17:31:34.579+0000] {taskinstance.py:441} INFO - ::group::Post task execution logs
[2025-12-16T17:31:34.646+0000] {taskinstance.py:1206} INFO - Marking task as SUCCESS. dag_id=users_elt_daily, task_id=extract_users, run_id=scheduled__2025-11-25T00:00:00+00:00, execution_date=20251125T000000, start_date=20251216T173132, end_date=20251216T173134
[2025-12-16T17:31:34.727+0000] {local_task_job_runner.py:243} INFO - Task exited with return code 0
[2025-12-16T17:31:34.803+0000] {taskinstance.py:3503} INFO - 1 downstream tasks scheduled from follow-on schedule check
[2025-12-16T17:31:34.833+0000] {local_task_job_runner.py:222} INFO - ::endgroup::
[2025-12-16T17:41:04.465+0000] {local_task_job_runner.py:120} INFO - ::group::Pre task execution logs
[2025-12-16T17:41:04.564+0000] {taskinstance.py:2076} INFO - Dependencies all met for dep_context=non-requeueable deps ti=<TaskInstance: users_elt_daily.extract_users scheduled__2025-11-25T00:00:00+00:00 [queued]>
[2025-12-16T17:41:04.587+0000] {taskinstance.py:2076} INFO - Dependencies all met for dep_context=requeueable deps ti=<TaskInstance: users_elt_daily.extract_users scheduled__2025-11-25T00:00:00+00:00 [queued]>
[2025-12-16T17:41:04.588+0000] {taskinstance.py:2306} INFO - Starting attempt 1 of 1
[2025-12-16T17:41:04.798+0000] {taskinstance.py:2330} INFO - Executing <Task(BashOperator): extract_users> on 2025-11-25 00:00:00+00:00
[2025-12-16T17:41:04.822+0000] {logging_mixin.py:188} WARNING - /home/***/.local/lib/python3.12/site-packages/***/task/task_runner/standard_task_runner.py:62 DeprecationWarning: This process (pid=626) is multi-threaded, use of fork() may lead to deadlocks in the child.
[2025-12-16T17:41:04.825+0000] {standard_task_runner.py:64} INFO - Started process 636 to run task
[2025-12-16T17:41:04.824+0000] {standard_task_runner.py:90} INFO - Running: ['***', 'tasks', 'run', 'users_elt_daily', 'extract_users', 'scheduled__2025-11-25T00:00:00+00:00', '--job-id', '226', '--raw', '--subdir', 'DAGS_FOLDER/users_elt_daily.py', '--cfg-path', '/tmp/tmppcp2fxa9']
[2025-12-16T17:41:04.828+0000] {standard_task_runner.py:91} INFO - Job 226: Subtask extract_users
[2025-12-16T17:41:05.011+0000] {task_command.py:426} INFO - Running <TaskInstance: users_elt_daily.extract_users scheduled__2025-11-25T00:00:00+00:00 [running]> on host be068e76f4a7
[2025-12-16T17:41:05.223+0000] {taskinstance.py:2648} INFO - Exporting env vars: AIRFLOW_CTX_DAG_OWNER='***' AIRFLOW_CTX_DAG_ID='users_elt_daily' AIRFLOW_CTX_TASK_ID='extract_users' AIRFLOW_CTX_EXECUTION_DATE='2025-11-25T00:00:00+00:00' AIRFLOW_CTX_TRY_NUMBER='1' AIRFLOW_CTX_DAG_RUN_ID='scheduled__2025-11-25T00:00:00+00:00'
[2025-12-16T17:41:05.225+0000] {taskinstance.py:430} INFO - ::endgroup::
[2025-12-16T17:41:05.259+0000] {subprocess.py:63} INFO - Tmp dir root location: /tmp
[2025-12-16T17:41:05.262+0000] {subprocess.py:75} INFO - Running command: ['/usr/bin/bash', '-c', 'python /opt/***/scripts/extract_users.py --ds 2025-11-25']
[2025-12-16T17:41:05.303+0000] {subprocess.py:86} INFO - Output:
[2025-12-16T17:41:05.914+0000] {subprocess.py:93} INFO - [extract_users] ds=2025-11-25 already exists -> skip (/opt/***/data/source/users/users_2025-11-25.json)
[2025-12-16T17:41:05.939+0000] {subprocess.py:97} INFO - Command exited with return code 0
[2025-12-16T17:41:05.941+0000] {taskinstance.py:441} INFO - ::group::Post task execution logs
[2025-12-16T17:41:06.006+0000] {taskinstance.py:1206} INFO - Marking task as SUCCESS. dag_id=users_elt_daily, task_id=extract_users, run_id=scheduled__2025-11-25T00:00:00+00:00, execution_date=20251125T000000, start_date=20251216T174104, end_date=20251216T174106
[2025-12-16T17:41:06.113+0000] {local_task_job_runner.py:243} INFO - Task exited with return code 0
[2025-12-16T17:41:06.146+0000] {local_task_job_runner.py:222} INFO - ::endgroup::
