[2025-12-16T17:13:13.708+0000] {local_task_job_runner.py:120} INFO - ::group::Pre task execution logs
[2025-12-16T17:13:13.819+0000] {taskinstance.py:2076} INFO - Dependencies all met for dep_context=non-requeueable deps ti=<TaskInstance: invoices_elt_daily.load_invoices scheduled__2025-12-10T00:00:00+00:00 [queued]>
[2025-12-16T17:13:13.843+0000] {taskinstance.py:2076} INFO - Dependencies all met for dep_context=requeueable deps ti=<TaskInstance: invoices_elt_daily.load_invoices scheduled__2025-12-10T00:00:00+00:00 [queued]>
[2025-12-16T17:13:13.845+0000] {taskinstance.py:2306} INFO - Starting attempt 1 of 1
[2025-12-16T17:13:14.047+0000] {taskinstance.py:2330} INFO - Executing <Task(BashOperator): load_invoices> on 2025-12-10 00:00:00+00:00
[2025-12-16T17:13:14.070+0000] {standard_task_runner.py:90} INFO - Running: ['***', 'tasks', 'run', 'invoices_elt_daily', 'load_invoices', 'scheduled__2025-12-10T00:00:00+00:00', '--job-id', '86', '--raw', '--subdir', 'DAGS_FOLDER/invoices_elt_daily.py', '--cfg-path', '/tmp/tmppyt7cr22']
[2025-12-16T17:13:14.075+0000] {standard_task_runner.py:91} INFO - Job 86: Subtask load_invoices
[2025-12-16T17:13:14.074+0000] {logging_mixin.py:188} WARNING - /home/***/.local/lib/python3.12/site-packages/***/task/task_runner/standard_task_runner.py:62 DeprecationWarning: This process (pid=319) is multi-threaded, use of fork() may lead to deadlocks in the child.
[2025-12-16T17:13:14.077+0000] {standard_task_runner.py:64} INFO - Started process 332 to run task
[2025-12-16T17:13:14.212+0000] {task_command.py:426} INFO - Running <TaskInstance: invoices_elt_daily.load_invoices scheduled__2025-12-10T00:00:00+00:00 [running]> on host be068e76f4a7
[2025-12-16T17:13:14.398+0000] {taskinstance.py:2648} INFO - Exporting env vars: AIRFLOW_CTX_DAG_OWNER='***' AIRFLOW_CTX_DAG_ID='invoices_elt_daily' AIRFLOW_CTX_TASK_ID='load_invoices' AIRFLOW_CTX_EXECUTION_DATE='2025-12-10T00:00:00+00:00' AIRFLOW_CTX_TRY_NUMBER='1' AIRFLOW_CTX_DAG_RUN_ID='scheduled__2025-12-10T00:00:00+00:00'
[2025-12-16T17:13:14.400+0000] {taskinstance.py:430} INFO - ::endgroup::
[2025-12-16T17:13:14.432+0000] {subprocess.py:63} INFO - Tmp dir root location: /tmp
[2025-12-16T17:13:14.435+0000] {subprocess.py:75} INFO - Running command: ['/usr/bin/bash', '-c', 'python /opt/***/scripts/load_invoices.py --ds 2025-12-10']
[2025-12-16T17:13:14.463+0000] {subprocess.py:86} INFO - Output:
[2025-12-16T17:13:14.930+0000] {subprocess.py:93} INFO - [load_invoices] ds=2025-12-10 inserted=0
[2025-12-16T17:13:14.953+0000] {subprocess.py:97} INFO - Command exited with return code 0
[2025-12-16T17:13:14.954+0000] {taskinstance.py:441} INFO - ::group::Post task execution logs
[2025-12-16T17:13:14.996+0000] {taskinstance.py:1206} INFO - Marking task as SUCCESS. dag_id=invoices_elt_daily, task_id=load_invoices, run_id=scheduled__2025-12-10T00:00:00+00:00, execution_date=20251210T000000, start_date=20251216T171313, end_date=20251216T171314
[2025-12-16T17:13:15.058+0000] {local_task_job_runner.py:243} INFO - Task exited with return code 0
[2025-12-16T17:13:15.081+0000] {taskinstance.py:3503} INFO - 0 downstream tasks scheduled from follow-on schedule check
[2025-12-16T17:13:15.084+0000] {local_task_job_runner.py:222} INFO - ::endgroup::
[2025-12-16T17:41:37.203+0000] {local_task_job_runner.py:120} INFO - ::group::Pre task execution logs
[2025-12-16T17:41:37.274+0000] {taskinstance.py:2076} INFO - Dependencies all met for dep_context=non-requeueable deps ti=<TaskInstance: invoices_elt_daily.load_invoices scheduled__2025-12-10T00:00:00+00:00 [queued]>
[2025-12-16T17:41:37.292+0000] {taskinstance.py:2076} INFO - Dependencies all met for dep_context=requeueable deps ti=<TaskInstance: invoices_elt_daily.load_invoices scheduled__2025-12-10T00:00:00+00:00 [queued]>
[2025-12-16T17:41:37.294+0000] {taskinstance.py:2306} INFO - Starting attempt 1 of 1
[2025-12-16T17:41:37.325+0000] {taskinstance.py:2330} INFO - Executing <Task(BashOperator): load_invoices> on 2025-12-10 00:00:00+00:00
[2025-12-16T17:41:37.342+0000] {logging_mixin.py:188} WARNING - /home/***/.local/lib/python3.12/site-packages/***/task/task_runner/standard_task_runner.py:62 DeprecationWarning: This process (pid=1040) is multi-threaded, use of fork() may lead to deadlocks in the child.
[2025-12-16T17:41:37.342+0000] {standard_task_runner.py:90} INFO - Running: ['***', 'tasks', 'run', 'invoices_elt_daily', 'load_invoices', 'scheduled__2025-12-10T00:00:00+00:00', '--job-id', '358', '--raw', '--subdir', 'DAGS_FOLDER/invoices_elt_daily.py', '--cfg-path', '/tmp/tmpazcxz_1o']
[2025-12-16T17:41:37.345+0000] {standard_task_runner.py:64} INFO - Started process 1048 to run task
[2025-12-16T17:41:37.346+0000] {standard_task_runner.py:91} INFO - Job 358: Subtask load_invoices
[2025-12-16T17:41:37.479+0000] {task_command.py:426} INFO - Running <TaskInstance: invoices_elt_daily.load_invoices scheduled__2025-12-10T00:00:00+00:00 [running]> on host be068e76f4a7
[2025-12-16T17:41:37.672+0000] {taskinstance.py:2648} INFO - Exporting env vars: AIRFLOW_CTX_DAG_OWNER='***' AIRFLOW_CTX_DAG_ID='invoices_elt_daily' AIRFLOW_CTX_TASK_ID='load_invoices' AIRFLOW_CTX_EXECUTION_DATE='2025-12-10T00:00:00+00:00' AIRFLOW_CTX_TRY_NUMBER='1' AIRFLOW_CTX_DAG_RUN_ID='scheduled__2025-12-10T00:00:00+00:00'
[2025-12-16T17:41:37.677+0000] {taskinstance.py:430} INFO - ::endgroup::
[2025-12-16T17:41:37.715+0000] {subprocess.py:63} INFO - Tmp dir root location: /tmp
[2025-12-16T17:41:37.718+0000] {subprocess.py:75} INFO - Running command: ['/usr/bin/bash', '-c', 'python /opt/***/scripts/load_invoices.py --ds 2025-12-10']
[2025-12-16T17:41:37.743+0000] {subprocess.py:86} INFO - Output:
[2025-12-16T17:41:38.124+0000] {subprocess.py:93} INFO - [load_invoices] ds=2025-12-10 inserted=0
[2025-12-16T17:41:38.157+0000] {subprocess.py:97} INFO - Command exited with return code 0
[2025-12-16T17:41:38.158+0000] {taskinstance.py:441} INFO - ::group::Post task execution logs
[2025-12-16T17:41:38.194+0000] {taskinstance.py:1206} INFO - Marking task as SUCCESS. dag_id=invoices_elt_daily, task_id=load_invoices, run_id=scheduled__2025-12-10T00:00:00+00:00, execution_date=20251210T000000, start_date=20251216T174137, end_date=20251216T174138
[2025-12-16T17:41:38.246+0000] {local_task_job_runner.py:243} INFO - Task exited with return code 0
[2025-12-16T17:41:38.260+0000] {local_task_job_runner.py:222} INFO - ::endgroup::
