[2025-12-16T17:13:11.457+0000] {local_task_job_runner.py:120} INFO - ::group::Pre task execution logs
[2025-12-16T17:13:11.556+0000] {taskinstance.py:2076} INFO - Dependencies all met for dep_context=non-requeueable deps ti=<TaskInstance: invoices_elt_daily.load_invoices scheduled__2025-12-04T00:00:00+00:00 [queued]>
[2025-12-16T17:13:11.581+0000] {taskinstance.py:2076} INFO - Dependencies all met for dep_context=requeueable deps ti=<TaskInstance: invoices_elt_daily.load_invoices scheduled__2025-12-04T00:00:00+00:00 [queued]>
[2025-12-16T17:13:11.586+0000] {taskinstance.py:2306} INFO - Starting attempt 1 of 1
[2025-12-16T17:13:11.625+0000] {taskinstance.py:2330} INFO - Executing <Task(BashOperator): load_invoices> on 2025-12-04 00:00:00+00:00
[2025-12-16T17:13:11.648+0000] {standard_task_runner.py:90} INFO - Running: ['***', 'tasks', 'run', 'invoices_elt_daily', 'load_invoices', 'scheduled__2025-12-04T00:00:00+00:00', '--job-id', '77', '--raw', '--subdir', 'DAGS_FOLDER/invoices_elt_daily.py', '--cfg-path', '/tmp/tmp2n9ylab2']
[2025-12-16T17:13:11.654+0000] {standard_task_runner.py:91} INFO - Job 77: Subtask load_invoices
[2025-12-16T17:13:11.651+0000] {logging_mixin.py:188} WARNING - /home/***/.local/lib/python3.12/site-packages/***/task/task_runner/standard_task_runner.py:62 DeprecationWarning: This process (pid=275) is multi-threaded, use of fork() may lead to deadlocks in the child.
[2025-12-16T17:13:11.656+0000] {standard_task_runner.py:64} INFO - Started process 300 to run task
[2025-12-16T17:13:11.814+0000] {task_command.py:426} INFO - Running <TaskInstance: invoices_elt_daily.load_invoices scheduled__2025-12-04T00:00:00+00:00 [running]> on host be068e76f4a7
[2025-12-16T17:13:12.096+0000] {taskinstance.py:2648} INFO - Exporting env vars: AIRFLOW_CTX_DAG_OWNER='***' AIRFLOW_CTX_DAG_ID='invoices_elt_daily' AIRFLOW_CTX_TASK_ID='load_invoices' AIRFLOW_CTX_EXECUTION_DATE='2025-12-04T00:00:00+00:00' AIRFLOW_CTX_TRY_NUMBER='1' AIRFLOW_CTX_DAG_RUN_ID='scheduled__2025-12-04T00:00:00+00:00'
[2025-12-16T17:13:12.099+0000] {taskinstance.py:430} INFO - ::endgroup::
[2025-12-16T17:13:12.158+0000] {subprocess.py:63} INFO - Tmp dir root location: /tmp
[2025-12-16T17:13:12.167+0000] {subprocess.py:75} INFO - Running command: ['/usr/bin/bash', '-c', 'python /opt/***/scripts/load_invoices.py --ds 2025-12-04']
[2025-12-16T17:13:12.203+0000] {subprocess.py:86} INFO - Output:
[2025-12-16T17:13:13.284+0000] {subprocess.py:93} INFO - [load_invoices] ds=2025-12-04 inserted=0
[2025-12-16T17:13:13.347+0000] {subprocess.py:97} INFO - Command exited with return code 0
[2025-12-16T17:13:13.350+0000] {taskinstance.py:441} INFO - ::group::Post task execution logs
[2025-12-16T17:13:13.480+0000] {taskinstance.py:1206} INFO - Marking task as SUCCESS. dag_id=invoices_elt_daily, task_id=load_invoices, run_id=scheduled__2025-12-04T00:00:00+00:00, execution_date=20251204T000000, start_date=20251216T171311, end_date=20251216T171313
[2025-12-16T17:13:13.548+0000] {local_task_job_runner.py:243} INFO - Task exited with return code 0
[2025-12-16T17:13:13.578+0000] {local_task_job_runner.py:222} INFO - ::endgroup::
[2025-12-16T17:41:35.708+0000] {local_task_job_runner.py:120} INFO - ::group::Pre task execution logs
[2025-12-16T17:41:35.823+0000] {taskinstance.py:2076} INFO - Dependencies all met for dep_context=non-requeueable deps ti=<TaskInstance: invoices_elt_daily.load_invoices scheduled__2025-12-04T00:00:00+00:00 [queued]>
[2025-12-16T17:41:35.844+0000] {taskinstance.py:2076} INFO - Dependencies all met for dep_context=requeueable deps ti=<TaskInstance: invoices_elt_daily.load_invoices scheduled__2025-12-04T00:00:00+00:00 [queued]>
[2025-12-16T17:41:35.851+0000] {taskinstance.py:2306} INFO - Starting attempt 1 of 1
[2025-12-16T17:41:35.947+0000] {taskinstance.py:2330} INFO - Executing <Task(BashOperator): load_invoices> on 2025-12-04 00:00:00+00:00
[2025-12-16T17:41:35.974+0000] {logging_mixin.py:188} WARNING - /home/***/.local/lib/python3.12/site-packages/***/task/task_runner/standard_task_runner.py:62 DeprecationWarning: This process (pid=1012) is multi-threaded, use of fork() may lead to deadlocks in the child.
[2025-12-16T17:41:35.974+0000] {standard_task_runner.py:90} INFO - Running: ['***', 'tasks', 'run', 'invoices_elt_daily', 'load_invoices', 'scheduled__2025-12-04T00:00:00+00:00', '--job-id', '349', '--raw', '--subdir', 'DAGS_FOLDER/invoices_elt_daily.py', '--cfg-path', '/tmp/tmpy64xy8mf']
[2025-12-16T17:41:35.979+0000] {standard_task_runner.py:64} INFO - Started process 1023 to run task
[2025-12-16T17:41:35.980+0000] {standard_task_runner.py:91} INFO - Job 349: Subtask load_invoices
[2025-12-16T17:41:36.148+0000] {task_command.py:426} INFO - Running <TaskInstance: invoices_elt_daily.load_invoices scheduled__2025-12-04T00:00:00+00:00 [running]> on host be068e76f4a7
[2025-12-16T17:41:36.353+0000] {taskinstance.py:2648} INFO - Exporting env vars: AIRFLOW_CTX_DAG_OWNER='***' AIRFLOW_CTX_DAG_ID='invoices_elt_daily' AIRFLOW_CTX_TASK_ID='load_invoices' AIRFLOW_CTX_EXECUTION_DATE='2025-12-04T00:00:00+00:00' AIRFLOW_CTX_TRY_NUMBER='1' AIRFLOW_CTX_DAG_RUN_ID='scheduled__2025-12-04T00:00:00+00:00'
[2025-12-16T17:41:36.357+0000] {taskinstance.py:430} INFO - ::endgroup::
[2025-12-16T17:41:36.396+0000] {subprocess.py:63} INFO - Tmp dir root location: /tmp
[2025-12-16T17:41:36.406+0000] {subprocess.py:75} INFO - Running command: ['/usr/bin/bash', '-c', 'python /opt/***/scripts/load_invoices.py --ds 2025-12-04']
[2025-12-16T17:41:36.456+0000] {subprocess.py:86} INFO - Output:
[2025-12-16T17:41:37.065+0000] {subprocess.py:93} INFO - [load_invoices] ds=2025-12-04 inserted=0
[2025-12-16T17:41:37.103+0000] {subprocess.py:97} INFO - Command exited with return code 0
[2025-12-16T17:41:37.106+0000] {taskinstance.py:441} INFO - ::group::Post task execution logs
[2025-12-16T17:41:37.164+0000] {taskinstance.py:1206} INFO - Marking task as SUCCESS. dag_id=invoices_elt_daily, task_id=load_invoices, run_id=scheduled__2025-12-04T00:00:00+00:00, execution_date=20251204T000000, start_date=20251216T174135, end_date=20251216T174137
[2025-12-16T17:41:37.226+0000] {local_task_job_runner.py:243} INFO - Task exited with return code 0
[2025-12-16T17:41:37.257+0000] {taskinstance.py:3503} INFO - 0 downstream tasks scheduled from follow-on schedule check
[2025-12-16T17:41:37.261+0000] {local_task_job_runner.py:222} INFO - ::endgroup::
