[2025-12-16T17:31:41.849+0000] {local_task_job_runner.py:120} INFO - ::group::Pre task execution logs
[2025-12-16T17:31:41.931+0000] {taskinstance.py:2076} INFO - Dependencies all met for dep_context=non-requeueable deps ti=<TaskInstance: users_elt_daily.load_users scheduled__2025-12-04T00:00:00+00:00 [queued]>
[2025-12-16T17:31:41.956+0000] {taskinstance.py:2076} INFO - Dependencies all met for dep_context=requeueable deps ti=<TaskInstance: users_elt_daily.load_users scheduled__2025-12-04T00:00:00+00:00 [queued]>
[2025-12-16T17:31:41.958+0000] {taskinstance.py:2306} INFO - Starting attempt 1 of 1
[2025-12-16T17:31:42.043+0000] {taskinstance.py:2330} INFO - Executing <Task(BashOperator): load_users> on 2025-12-04 00:00:00+00:00
[2025-12-16T17:31:42.061+0000] {logging_mixin.py:188} WARNING - /home/***/.local/lib/python3.12/site-packages/***/task/task_runner/standard_task_runner.py:62 DeprecationWarning: This process (pid=1275) is multi-threaded, use of fork() may lead to deadlocks in the child.
[2025-12-16T17:31:42.060+0000] {standard_task_runner.py:90} INFO - Running: ['***', 'tasks', 'run', 'users_elt_daily', 'load_users', 'scheduled__2025-12-04T00:00:00+00:00', '--job-id', '163', '--raw', '--subdir', 'DAGS_FOLDER/users_elt_daily.py', '--cfg-path', '/tmp/tmpj5v0scgl']
[2025-12-16T17:31:42.066+0000] {standard_task_runner.py:64} INFO - Started process 1285 to run task
[2025-12-16T17:31:42.067+0000] {standard_task_runner.py:91} INFO - Job 163: Subtask load_users
[2025-12-16T17:31:42.219+0000] {task_command.py:426} INFO - Running <TaskInstance: users_elt_daily.load_users scheduled__2025-12-04T00:00:00+00:00 [running]> on host be068e76f4a7
[2025-12-16T17:31:42.473+0000] {taskinstance.py:2648} INFO - Exporting env vars: AIRFLOW_CTX_DAG_OWNER='***' AIRFLOW_CTX_DAG_ID='users_elt_daily' AIRFLOW_CTX_TASK_ID='load_users' AIRFLOW_CTX_EXECUTION_DATE='2025-12-04T00:00:00+00:00' AIRFLOW_CTX_TRY_NUMBER='1' AIRFLOW_CTX_DAG_RUN_ID='scheduled__2025-12-04T00:00:00+00:00'
[2025-12-16T17:31:42.474+0000] {taskinstance.py:430} INFO - ::endgroup::
[2025-12-16T17:31:42.505+0000] {subprocess.py:63} INFO - Tmp dir root location: /tmp
[2025-12-16T17:31:42.508+0000] {subprocess.py:75} INFO - Running command: ['/usr/bin/bash', '-c', 'python /opt/***/scripts/load_users.py --ds 2025-12-04']
[2025-12-16T17:31:42.537+0000] {subprocess.py:86} INFO - Output:
[2025-12-16T17:31:43.062+0000] {subprocess.py:93} INFO - [load_users] ds=2025-12-04 inserted=10 rows
[2025-12-16T17:31:43.094+0000] {subprocess.py:97} INFO - Command exited with return code 0
[2025-12-16T17:31:43.096+0000] {taskinstance.py:441} INFO - ::group::Post task execution logs
[2025-12-16T17:31:43.193+0000] {taskinstance.py:1206} INFO - Marking task as SUCCESS. dag_id=users_elt_daily, task_id=load_users, run_id=scheduled__2025-12-04T00:00:00+00:00, execution_date=20251204T000000, start_date=20251216T173141, end_date=20251216T173143
[2025-12-16T17:31:43.332+0000] {local_task_job_runner.py:243} INFO - Task exited with return code 0
[2025-12-16T17:31:43.387+0000] {taskinstance.py:3503} INFO - 0 downstream tasks scheduled from follow-on schedule check
[2025-12-16T17:31:43.393+0000] {local_task_job_runner.py:222} INFO - ::endgroup::
[2025-12-16T17:41:15.215+0000] {local_task_job_runner.py:120} INFO - ::group::Pre task execution logs
[2025-12-16T17:41:15.434+0000] {taskinstance.py:2076} INFO - Dependencies all met for dep_context=non-requeueable deps ti=<TaskInstance: users_elt_daily.load_users scheduled__2025-12-04T00:00:00+00:00 [queued]>
[2025-12-16T17:41:15.501+0000] {taskinstance.py:2076} INFO - Dependencies all met for dep_context=requeueable deps ti=<TaskInstance: users_elt_daily.load_users scheduled__2025-12-04T00:00:00+00:00 [queued]>
[2025-12-16T17:41:15.505+0000] {taskinstance.py:2306} INFO - Starting attempt 1 of 1
[2025-12-16T17:41:16.219+0000] {taskinstance.py:2330} INFO - Executing <Task(BashOperator): load_users> on 2025-12-04 00:00:00+00:00
[2025-12-16T17:41:16.250+0000] {logging_mixin.py:188} WARNING - /home/***/.local/lib/python3.12/site-packages/***/task/task_runner/standard_task_runner.py:62 DeprecationWarning: This process (pid=765) is multi-threaded, use of fork() may lead to deadlocks in the child.
[2025-12-16T17:41:16.256+0000] {standard_task_runner.py:64} INFO - Started process 800 to run task
[2025-12-16T17:41:16.246+0000] {standard_task_runner.py:90} INFO - Running: ['***', 'tasks', 'run', 'users_elt_daily', 'load_users', 'scheduled__2025-12-04T00:00:00+00:00', '--job-id', '274', '--raw', '--subdir', 'DAGS_FOLDER/users_elt_daily.py', '--cfg-path', '/tmp/tmpnax30ezh']
[2025-12-16T17:41:16.261+0000] {standard_task_runner.py:91} INFO - Job 274: Subtask load_users
[2025-12-16T17:41:16.495+0000] {task_command.py:426} INFO - Running <TaskInstance: users_elt_daily.load_users scheduled__2025-12-04T00:00:00+00:00 [running]> on host be068e76f4a7
[2025-12-16T17:41:16.951+0000] {taskinstance.py:2648} INFO - Exporting env vars: AIRFLOW_CTX_DAG_OWNER='***' AIRFLOW_CTX_DAG_ID='users_elt_daily' AIRFLOW_CTX_TASK_ID='load_users' AIRFLOW_CTX_EXECUTION_DATE='2025-12-04T00:00:00+00:00' AIRFLOW_CTX_TRY_NUMBER='1' AIRFLOW_CTX_DAG_RUN_ID='scheduled__2025-12-04T00:00:00+00:00'
[2025-12-16T17:41:16.963+0000] {taskinstance.py:430} INFO - ::endgroup::
[2025-12-16T17:41:17.003+0000] {subprocess.py:63} INFO - Tmp dir root location: /tmp
[2025-12-16T17:41:17.008+0000] {subprocess.py:75} INFO - Running command: ['/usr/bin/bash', '-c', 'python /opt/***/scripts/load_users.py --ds 2025-12-04']
[2025-12-16T17:41:17.064+0000] {subprocess.py:86} INFO - Output:
[2025-12-16T17:41:17.891+0000] {subprocess.py:93} INFO - [load_users] ds=2025-12-04 inserted=10 rows
[2025-12-16T17:41:17.932+0000] {subprocess.py:97} INFO - Command exited with return code 0
[2025-12-16T17:41:17.934+0000] {taskinstance.py:441} INFO - ::group::Post task execution logs
[2025-12-16T17:41:18.005+0000] {taskinstance.py:1206} INFO - Marking task as SUCCESS. dag_id=users_elt_daily, task_id=load_users, run_id=scheduled__2025-12-04T00:00:00+00:00, execution_date=20251204T000000, start_date=20251216T174115, end_date=20251216T174118
[2025-12-16T17:41:18.213+0000] {local_task_job_runner.py:243} INFO - Task exited with return code 0
[2025-12-16T17:41:18.276+0000] {taskinstance.py:3503} INFO - 0 downstream tasks scheduled from follow-on schedule check
[2025-12-16T17:41:18.280+0000] {local_task_job_runner.py:222} INFO - ::endgroup::
