[2025-12-16T17:31:25.570+0000] {local_task_job_runner.py:120} INFO - ::group::Pre task execution logs
[2025-12-16T17:31:25.654+0000] {taskinstance.py:2076} INFO - Dependencies all met for dep_context=non-requeueable deps ti=<TaskInstance: users_elt_daily.extract_users scheduled__2025-11-10T00:00:00+00:00 [queued]>
[2025-12-16T17:31:25.675+0000] {taskinstance.py:2076} INFO - Dependencies all met for dep_context=requeueable deps ti=<TaskInstance: users_elt_daily.extract_users scheduled__2025-11-10T00:00:00+00:00 [queued]>
[2025-12-16T17:31:25.677+0000] {taskinstance.py:2306} INFO - Starting attempt 1 of 1
[2025-12-16T17:31:25.725+0000] {taskinstance.py:2330} INFO - Executing <Task(BashOperator): extract_users> on 2025-11-10 00:00:00+00:00
[2025-12-16T17:31:25.746+0000] {logging_mixin.py:188} WARNING - /home/***/.local/lib/python3.12/site-packages/***/task/task_runner/standard_task_runner.py:62 DeprecationWarning: This process (pid=1081) is multi-threaded, use of fork() may lead to deadlocks in the child.
[2025-12-16T17:31:25.749+0000] {standard_task_runner.py:64} INFO - Started process 1093 to run task
[2025-12-16T17:31:25.745+0000] {standard_task_runner.py:90} INFO - Running: ['***', 'tasks', 'run', 'users_elt_daily', 'extract_users', 'scheduled__2025-11-10T00:00:00+00:00', '--job-id', '103', '--raw', '--subdir', 'DAGS_FOLDER/users_elt_daily.py', '--cfg-path', '/tmp/tmpv_pnyvo3']
[2025-12-16T17:31:25.750+0000] {standard_task_runner.py:91} INFO - Job 103: Subtask extract_users
[2025-12-16T17:31:25.893+0000] {task_command.py:426} INFO - Running <TaskInstance: users_elt_daily.extract_users scheduled__2025-11-10T00:00:00+00:00 [running]> on host be068e76f4a7
[2025-12-16T17:31:26.194+0000] {taskinstance.py:2648} INFO - Exporting env vars: AIRFLOW_CTX_DAG_OWNER='***' AIRFLOW_CTX_DAG_ID='users_elt_daily' AIRFLOW_CTX_TASK_ID='extract_users' AIRFLOW_CTX_EXECUTION_DATE='2025-11-10T00:00:00+00:00' AIRFLOW_CTX_TRY_NUMBER='1' AIRFLOW_CTX_DAG_RUN_ID='scheduled__2025-11-10T00:00:00+00:00'
[2025-12-16T17:31:26.196+0000] {taskinstance.py:430} INFO - ::endgroup::
[2025-12-16T17:31:26.263+0000] {subprocess.py:63} INFO - Tmp dir root location: /tmp
[2025-12-16T17:31:26.267+0000] {subprocess.py:75} INFO - Running command: ['/usr/bin/bash', '-c', 'python /opt/***/scripts/extract_users.py --ds 2025-11-10']
[2025-12-16T17:31:26.298+0000] {subprocess.py:86} INFO - Output:
[2025-12-16T17:31:26.960+0000] {subprocess.py:93} INFO - [extract_users] ds=2025-11-10 wrote=/opt/***/data/source/users/users_2025-11-10.json new_users=18 last_user_id=158
[2025-12-16T17:31:27.008+0000] {subprocess.py:97} INFO - Command exited with return code 0
[2025-12-16T17:31:27.010+0000] {taskinstance.py:441} INFO - ::group::Post task execution logs
[2025-12-16T17:31:27.078+0000] {taskinstance.py:1206} INFO - Marking task as SUCCESS. dag_id=users_elt_daily, task_id=extract_users, run_id=scheduled__2025-11-10T00:00:00+00:00, execution_date=20251110T000000, start_date=20251216T173125, end_date=20251216T173127
[2025-12-16T17:31:27.192+0000] {local_task_job_runner.py:243} INFO - Task exited with return code 0
[2025-12-16T17:31:27.246+0000] {taskinstance.py:3503} INFO - 1 downstream tasks scheduled from follow-on schedule check
[2025-12-16T17:31:27.251+0000] {local_task_job_runner.py:222} INFO - ::endgroup::
[2025-12-16T17:40:56.516+0000] {local_task_job_runner.py:120} INFO - ::group::Pre task execution logs
[2025-12-16T17:40:56.626+0000] {taskinstance.py:2076} INFO - Dependencies all met for dep_context=non-requeueable deps ti=<TaskInstance: users_elt_daily.extract_users scheduled__2025-11-10T00:00:00+00:00 [queued]>
[2025-12-16T17:40:56.652+0000] {taskinstance.py:2076} INFO - Dependencies all met for dep_context=requeueable deps ti=<TaskInstance: users_elt_daily.extract_users scheduled__2025-11-10T00:00:00+00:00 [queued]>
[2025-12-16T17:40:56.654+0000] {taskinstance.py:2306} INFO - Starting attempt 1 of 1
[2025-12-16T17:40:56.748+0000] {taskinstance.py:2330} INFO - Executing <Task(BashOperator): extract_users> on 2025-11-10 00:00:00+00:00
[2025-12-16T17:40:56.775+0000] {standard_task_runner.py:90} INFO - Running: ['***', 'tasks', 'run', 'users_elt_daily', 'extract_users', 'scheduled__2025-11-10T00:00:00+00:00', '--job-id', '198', '--raw', '--subdir', 'DAGS_FOLDER/users_elt_daily.py', '--cfg-path', '/tmp/tmp5w0t561p']
[2025-12-16T17:40:56.783+0000] {standard_task_runner.py:91} INFO - Job 198: Subtask extract_users
[2025-12-16T17:40:56.784+0000] {logging_mixin.py:188} WARNING - /home/***/.local/lib/python3.12/site-packages/***/task/task_runner/standard_task_runner.py:62 DeprecationWarning: This process (pid=535) is multi-threaded, use of fork() may lead to deadlocks in the child.
[2025-12-16T17:40:56.787+0000] {standard_task_runner.py:64} INFO - Started process 546 to run task
[2025-12-16T17:40:56.971+0000] {task_command.py:426} INFO - Running <TaskInstance: users_elt_daily.extract_users scheduled__2025-11-10T00:00:00+00:00 [running]> on host be068e76f4a7
[2025-12-16T17:40:57.297+0000] {taskinstance.py:2648} INFO - Exporting env vars: AIRFLOW_CTX_DAG_OWNER='***' AIRFLOW_CTX_DAG_ID='users_elt_daily' AIRFLOW_CTX_TASK_ID='extract_users' AIRFLOW_CTX_EXECUTION_DATE='2025-11-10T00:00:00+00:00' AIRFLOW_CTX_TRY_NUMBER='1' AIRFLOW_CTX_DAG_RUN_ID='scheduled__2025-11-10T00:00:00+00:00'
[2025-12-16T17:40:57.305+0000] {taskinstance.py:430} INFO - ::endgroup::
[2025-12-16T17:40:57.365+0000] {subprocess.py:63} INFO - Tmp dir root location: /tmp
[2025-12-16T17:40:57.372+0000] {subprocess.py:75} INFO - Running command: ['/usr/bin/bash', '-c', 'python /opt/***/scripts/extract_users.py --ds 2025-11-10']
[2025-12-16T17:40:57.414+0000] {subprocess.py:86} INFO - Output:
[2025-12-16T17:40:58.007+0000] {subprocess.py:93} INFO - [extract_users] ds=2025-11-10 already exists -> skip (/opt/***/data/source/users/users_2025-11-10.json)
[2025-12-16T17:40:58.034+0000] {subprocess.py:97} INFO - Command exited with return code 0
[2025-12-16T17:40:58.036+0000] {taskinstance.py:441} INFO - ::group::Post task execution logs
[2025-12-16T17:40:58.094+0000] {taskinstance.py:1206} INFO - Marking task as SUCCESS. dag_id=users_elt_daily, task_id=extract_users, run_id=scheduled__2025-11-10T00:00:00+00:00, execution_date=20251110T000000, start_date=20251216T174056, end_date=20251216T174058
[2025-12-16T17:40:58.163+0000] {local_task_job_runner.py:243} INFO - Task exited with return code 0
[2025-12-16T17:40:58.212+0000] {taskinstance.py:3503} INFO - 1 downstream tasks scheduled from follow-on schedule check
[2025-12-16T17:40:58.217+0000] {local_task_job_runner.py:222} INFO - ::endgroup::
