[2025-12-16T17:31:31.893+0000] {local_task_job_runner.py:120} INFO - ::group::Pre task execution logs
[2025-12-16T17:31:31.952+0000] {taskinstance.py:2076} INFO - Dependencies all met for dep_context=non-requeueable deps ti=<TaskInstance: users_elt_daily.extract_users scheduled__2025-11-20T00:00:00+00:00 [queued]>
[2025-12-16T17:31:31.966+0000] {taskinstance.py:2076} INFO - Dependencies all met for dep_context=requeueable deps ti=<TaskInstance: users_elt_daily.extract_users scheduled__2025-11-20T00:00:00+00:00 [queued]>
[2025-12-16T17:31:31.968+0000] {taskinstance.py:2306} INFO - Starting attempt 1 of 1
[2025-12-16T17:31:31.990+0000] {taskinstance.py:2330} INFO - Executing <Task(BashOperator): extract_users> on 2025-11-20 00:00:00+00:00
[2025-12-16T17:31:32.003+0000] {logging_mixin.py:188} WARNING - /home/***/.local/lib/python3.12/site-packages/***/task/task_runner/standard_task_runner.py:62 DeprecationWarning: This process (pid=1158) is multi-threaded, use of fork() may lead to deadlocks in the child.
[2025-12-16T17:31:32.006+0000] {standard_task_runner.py:64} INFO - Started process 1163 to run task
[2025-12-16T17:31:32.004+0000] {standard_task_runner.py:90} INFO - Running: ['***', 'tasks', 'run', 'users_elt_daily', 'extract_users', 'scheduled__2025-11-20T00:00:00+00:00', '--job-id', '128', '--raw', '--subdir', 'DAGS_FOLDER/users_elt_daily.py', '--cfg-path', '/tmp/tmpj8vq0016']
[2025-12-16T17:31:32.008+0000] {standard_task_runner.py:91} INFO - Job 128: Subtask extract_users
[2025-12-16T17:31:32.105+0000] {task_command.py:426} INFO - Running <TaskInstance: users_elt_daily.extract_users scheduled__2025-11-20T00:00:00+00:00 [running]> on host be068e76f4a7
[2025-12-16T17:31:32.263+0000] {taskinstance.py:2648} INFO - Exporting env vars: AIRFLOW_CTX_DAG_OWNER='***' AIRFLOW_CTX_DAG_ID='users_elt_daily' AIRFLOW_CTX_TASK_ID='extract_users' AIRFLOW_CTX_EXECUTION_DATE='2025-11-20T00:00:00+00:00' AIRFLOW_CTX_TRY_NUMBER='1' AIRFLOW_CTX_DAG_RUN_ID='scheduled__2025-11-20T00:00:00+00:00'
[2025-12-16T17:31:32.265+0000] {taskinstance.py:430} INFO - ::endgroup::
[2025-12-16T17:31:32.289+0000] {subprocess.py:63} INFO - Tmp dir root location: /tmp
[2025-12-16T17:31:32.291+0000] {subprocess.py:75} INFO - Running command: ['/usr/bin/bash', '-c', 'python /opt/***/scripts/extract_users.py --ds 2025-11-20']
[2025-12-16T17:31:32.312+0000] {subprocess.py:86} INFO - Output:
[2025-12-16T17:31:32.784+0000] {subprocess.py:93} INFO - Traceback (most recent call last):
[2025-12-16T17:31:32.787+0000] {subprocess.py:93} INFO -   File "/opt/***/scripts/extract_users.py", line 68, in <module>
[2025-12-16T17:31:32.795+0000] {subprocess.py:93} INFO -     main(
[2025-12-16T17:31:32.796+0000] {subprocess.py:93} INFO -   File "/opt/***/scripts/extract_users.py", line 23, in main
[2025-12-16T17:31:32.803+0000] {subprocess.py:93} INFO -     state = load_state(state_path)
[2025-12-16T17:31:32.804+0000] {subprocess.py:93} INFO -             ^^^^^^^^^^^^^^^^^^^^^^
[2025-12-16T17:31:32.805+0000] {subprocess.py:93} INFO -   File "/opt/***/scripts/extract_users.py", line 12, in load_state
[2025-12-16T17:31:32.810+0000] {subprocess.py:93} INFO -     return json.loads(state_path.read_text(encoding="utf-8"))
[2025-12-16T17:31:32.811+0000] {subprocess.py:93} INFO -            ^^^^^^^^^^^^^^^^^^^^^^^^^^^^^^^^^^^^^^^^^^^^^^^^^^
[2025-12-16T17:31:32.812+0000] {subprocess.py:93} INFO -   File "/usr/local/lib/python3.12/json/__init__.py", line 346, in loads
[2025-12-16T17:31:32.813+0000] {subprocess.py:93} INFO -     return _default_decoder.decode(s)
[2025-12-16T17:31:32.815+0000] {subprocess.py:93} INFO -            ^^^^^^^^^^^^^^^^^^^^^^^^^^
[2025-12-16T17:31:32.816+0000] {subprocess.py:93} INFO -   File "/usr/local/lib/python3.12/json/decoder.py", line 337, in decode
[2025-12-16T17:31:32.817+0000] {subprocess.py:93} INFO -     obj, end = self.raw_decode(s, idx=_w(s, 0).end())
[2025-12-16T17:31:32.819+0000] {subprocess.py:93} INFO -                ^^^^^^^^^^^^^^^^^^^^^^^^^^^^^^^^^^^^^^
[2025-12-16T17:31:32.820+0000] {subprocess.py:93} INFO -   File "/usr/local/lib/python3.12/json/decoder.py", line 355, in raw_decode
[2025-12-16T17:31:32.822+0000] {subprocess.py:93} INFO -     raise JSONDecodeError("Expecting value", s, err.value) from None
[2025-12-16T17:31:32.823+0000] {subprocess.py:93} INFO - json.decoder.JSONDecodeError: Expecting value: line 1 column 1 (char 0)
[2025-12-16T17:31:32.837+0000] {subprocess.py:97} INFO - Command exited with return code 1
[2025-12-16T17:31:32.840+0000] {taskinstance.py:441} INFO - ::group::Post task execution logs
[2025-12-16T17:31:32.866+0000] {taskinstance.py:2905} ERROR - Task failed with exception
Traceback (most recent call last):
  File "/home/airflow/.local/lib/python3.12/site-packages/airflow/models/taskinstance.py", line 465, in _execute_task
    result = _execute_callable(context=context, **execute_callable_kwargs)
             ^^^^^^^^^^^^^^^^^^^^^^^^^^^^^^^^^^^^^^^^^^^^^^^^^^^^^^^^^^^^^
  File "/home/airflow/.local/lib/python3.12/site-packages/airflow/models/taskinstance.py", line 432, in _execute_callable
    return execute_callable(context=context, **execute_callable_kwargs)
           ^^^^^^^^^^^^^^^^^^^^^^^^^^^^^^^^^^^^^^^^^^^^^^^^^^^^^^^^^^^^
  File "/home/airflow/.local/lib/python3.12/site-packages/airflow/models/baseoperator.py", line 401, in wrapper
    return func(self, *args, **kwargs)
           ^^^^^^^^^^^^^^^^^^^^^^^^^^^
  File "/home/airflow/.local/lib/python3.12/site-packages/airflow/operators/bash.py", line 243, in execute
    raise AirflowException(
airflow.exceptions.AirflowException: Bash command failed. The command returned a non-zero exit code 1.
[2025-12-16T17:31:32.879+0000] {taskinstance.py:1206} INFO - Marking task as FAILED. dag_id=users_elt_daily, task_id=extract_users, run_id=scheduled__2025-11-20T00:00:00+00:00, execution_date=20251120T000000, start_date=20251216T173131, end_date=20251216T173132
[2025-12-16T17:31:32.908+0000] {standard_task_runner.py:110} ERROR - Failed to execute job 128 for task extract_users (Bash command failed. The command returned a non-zero exit code 1.; 1163)
[2025-12-16T17:31:32.947+0000] {local_task_job_runner.py:243} INFO - Task exited with return code 1
[2025-12-16T17:31:32.975+0000] {local_task_job_runner.py:222} INFO - ::endgroup::
[2025-12-16T17:41:02.766+0000] {local_task_job_runner.py:120} INFO - ::group::Pre task execution logs
[2025-12-16T17:41:02.822+0000] {taskinstance.py:2076} INFO - Dependencies all met for dep_context=non-requeueable deps ti=<TaskInstance: users_elt_daily.extract_users scheduled__2025-11-20T00:00:00+00:00 [queued]>
[2025-12-16T17:41:02.838+0000] {taskinstance.py:2076} INFO - Dependencies all met for dep_context=requeueable deps ti=<TaskInstance: users_elt_daily.extract_users scheduled__2025-11-20T00:00:00+00:00 [queued]>
[2025-12-16T17:41:02.839+0000] {taskinstance.py:2306} INFO - Starting attempt 1 of 1
[2025-12-16T17:41:02.863+0000] {taskinstance.py:2330} INFO - Executing <Task(BashOperator): extract_users> on 2025-11-20 00:00:00+00:00
[2025-12-16T17:41:02.884+0000] {logging_mixin.py:188} WARNING - /home/***/.local/lib/python3.12/site-packages/***/task/task_runner/standard_task_runner.py:62 DeprecationWarning: This process (pid=606) is multi-threaded, use of fork() may lead to deadlocks in the child.
[2025-12-16T17:41:02.881+0000] {standard_task_runner.py:90} INFO - Running: ['***', 'tasks', 'run', 'users_elt_daily', 'extract_users', 'scheduled__2025-11-20T00:00:00+00:00', '--job-id', '219', '--raw', '--subdir', 'DAGS_FOLDER/users_elt_daily.py', '--cfg-path', '/tmp/tmp1px112hv']
[2025-12-16T17:41:02.891+0000] {standard_task_runner.py:64} INFO - Started process 615 to run task
[2025-12-16T17:41:02.892+0000] {standard_task_runner.py:91} INFO - Job 219: Subtask extract_users
[2025-12-16T17:41:03.029+0000] {task_command.py:426} INFO - Running <TaskInstance: users_elt_daily.extract_users scheduled__2025-11-20T00:00:00+00:00 [running]> on host be068e76f4a7
[2025-12-16T17:41:03.239+0000] {taskinstance.py:2648} INFO - Exporting env vars: AIRFLOW_CTX_DAG_OWNER='***' AIRFLOW_CTX_DAG_ID='users_elt_daily' AIRFLOW_CTX_TASK_ID='extract_users' AIRFLOW_CTX_EXECUTION_DATE='2025-11-20T00:00:00+00:00' AIRFLOW_CTX_TRY_NUMBER='1' AIRFLOW_CTX_DAG_RUN_ID='scheduled__2025-11-20T00:00:00+00:00'
[2025-12-16T17:41:03.242+0000] {taskinstance.py:430} INFO - ::endgroup::
[2025-12-16T17:41:03.267+0000] {subprocess.py:63} INFO - Tmp dir root location: /tmp
[2025-12-16T17:41:03.271+0000] {subprocess.py:75} INFO - Running command: ['/usr/bin/bash', '-c', 'python /opt/***/scripts/extract_users.py --ds 2025-11-20']
[2025-12-16T17:41:03.301+0000] {subprocess.py:86} INFO - Output:
[2025-12-16T17:41:04.234+0000] {subprocess.py:93} INFO - [extract_users] ds=2025-11-20 wrote=/opt/***/data/source/users/users_2025-11-20.json new_users=13 last_user_id=547
[2025-12-16T17:41:04.271+0000] {subprocess.py:97} INFO - Command exited with return code 0
[2025-12-16T17:41:04.275+0000] {taskinstance.py:441} INFO - ::group::Post task execution logs
[2025-12-16T17:41:04.359+0000] {taskinstance.py:1206} INFO - Marking task as SUCCESS. dag_id=users_elt_daily, task_id=extract_users, run_id=scheduled__2025-11-20T00:00:00+00:00, execution_date=20251120T000000, start_date=20251216T174102, end_date=20251216T174104
[2025-12-16T17:41:04.419+0000] {local_task_job_runner.py:243} INFO - Task exited with return code 0
[2025-12-16T17:41:04.479+0000] {taskinstance.py:3503} INFO - 1 downstream tasks scheduled from follow-on schedule check
[2025-12-16T17:41:04.489+0000] {local_task_job_runner.py:222} INFO - ::endgroup::
