[2025-12-16T17:31:26.107+0000] {local_task_job_runner.py:120} INFO - ::group::Pre task execution logs
[2025-12-16T17:31:26.250+0000] {taskinstance.py:2076} INFO - Dependencies all met for dep_context=non-requeueable deps ti=<TaskInstance: users_elt_daily.load_users scheduled__2025-11-03T00:00:00+00:00 [queued]>
[2025-12-16T17:31:26.270+0000] {taskinstance.py:2076} INFO - Dependencies all met for dep_context=requeueable deps ti=<TaskInstance: users_elt_daily.load_users scheduled__2025-11-03T00:00:00+00:00 [queued]>
[2025-12-16T17:31:26.272+0000] {taskinstance.py:2306} INFO - Starting attempt 1 of 1
[2025-12-16T17:31:26.361+0000] {taskinstance.py:2330} INFO - Executing <Task(BashOperator): load_users> on 2025-11-03 00:00:00+00:00
[2025-12-16T17:31:26.391+0000] {standard_task_runner.py:90} INFO - Running: ['***', 'tasks', 'run', 'users_elt_daily', 'load_users', 'scheduled__2025-11-03T00:00:00+00:00', '--job-id', '107', '--raw', '--subdir', 'DAGS_FOLDER/users_elt_daily.py', '--cfg-path', '/tmp/tmpfywahkpg']
[2025-12-16T17:31:26.393+0000] {logging_mixin.py:188} WARNING - /home/***/.local/lib/python3.12/site-packages/***/task/task_runner/standard_task_runner.py:62 DeprecationWarning: This process (pid=1091) is multi-threaded, use of fork() may lead to deadlocks in the child.
[2025-12-16T17:31:26.399+0000] {standard_task_runner.py:91} INFO - Job 107: Subtask load_users
[2025-12-16T17:31:26.400+0000] {standard_task_runner.py:64} INFO - Started process 1103 to run task
[2025-12-16T17:31:26.633+0000] {task_command.py:426} INFO - Running <TaskInstance: users_elt_daily.load_users scheduled__2025-11-03T00:00:00+00:00 [running]> on host be068e76f4a7
[2025-12-16T17:31:26.882+0000] {taskinstance.py:2648} INFO - Exporting env vars: AIRFLOW_CTX_DAG_OWNER='***' AIRFLOW_CTX_DAG_ID='users_elt_daily' AIRFLOW_CTX_TASK_ID='load_users' AIRFLOW_CTX_EXECUTION_DATE='2025-11-03T00:00:00+00:00' AIRFLOW_CTX_TRY_NUMBER='1' AIRFLOW_CTX_DAG_RUN_ID='scheduled__2025-11-03T00:00:00+00:00'
[2025-12-16T17:31:26.888+0000] {taskinstance.py:430} INFO - ::endgroup::
[2025-12-16T17:31:26.931+0000] {subprocess.py:63} INFO - Tmp dir root location: /tmp
[2025-12-16T17:31:26.936+0000] {subprocess.py:75} INFO - Running command: ['/usr/bin/bash', '-c', 'python /opt/***/scripts/load_users.py --ds 2025-11-03']
[2025-12-16T17:31:26.971+0000] {subprocess.py:86} INFO - Output:
[2025-12-16T17:31:27.539+0000] {subprocess.py:93} INFO - [load_users] ds=2025-11-03 inserted=19 rows
[2025-12-16T17:31:27.578+0000] {subprocess.py:97} INFO - Command exited with return code 0
[2025-12-16T17:31:27.580+0000] {taskinstance.py:441} INFO - ::group::Post task execution logs
[2025-12-16T17:31:27.661+0000] {taskinstance.py:1206} INFO - Marking task as SUCCESS. dag_id=users_elt_daily, task_id=load_users, run_id=scheduled__2025-11-03T00:00:00+00:00, execution_date=20251103T000000, start_date=20251216T173126, end_date=20251216T173127
[2025-12-16T17:31:27.766+0000] {local_task_job_runner.py:243} INFO - Task exited with return code 0
[2025-12-16T17:31:27.811+0000] {taskinstance.py:3503} INFO - 0 downstream tasks scheduled from follow-on schedule check
[2025-12-16T17:31:27.821+0000] {local_task_job_runner.py:222} INFO - ::endgroup::
[2025-12-16T17:40:56.997+0000] {local_task_job_runner.py:120} INFO - ::group::Pre task execution logs
[2025-12-16T17:40:57.113+0000] {taskinstance.py:2076} INFO - Dependencies all met for dep_context=non-requeueable deps ti=<TaskInstance: users_elt_daily.load_users scheduled__2025-11-03T00:00:00+00:00 [queued]>
[2025-12-16T17:40:57.147+0000] {taskinstance.py:2076} INFO - Dependencies all met for dep_context=requeueable deps ti=<TaskInstance: users_elt_daily.load_users scheduled__2025-11-03T00:00:00+00:00 [queued]>
[2025-12-16T17:40:57.150+0000] {taskinstance.py:2306} INFO - Starting attempt 1 of 1
[2025-12-16T17:40:57.214+0000] {taskinstance.py:2330} INFO - Executing <Task(BashOperator): load_users> on 2025-11-03 00:00:00+00:00
[2025-12-16T17:40:57.253+0000] {logging_mixin.py:188} WARNING - /home/***/.local/lib/python3.12/site-packages/***/task/task_runner/standard_task_runner.py:62 DeprecationWarning: This process (pid=543) is multi-threaded, use of fork() may lead to deadlocks in the child.
[2025-12-16T17:40:57.256+0000] {standard_task_runner.py:64} INFO - Started process 557 to run task
[2025-12-16T17:40:57.246+0000] {standard_task_runner.py:90} INFO - Running: ['***', 'tasks', 'run', 'users_elt_daily', 'load_users', 'scheduled__2025-11-03T00:00:00+00:00', '--job-id', '200', '--raw', '--subdir', 'DAGS_FOLDER/users_elt_daily.py', '--cfg-path', '/tmp/tmpgonl2axq']
[2025-12-16T17:40:57.263+0000] {standard_task_runner.py:91} INFO - Job 200: Subtask load_users
[2025-12-16T17:40:57.516+0000] {task_command.py:426} INFO - Running <TaskInstance: users_elt_daily.load_users scheduled__2025-11-03T00:00:00+00:00 [running]> on host be068e76f4a7
[2025-12-16T17:40:57.786+0000] {taskinstance.py:2648} INFO - Exporting env vars: AIRFLOW_CTX_DAG_OWNER='***' AIRFLOW_CTX_DAG_ID='users_elt_daily' AIRFLOW_CTX_TASK_ID='load_users' AIRFLOW_CTX_EXECUTION_DATE='2025-11-03T00:00:00+00:00' AIRFLOW_CTX_TRY_NUMBER='1' AIRFLOW_CTX_DAG_RUN_ID='scheduled__2025-11-03T00:00:00+00:00'
[2025-12-16T17:40:57.789+0000] {taskinstance.py:430} INFO - ::endgroup::
[2025-12-16T17:40:57.857+0000] {subprocess.py:63} INFO - Tmp dir root location: /tmp
[2025-12-16T17:40:57.861+0000] {subprocess.py:75} INFO - Running command: ['/usr/bin/bash', '-c', 'python /opt/***/scripts/load_users.py --ds 2025-11-03']
[2025-12-16T17:40:57.911+0000] {subprocess.py:86} INFO - Output:
[2025-12-16T17:40:58.432+0000] {subprocess.py:93} INFO - [load_users] ds=2025-11-03 inserted=19 rows
[2025-12-16T17:40:58.456+0000] {subprocess.py:97} INFO - Command exited with return code 0
[2025-12-16T17:40:58.457+0000] {taskinstance.py:441} INFO - ::group::Post task execution logs
[2025-12-16T17:40:58.507+0000] {taskinstance.py:1206} INFO - Marking task as SUCCESS. dag_id=users_elt_daily, task_id=load_users, run_id=scheduled__2025-11-03T00:00:00+00:00, execution_date=20251103T000000, start_date=20251216T174057, end_date=20251216T174058
[2025-12-16T17:40:58.589+0000] {local_task_job_runner.py:243} INFO - Task exited with return code 0
[2025-12-16T17:40:58.619+0000] {taskinstance.py:3503} INFO - 0 downstream tasks scheduled from follow-on schedule check
[2025-12-16T17:40:58.625+0000] {local_task_job_runner.py:222} INFO - ::endgroup::
