[2025-12-16T17:31:27.576+0000] {local_task_job_runner.py:120} INFO - ::group::Pre task execution logs
[2025-12-16T17:31:27.681+0000] {taskinstance.py:2076} INFO - Dependencies all met for dep_context=non-requeueable deps ti=<TaskInstance: users_elt_daily.extract_users scheduled__2025-11-16T00:00:00+00:00 [queued]>
[2025-12-16T17:31:27.704+0000] {taskinstance.py:2076} INFO - Dependencies all met for dep_context=requeueable deps ti=<TaskInstance: users_elt_daily.extract_users scheduled__2025-11-16T00:00:00+00:00 [queued]>
[2025-12-16T17:31:27.706+0000] {taskinstance.py:2306} INFO - Starting attempt 1 of 1
[2025-12-16T17:31:27.744+0000] {taskinstance.py:2330} INFO - Executing <Task(BashOperator): extract_users> on 2025-11-16 00:00:00+00:00
[2025-12-16T17:31:27.770+0000] {logging_mixin.py:188} WARNING - /home/***/.local/lib/python3.12/site-packages/***/task/task_runner/standard_task_runner.py:62 DeprecationWarning: This process (pid=1116) is multi-threaded, use of fork() may lead to deadlocks in the child.
[2025-12-16T17:31:27.770+0000] {standard_task_runner.py:90} INFO - Running: ['***', 'tasks', 'run', 'users_elt_daily', 'extract_users', 'scheduled__2025-11-16T00:00:00+00:00', '--job-id', '116', '--raw', '--subdir', 'DAGS_FOLDER/users_elt_daily.py', '--cfg-path', '/tmp/tmp86nh7t_8']
[2025-12-16T17:31:27.778+0000] {standard_task_runner.py:91} INFO - Job 116: Subtask extract_users
[2025-12-16T17:31:27.778+0000] {standard_task_runner.py:64} INFO - Started process 1129 to run task
[2025-12-16T17:31:27.951+0000] {task_command.py:426} INFO - Running <TaskInstance: users_elt_daily.extract_users scheduled__2025-11-16T00:00:00+00:00 [running]> on host be068e76f4a7
[2025-12-16T17:31:28.147+0000] {taskinstance.py:2648} INFO - Exporting env vars: AIRFLOW_CTX_DAG_OWNER='***' AIRFLOW_CTX_DAG_ID='users_elt_daily' AIRFLOW_CTX_TASK_ID='extract_users' AIRFLOW_CTX_EXECUTION_DATE='2025-11-16T00:00:00+00:00' AIRFLOW_CTX_TRY_NUMBER='1' AIRFLOW_CTX_DAG_RUN_ID='scheduled__2025-11-16T00:00:00+00:00'
[2025-12-16T17:31:28.151+0000] {taskinstance.py:430} INFO - ::endgroup::
[2025-12-16T17:31:28.182+0000] {subprocess.py:63} INFO - Tmp dir root location: /tmp
[2025-12-16T17:31:28.186+0000] {subprocess.py:75} INFO - Running command: ['/usr/bin/bash', '-c', 'python /opt/***/scripts/extract_users.py --ds 2025-11-16']
[2025-12-16T17:31:28.219+0000] {subprocess.py:86} INFO - Output:
[2025-12-16T17:31:28.609+0000] {subprocess.py:93} INFO - [extract_users] ds=2025-11-16 wrote=/opt/***/data/source/users/users_2025-11-16.json new_users=15 last_user_id=214
[2025-12-16T17:31:28.628+0000] {subprocess.py:97} INFO - Command exited with return code 0
[2025-12-16T17:31:28.629+0000] {taskinstance.py:441} INFO - ::group::Post task execution logs
[2025-12-16T17:31:28.676+0000] {taskinstance.py:1206} INFO - Marking task as SUCCESS. dag_id=users_elt_daily, task_id=extract_users, run_id=scheduled__2025-11-16T00:00:00+00:00, execution_date=20251116T000000, start_date=20251216T173127, end_date=20251216T173128
[2025-12-16T17:31:28.722+0000] {local_task_job_runner.py:243} INFO - Task exited with return code 0
[2025-12-16T17:31:28.750+0000] {taskinstance.py:3503} INFO - 1 downstream tasks scheduled from follow-on schedule check
[2025-12-16T17:31:28.753+0000] {local_task_job_runner.py:222} INFO - ::endgroup::
[2025-12-16T17:41:02.193+0000] {local_task_job_runner.py:120} INFO - ::group::Pre task execution logs
[2025-12-16T17:41:02.242+0000] {taskinstance.py:2076} INFO - Dependencies all met for dep_context=non-requeueable deps ti=<TaskInstance: users_elt_daily.extract_users scheduled__2025-11-16T00:00:00+00:00 [queued]>
[2025-12-16T17:41:02.254+0000] {taskinstance.py:2076} INFO - Dependencies all met for dep_context=requeueable deps ti=<TaskInstance: users_elt_daily.extract_users scheduled__2025-11-16T00:00:00+00:00 [queued]>
[2025-12-16T17:41:02.255+0000] {taskinstance.py:2306} INFO - Starting attempt 1 of 1
[2025-12-16T17:41:02.293+0000] {taskinstance.py:2330} INFO - Executing <Task(BashOperator): extract_users> on 2025-11-16 00:00:00+00:00
[2025-12-16T17:41:02.307+0000] {logging_mixin.py:188} WARNING - /home/***/.local/lib/python3.12/site-packages/***/task/task_runner/standard_task_runner.py:62 DeprecationWarning: This process (pid=598) is multi-threaded, use of fork() may lead to deadlocks in the child.
[2025-12-16T17:41:02.307+0000] {standard_task_runner.py:90} INFO - Running: ['***', 'tasks', 'run', 'users_elt_daily', 'extract_users', 'scheduled__2025-11-16T00:00:00+00:00', '--job-id', '214', '--raw', '--subdir', 'DAGS_FOLDER/users_elt_daily.py', '--cfg-path', '/tmp/tmp8ajfxbsz']
[2025-12-16T17:41:02.314+0000] {standard_task_runner.py:64} INFO - Started process 602 to run task
[2025-12-16T17:41:02.314+0000] {standard_task_runner.py:91} INFO - Job 214: Subtask extract_users
[2025-12-16T17:41:02.416+0000] {task_command.py:426} INFO - Running <TaskInstance: users_elt_daily.extract_users scheduled__2025-11-16T00:00:00+00:00 [running]> on host be068e76f4a7
[2025-12-16T17:41:02.567+0000] {taskinstance.py:2648} INFO - Exporting env vars: AIRFLOW_CTX_DAG_OWNER='***' AIRFLOW_CTX_DAG_ID='users_elt_daily' AIRFLOW_CTX_TASK_ID='extract_users' AIRFLOW_CTX_EXECUTION_DATE='2025-11-16T00:00:00+00:00' AIRFLOW_CTX_TRY_NUMBER='1' AIRFLOW_CTX_DAG_RUN_ID='scheduled__2025-11-16T00:00:00+00:00'
[2025-12-16T17:41:02.569+0000] {taskinstance.py:430} INFO - ::endgroup::
[2025-12-16T17:41:02.591+0000] {subprocess.py:63} INFO - Tmp dir root location: /tmp
[2025-12-16T17:41:02.593+0000] {subprocess.py:75} INFO - Running command: ['/usr/bin/bash', '-c', 'python /opt/***/scripts/extract_users.py --ds 2025-11-16']
[2025-12-16T17:41:02.617+0000] {subprocess.py:86} INFO - Output:
[2025-12-16T17:41:03.002+0000] {subprocess.py:93} INFO - [extract_users] ds=2025-11-16 already exists -> skip (/opt/***/data/source/users/users_2025-11-16.json)
[2025-12-16T17:41:03.020+0000] {subprocess.py:97} INFO - Command exited with return code 0
[2025-12-16T17:41:03.022+0000] {taskinstance.py:441} INFO - ::group::Post task execution logs
[2025-12-16T17:41:03.069+0000] {taskinstance.py:1206} INFO - Marking task as SUCCESS. dag_id=users_elt_daily, task_id=extract_users, run_id=scheduled__2025-11-16T00:00:00+00:00, execution_date=20251116T000000, start_date=20251216T174102, end_date=20251216T174103
[2025-12-16T17:41:03.134+0000] {local_task_job_runner.py:243} INFO - Task exited with return code 0
[2025-12-16T17:41:03.161+0000] {local_task_job_runner.py:222} INFO - ::endgroup::
