[2025-12-16T17:31:40.440+0000] {local_task_job_runner.py:120} INFO - ::group::Pre task execution logs
[2025-12-16T17:31:40.510+0000] {taskinstance.py:2076} INFO - Dependencies all met for dep_context=non-requeueable deps ti=<TaskInstance: users_elt_daily.extract_users scheduled__2025-12-07T00:00:00+00:00 [queued]>
[2025-12-16T17:31:40.527+0000] {taskinstance.py:2076} INFO - Dependencies all met for dep_context=requeueable deps ti=<TaskInstance: users_elt_daily.extract_users scheduled__2025-12-07T00:00:00+00:00 [queued]>
[2025-12-16T17:31:40.529+0000] {taskinstance.py:2306} INFO - Starting attempt 1 of 1
[2025-12-16T17:31:40.553+0000] {taskinstance.py:2330} INFO - Executing <Task(BashOperator): extract_users> on 2025-12-07 00:00:00+00:00
[2025-12-16T17:31:40.570+0000] {logging_mixin.py:188} WARNING - /home/***/.local/lib/python3.12/site-packages/***/task/task_runner/standard_task_runner.py:62 DeprecationWarning: This process (pid=1253) is multi-threaded, use of fork() may lead to deadlocks in the child.
[2025-12-16T17:31:40.569+0000] {standard_task_runner.py:90} INFO - Running: ['***', 'tasks', 'run', 'users_elt_daily', 'extract_users', 'scheduled__2025-12-07T00:00:00+00:00', '--job-id', '156', '--raw', '--subdir', 'DAGS_FOLDER/users_elt_daily.py', '--cfg-path', '/tmp/tmpnnbnx4up']
[2025-12-16T17:31:40.573+0000] {standard_task_runner.py:64} INFO - Started process 1261 to run task
[2025-12-16T17:31:40.575+0000] {standard_task_runner.py:91} INFO - Job 156: Subtask extract_users
[2025-12-16T17:31:40.697+0000] {task_command.py:426} INFO - Running <TaskInstance: users_elt_daily.extract_users scheduled__2025-12-07T00:00:00+00:00 [running]> on host be068e76f4a7
[2025-12-16T17:31:40.933+0000] {taskinstance.py:2648} INFO - Exporting env vars: AIRFLOW_CTX_DAG_OWNER='***' AIRFLOW_CTX_DAG_ID='users_elt_daily' AIRFLOW_CTX_TASK_ID='extract_users' AIRFLOW_CTX_EXECUTION_DATE='2025-12-07T00:00:00+00:00' AIRFLOW_CTX_TRY_NUMBER='1' AIRFLOW_CTX_DAG_RUN_ID='scheduled__2025-12-07T00:00:00+00:00'
[2025-12-16T17:31:40.935+0000] {taskinstance.py:430} INFO - ::endgroup::
[2025-12-16T17:31:40.974+0000] {subprocess.py:63} INFO - Tmp dir root location: /tmp
[2025-12-16T17:31:40.977+0000] {subprocess.py:75} INFO - Running command: ['/usr/bin/bash', '-c', 'python /opt/***/scripts/extract_users.py --ds 2025-12-07']
[2025-12-16T17:31:41.009+0000] {subprocess.py:86} INFO - Output:
[2025-12-16T17:31:41.492+0000] {subprocess.py:93} INFO - [extract_users] ds=2025-12-07 wrote=/opt/***/data/source/users/users_2025-12-07.json new_users=18 last_user_id=426
[2025-12-16T17:31:41.520+0000] {subprocess.py:97} INFO - Command exited with return code 0
[2025-12-16T17:31:41.522+0000] {taskinstance.py:441} INFO - ::group::Post task execution logs
[2025-12-16T17:31:41.586+0000] {taskinstance.py:1206} INFO - Marking task as SUCCESS. dag_id=users_elt_daily, task_id=extract_users, run_id=scheduled__2025-12-07T00:00:00+00:00, execution_date=20251207T000000, start_date=20251216T173140, end_date=20251216T173141
[2025-12-16T17:31:41.761+0000] {local_task_job_runner.py:243} INFO - Task exited with return code 0
[2025-12-16T17:31:41.806+0000] {taskinstance.py:3503} INFO - 1 downstream tasks scheduled from follow-on schedule check
[2025-12-16T17:31:41.813+0000] {local_task_job_runner.py:222} INFO - ::endgroup::
[2025-12-16T17:41:13.270+0000] {local_task_job_runner.py:120} INFO - ::group::Pre task execution logs
[2025-12-16T17:41:13.370+0000] {taskinstance.py:2076} INFO - Dependencies all met for dep_context=non-requeueable deps ti=<TaskInstance: users_elt_daily.extract_users scheduled__2025-12-07T00:00:00+00:00 [queued]>
[2025-12-16T17:41:13.395+0000] {taskinstance.py:2076} INFO - Dependencies all met for dep_context=requeueable deps ti=<TaskInstance: users_elt_daily.extract_users scheduled__2025-12-07T00:00:00+00:00 [queued]>
[2025-12-16T17:41:13.397+0000] {taskinstance.py:2306} INFO - Starting attempt 1 of 1
[2025-12-16T17:41:14.079+0000] {taskinstance.py:2330} INFO - Executing <Task(BashOperator): extract_users> on 2025-12-07 00:00:00+00:00
[2025-12-16T17:41:14.158+0000] {logging_mixin.py:188} WARNING - /home/***/.local/lib/python3.12/site-packages/***/task/task_runner/standard_task_runner.py:62 DeprecationWarning: This process (pid=731) is multi-threaded, use of fork() may lead to deadlocks in the child.
[2025-12-16T17:41:14.166+0000] {standard_task_runner.py:64} INFO - Started process 760 to run task
[2025-12-16T17:41:14.173+0000] {standard_task_runner.py:90} INFO - Running: ['***', 'tasks', 'run', 'users_elt_daily', 'extract_users', 'scheduled__2025-12-07T00:00:00+00:00', '--job-id', '264', '--raw', '--subdir', 'DAGS_FOLDER/users_elt_daily.py', '--cfg-path', '/tmp/tmpq122ps8t']
[2025-12-16T17:41:14.182+0000] {standard_task_runner.py:91} INFO - Job 264: Subtask extract_users
[2025-12-16T17:41:14.696+0000] {task_command.py:426} INFO - Running <TaskInstance: users_elt_daily.extract_users scheduled__2025-12-07T00:00:00+00:00 [running]> on host be068e76f4a7
[2025-12-16T17:41:15.299+0000] {taskinstance.py:2648} INFO - Exporting env vars: AIRFLOW_CTX_DAG_OWNER='***' AIRFLOW_CTX_DAG_ID='users_elt_daily' AIRFLOW_CTX_TASK_ID='extract_users' AIRFLOW_CTX_EXECUTION_DATE='2025-12-07T00:00:00+00:00' AIRFLOW_CTX_TRY_NUMBER='1' AIRFLOW_CTX_DAG_RUN_ID='scheduled__2025-12-07T00:00:00+00:00'
[2025-12-16T17:41:15.302+0000] {taskinstance.py:430} INFO - ::endgroup::
[2025-12-16T17:41:15.381+0000] {subprocess.py:63} INFO - Tmp dir root location: /tmp
[2025-12-16T17:41:15.392+0000] {subprocess.py:75} INFO - Running command: ['/usr/bin/bash', '-c', 'python /opt/***/scripts/extract_users.py --ds 2025-12-07']
[2025-12-16T17:41:15.449+0000] {subprocess.py:86} INFO - Output:
[2025-12-16T17:41:16.553+0000] {subprocess.py:93} INFO - [extract_users] ds=2025-12-07 already exists -> skip (/opt/***/data/source/users/users_2025-12-07.json)
[2025-12-16T17:41:16.601+0000] {subprocess.py:97} INFO - Command exited with return code 0
[2025-12-16T17:41:16.608+0000] {taskinstance.py:441} INFO - ::group::Post task execution logs
[2025-12-16T17:41:16.716+0000] {taskinstance.py:1206} INFO - Marking task as SUCCESS. dag_id=users_elt_daily, task_id=extract_users, run_id=scheduled__2025-12-07T00:00:00+00:00, execution_date=20251207T000000, start_date=20251216T174113, end_date=20251216T174116
[2025-12-16T17:41:16.806+0000] {local_task_job_runner.py:243} INFO - Task exited with return code 0
[2025-12-16T17:41:16.927+0000] {taskinstance.py:3503} INFO - 1 downstream tasks scheduled from follow-on schedule check
[2025-12-16T17:41:16.944+0000] {local_task_job_runner.py:222} INFO - ::endgroup::
