[2025-12-16T17:31:40.213+0000] {local_task_job_runner.py:120} INFO - ::group::Pre task execution logs
[2025-12-16T17:31:40.277+0000] {taskinstance.py:2076} INFO - Dependencies all met for dep_context=non-requeueable deps ti=<TaskInstance: users_elt_daily.load_users scheduled__2025-11-30T00:00:00+00:00 [queued]>
[2025-12-16T17:31:40.295+0000] {taskinstance.py:2076} INFO - Dependencies all met for dep_context=requeueable deps ti=<TaskInstance: users_elt_daily.load_users scheduled__2025-11-30T00:00:00+00:00 [queued]>
[2025-12-16T17:31:40.301+0000] {taskinstance.py:2306} INFO - Starting attempt 1 of 1
[2025-12-16T17:31:40.324+0000] {taskinstance.py:2330} INFO - Executing <Task(BashOperator): load_users> on 2025-11-30 00:00:00+00:00
[2025-12-16T17:31:40.343+0000] {logging_mixin.py:188} WARNING - /home/***/.local/lib/python3.12/site-packages/***/task/task_runner/standard_task_runner.py:62 DeprecationWarning: This process (pid=1250) is multi-threaded, use of fork() may lead to deadlocks in the child.
[2025-12-16T17:31:40.345+0000] {standard_task_runner.py:64} INFO - Started process 1258 to run task
[2025-12-16T17:31:40.343+0000] {standard_task_runner.py:90} INFO - Running: ['***', 'tasks', 'run', 'users_elt_daily', 'load_users', 'scheduled__2025-11-30T00:00:00+00:00', '--job-id', '155', '--raw', '--subdir', 'DAGS_FOLDER/users_elt_daily.py', '--cfg-path', '/tmp/tmp0thme78l']
[2025-12-16T17:31:40.347+0000] {standard_task_runner.py:91} INFO - Job 155: Subtask load_users
[2025-12-16T17:31:40.473+0000] {task_command.py:426} INFO - Running <TaskInstance: users_elt_daily.load_users scheduled__2025-11-30T00:00:00+00:00 [running]> on host be068e76f4a7
[2025-12-16T17:31:40.655+0000] {taskinstance.py:2648} INFO - Exporting env vars: AIRFLOW_CTX_DAG_OWNER='***' AIRFLOW_CTX_DAG_ID='users_elt_daily' AIRFLOW_CTX_TASK_ID='load_users' AIRFLOW_CTX_EXECUTION_DATE='2025-11-30T00:00:00+00:00' AIRFLOW_CTX_TRY_NUMBER='1' AIRFLOW_CTX_DAG_RUN_ID='scheduled__2025-11-30T00:00:00+00:00'
[2025-12-16T17:31:40.657+0000] {taskinstance.py:430} INFO - ::endgroup::
[2025-12-16T17:31:40.688+0000] {subprocess.py:63} INFO - Tmp dir root location: /tmp
[2025-12-16T17:31:40.690+0000] {subprocess.py:75} INFO - Running command: ['/usr/bin/bash', '-c', 'python /opt/***/scripts/load_users.py --ds 2025-11-30']
[2025-12-16T17:31:40.716+0000] {subprocess.py:86} INFO - Output:
[2025-12-16T17:31:41.305+0000] {subprocess.py:93} INFO - [load_users] ds=2025-11-30 inserted=9 rows
[2025-12-16T17:31:41.335+0000] {subprocess.py:97} INFO - Command exited with return code 0
[2025-12-16T17:31:41.336+0000] {taskinstance.py:441} INFO - ::group::Post task execution logs
[2025-12-16T17:31:41.390+0000] {taskinstance.py:1206} INFO - Marking task as SUCCESS. dag_id=users_elt_daily, task_id=load_users, run_id=scheduled__2025-11-30T00:00:00+00:00, execution_date=20251130T000000, start_date=20251216T173140, end_date=20251216T173141
[2025-12-16T17:31:41.447+0000] {local_task_job_runner.py:243} INFO - Task exited with return code 0
[2025-12-16T17:31:41.493+0000] {taskinstance.py:3503} INFO - 0 downstream tasks scheduled from follow-on schedule check
[2025-12-16T17:31:41.501+0000] {local_task_job_runner.py:222} INFO - ::endgroup::
[2025-12-16T17:41:12.597+0000] {local_task_job_runner.py:120} INFO - ::group::Pre task execution logs
[2025-12-16T17:41:12.737+0000] {taskinstance.py:2076} INFO - Dependencies all met for dep_context=non-requeueable deps ti=<TaskInstance: users_elt_daily.load_users scheduled__2025-11-30T00:00:00+00:00 [queued]>
[2025-12-16T17:41:12.801+0000] {taskinstance.py:2076} INFO - Dependencies all met for dep_context=requeueable deps ti=<TaskInstance: users_elt_daily.load_users scheduled__2025-11-30T00:00:00+00:00 [queued]>
[2025-12-16T17:41:12.823+0000] {taskinstance.py:2306} INFO - Starting attempt 1 of 1
[2025-12-16T17:41:13.175+0000] {taskinstance.py:2330} INFO - Executing <Task(BashOperator): load_users> on 2025-11-30 00:00:00+00:00
[2025-12-16T17:41:13.201+0000] {logging_mixin.py:188} WARNING - /home/***/.local/lib/python3.12/site-packages/***/task/task_runner/standard_task_runner.py:62 DeprecationWarning: This process (pid=723) is multi-threaded, use of fork() may lead to deadlocks in the child.
[2025-12-16T17:41:13.203+0000] {standard_task_runner.py:64} INFO - Started process 738 to run task
[2025-12-16T17:41:13.201+0000] {standard_task_runner.py:90} INFO - Running: ['***', 'tasks', 'run', 'users_elt_daily', 'load_users', 'scheduled__2025-11-30T00:00:00+00:00', '--job-id', '262', '--raw', '--subdir', 'DAGS_FOLDER/users_elt_daily.py', '--cfg-path', '/tmp/tmp17uqaou6']
[2025-12-16T17:41:13.211+0000] {standard_task_runner.py:91} INFO - Job 262: Subtask load_users
[2025-12-16T17:41:13.423+0000] {task_command.py:426} INFO - Running <TaskInstance: users_elt_daily.load_users scheduled__2025-11-30T00:00:00+00:00 [running]> on host be068e76f4a7
[2025-12-16T17:41:14.002+0000] {taskinstance.py:2648} INFO - Exporting env vars: AIRFLOW_CTX_DAG_OWNER='***' AIRFLOW_CTX_DAG_ID='users_elt_daily' AIRFLOW_CTX_TASK_ID='load_users' AIRFLOW_CTX_EXECUTION_DATE='2025-11-30T00:00:00+00:00' AIRFLOW_CTX_TRY_NUMBER='1' AIRFLOW_CTX_DAG_RUN_ID='scheduled__2025-11-30T00:00:00+00:00'
[2025-12-16T17:41:14.040+0000] {taskinstance.py:430} INFO - ::endgroup::
[2025-12-16T17:41:14.137+0000] {subprocess.py:63} INFO - Tmp dir root location: /tmp
[2025-12-16T17:41:14.165+0000] {subprocess.py:75} INFO - Running command: ['/usr/bin/bash', '-c', 'python /opt/***/scripts/load_users.py --ds 2025-11-30']
[2025-12-16T17:41:14.229+0000] {subprocess.py:86} INFO - Output:
[2025-12-16T17:41:15.576+0000] {subprocess.py:93} INFO - [load_users] ds=2025-11-30 inserted=9 rows
[2025-12-16T17:41:15.643+0000] {subprocess.py:97} INFO - Command exited with return code 0
[2025-12-16T17:41:15.651+0000] {taskinstance.py:441} INFO - ::group::Post task execution logs
[2025-12-16T17:41:15.801+0000] {taskinstance.py:1206} INFO - Marking task as SUCCESS. dag_id=users_elt_daily, task_id=load_users, run_id=scheduled__2025-11-30T00:00:00+00:00, execution_date=20251130T000000, start_date=20251216T174112, end_date=20251216T174115
[2025-12-16T17:41:15.954+0000] {local_task_job_runner.py:243} INFO - Task exited with return code 0
[2025-12-16T17:41:16.035+0000] {taskinstance.py:3503} INFO - 0 downstream tasks scheduled from follow-on schedule check
[2025-12-16T17:41:16.066+0000] {local_task_job_runner.py:222} INFO - ::endgroup::
