[2025-12-16T17:31:31.799+0000] {local_task_job_runner.py:120} INFO - ::group::Pre task execution logs
[2025-12-16T17:31:31.845+0000] {taskinstance.py:2076} INFO - Dependencies all met for dep_context=non-requeueable deps ti=<TaskInstance: users_elt_daily.extract_users scheduled__2025-11-19T00:00:00+00:00 [queued]>
[2025-12-16T17:31:31.858+0000] {taskinstance.py:2076} INFO - Dependencies all met for dep_context=requeueable deps ti=<TaskInstance: users_elt_daily.extract_users scheduled__2025-11-19T00:00:00+00:00 [queued]>
[2025-12-16T17:31:31.860+0000] {taskinstance.py:2306} INFO - Starting attempt 1 of 1
[2025-12-16T17:31:31.884+0000] {taskinstance.py:2330} INFO - Executing <Task(BashOperator): extract_users> on 2025-11-19 00:00:00+00:00
[2025-12-16T17:31:31.899+0000] {logging_mixin.py:188} WARNING - /home/***/.local/lib/python3.12/site-packages/***/task/task_runner/standard_task_runner.py:62 DeprecationWarning: This process (pid=1157) is multi-threaded, use of fork() may lead to deadlocks in the child.
[2025-12-16T17:31:31.902+0000] {standard_task_runner.py:64} INFO - Started process 1162 to run task
[2025-12-16T17:31:31.899+0000] {standard_task_runner.py:90} INFO - Running: ['***', 'tasks', 'run', 'users_elt_daily', 'extract_users', 'scheduled__2025-11-19T00:00:00+00:00', '--job-id', '127', '--raw', '--subdir', 'DAGS_FOLDER/users_elt_daily.py', '--cfg-path', '/tmp/tmpniwa7qow']
[2025-12-16T17:31:31.903+0000] {standard_task_runner.py:91} INFO - Job 127: Subtask extract_users
[2025-12-16T17:31:32.008+0000] {task_command.py:426} INFO - Running <TaskInstance: users_elt_daily.extract_users scheduled__2025-11-19T00:00:00+00:00 [running]> on host be068e76f4a7
[2025-12-16T17:31:32.240+0000] {taskinstance.py:2648} INFO - Exporting env vars: AIRFLOW_CTX_DAG_OWNER='***' AIRFLOW_CTX_DAG_ID='users_elt_daily' AIRFLOW_CTX_TASK_ID='extract_users' AIRFLOW_CTX_EXECUTION_DATE='2025-11-19T00:00:00+00:00' AIRFLOW_CTX_TRY_NUMBER='1' AIRFLOW_CTX_DAG_RUN_ID='scheduled__2025-11-19T00:00:00+00:00'
[2025-12-16T17:31:32.242+0000] {taskinstance.py:430} INFO - ::endgroup::
[2025-12-16T17:31:32.265+0000] {subprocess.py:63} INFO - Tmp dir root location: /tmp
[2025-12-16T17:31:32.267+0000] {subprocess.py:75} INFO - Running command: ['/usr/bin/bash', '-c', 'python /opt/***/scripts/extract_users.py --ds 2025-11-19']
[2025-12-16T17:31:32.289+0000] {subprocess.py:86} INFO - Output:
[2025-12-16T17:31:32.785+0000] {subprocess.py:93} INFO - [extract_users] ds=2025-11-19 wrote=/opt/***/data/source/users/users_2025-11-19.json new_users=17 last_user_id=254
[2025-12-16T17:31:32.814+0000] {subprocess.py:97} INFO - Command exited with return code 0
[2025-12-16T17:31:32.816+0000] {taskinstance.py:441} INFO - ::group::Post task execution logs
[2025-12-16T17:31:32.873+0000] {taskinstance.py:1206} INFO - Marking task as SUCCESS. dag_id=users_elt_daily, task_id=extract_users, run_id=scheduled__2025-11-19T00:00:00+00:00, execution_date=20251119T000000, start_date=20251216T173131, end_date=20251216T173132
[2025-12-16T17:31:32.961+0000] {local_task_job_runner.py:243} INFO - Task exited with return code 0
[2025-12-16T17:31:32.987+0000] {local_task_job_runner.py:222} INFO - ::endgroup::
[2025-12-16T17:41:02.603+0000] {local_task_job_runner.py:120} INFO - ::group::Pre task execution logs
[2025-12-16T17:41:02.674+0000] {taskinstance.py:2076} INFO - Dependencies all met for dep_context=non-requeueable deps ti=<TaskInstance: users_elt_daily.extract_users scheduled__2025-11-19T00:00:00+00:00 [queued]>
[2025-12-16T17:41:02.692+0000] {taskinstance.py:2076} INFO - Dependencies all met for dep_context=requeueable deps ti=<TaskInstance: users_elt_daily.extract_users scheduled__2025-11-19T00:00:00+00:00 [queued]>
[2025-12-16T17:41:02.695+0000] {taskinstance.py:2306} INFO - Starting attempt 1 of 1
[2025-12-16T17:41:02.808+0000] {taskinstance.py:2330} INFO - Executing <Task(BashOperator): extract_users> on 2025-11-19 00:00:00+00:00
[2025-12-16T17:41:02.824+0000] {logging_mixin.py:188} WARNING - /home/***/.local/lib/python3.12/site-packages/***/task/task_runner/standard_task_runner.py:62 DeprecationWarning: This process (pid=603) is multi-threaded, use of fork() may lead to deadlocks in the child.
[2025-12-16T17:41:02.823+0000] {standard_task_runner.py:90} INFO - Running: ['***', 'tasks', 'run', 'users_elt_daily', 'extract_users', 'scheduled__2025-11-19T00:00:00+00:00', '--job-id', '218', '--raw', '--subdir', 'DAGS_FOLDER/users_elt_daily.py', '--cfg-path', '/tmp/tmpe1ibrnb0']
[2025-12-16T17:41:02.827+0000] {standard_task_runner.py:64} INFO - Started process 612 to run task
[2025-12-16T17:41:02.827+0000] {standard_task_runner.py:91} INFO - Job 218: Subtask extract_users
[2025-12-16T17:41:02.976+0000] {task_command.py:426} INFO - Running <TaskInstance: users_elt_daily.extract_users scheduled__2025-11-19T00:00:00+00:00 [running]> on host be068e76f4a7
[2025-12-16T17:41:03.152+0000] {taskinstance.py:2648} INFO - Exporting env vars: AIRFLOW_CTX_DAG_OWNER='***' AIRFLOW_CTX_DAG_ID='users_elt_daily' AIRFLOW_CTX_TASK_ID='extract_users' AIRFLOW_CTX_EXECUTION_DATE='2025-11-19T00:00:00+00:00' AIRFLOW_CTX_TRY_NUMBER='1' AIRFLOW_CTX_DAG_RUN_ID='scheduled__2025-11-19T00:00:00+00:00'
[2025-12-16T17:41:03.156+0000] {taskinstance.py:430} INFO - ::endgroup::
[2025-12-16T17:41:03.200+0000] {subprocess.py:63} INFO - Tmp dir root location: /tmp
[2025-12-16T17:41:03.203+0000] {subprocess.py:75} INFO - Running command: ['/usr/bin/bash', '-c', 'python /opt/***/scripts/extract_users.py --ds 2025-11-19']
[2025-12-16T17:41:03.235+0000] {subprocess.py:86} INFO - Output:
[2025-12-16T17:41:04.180+0000] {subprocess.py:93} INFO - [extract_users] ds=2025-11-19 already exists -> skip (/opt/***/data/source/users/users_2025-11-19.json)
[2025-12-16T17:41:04.218+0000] {subprocess.py:97} INFO - Command exited with return code 0
[2025-12-16T17:41:04.221+0000] {taskinstance.py:441} INFO - ::group::Post task execution logs
[2025-12-16T17:41:04.294+0000] {taskinstance.py:1206} INFO - Marking task as SUCCESS. dag_id=users_elt_daily, task_id=extract_users, run_id=scheduled__2025-11-19T00:00:00+00:00, execution_date=20251119T000000, start_date=20251216T174102, end_date=20251216T174104
[2025-12-16T17:41:04.387+0000] {local_task_job_runner.py:243} INFO - Task exited with return code 0
[2025-12-16T17:41:04.454+0000] {taskinstance.py:3503} INFO - 1 downstream tasks scheduled from follow-on schedule check
[2025-12-16T17:41:04.460+0000] {local_task_job_runner.py:222} INFO - ::endgroup::
