[2025-12-16T17:41:17.055+0000] {local_task_job_runner.py:120} INFO - ::group::Pre task execution logs
[2025-12-16T17:41:17.180+0000] {taskinstance.py:2076} INFO - Dependencies all met for dep_context=non-requeueable deps ti=<TaskInstance: users_elt_daily.load_users scheduled__2025-12-06T00:00:00+00:00 [queued]>
[2025-12-16T17:41:17.202+0000] {taskinstance.py:2076} INFO - Dependencies all met for dep_context=requeueable deps ti=<TaskInstance: users_elt_daily.load_users scheduled__2025-12-06T00:00:00+00:00 [queued]>
[2025-12-16T17:41:17.206+0000] {taskinstance.py:2306} INFO - Starting attempt 1 of 1
[2025-12-16T17:41:17.581+0000] {taskinstance.py:2330} INFO - Executing <Task(BashOperator): load_users> on 2025-12-06 00:00:00+00:00
[2025-12-16T17:41:17.619+0000] {logging_mixin.py:188} WARNING - /home/***/.local/lib/python3.12/site-packages/***/task/task_runner/standard_task_runner.py:62 DeprecationWarning: This process (pid=805) is multi-threaded, use of fork() may lead to deadlocks in the child.
[2025-12-16T17:41:17.617+0000] {standard_task_runner.py:90} INFO - Running: ['***', 'tasks', 'run', 'users_elt_daily', 'load_users', 'scheduled__2025-12-06T00:00:00+00:00', '--job-id', '282', '--raw', '--subdir', 'DAGS_FOLDER/users_elt_daily.py', '--cfg-path', '/tmp/tmp7o30722d']
[2025-12-16T17:41:17.625+0000] {standard_task_runner.py:91} INFO - Job 282: Subtask load_users
[2025-12-16T17:41:17.624+0000] {standard_task_runner.py:64} INFO - Started process 828 to run task
[2025-12-16T17:41:17.891+0000] {task_command.py:426} INFO - Running <TaskInstance: users_elt_daily.load_users scheduled__2025-12-06T00:00:00+00:00 [running]> on host be068e76f4a7
[2025-12-16T17:41:18.163+0000] {taskinstance.py:2648} INFO - Exporting env vars: AIRFLOW_CTX_DAG_OWNER='***' AIRFLOW_CTX_DAG_ID='users_elt_daily' AIRFLOW_CTX_TASK_ID='load_users' AIRFLOW_CTX_EXECUTION_DATE='2025-12-06T00:00:00+00:00' AIRFLOW_CTX_TRY_NUMBER='1' AIRFLOW_CTX_DAG_RUN_ID='scheduled__2025-12-06T00:00:00+00:00'
[2025-12-16T17:41:18.165+0000] {taskinstance.py:430} INFO - ::endgroup::
[2025-12-16T17:41:18.204+0000] {subprocess.py:63} INFO - Tmp dir root location: /tmp
[2025-12-16T17:41:18.207+0000] {subprocess.py:75} INFO - Running command: ['/usr/bin/bash', '-c', 'python /opt/***/scripts/load_users.py --ds 2025-12-06']
[2025-12-16T17:41:18.243+0000] {subprocess.py:86} INFO - Output:
[2025-12-16T17:41:18.793+0000] {subprocess.py:93} INFO - [load_users] ds=2025-12-06 inserted=13 rows
[2025-12-16T17:41:18.837+0000] {subprocess.py:97} INFO - Command exited with return code 0
[2025-12-16T17:41:18.838+0000] {taskinstance.py:441} INFO - ::group::Post task execution logs
[2025-12-16T17:41:18.888+0000] {taskinstance.py:1206} INFO - Marking task as SUCCESS. dag_id=users_elt_daily, task_id=load_users, run_id=scheduled__2025-12-06T00:00:00+00:00, execution_date=20251206T000000, start_date=20251216T174117, end_date=20251216T174118
[2025-12-16T17:41:19.000+0000] {local_task_job_runner.py:243} INFO - Task exited with return code 0
[2025-12-16T17:41:19.044+0000] {taskinstance.py:3503} INFO - 0 downstream tasks scheduled from follow-on schedule check
[2025-12-16T17:41:19.055+0000] {local_task_job_runner.py:222} INFO - ::endgroup::
