[2025-12-16T17:31:34.046+0000] {local_task_job_runner.py:120} INFO - ::group::Pre task execution logs
[2025-12-16T17:31:34.155+0000] {taskinstance.py:2076} INFO - Dependencies all met for dep_context=non-requeueable deps ti=<TaskInstance: users_elt_daily.load_users scheduled__2025-11-19T00:00:00+00:00 [queued]>
[2025-12-16T17:31:34.199+0000] {taskinstance.py:2076} INFO - Dependencies all met for dep_context=requeueable deps ti=<TaskInstance: users_elt_daily.load_users scheduled__2025-11-19T00:00:00+00:00 [queued]>
[2025-12-16T17:31:34.201+0000] {taskinstance.py:2306} INFO - Starting attempt 1 of 1
[2025-12-16T17:31:34.272+0000] {taskinstance.py:2330} INFO - Executing <Task(BashOperator): load_users> on 2025-11-19 00:00:00+00:00
[2025-12-16T17:31:34.303+0000] {logging_mixin.py:188} WARNING - /home/***/.local/lib/python3.12/site-packages/***/task/task_runner/standard_task_runner.py:62 DeprecationWarning: This process (pid=1182) is multi-threaded, use of fork() may lead to deadlocks in the child.
[2025-12-16T17:31:34.306+0000] {standard_task_runner.py:64} INFO - Started process 1190 to run task
[2025-12-16T17:31:34.306+0000] {standard_task_runner.py:90} INFO - Running: ['***', 'tasks', 'run', 'users_elt_daily', 'load_users', 'scheduled__2025-11-19T00:00:00+00:00', '--job-id', '138', '--raw', '--subdir', 'DAGS_FOLDER/users_elt_daily.py', '--cfg-path', '/tmp/tmpoue7lvvq']
[2025-12-16T17:31:34.318+0000] {standard_task_runner.py:91} INFO - Job 138: Subtask load_users
[2025-12-16T17:31:34.568+0000] {task_command.py:426} INFO - Running <TaskInstance: users_elt_daily.load_users scheduled__2025-11-19T00:00:00+00:00 [running]> on host be068e76f4a7
[2025-12-16T17:31:34.853+0000] {taskinstance.py:2648} INFO - Exporting env vars: AIRFLOW_CTX_DAG_OWNER='***' AIRFLOW_CTX_DAG_ID='users_elt_daily' AIRFLOW_CTX_TASK_ID='load_users' AIRFLOW_CTX_EXECUTION_DATE='2025-11-19T00:00:00+00:00' AIRFLOW_CTX_TRY_NUMBER='1' AIRFLOW_CTX_DAG_RUN_ID='scheduled__2025-11-19T00:00:00+00:00'
[2025-12-16T17:31:34.859+0000] {taskinstance.py:430} INFO - ::endgroup::
[2025-12-16T17:31:34.903+0000] {subprocess.py:63} INFO - Tmp dir root location: /tmp
[2025-12-16T17:31:34.907+0000] {subprocess.py:75} INFO - Running command: ['/usr/bin/bash', '-c', 'python /opt/***/scripts/load_users.py --ds 2025-11-19']
[2025-12-16T17:31:34.933+0000] {subprocess.py:86} INFO - Output:
[2025-12-16T17:31:35.578+0000] {subprocess.py:93} INFO - [load_users] ds=2025-11-19 inserted=17 rows
[2025-12-16T17:31:35.618+0000] {subprocess.py:97} INFO - Command exited with return code 0
[2025-12-16T17:31:35.620+0000] {taskinstance.py:441} INFO - ::group::Post task execution logs
[2025-12-16T17:31:35.680+0000] {taskinstance.py:1206} INFO - Marking task as SUCCESS. dag_id=users_elt_daily, task_id=load_users, run_id=scheduled__2025-11-19T00:00:00+00:00, execution_date=20251119T000000, start_date=20251216T173134, end_date=20251216T173135
[2025-12-16T17:31:35.752+0000] {local_task_job_runner.py:243} INFO - Task exited with return code 0
[2025-12-16T17:31:35.795+0000] {taskinstance.py:3503} INFO - 0 downstream tasks scheduled from follow-on schedule check
[2025-12-16T17:31:35.799+0000] {local_task_job_runner.py:222} INFO - ::endgroup::
[2025-12-16T17:41:05.324+0000] {local_task_job_runner.py:120} INFO - ::group::Pre task execution logs
[2025-12-16T17:41:05.439+0000] {taskinstance.py:2076} INFO - Dependencies all met for dep_context=non-requeueable deps ti=<TaskInstance: users_elt_daily.load_users scheduled__2025-11-19T00:00:00+00:00 [queued]>
[2025-12-16T17:41:05.470+0000] {taskinstance.py:2076} INFO - Dependencies all met for dep_context=requeueable deps ti=<TaskInstance: users_elt_daily.load_users scheduled__2025-11-19T00:00:00+00:00 [queued]>
[2025-12-16T17:41:05.472+0000] {taskinstance.py:2306} INFO - Starting attempt 1 of 1
[2025-12-16T17:41:05.640+0000] {taskinstance.py:2330} INFO - Executing <Task(BashOperator): load_users> on 2025-11-19 00:00:00+00:00
[2025-12-16T17:41:05.676+0000] {logging_mixin.py:188} WARNING - /home/***/.local/lib/python3.12/site-packages/***/task/task_runner/standard_task_runner.py:62 DeprecationWarning: This process (pid=640) is multi-threaded, use of fork() may lead to deadlocks in the child.
[2025-12-16T17:41:05.680+0000] {standard_task_runner.py:64} INFO - Started process 653 to run task
[2025-12-16T17:41:05.677+0000] {standard_task_runner.py:90} INFO - Running: ['***', 'tasks', 'run', 'users_elt_daily', 'load_users', 'scheduled__2025-11-19T00:00:00+00:00', '--job-id', '232', '--raw', '--subdir', 'DAGS_FOLDER/users_elt_daily.py', '--cfg-path', '/tmp/tmpd_iif9ha']
[2025-12-16T17:41:05.681+0000] {standard_task_runner.py:91} INFO - Job 232: Subtask load_users
[2025-12-16T17:41:05.862+0000] {task_command.py:426} INFO - Running <TaskInstance: users_elt_daily.load_users scheduled__2025-11-19T00:00:00+00:00 [running]> on host be068e76f4a7
[2025-12-16T17:41:06.127+0000] {taskinstance.py:2648} INFO - Exporting env vars: AIRFLOW_CTX_DAG_OWNER='***' AIRFLOW_CTX_DAG_ID='users_elt_daily' AIRFLOW_CTX_TASK_ID='load_users' AIRFLOW_CTX_EXECUTION_DATE='2025-11-19T00:00:00+00:00' AIRFLOW_CTX_TRY_NUMBER='1' AIRFLOW_CTX_DAG_RUN_ID='scheduled__2025-11-19T00:00:00+00:00'
[2025-12-16T17:41:06.131+0000] {taskinstance.py:430} INFO - ::endgroup::
[2025-12-16T17:41:06.165+0000] {subprocess.py:63} INFO - Tmp dir root location: /tmp
[2025-12-16T17:41:06.170+0000] {subprocess.py:75} INFO - Running command: ['/usr/bin/bash', '-c', 'python /opt/***/scripts/load_users.py --ds 2025-11-19']
[2025-12-16T17:41:06.205+0000] {subprocess.py:86} INFO - Output:
[2025-12-16T17:41:06.789+0000] {subprocess.py:93} INFO - [load_users] ds=2025-11-19 inserted=17 rows
[2025-12-16T17:41:06.834+0000] {subprocess.py:97} INFO - Command exited with return code 0
[2025-12-16T17:41:06.836+0000] {taskinstance.py:441} INFO - ::group::Post task execution logs
[2025-12-16T17:41:06.885+0000] {taskinstance.py:1206} INFO - Marking task as SUCCESS. dag_id=users_elt_daily, task_id=load_users, run_id=scheduled__2025-11-19T00:00:00+00:00, execution_date=20251119T000000, start_date=20251216T174105, end_date=20251216T174106
[2025-12-16T17:41:06.956+0000] {local_task_job_runner.py:243} INFO - Task exited with return code 0
[2025-12-16T17:41:06.989+0000] {taskinstance.py:3503} INFO - 0 downstream tasks scheduled from follow-on schedule check
[2025-12-16T17:41:06.993+0000] {local_task_job_runner.py:222} INFO - ::endgroup::
