[2025-12-16T17:13:11.005+0000] {local_task_job_runner.py:120} INFO - ::group::Pre task execution logs
[2025-12-16T17:13:11.097+0000] {taskinstance.py:2076} INFO - Dependencies all met for dep_context=non-requeueable deps ti=<TaskInstance: invoices_elt_daily.extract_invoices scheduled__2025-12-11T00:00:00+00:00 [queued]>
[2025-12-16T17:13:11.123+0000] {taskinstance.py:2076} INFO - Dependencies all met for dep_context=requeueable deps ti=<TaskInstance: invoices_elt_daily.extract_invoices scheduled__2025-12-11T00:00:00+00:00 [queued]>
[2025-12-16T17:13:11.127+0000] {taskinstance.py:2306} INFO - Starting attempt 1 of 1
[2025-12-16T17:13:11.176+0000] {taskinstance.py:2330} INFO - Executing <Task(BashOperator): extract_invoices> on 2025-12-11 00:00:00+00:00
[2025-12-16T17:13:11.199+0000] {standard_task_runner.py:90} INFO - Running: ['***', 'tasks', 'run', 'invoices_elt_daily', 'extract_invoices', 'scheduled__2025-12-11T00:00:00+00:00', '--job-id', '74', '--raw', '--subdir', 'DAGS_FOLDER/invoices_elt_daily.py', '--cfg-path', '/tmp/tmpwqgqmk00']
[2025-12-16T17:13:11.209+0000] {standard_task_runner.py:91} INFO - Job 74: Subtask extract_invoices
[2025-12-16T17:13:11.212+0000] {logging_mixin.py:188} WARNING - /home/***/.local/lib/python3.12/site-packages/***/task/task_runner/standard_task_runner.py:62 DeprecationWarning: This process (pid=260) is multi-threaded, use of fork() may lead to deadlocks in the child.
[2025-12-16T17:13:11.217+0000] {standard_task_runner.py:64} INFO - Started process 287 to run task
[2025-12-16T17:13:11.413+0000] {task_command.py:426} INFO - Running <TaskInstance: invoices_elt_daily.extract_invoices scheduled__2025-12-11T00:00:00+00:00 [running]> on host be068e76f4a7
[2025-12-16T17:13:11.640+0000] {taskinstance.py:2648} INFO - Exporting env vars: AIRFLOW_CTX_DAG_OWNER='***' AIRFLOW_CTX_DAG_ID='invoices_elt_daily' AIRFLOW_CTX_TASK_ID='extract_invoices' AIRFLOW_CTX_EXECUTION_DATE='2025-12-11T00:00:00+00:00' AIRFLOW_CTX_TRY_NUMBER='1' AIRFLOW_CTX_DAG_RUN_ID='scheduled__2025-12-11T00:00:00+00:00'
[2025-12-16T17:13:11.642+0000] {taskinstance.py:430} INFO - ::endgroup::
[2025-12-16T17:13:11.686+0000] {subprocess.py:63} INFO - Tmp dir root location: /tmp
[2025-12-16T17:13:11.690+0000] {subprocess.py:75} INFO - Running command: ['/usr/bin/bash', '-c', 'python /opt/***/scripts/extract_invoices.py --ds 2025-12-11']
[2025-12-16T17:13:11.730+0000] {subprocess.py:86} INFO - Output:
[2025-12-16T17:13:12.380+0000] {subprocess.py:93} INFO - [extract_invoices] ds=2025-12-11 not billing day -> wrote empty file
[2025-12-16T17:13:12.507+0000] {subprocess.py:97} INFO - Command exited with return code 0
[2025-12-16T17:13:12.510+0000] {taskinstance.py:441} INFO - ::group::Post task execution logs
[2025-12-16T17:13:12.654+0000] {taskinstance.py:1206} INFO - Marking task as SUCCESS. dag_id=invoices_elt_daily, task_id=extract_invoices, run_id=scheduled__2025-12-11T00:00:00+00:00, execution_date=20251211T000000, start_date=20251216T171311, end_date=20251216T171312
[2025-12-16T17:13:12.968+0000] {local_task_job_runner.py:243} INFO - Task exited with return code 0
[2025-12-16T17:13:12.999+0000] {local_task_job_runner.py:222} INFO - ::endgroup::
[2025-12-16T17:41:35.353+0000] {local_task_job_runner.py:120} INFO - ::group::Pre task execution logs
[2025-12-16T17:41:35.450+0000] {taskinstance.py:2076} INFO - Dependencies all met for dep_context=non-requeueable deps ti=<TaskInstance: invoices_elt_daily.extract_invoices scheduled__2025-12-11T00:00:00+00:00 [queued]>
[2025-12-16T17:41:35.469+0000] {taskinstance.py:2076} INFO - Dependencies all met for dep_context=requeueable deps ti=<TaskInstance: invoices_elt_daily.extract_invoices scheduled__2025-12-11T00:00:00+00:00 [queued]>
[2025-12-16T17:41:35.470+0000] {taskinstance.py:2306} INFO - Starting attempt 1 of 1
[2025-12-16T17:41:35.561+0000] {taskinstance.py:2330} INFO - Executing <Task(BashOperator): extract_invoices> on 2025-12-11 00:00:00+00:00
[2025-12-16T17:41:35.582+0000] {logging_mixin.py:188} WARNING - /home/***/.local/lib/python3.12/site-packages/***/task/task_runner/standard_task_runner.py:62 DeprecationWarning: This process (pid=1007) is multi-threaded, use of fork() may lead to deadlocks in the child.
[2025-12-16T17:41:35.585+0000] {standard_task_runner.py:64} INFO - Started process 1016 to run task
[2025-12-16T17:41:35.584+0000] {standard_task_runner.py:90} INFO - Running: ['***', 'tasks', 'run', 'invoices_elt_daily', 'extract_invoices', 'scheduled__2025-12-11T00:00:00+00:00', '--job-id', '347', '--raw', '--subdir', 'DAGS_FOLDER/invoices_elt_daily.py', '--cfg-path', '/tmp/tmpslvnadh6']
[2025-12-16T17:41:35.594+0000] {standard_task_runner.py:91} INFO - Job 347: Subtask extract_invoices
[2025-12-16T17:41:35.779+0000] {task_command.py:426} INFO - Running <TaskInstance: invoices_elt_daily.extract_invoices scheduled__2025-12-11T00:00:00+00:00 [running]> on host be068e76f4a7
[2025-12-16T17:41:35.989+0000] {taskinstance.py:2648} INFO - Exporting env vars: AIRFLOW_CTX_DAG_OWNER='***' AIRFLOW_CTX_DAG_ID='invoices_elt_daily' AIRFLOW_CTX_TASK_ID='extract_invoices' AIRFLOW_CTX_EXECUTION_DATE='2025-12-11T00:00:00+00:00' AIRFLOW_CTX_TRY_NUMBER='1' AIRFLOW_CTX_DAG_RUN_ID='scheduled__2025-12-11T00:00:00+00:00'
[2025-12-16T17:41:35.991+0000] {taskinstance.py:430} INFO - ::endgroup::
[2025-12-16T17:41:36.027+0000] {subprocess.py:63} INFO - Tmp dir root location: /tmp
[2025-12-16T17:41:36.032+0000] {subprocess.py:75} INFO - Running command: ['/usr/bin/bash', '-c', 'python /opt/***/scripts/extract_invoices.py --ds 2025-12-11']
[2025-12-16T17:41:36.071+0000] {subprocess.py:86} INFO - Output:
[2025-12-16T17:41:36.651+0000] {subprocess.py:93} INFO - [extract_invoices] ds=2025-12-11 already exists -> skip
[2025-12-16T17:41:36.698+0000] {subprocess.py:97} INFO - Command exited with return code 0
[2025-12-16T17:41:36.703+0000] {taskinstance.py:441} INFO - ::group::Post task execution logs
[2025-12-16T17:41:36.781+0000] {taskinstance.py:1206} INFO - Marking task as SUCCESS. dag_id=invoices_elt_daily, task_id=extract_invoices, run_id=scheduled__2025-12-11T00:00:00+00:00, execution_date=20251211T000000, start_date=20251216T174135, end_date=20251216T174136
[2025-12-16T17:41:37.076+0000] {local_task_job_runner.py:243} INFO - Task exited with return code 0
[2025-12-16T17:41:37.127+0000] {taskinstance.py:3503} INFO - 1 downstream tasks scheduled from follow-on schedule check
[2025-12-16T17:41:37.132+0000] {local_task_job_runner.py:222} INFO - ::endgroup::
