[2025-12-16T17:31:26.107+0000] {local_task_job_runner.py:120} INFO - ::group::Pre task execution logs
[2025-12-16T17:31:26.246+0000] {taskinstance.py:2076} INFO - Dependencies all met for dep_context=non-requeueable deps ti=<TaskInstance: users_elt_daily.load_users scheduled__2025-11-04T00:00:00+00:00 [queued]>
[2025-12-16T17:31:26.268+0000] {taskinstance.py:2076} INFO - Dependencies all met for dep_context=requeueable deps ti=<TaskInstance: users_elt_daily.load_users scheduled__2025-11-04T00:00:00+00:00 [queued]>
[2025-12-16T17:31:26.270+0000] {taskinstance.py:2306} INFO - Starting attempt 1 of 1
[2025-12-16T17:31:26.361+0000] {taskinstance.py:2330} INFO - Executing <Task(BashOperator): load_users> on 2025-11-04 00:00:00+00:00
[2025-12-16T17:31:26.388+0000] {logging_mixin.py:188} WARNING - /home/***/.local/lib/python3.12/site-packages/***/task/task_runner/standard_task_runner.py:62 DeprecationWarning: This process (pid=1092) is multi-threaded, use of fork() may lead to deadlocks in the child.
[2025-12-16T17:31:26.392+0000] {standard_task_runner.py:64} INFO - Started process 1102 to run task
[2025-12-16T17:31:26.392+0000] {standard_task_runner.py:90} INFO - Running: ['***', 'tasks', 'run', 'users_elt_daily', 'load_users', 'scheduled__2025-11-04T00:00:00+00:00', '--job-id', '108', '--raw', '--subdir', 'DAGS_FOLDER/users_elt_daily.py', '--cfg-path', '/tmp/tmpm61aswgz']
[2025-12-16T17:31:26.399+0000] {standard_task_runner.py:91} INFO - Job 108: Subtask load_users
[2025-12-16T17:31:26.629+0000] {task_command.py:426} INFO - Running <TaskInstance: users_elt_daily.load_users scheduled__2025-11-04T00:00:00+00:00 [running]> on host be068e76f4a7
[2025-12-16T17:31:26.897+0000] {taskinstance.py:2648} INFO - Exporting env vars: AIRFLOW_CTX_DAG_OWNER='***' AIRFLOW_CTX_DAG_ID='users_elt_daily' AIRFLOW_CTX_TASK_ID='load_users' AIRFLOW_CTX_EXECUTION_DATE='2025-11-04T00:00:00+00:00' AIRFLOW_CTX_TRY_NUMBER='1' AIRFLOW_CTX_DAG_RUN_ID='scheduled__2025-11-04T00:00:00+00:00'
[2025-12-16T17:31:26.899+0000] {taskinstance.py:430} INFO - ::endgroup::
[2025-12-16T17:31:26.944+0000] {subprocess.py:63} INFO - Tmp dir root location: /tmp
[2025-12-16T17:31:26.949+0000] {subprocess.py:75} INFO - Running command: ['/usr/bin/bash', '-c', 'python /opt/***/scripts/load_users.py --ds 2025-11-04']
[2025-12-16T17:31:26.990+0000] {subprocess.py:86} INFO - Output:
[2025-12-16T17:31:27.570+0000] {subprocess.py:93} INFO - [load_users] ds=2025-11-04 inserted=9 rows
[2025-12-16T17:31:27.622+0000] {subprocess.py:97} INFO - Command exited with return code 0
[2025-12-16T17:31:27.625+0000] {taskinstance.py:441} INFO - ::group::Post task execution logs
[2025-12-16T17:31:27.696+0000] {taskinstance.py:1206} INFO - Marking task as SUCCESS. dag_id=users_elt_daily, task_id=load_users, run_id=scheduled__2025-11-04T00:00:00+00:00, execution_date=20251104T000000, start_date=20251216T173126, end_date=20251216T173127
[2025-12-16T17:31:27.791+0000] {local_task_job_runner.py:243} INFO - Task exited with return code 0
[2025-12-16T17:31:27.836+0000] {taskinstance.py:3503} INFO - 0 downstream tasks scheduled from follow-on schedule check
[2025-12-16T17:31:27.850+0000] {local_task_job_runner.py:222} INFO - ::endgroup::
[2025-12-16T17:40:57.436+0000] {local_task_job_runner.py:120} INFO - ::group::Pre task execution logs
[2025-12-16T17:40:57.534+0000] {taskinstance.py:2076} INFO - Dependencies all met for dep_context=non-requeueable deps ti=<TaskInstance: users_elt_daily.load_users scheduled__2025-11-04T00:00:00+00:00 [queued]>
[2025-12-16T17:40:57.557+0000] {taskinstance.py:2076} INFO - Dependencies all met for dep_context=requeueable deps ti=<TaskInstance: users_elt_daily.load_users scheduled__2025-11-04T00:00:00+00:00 [queued]>
[2025-12-16T17:40:57.560+0000] {taskinstance.py:2306} INFO - Starting attempt 1 of 1
[2025-12-16T17:40:57.599+0000] {taskinstance.py:2330} INFO - Executing <Task(BashOperator): load_users> on 2025-11-04 00:00:00+00:00
[2025-12-16T17:40:57.629+0000] {logging_mixin.py:188} WARNING - /home/***/.local/lib/python3.12/site-packages/***/task/task_runner/standard_task_runner.py:62 DeprecationWarning: This process (pid=548) is multi-threaded, use of fork() may lead to deadlocks in the child.
[2025-12-16T17:40:57.627+0000] {standard_task_runner.py:90} INFO - Running: ['***', 'tasks', 'run', 'users_elt_daily', 'load_users', 'scheduled__2025-11-04T00:00:00+00:00', '--job-id', '203', '--raw', '--subdir', 'DAGS_FOLDER/users_elt_daily.py', '--cfg-path', '/tmp/tmprv1vnk3f']
[2025-12-16T17:40:57.632+0000] {standard_task_runner.py:64} INFO - Started process 563 to run task
[2025-12-16T17:40:57.633+0000] {standard_task_runner.py:91} INFO - Job 203: Subtask load_users
[2025-12-16T17:40:57.861+0000] {task_command.py:426} INFO - Running <TaskInstance: users_elt_daily.load_users scheduled__2025-11-04T00:00:00+00:00 [running]> on host be068e76f4a7
[2025-12-16T17:40:58.083+0000] {taskinstance.py:2648} INFO - Exporting env vars: AIRFLOW_CTX_DAG_OWNER='***' AIRFLOW_CTX_DAG_ID='users_elt_daily' AIRFLOW_CTX_TASK_ID='load_users' AIRFLOW_CTX_EXECUTION_DATE='2025-11-04T00:00:00+00:00' AIRFLOW_CTX_TRY_NUMBER='1' AIRFLOW_CTX_DAG_RUN_ID='scheduled__2025-11-04T00:00:00+00:00'
[2025-12-16T17:40:58.087+0000] {taskinstance.py:430} INFO - ::endgroup::
[2025-12-16T17:40:58.124+0000] {subprocess.py:63} INFO - Tmp dir root location: /tmp
[2025-12-16T17:40:58.129+0000] {subprocess.py:75} INFO - Running command: ['/usr/bin/bash', '-c', 'python /opt/***/scripts/load_users.py --ds 2025-11-04']
[2025-12-16T17:40:58.164+0000] {subprocess.py:86} INFO - Output:
[2025-12-16T17:40:58.620+0000] {subprocess.py:93} INFO - [load_users] ds=2025-11-04 inserted=9 rows
[2025-12-16T17:40:58.671+0000] {subprocess.py:97} INFO - Command exited with return code 0
[2025-12-16T17:40:58.674+0000] {taskinstance.py:441} INFO - ::group::Post task execution logs
[2025-12-16T17:40:58.731+0000] {taskinstance.py:1206} INFO - Marking task as SUCCESS. dag_id=users_elt_daily, task_id=load_users, run_id=scheduled__2025-11-04T00:00:00+00:00, execution_date=20251104T000000, start_date=20251216T174057, end_date=20251216T174058
[2025-12-16T17:40:58.802+0000] {local_task_job_runner.py:243} INFO - Task exited with return code 0
[2025-12-16T17:40:58.824+0000] {local_task_job_runner.py:222} INFO - ::endgroup::
