[2025-12-16T17:41:23.349+0000] {local_task_job_runner.py:120} INFO - ::group::Pre task execution logs
[2025-12-16T17:41:23.413+0000] {taskinstance.py:2076} INFO - Dependencies all met for dep_context=non-requeueable deps ti=<TaskInstance: invoices_elt_daily.extract_invoices scheduled__2025-11-18T00:00:00+00:00 [queued]>
[2025-12-16T17:41:23.436+0000] {taskinstance.py:2076} INFO - Dependencies all met for dep_context=requeueable deps ti=<TaskInstance: invoices_elt_daily.extract_invoices scheduled__2025-11-18T00:00:00+00:00 [queued]>
[2025-12-16T17:41:23.440+0000] {taskinstance.py:2306} INFO - Starting attempt 1 of 1
[2025-12-16T17:41:23.500+0000] {taskinstance.py:2330} INFO - Executing <Task(BashOperator): extract_invoices> on 2025-11-18 00:00:00+00:00
[2025-12-16T17:41:23.533+0000] {standard_task_runner.py:90} INFO - Running: ['***', 'tasks', 'run', 'invoices_elt_daily', 'extract_invoices', 'scheduled__2025-11-18T00:00:00+00:00', '--job-id', '301', '--raw', '--subdir', 'DAGS_FOLDER/invoices_elt_daily.py', '--cfg-path', '/tmp/tmpw_yl52x5']
[2025-12-16T17:41:23.541+0000] {standard_task_runner.py:91} INFO - Job 301: Subtask extract_invoices
[2025-12-16T17:41:23.541+0000] {logging_mixin.py:188} WARNING - /home/***/.local/lib/python3.12/site-packages/***/task/task_runner/standard_task_runner.py:62 DeprecationWarning: This process (pid=874) is multi-threaded, use of fork() may lead to deadlocks in the child.
[2025-12-16T17:41:23.555+0000] {standard_task_runner.py:64} INFO - Started process 882 to run task
[2025-12-16T17:41:23.847+0000] {task_command.py:426} INFO - Running <TaskInstance: invoices_elt_daily.extract_invoices scheduled__2025-11-18T00:00:00+00:00 [running]> on host be068e76f4a7
[2025-12-16T17:41:24.169+0000] {taskinstance.py:2648} INFO - Exporting env vars: AIRFLOW_CTX_DAG_OWNER='***' AIRFLOW_CTX_DAG_ID='invoices_elt_daily' AIRFLOW_CTX_TASK_ID='extract_invoices' AIRFLOW_CTX_EXECUTION_DATE='2025-11-18T00:00:00+00:00' AIRFLOW_CTX_TRY_NUMBER='1' AIRFLOW_CTX_DAG_RUN_ID='scheduled__2025-11-18T00:00:00+00:00'
[2025-12-16T17:41:24.171+0000] {taskinstance.py:430} INFO - ::endgroup::
[2025-12-16T17:41:24.214+0000] {subprocess.py:63} INFO - Tmp dir root location: /tmp
[2025-12-16T17:41:24.218+0000] {subprocess.py:75} INFO - Running command: ['/usr/bin/bash', '-c', 'python /opt/***/scripts/extract_invoices.py --ds 2025-11-18']
[2025-12-16T17:41:24.255+0000] {subprocess.py:86} INFO - Output:
[2025-12-16T17:41:25.025+0000] {subprocess.py:93} INFO - [extract_invoices] ds=2025-11-18 not billing day -> wrote empty file
[2025-12-16T17:41:25.061+0000] {subprocess.py:97} INFO - Command exited with return code 0
[2025-12-16T17:41:25.064+0000] {taskinstance.py:441} INFO - ::group::Post task execution logs
[2025-12-16T17:41:25.125+0000] {taskinstance.py:1206} INFO - Marking task as SUCCESS. dag_id=invoices_elt_daily, task_id=extract_invoices, run_id=scheduled__2025-11-18T00:00:00+00:00, execution_date=20251118T000000, start_date=20251216T174123, end_date=20251216T174125
[2025-12-16T17:41:25.212+0000] {local_task_job_runner.py:243} INFO - Task exited with return code 0
[2025-12-16T17:41:25.268+0000] {taskinstance.py:3503} INFO - 1 downstream tasks scheduled from follow-on schedule check
[2025-12-16T17:41:25.272+0000] {local_task_job_runner.py:222} INFO - ::endgroup::
