[2025-12-16T17:31:29.431+0000] {local_task_job_runner.py:120} INFO - ::group::Pre task execution logs
[2025-12-16T17:31:29.468+0000] {taskinstance.py:2076} INFO - Dependencies all met for dep_context=non-requeueable deps ti=<TaskInstance: users_elt_daily.load_users scheduled__2025-11-16T00:00:00+00:00 [queued]>
[2025-12-16T17:31:29.480+0000] {taskinstance.py:2076} INFO - Dependencies all met for dep_context=requeueable deps ti=<TaskInstance: users_elt_daily.load_users scheduled__2025-11-16T00:00:00+00:00 [queued]>
[2025-12-16T17:31:29.481+0000] {taskinstance.py:2306} INFO - Starting attempt 1 of 1
[2025-12-16T17:31:29.497+0000] {taskinstance.py:2330} INFO - Executing <Task(BashOperator): load_users> on 2025-11-16 00:00:00+00:00
[2025-12-16T17:31:29.509+0000] {logging_mixin.py:188} WARNING - /home/***/.local/lib/python3.12/site-packages/***/task/task_runner/standard_task_runner.py:62 DeprecationWarning: This process (pid=1146) is multi-threaded, use of fork() may lead to deadlocks in the child.
[2025-12-16T17:31:29.509+0000] {standard_task_runner.py:90} INFO - Running: ['***', 'tasks', 'run', 'users_elt_daily', 'load_users', 'scheduled__2025-11-16T00:00:00+00:00', '--job-id', '123', '--raw', '--subdir', 'DAGS_FOLDER/users_elt_daily.py', '--cfg-path', '/tmp/tmpt8xdqh18']
[2025-12-16T17:31:29.511+0000] {standard_task_runner.py:64} INFO - Started process 1148 to run task
[2025-12-16T17:31:29.515+0000] {standard_task_runner.py:91} INFO - Job 123: Subtask load_users
[2025-12-16T17:31:29.592+0000] {task_command.py:426} INFO - Running <TaskInstance: users_elt_daily.load_users scheduled__2025-11-16T00:00:00+00:00 [running]> on host be068e76f4a7
[2025-12-16T17:31:29.699+0000] {taskinstance.py:2648} INFO - Exporting env vars: AIRFLOW_CTX_DAG_OWNER='***' AIRFLOW_CTX_DAG_ID='users_elt_daily' AIRFLOW_CTX_TASK_ID='load_users' AIRFLOW_CTX_EXECUTION_DATE='2025-11-16T00:00:00+00:00' AIRFLOW_CTX_TRY_NUMBER='1' AIRFLOW_CTX_DAG_RUN_ID='scheduled__2025-11-16T00:00:00+00:00'
[2025-12-16T17:31:29.701+0000] {taskinstance.py:430} INFO - ::endgroup::
[2025-12-16T17:31:29.718+0000] {subprocess.py:63} INFO - Tmp dir root location: /tmp
[2025-12-16T17:31:29.721+0000] {subprocess.py:75} INFO - Running command: ['/usr/bin/bash', '-c', 'python /opt/***/scripts/load_users.py --ds 2025-11-16']
[2025-12-16T17:31:29.736+0000] {subprocess.py:86} INFO - Output:
[2025-12-16T17:31:30.035+0000] {subprocess.py:93} INFO - [load_users] ds=2025-11-16 inserted=15 rows
[2025-12-16T17:31:30.052+0000] {subprocess.py:97} INFO - Command exited with return code 0
[2025-12-16T17:31:30.053+0000] {taskinstance.py:441} INFO - ::group::Post task execution logs
[2025-12-16T17:31:30.086+0000] {taskinstance.py:1206} INFO - Marking task as SUCCESS. dag_id=users_elt_daily, task_id=load_users, run_id=scheduled__2025-11-16T00:00:00+00:00, execution_date=20251116T000000, start_date=20251216T173129, end_date=20251216T173130
[2025-12-16T17:31:30.131+0000] {local_task_job_runner.py:243} INFO - Task exited with return code 0
[2025-12-16T17:31:30.152+0000] {taskinstance.py:3503} INFO - 0 downstream tasks scheduled from follow-on schedule check
[2025-12-16T17:31:30.155+0000] {local_task_job_runner.py:222} INFO - ::endgroup::
[2025-12-16T17:41:04.249+0000] {local_task_job_runner.py:120} INFO - ::group::Pre task execution logs
[2025-12-16T17:41:04.351+0000] {taskinstance.py:2076} INFO - Dependencies all met for dep_context=non-requeueable deps ti=<TaskInstance: users_elt_daily.load_users scheduled__2025-11-16T00:00:00+00:00 [queued]>
[2025-12-16T17:41:04.372+0000] {taskinstance.py:2076} INFO - Dependencies all met for dep_context=requeueable deps ti=<TaskInstance: users_elt_daily.load_users scheduled__2025-11-16T00:00:00+00:00 [queued]>
[2025-12-16T17:41:04.373+0000] {taskinstance.py:2306} INFO - Starting attempt 1 of 1
[2025-12-16T17:41:04.409+0000] {taskinstance.py:2330} INFO - Executing <Task(BashOperator): load_users> on 2025-11-16 00:00:00+00:00
[2025-12-16T17:41:04.433+0000] {logging_mixin.py:188} WARNING - /home/***/.local/lib/python3.12/site-packages/***/task/task_runner/standard_task_runner.py:62 DeprecationWarning: This process (pid=623) is multi-threaded, use of fork() may lead to deadlocks in the child.
[2025-12-16T17:41:04.433+0000] {standard_task_runner.py:90} INFO - Running: ['***', 'tasks', 'run', 'users_elt_daily', 'load_users', 'scheduled__2025-11-16T00:00:00+00:00', '--job-id', '225', '--raw', '--subdir', 'DAGS_FOLDER/users_elt_daily.py', '--cfg-path', '/tmp/tmpp7m6cmll']
[2025-12-16T17:41:04.437+0000] {standard_task_runner.py:91} INFO - Job 225: Subtask load_users
[2025-12-16T17:41:04.436+0000] {standard_task_runner.py:64} INFO - Started process 634 to run task
[2025-12-16T17:41:04.612+0000] {task_command.py:426} INFO - Running <TaskInstance: users_elt_daily.load_users scheduled__2025-11-16T00:00:00+00:00 [running]> on host be068e76f4a7
[2025-12-16T17:41:04.882+0000] {taskinstance.py:2648} INFO - Exporting env vars: AIRFLOW_CTX_DAG_OWNER='***' AIRFLOW_CTX_DAG_ID='users_elt_daily' AIRFLOW_CTX_TASK_ID='load_users' AIRFLOW_CTX_EXECUTION_DATE='2025-11-16T00:00:00+00:00' AIRFLOW_CTX_TRY_NUMBER='1' AIRFLOW_CTX_DAG_RUN_ID='scheduled__2025-11-16T00:00:00+00:00'
[2025-12-16T17:41:04.884+0000] {taskinstance.py:430} INFO - ::endgroup::
[2025-12-16T17:41:04.949+0000] {subprocess.py:63} INFO - Tmp dir root location: /tmp
[2025-12-16T17:41:04.954+0000] {subprocess.py:75} INFO - Running command: ['/usr/bin/bash', '-c', 'python /opt/***/scripts/load_users.py --ds 2025-11-16']
[2025-12-16T17:41:04.990+0000] {subprocess.py:86} INFO - Output:
[2025-12-16T17:41:05.681+0000] {subprocess.py:93} INFO - [load_users] ds=2025-11-16 inserted=15 rows
[2025-12-16T17:41:05.726+0000] {subprocess.py:97} INFO - Command exited with return code 0
[2025-12-16T17:41:05.729+0000] {taskinstance.py:441} INFO - ::group::Post task execution logs
[2025-12-16T17:41:05.796+0000] {taskinstance.py:1206} INFO - Marking task as SUCCESS. dag_id=users_elt_daily, task_id=load_users, run_id=scheduled__2025-11-16T00:00:00+00:00, execution_date=20251116T000000, start_date=20251216T174104, end_date=20251216T174105
[2025-12-16T17:41:06.042+0000] {local_task_job_runner.py:243} INFO - Task exited with return code 0
[2025-12-16T17:41:06.087+0000] {taskinstance.py:3503} INFO - 0 downstream tasks scheduled from follow-on schedule check
[2025-12-16T17:41:06.100+0000] {local_task_job_runner.py:222} INFO - ::endgroup::
