[2025-12-16T17:31:39.910+0000] {local_task_job_runner.py:120} INFO - ::group::Pre task execution logs
[2025-12-16T17:31:39.961+0000] {taskinstance.py:2076} INFO - Dependencies all met for dep_context=non-requeueable deps ti=<TaskInstance: users_elt_daily.extract_users scheduled__2025-12-04T00:00:00+00:00 [queued]>
[2025-12-16T17:31:39.976+0000] {taskinstance.py:2076} INFO - Dependencies all met for dep_context=requeueable deps ti=<TaskInstance: users_elt_daily.extract_users scheduled__2025-12-04T00:00:00+00:00 [queued]>
[2025-12-16T17:31:39.978+0000] {taskinstance.py:2306} INFO - Starting attempt 1 of 1
[2025-12-16T17:31:40.061+0000] {taskinstance.py:2330} INFO - Executing <Task(BashOperator): extract_users> on 2025-12-04 00:00:00+00:00
[2025-12-16T17:31:40.074+0000] {logging_mixin.py:188} WARNING - /home/***/.local/lib/python3.12/site-packages/***/task/task_runner/standard_task_runner.py:62 DeprecationWarning: This process (pid=1245) is multi-threaded, use of fork() may lead to deadlocks in the child.
[2025-12-16T17:31:40.076+0000] {standard_task_runner.py:64} INFO - Started process 1252 to run task
[2025-12-16T17:31:40.074+0000] {standard_task_runner.py:90} INFO - Running: ['***', 'tasks', 'run', 'users_elt_daily', 'extract_users', 'scheduled__2025-12-04T00:00:00+00:00', '--job-id', '152', '--raw', '--subdir', 'DAGS_FOLDER/users_elt_daily.py', '--cfg-path', '/tmp/tmp5wn4ypc2']
[2025-12-16T17:31:40.078+0000] {standard_task_runner.py:91} INFO - Job 152: Subtask extract_users
[2025-12-16T17:31:40.186+0000] {task_command.py:426} INFO - Running <TaskInstance: users_elt_daily.extract_users scheduled__2025-12-04T00:00:00+00:00 [running]> on host be068e76f4a7
[2025-12-16T17:31:40.353+0000] {taskinstance.py:2648} INFO - Exporting env vars: AIRFLOW_CTX_DAG_OWNER='***' AIRFLOW_CTX_DAG_ID='users_elt_daily' AIRFLOW_CTX_TASK_ID='extract_users' AIRFLOW_CTX_EXECUTION_DATE='2025-12-04T00:00:00+00:00' AIRFLOW_CTX_TRY_NUMBER='1' AIRFLOW_CTX_DAG_RUN_ID='scheduled__2025-12-04T00:00:00+00:00'
[2025-12-16T17:31:40.354+0000] {taskinstance.py:430} INFO - ::endgroup::
[2025-12-16T17:31:40.386+0000] {subprocess.py:63} INFO - Tmp dir root location: /tmp
[2025-12-16T17:31:40.389+0000] {subprocess.py:75} INFO - Running command: ['/usr/bin/bash', '-c', 'python /opt/***/scripts/extract_users.py --ds 2025-12-04']
[2025-12-16T17:31:40.419+0000] {subprocess.py:86} INFO - Output:
[2025-12-16T17:31:40.844+0000] {subprocess.py:93} INFO - [extract_users] ds=2025-12-04 wrote=/opt/***/data/source/users/users_2025-12-04.json new_users=10 last_user_id=398
[2025-12-16T17:31:40.882+0000] {subprocess.py:97} INFO - Command exited with return code 0
[2025-12-16T17:31:40.886+0000] {taskinstance.py:441} INFO - ::group::Post task execution logs
[2025-12-16T17:31:40.949+0000] {taskinstance.py:1206} INFO - Marking task as SUCCESS. dag_id=users_elt_daily, task_id=extract_users, run_id=scheduled__2025-12-04T00:00:00+00:00, execution_date=20251204T000000, start_date=20251216T173139, end_date=20251216T173140
[2025-12-16T17:31:41.097+0000] {local_task_job_runner.py:243} INFO - Task exited with return code 0
[2025-12-16T17:31:41.159+0000] {taskinstance.py:3503} INFO - 1 downstream tasks scheduled from follow-on schedule check
[2025-12-16T17:31:41.167+0000] {local_task_job_runner.py:222} INFO - ::endgroup::
[2025-12-16T17:41:11.722+0000] {local_task_job_runner.py:120} INFO - ::group::Pre task execution logs
[2025-12-16T17:41:11.839+0000] {taskinstance.py:2076} INFO - Dependencies all met for dep_context=non-requeueable deps ti=<TaskInstance: users_elt_daily.extract_users scheduled__2025-12-04T00:00:00+00:00 [queued]>
[2025-12-16T17:41:11.862+0000] {taskinstance.py:2076} INFO - Dependencies all met for dep_context=requeueable deps ti=<TaskInstance: users_elt_daily.extract_users scheduled__2025-12-04T00:00:00+00:00 [queued]>
[2025-12-16T17:41:11.865+0000] {taskinstance.py:2306} INFO - Starting attempt 1 of 1
[2025-12-16T17:41:12.011+0000] {taskinstance.py:2330} INFO - Executing <Task(BashOperator): extract_users> on 2025-12-04 00:00:00+00:00
[2025-12-16T17:41:12.038+0000] {logging_mixin.py:188} WARNING - /home/***/.local/lib/python3.12/site-packages/***/task/task_runner/standard_task_runner.py:62 DeprecationWarning: This process (pid=707) is multi-threaded, use of fork() may lead to deadlocks in the child.
[2025-12-16T17:41:12.036+0000] {standard_task_runner.py:90} INFO - Running: ['***', 'tasks', 'run', 'users_elt_daily', 'extract_users', 'scheduled__2025-12-04T00:00:00+00:00', '--job-id', '254', '--raw', '--subdir', 'DAGS_FOLDER/users_elt_daily.py', '--cfg-path', '/tmp/tmpma971lff']
[2025-12-16T17:41:12.041+0000] {standard_task_runner.py:64} INFO - Started process 716 to run task
[2025-12-16T17:41:12.042+0000] {standard_task_runner.py:91} INFO - Job 254: Subtask extract_users
[2025-12-16T17:41:12.230+0000] {task_command.py:426} INFO - Running <TaskInstance: users_elt_daily.extract_users scheduled__2025-12-04T00:00:00+00:00 [running]> on host be068e76f4a7
[2025-12-16T17:41:12.465+0000] {taskinstance.py:2648} INFO - Exporting env vars: AIRFLOW_CTX_DAG_OWNER='***' AIRFLOW_CTX_DAG_ID='users_elt_daily' AIRFLOW_CTX_TASK_ID='extract_users' AIRFLOW_CTX_EXECUTION_DATE='2025-12-04T00:00:00+00:00' AIRFLOW_CTX_TRY_NUMBER='1' AIRFLOW_CTX_DAG_RUN_ID='scheduled__2025-12-04T00:00:00+00:00'
[2025-12-16T17:41:12.468+0000] {taskinstance.py:430} INFO - ::endgroup::
[2025-12-16T17:41:12.511+0000] {subprocess.py:63} INFO - Tmp dir root location: /tmp
[2025-12-16T17:41:12.519+0000] {subprocess.py:75} INFO - Running command: ['/usr/bin/bash', '-c', 'python /opt/***/scripts/extract_users.py --ds 2025-12-04']
[2025-12-16T17:41:12.574+0000] {subprocess.py:86} INFO - Output:
[2025-12-16T17:41:13.253+0000] {subprocess.py:93} INFO - [extract_users] ds=2025-12-04 already exists -> skip (/opt/***/data/source/users/users_2025-12-04.json)
[2025-12-16T17:41:13.381+0000] {subprocess.py:97} INFO - Command exited with return code 0
[2025-12-16T17:41:13.383+0000] {taskinstance.py:441} INFO - ::group::Post task execution logs
[2025-12-16T17:41:13.495+0000] {taskinstance.py:1206} INFO - Marking task as SUCCESS. dag_id=users_elt_daily, task_id=extract_users, run_id=scheduled__2025-12-04T00:00:00+00:00, execution_date=20251204T000000, start_date=20251216T174111, end_date=20251216T174113
[2025-12-16T17:41:13.630+0000] {local_task_job_runner.py:243} INFO - Task exited with return code 0
[2025-12-16T17:41:13.722+0000] {taskinstance.py:3503} INFO - 1 downstream tasks scheduled from follow-on schedule check
[2025-12-16T17:41:13.749+0000] {local_task_job_runner.py:222} INFO - ::endgroup::
