[2025-12-16T17:13:08.933+0000] {local_task_job_runner.py:120} INFO - ::group::Pre task execution logs
[2025-12-16T17:13:08.994+0000] {taskinstance.py:2076} INFO - Dependencies all met for dep_context=non-requeueable deps ti=<TaskInstance: invoices_elt_daily.extract_invoices manual__2025-12-16T17:13:08.227426+00:00 [queued]>
[2025-12-16T17:13:09.008+0000] {taskinstance.py:2076} INFO - Dependencies all met for dep_context=requeueable deps ti=<TaskInstance: invoices_elt_daily.extract_invoices manual__2025-12-16T17:13:08.227426+00:00 [queued]>
[2025-12-16T17:13:09.009+0000] {taskinstance.py:2306} INFO - Starting attempt 1 of 1
[2025-12-16T17:13:09.033+0000] {taskinstance.py:2330} INFO - Executing <Task(BashOperator): extract_invoices> on 2025-12-16 17:13:08.227426+00:00
[2025-12-16T17:13:09.051+0000] {standard_task_runner.py:90} INFO - Running: ['***', 'tasks', 'run', 'invoices_elt_daily', 'extract_invoices', 'manual__2025-12-16T17:13:08.227426+00:00', '--job-id', '61', '--raw', '--subdir', 'DAGS_FOLDER/invoices_elt_daily.py', '--cfg-path', '/tmp/tmpyehomudx']
[2025-12-16T17:13:09.057+0000] {logging_mixin.py:188} WARNING - /home/***/.local/lib/python3.12/site-packages/***/task/task_runner/standard_task_runner.py:62 DeprecationWarning: This process (pid=234) is multi-threaded, use of fork() may lead to deadlocks in the child.
[2025-12-16T17:13:09.058+0000] {standard_task_runner.py:91} INFO - Job 61: Subtask extract_invoices
[2025-12-16T17:13:09.059+0000] {standard_task_runner.py:64} INFO - Started process 239 to run task
[2025-12-16T17:13:09.171+0000] {task_command.py:426} INFO - Running <TaskInstance: invoices_elt_daily.extract_invoices manual__2025-12-16T17:13:08.227426+00:00 [running]> on host be068e76f4a7
[2025-12-16T17:13:09.388+0000] {taskinstance.py:2648} INFO - Exporting env vars: AIRFLOW_CTX_DAG_OWNER='***' AIRFLOW_CTX_DAG_ID='invoices_elt_daily' AIRFLOW_CTX_TASK_ID='extract_invoices' AIRFLOW_CTX_EXECUTION_DATE='2025-12-16T17:13:08.227426+00:00' AIRFLOW_CTX_TRY_NUMBER='1' AIRFLOW_CTX_DAG_RUN_ID='manual__2025-12-16T17:13:08.227426+00:00'
[2025-12-16T17:13:09.391+0000] {taskinstance.py:430} INFO - ::endgroup::
[2025-12-16T17:13:09.421+0000] {subprocess.py:63} INFO - Tmp dir root location: /tmp
[2025-12-16T17:13:09.425+0000] {subprocess.py:75} INFO - Running command: ['/usr/bin/bash', '-c', 'python /opt/***/scripts/extract_invoices.py --ds 2025-12-16']
[2025-12-16T17:13:09.450+0000] {subprocess.py:86} INFO - Output:
[2025-12-16T17:13:09.940+0000] {subprocess.py:93} INFO - [extract_invoices] ds=2025-12-16 not billing day -> wrote empty file
[2025-12-16T17:13:09.983+0000] {subprocess.py:97} INFO - Command exited with return code 0
[2025-12-16T17:13:09.986+0000] {taskinstance.py:441} INFO - ::group::Post task execution logs
[2025-12-16T17:13:10.035+0000] {taskinstance.py:1206} INFO - Marking task as SUCCESS. dag_id=invoices_elt_daily, task_id=extract_invoices, run_id=manual__2025-12-16T17:13:08.227426+00:00, execution_date=20251216T171308, start_date=20251216T171308, end_date=20251216T171310
[2025-12-16T17:13:10.200+0000] {local_task_job_runner.py:243} INFO - Task exited with return code 0
[2025-12-16T17:13:10.247+0000] {taskinstance.py:3503} INFO - 1 downstream tasks scheduled from follow-on schedule check
[2025-12-16T17:13:10.253+0000] {local_task_job_runner.py:222} INFO - ::endgroup::
