[2025-12-16T17:13:09.476+0000] {local_task_job_runner.py:120} INFO - ::group::Pre task execution logs
[2025-12-16T17:13:09.546+0000] {taskinstance.py:2076} INFO - Dependencies all met for dep_context=non-requeueable deps ti=<TaskInstance: invoices_elt_daily.extract_invoices scheduled__2025-12-05T00:00:00+00:00 [queued]>
[2025-12-16T17:13:09.564+0000] {taskinstance.py:2076} INFO - Dependencies all met for dep_context=requeueable deps ti=<TaskInstance: invoices_elt_daily.extract_invoices scheduled__2025-12-05T00:00:00+00:00 [queued]>
[2025-12-16T17:13:09.565+0000] {taskinstance.py:2306} INFO - Starting attempt 1 of 1
[2025-12-16T17:13:09.666+0000] {taskinstance.py:2330} INFO - Executing <Task(BashOperator): extract_invoices> on 2025-12-05 00:00:00+00:00
[2025-12-16T17:13:09.680+0000] {standard_task_runner.py:90} INFO - Running: ['***', 'tasks', 'run', 'invoices_elt_daily', 'extract_invoices', 'scheduled__2025-12-05T00:00:00+00:00', '--job-id', '65', '--raw', '--subdir', 'DAGS_FOLDER/invoices_elt_daily.py', '--cfg-path', '/tmp/tmprzi34eng']
[2025-12-16T17:13:09.686+0000] {standard_task_runner.py:91} INFO - Job 65: Subtask extract_invoices
[2025-12-16T17:13:09.686+0000] {logging_mixin.py:188} WARNING - /home/***/.local/lib/python3.12/site-packages/***/task/task_runner/standard_task_runner.py:62 DeprecationWarning: This process (pid=240) is multi-threaded, use of fork() may lead to deadlocks in the child.
[2025-12-16T17:13:09.688+0000] {standard_task_runner.py:64} INFO - Started process 250 to run task
[2025-12-16T17:13:09.830+0000] {task_command.py:426} INFO - Running <TaskInstance: invoices_elt_daily.extract_invoices scheduled__2025-12-05T00:00:00+00:00 [running]> on host be068e76f4a7
[2025-12-16T17:13:10.021+0000] {taskinstance.py:2648} INFO - Exporting env vars: AIRFLOW_CTX_DAG_OWNER='***' AIRFLOW_CTX_DAG_ID='invoices_elt_daily' AIRFLOW_CTX_TASK_ID='extract_invoices' AIRFLOW_CTX_EXECUTION_DATE='2025-12-05T00:00:00+00:00' AIRFLOW_CTX_TRY_NUMBER='1' AIRFLOW_CTX_DAG_RUN_ID='scheduled__2025-12-05T00:00:00+00:00'
[2025-12-16T17:13:10.025+0000] {taskinstance.py:430} INFO - ::endgroup::
[2025-12-16T17:13:10.061+0000] {subprocess.py:63} INFO - Tmp dir root location: /tmp
[2025-12-16T17:13:10.064+0000] {subprocess.py:75} INFO - Running command: ['/usr/bin/bash', '-c', 'python /opt/***/scripts/extract_invoices.py --ds 2025-12-05']
[2025-12-16T17:13:10.086+0000] {subprocess.py:86} INFO - Output:
[2025-12-16T17:13:10.725+0000] {subprocess.py:93} INFO - [extract_invoices] ds=2025-12-05 not billing day -> wrote empty file
[2025-12-16T17:13:10.769+0000] {subprocess.py:97} INFO - Command exited with return code 0
[2025-12-16T17:13:10.772+0000] {taskinstance.py:441} INFO - ::group::Post task execution logs
[2025-12-16T17:13:10.832+0000] {taskinstance.py:1206} INFO - Marking task as SUCCESS. dag_id=invoices_elt_daily, task_id=extract_invoices, run_id=scheduled__2025-12-05T00:00:00+00:00, execution_date=20251205T000000, start_date=20251216T171309, end_date=20251216T171310
[2025-12-16T17:13:10.915+0000] {local_task_job_runner.py:243} INFO - Task exited with return code 0
[2025-12-16T17:13:10.940+0000] {local_task_job_runner.py:222} INFO - ::endgroup::
[2025-12-16T17:41:33.361+0000] {local_task_job_runner.py:120} INFO - ::group::Pre task execution logs
[2025-12-16T17:41:33.432+0000] {taskinstance.py:2076} INFO - Dependencies all met for dep_context=non-requeueable deps ti=<TaskInstance: invoices_elt_daily.extract_invoices scheduled__2025-12-05T00:00:00+00:00 [queued]>
[2025-12-16T17:41:33.473+0000] {taskinstance.py:2076} INFO - Dependencies all met for dep_context=requeueable deps ti=<TaskInstance: invoices_elt_daily.extract_invoices scheduled__2025-12-05T00:00:00+00:00 [queued]>
[2025-12-16T17:41:33.475+0000] {taskinstance.py:2306} INFO - Starting attempt 1 of 1
[2025-12-16T17:41:33.552+0000] {taskinstance.py:2330} INFO - Executing <Task(BashOperator): extract_invoices> on 2025-12-05 00:00:00+00:00
[2025-12-16T17:41:33.592+0000] {logging_mixin.py:188} WARNING - /home/***/.local/lib/python3.12/site-packages/***/task/task_runner/standard_task_runner.py:62 DeprecationWarning: This process (pid=986) is multi-threaded, use of fork() may lead to deadlocks in the child.
[2025-12-16T17:41:33.595+0000] {standard_task_runner.py:64} INFO - Started process 993 to run task
[2025-12-16T17:41:33.593+0000] {standard_task_runner.py:90} INFO - Running: ['***', 'tasks', 'run', 'invoices_elt_daily', 'extract_invoices', 'scheduled__2025-12-05T00:00:00+00:00', '--job-id', '339', '--raw', '--subdir', 'DAGS_FOLDER/invoices_elt_daily.py', '--cfg-path', '/tmp/tmpyj8_2knf']
[2025-12-16T17:41:33.601+0000] {standard_task_runner.py:91} INFO - Job 339: Subtask extract_invoices
[2025-12-16T17:41:33.864+0000] {task_command.py:426} INFO - Running <TaskInstance: invoices_elt_daily.extract_invoices scheduled__2025-12-05T00:00:00+00:00 [running]> on host be068e76f4a7
[2025-12-16T17:41:34.181+0000] {taskinstance.py:2648} INFO - Exporting env vars: AIRFLOW_CTX_DAG_OWNER='***' AIRFLOW_CTX_DAG_ID='invoices_elt_daily' AIRFLOW_CTX_TASK_ID='extract_invoices' AIRFLOW_CTX_EXECUTION_DATE='2025-12-05T00:00:00+00:00' AIRFLOW_CTX_TRY_NUMBER='1' AIRFLOW_CTX_DAG_RUN_ID='scheduled__2025-12-05T00:00:00+00:00'
[2025-12-16T17:41:34.184+0000] {taskinstance.py:430} INFO - ::endgroup::
[2025-12-16T17:41:34.227+0000] {subprocess.py:63} INFO - Tmp dir root location: /tmp
[2025-12-16T17:41:34.233+0000] {subprocess.py:75} INFO - Running command: ['/usr/bin/bash', '-c', 'python /opt/***/scripts/extract_invoices.py --ds 2025-12-05']
[2025-12-16T17:41:34.278+0000] {subprocess.py:86} INFO - Output:
[2025-12-16T17:41:34.855+0000] {subprocess.py:93} INFO - [extract_invoices] ds=2025-12-05 already exists -> skip
[2025-12-16T17:41:34.892+0000] {subprocess.py:97} INFO - Command exited with return code 0
[2025-12-16T17:41:34.894+0000] {taskinstance.py:441} INFO - ::group::Post task execution logs
[2025-12-16T17:41:34.988+0000] {taskinstance.py:1206} INFO - Marking task as SUCCESS. dag_id=invoices_elt_daily, task_id=extract_invoices, run_id=scheduled__2025-12-05T00:00:00+00:00, execution_date=20251205T000000, start_date=20251216T174133, end_date=20251216T174134
[2025-12-16T17:41:35.263+0000] {local_task_job_runner.py:243} INFO - Task exited with return code 0
[2025-12-16T17:41:35.322+0000] {taskinstance.py:3503} INFO - 1 downstream tasks scheduled from follow-on schedule check
[2025-12-16T17:41:35.327+0000] {local_task_job_runner.py:222} INFO - ::endgroup::
