[2025-12-16T15:53:22.427+0000] {local_task_job_runner.py:120} INFO - ::group::Pre task execution logs
[2025-12-16T15:53:22.469+0000] {taskinstance.py:2076} INFO - Dependencies all met for dep_context=non-requeueable deps ti=<TaskInstance: users_elt_daily.load_users manual__2025-12-16T15:53:19.391778+00:00 [queued]>
[2025-12-16T15:53:22.482+0000] {taskinstance.py:2076} INFO - Dependencies all met for dep_context=requeueable deps ti=<TaskInstance: users_elt_daily.load_users manual__2025-12-16T15:53:19.391778+00:00 [queued]>
[2025-12-16T15:53:22.484+0000] {taskinstance.py:2306} INFO - Starting attempt 1 of 1
[2025-12-16T15:53:22.499+0000] {taskinstance.py:2330} INFO - Executing <Task(BashOperator): load_users> on 2025-12-16 15:53:19.391778+00:00
[2025-12-16T15:53:22.510+0000] {standard_task_runner.py:90} INFO - Running: ['***', 'tasks', 'run', 'users_elt_daily', 'load_users', 'manual__2025-12-16T15:53:19.391778+00:00', '--job-id', '44', '--raw', '--subdir', 'DAGS_FOLDER/users_elt_daily.py', '--cfg-path', '/tmp/tmp83lh08aa']
[2025-12-16T15:53:22.513+0000] {logging_mixin.py:188} WARNING - /home/***/.local/lib/python3.12/site-packages/***/task/task_runner/standard_task_runner.py:62 DeprecationWarning: This process (pid=181) is multi-threaded, use of fork() may lead to deadlocks in the child.
[2025-12-16T15:53:22.513+0000] {standard_task_runner.py:91} INFO - Job 44: Subtask load_users
[2025-12-16T15:53:22.514+0000] {standard_task_runner.py:64} INFO - Started process 182 to run task
[2025-12-16T15:53:22.594+0000] {task_command.py:426} INFO - Running <TaskInstance: users_elt_daily.load_users manual__2025-12-16T15:53:19.391778+00:00 [running]> on host be068e76f4a7
[2025-12-16T15:53:22.708+0000] {taskinstance.py:2648} INFO - Exporting env vars: AIRFLOW_CTX_DAG_OWNER='***' AIRFLOW_CTX_DAG_ID='users_elt_daily' AIRFLOW_CTX_TASK_ID='load_users' AIRFLOW_CTX_EXECUTION_DATE='2025-12-16T15:53:19.391778+00:00' AIRFLOW_CTX_TRY_NUMBER='1' AIRFLOW_CTX_DAG_RUN_ID='manual__2025-12-16T15:53:19.391778+00:00'
[2025-12-16T15:53:22.710+0000] {taskinstance.py:430} INFO - ::endgroup::
[2025-12-16T15:53:22.727+0000] {subprocess.py:63} INFO - Tmp dir root location: /tmp
[2025-12-16T15:53:22.729+0000] {subprocess.py:75} INFO - Running command: ['/usr/bin/bash', '-c', 'python /opt/***/scripts/load_users.py --ds 2025-12-16']
[2025-12-16T15:53:22.745+0000] {subprocess.py:86} INFO - Output:
[2025-12-16T15:53:23.030+0000] {subprocess.py:93} INFO - [load_users] ds=2025-12-16 inserted=15 rows
[2025-12-16T15:53:23.046+0000] {subprocess.py:97} INFO - Command exited with return code 0
[2025-12-16T15:53:23.047+0000] {taskinstance.py:441} INFO - ::group::Post task execution logs
[2025-12-16T15:53:23.085+0000] {taskinstance.py:1206} INFO - Marking task as SUCCESS. dag_id=users_elt_daily, task_id=load_users, run_id=manual__2025-12-16T15:53:19.391778+00:00, execution_date=20251216T155319, start_date=20251216T155322, end_date=20251216T155323
[2025-12-16T15:53:23.131+0000] {local_task_job_runner.py:243} INFO - Task exited with return code 0
[2025-12-16T15:53:23.156+0000] {taskinstance.py:3503} INFO - 0 downstream tasks scheduled from follow-on schedule check
[2025-12-16T15:53:23.160+0000] {local_task_job_runner.py:222} INFO - ::endgroup::
