[2025-12-16T17:31:34.945+0000] {local_task_job_runner.py:120} INFO - ::group::Pre task execution logs
[2025-12-16T17:31:35.039+0000] {taskinstance.py:2076} INFO - Dependencies all met for dep_context=non-requeueable deps ti=<TaskInstance: users_elt_daily.load_users scheduled__2025-11-22T00:00:00+00:00 [queued]>
[2025-12-16T17:31:35.063+0000] {taskinstance.py:2076} INFO - Dependencies all met for dep_context=requeueable deps ti=<TaskInstance: users_elt_daily.load_users scheduled__2025-11-22T00:00:00+00:00 [queued]>
[2025-12-16T17:31:35.065+0000] {taskinstance.py:2306} INFO - Starting attempt 1 of 1
[2025-12-16T17:31:35.253+0000] {taskinstance.py:2330} INFO - Executing <Task(BashOperator): load_users> on 2025-11-22 00:00:00+00:00
[2025-12-16T17:31:35.284+0000] {logging_mixin.py:188} WARNING - /home/***/.local/lib/python3.12/site-packages/***/task/task_runner/standard_task_runner.py:62 DeprecationWarning: This process (pid=1192) is multi-threaded, use of fork() may lead to deadlocks in the child.
[2025-12-16T17:31:35.281+0000] {standard_task_runner.py:90} INFO - Running: ['***', 'tasks', 'run', 'users_elt_daily', 'load_users', 'scheduled__2025-11-22T00:00:00+00:00', '--job-id', '141', '--raw', '--subdir', 'DAGS_FOLDER/users_elt_daily.py', '--cfg-path', '/tmp/tmpdjmdpog9']
[2025-12-16T17:31:35.287+0000] {standard_task_runner.py:64} INFO - Started process 1204 to run task
[2025-12-16T17:31:35.290+0000] {standard_task_runner.py:91} INFO - Job 141: Subtask load_users
[2025-12-16T17:31:35.457+0000] {task_command.py:426} INFO - Running <TaskInstance: users_elt_daily.load_users scheduled__2025-11-22T00:00:00+00:00 [running]> on host be068e76f4a7
[2025-12-16T17:31:35.693+0000] {taskinstance.py:2648} INFO - Exporting env vars: AIRFLOW_CTX_DAG_OWNER='***' AIRFLOW_CTX_DAG_ID='users_elt_daily' AIRFLOW_CTX_TASK_ID='load_users' AIRFLOW_CTX_EXECUTION_DATE='2025-11-22T00:00:00+00:00' AIRFLOW_CTX_TRY_NUMBER='1' AIRFLOW_CTX_DAG_RUN_ID='scheduled__2025-11-22T00:00:00+00:00'
[2025-12-16T17:31:35.697+0000] {taskinstance.py:430} INFO - ::endgroup::
[2025-12-16T17:31:35.734+0000] {subprocess.py:63} INFO - Tmp dir root location: /tmp
[2025-12-16T17:31:35.738+0000] {subprocess.py:75} INFO - Running command: ['/usr/bin/bash', '-c', 'python /opt/***/scripts/load_users.py --ds 2025-11-22']
[2025-12-16T17:31:35.764+0000] {subprocess.py:86} INFO - Output:
[2025-12-16T17:31:36.261+0000] {subprocess.py:93} INFO - [load_users] ds=2025-11-22 inserted=11 rows
[2025-12-16T17:31:36.283+0000] {subprocess.py:97} INFO - Command exited with return code 0
[2025-12-16T17:31:36.284+0000] {taskinstance.py:441} INFO - ::group::Post task execution logs
[2025-12-16T17:31:36.328+0000] {taskinstance.py:1206} INFO - Marking task as SUCCESS. dag_id=users_elt_daily, task_id=load_users, run_id=scheduled__2025-11-22T00:00:00+00:00, execution_date=20251122T000000, start_date=20251216T173135, end_date=20251216T173136
[2025-12-16T17:31:36.393+0000] {local_task_job_runner.py:243} INFO - Task exited with return code 0
[2025-12-16T17:31:36.416+0000] {local_task_job_runner.py:222} INFO - ::endgroup::
[2025-12-16T17:41:06.209+0000] {local_task_job_runner.py:120} INFO - ::group::Pre task execution logs
[2025-12-16T17:41:06.289+0000] {taskinstance.py:2076} INFO - Dependencies all met for dep_context=non-requeueable deps ti=<TaskInstance: users_elt_daily.load_users scheduled__2025-11-22T00:00:00+00:00 [queued]>
[2025-12-16T17:41:06.311+0000] {taskinstance.py:2076} INFO - Dependencies all met for dep_context=requeueable deps ti=<TaskInstance: users_elt_daily.load_users scheduled__2025-11-22T00:00:00+00:00 [queued]>
[2025-12-16T17:41:06.312+0000] {taskinstance.py:2306} INFO - Starting attempt 1 of 1
[2025-12-16T17:41:06.344+0000] {taskinstance.py:2330} INFO - Executing <Task(BashOperator): load_users> on 2025-11-22 00:00:00+00:00
[2025-12-16T17:41:06.361+0000] {standard_task_runner.py:90} INFO - Running: ['***', 'tasks', 'run', 'users_elt_daily', 'load_users', 'scheduled__2025-11-22T00:00:00+00:00', '--job-id', '236', '--raw', '--subdir', 'DAGS_FOLDER/users_elt_daily.py', '--cfg-path', '/tmp/tmp_qjzdmx3']
[2025-12-16T17:41:06.363+0000] {logging_mixin.py:188} WARNING - /home/***/.local/lib/python3.12/site-packages/***/task/task_runner/standard_task_runner.py:62 DeprecationWarning: This process (pid=655) is multi-threaded, use of fork() may lead to deadlocks in the child.
[2025-12-16T17:41:06.366+0000] {standard_task_runner.py:91} INFO - Job 236: Subtask load_users
[2025-12-16T17:41:06.367+0000] {standard_task_runner.py:64} INFO - Started process 664 to run task
[2025-12-16T17:41:06.535+0000] {task_command.py:426} INFO - Running <TaskInstance: users_elt_daily.load_users scheduled__2025-11-22T00:00:00+00:00 [running]> on host be068e76f4a7
[2025-12-16T17:41:06.760+0000] {taskinstance.py:2648} INFO - Exporting env vars: AIRFLOW_CTX_DAG_OWNER='***' AIRFLOW_CTX_DAG_ID='users_elt_daily' AIRFLOW_CTX_TASK_ID='load_users' AIRFLOW_CTX_EXECUTION_DATE='2025-11-22T00:00:00+00:00' AIRFLOW_CTX_TRY_NUMBER='1' AIRFLOW_CTX_DAG_RUN_ID='scheduled__2025-11-22T00:00:00+00:00'
[2025-12-16T17:41:06.763+0000] {taskinstance.py:430} INFO - ::endgroup::
[2025-12-16T17:41:06.799+0000] {subprocess.py:63} INFO - Tmp dir root location: /tmp
[2025-12-16T17:41:06.805+0000] {subprocess.py:75} INFO - Running command: ['/usr/bin/bash', '-c', 'python /opt/***/scripts/load_users.py --ds 2025-11-22']
[2025-12-16T17:41:06.840+0000] {subprocess.py:86} INFO - Output:
[2025-12-16T17:41:07.347+0000] {subprocess.py:93} INFO - [load_users] ds=2025-11-22 inserted=11 rows
[2025-12-16T17:41:07.391+0000] {subprocess.py:97} INFO - Command exited with return code 0
[2025-12-16T17:41:07.392+0000] {taskinstance.py:441} INFO - ::group::Post task execution logs
[2025-12-16T17:41:07.445+0000] {taskinstance.py:1206} INFO - Marking task as SUCCESS. dag_id=users_elt_daily, task_id=load_users, run_id=scheduled__2025-11-22T00:00:00+00:00, execution_date=20251122T000000, start_date=20251216T174106, end_date=20251216T174107
[2025-12-16T17:41:07.517+0000] {local_task_job_runner.py:243} INFO - Task exited with return code 0
[2025-12-16T17:41:07.537+0000] {local_task_job_runner.py:222} INFO - ::endgroup::
