[2025-12-16T17:31:25.772+0000] {local_task_job_runner.py:120} INFO - ::group::Pre task execution logs
[2025-12-16T17:31:25.857+0000] {taskinstance.py:2076} INFO - Dependencies all met for dep_context=non-requeueable deps ti=<TaskInstance: users_elt_daily.load_users scheduled__2025-11-01T00:00:00+00:00 [queued]>
[2025-12-16T17:31:25.878+0000] {taskinstance.py:2076} INFO - Dependencies all met for dep_context=requeueable deps ti=<TaskInstance: users_elt_daily.load_users scheduled__2025-11-01T00:00:00+00:00 [queued]>
[2025-12-16T17:31:25.880+0000] {taskinstance.py:2306} INFO - Starting attempt 1 of 1
[2025-12-16T17:31:25.968+0000] {taskinstance.py:2330} INFO - Executing <Task(BashOperator): load_users> on 2025-11-01 00:00:00+00:00
[2025-12-16T17:31:26.004+0000] {logging_mixin.py:188} WARNING - /home/***/.local/lib/python3.12/site-packages/***/task/task_runner/standard_task_runner.py:62 DeprecationWarning: This process (pid=1086) is multi-threaded, use of fork() may lead to deadlocks in the child.
[2025-12-16T17:31:25.999+0000] {standard_task_runner.py:90} INFO - Running: ['***', 'tasks', 'run', 'users_elt_daily', 'load_users', 'scheduled__2025-11-01T00:00:00+00:00', '--job-id', '104', '--raw', '--subdir', 'DAGS_FOLDER/users_elt_daily.py', '--cfg-path', '/tmp/tmp9v45k75f']
[2025-12-16T17:31:26.009+0000] {standard_task_runner.py:64} INFO - Started process 1097 to run task
[2025-12-16T17:31:26.009+0000] {standard_task_runner.py:91} INFO - Job 104: Subtask load_users
[2025-12-16T17:31:26.231+0000] {task_command.py:426} INFO - Running <TaskInstance: users_elt_daily.load_users scheduled__2025-11-01T00:00:00+00:00 [running]> on host be068e76f4a7
[2025-12-16T17:31:26.471+0000] {taskinstance.py:2648} INFO - Exporting env vars: AIRFLOW_CTX_DAG_OWNER='***' AIRFLOW_CTX_DAG_ID='users_elt_daily' AIRFLOW_CTX_TASK_ID='load_users' AIRFLOW_CTX_EXECUTION_DATE='2025-11-01T00:00:00+00:00' AIRFLOW_CTX_TRY_NUMBER='1' AIRFLOW_CTX_DAG_RUN_ID='scheduled__2025-11-01T00:00:00+00:00'
[2025-12-16T17:31:26.474+0000] {taskinstance.py:430} INFO - ::endgroup::
[2025-12-16T17:31:26.574+0000] {subprocess.py:63} INFO - Tmp dir root location: /tmp
[2025-12-16T17:31:26.586+0000] {subprocess.py:75} INFO - Running command: ['/usr/bin/bash', '-c', 'python /opt/***/scripts/load_users.py --ds 2025-11-01']
[2025-12-16T17:31:26.640+0000] {subprocess.py:86} INFO - Output:
[2025-12-16T17:31:27.296+0000] {subprocess.py:93} INFO - [load_users] ds=2025-11-01 inserted=20 rows
[2025-12-16T17:31:27.343+0000] {subprocess.py:97} INFO - Command exited with return code 0
[2025-12-16T17:31:27.345+0000] {taskinstance.py:441} INFO - ::group::Post task execution logs
[2025-12-16T17:31:27.403+0000] {taskinstance.py:1206} INFO - Marking task as SUCCESS. dag_id=users_elt_daily, task_id=load_users, run_id=scheduled__2025-11-01T00:00:00+00:00, execution_date=20251101T000000, start_date=20251216T173125, end_date=20251216T173127
[2025-12-16T17:31:27.509+0000] {local_task_job_runner.py:243} INFO - Task exited with return code 0
[2025-12-16T17:31:27.538+0000] {local_task_job_runner.py:222} INFO - ::endgroup::
[2025-12-16T17:40:56.025+0000] {local_task_job_runner.py:120} INFO - ::group::Pre task execution logs
[2025-12-16T17:40:56.160+0000] {taskinstance.py:2076} INFO - Dependencies all met for dep_context=non-requeueable deps ti=<TaskInstance: users_elt_daily.load_users scheduled__2025-11-01T00:00:00+00:00 [queued]>
[2025-12-16T17:40:56.189+0000] {taskinstance.py:2076} INFO - Dependencies all met for dep_context=requeueable deps ti=<TaskInstance: users_elt_daily.load_users scheduled__2025-11-01T00:00:00+00:00 [queued]>
[2025-12-16T17:40:56.190+0000] {taskinstance.py:2306} INFO - Starting attempt 1 of 1
[2025-12-16T17:40:56.355+0000] {taskinstance.py:2330} INFO - Executing <Task(BashOperator): load_users> on 2025-11-01 00:00:00+00:00
[2025-12-16T17:40:56.404+0000] {logging_mixin.py:188} WARNING - /home/***/.local/lib/python3.12/site-packages/***/task/task_runner/standard_task_runner.py:62 DeprecationWarning: This process (pid=528) is multi-threaded, use of fork() may lead to deadlocks in the child.
[2025-12-16T17:40:56.404+0000] {standard_task_runner.py:90} INFO - Running: ['***', 'tasks', 'run', 'users_elt_daily', 'load_users', 'scheduled__2025-11-01T00:00:00+00:00', '--job-id', '196', '--raw', '--subdir', 'DAGS_FOLDER/users_elt_daily.py', '--cfg-path', '/tmp/tmpkbo5t5qo']
[2025-12-16T17:40:56.409+0000] {standard_task_runner.py:64} INFO - Started process 539 to run task
[2025-12-16T17:40:56.410+0000] {standard_task_runner.py:91} INFO - Job 196: Subtask load_users
[2025-12-16T17:40:56.653+0000] {task_command.py:426} INFO - Running <TaskInstance: users_elt_daily.load_users scheduled__2025-11-01T00:00:00+00:00 [running]> on host be068e76f4a7
[2025-12-16T17:40:56.917+0000] {taskinstance.py:2648} INFO - Exporting env vars: AIRFLOW_CTX_DAG_OWNER='***' AIRFLOW_CTX_DAG_ID='users_elt_daily' AIRFLOW_CTX_TASK_ID='load_users' AIRFLOW_CTX_EXECUTION_DATE='2025-11-01T00:00:00+00:00' AIRFLOW_CTX_TRY_NUMBER='1' AIRFLOW_CTX_DAG_RUN_ID='scheduled__2025-11-01T00:00:00+00:00'
[2025-12-16T17:40:56.923+0000] {taskinstance.py:430} INFO - ::endgroup::
[2025-12-16T17:40:56.977+0000] {subprocess.py:63} INFO - Tmp dir root location: /tmp
[2025-12-16T17:40:56.985+0000] {subprocess.py:75} INFO - Running command: ['/usr/bin/bash', '-c', 'python /opt/***/scripts/load_users.py --ds 2025-11-01']
[2025-12-16T17:40:57.027+0000] {subprocess.py:86} INFO - Output:
[2025-12-16T17:40:57.811+0000] {subprocess.py:93} INFO - [load_users] ds=2025-11-01 inserted=20 rows
[2025-12-16T17:40:57.873+0000] {subprocess.py:97} INFO - Command exited with return code 0
[2025-12-16T17:40:57.876+0000] {taskinstance.py:441} INFO - ::group::Post task execution logs
[2025-12-16T17:40:57.958+0000] {taskinstance.py:1206} INFO - Marking task as SUCCESS. dag_id=users_elt_daily, task_id=load_users, run_id=scheduled__2025-11-01T00:00:00+00:00, execution_date=20251101T000000, start_date=20251216T174056, end_date=20251216T174057
[2025-12-16T17:40:58.042+0000] {local_task_job_runner.py:243} INFO - Task exited with return code 0
[2025-12-16T17:40:58.079+0000] {taskinstance.py:3503} INFO - 0 downstream tasks scheduled from follow-on schedule check
[2025-12-16T17:40:58.084+0000] {local_task_job_runner.py:222} INFO - ::endgroup::
