[2025-12-16T17:31:28.209+0000] {local_task_job_runner.py:120} INFO - ::group::Pre task execution logs
[2025-12-16T17:31:28.281+0000] {taskinstance.py:2076} INFO - Dependencies all met for dep_context=non-requeueable deps ti=<TaskInstance: users_elt_daily.load_users scheduled__2025-11-11T00:00:00+00:00 [queued]>
[2025-12-16T17:31:28.300+0000] {taskinstance.py:2076} INFO - Dependencies all met for dep_context=requeueable deps ti=<TaskInstance: users_elt_daily.load_users scheduled__2025-11-11T00:00:00+00:00 [queued]>
[2025-12-16T17:31:28.301+0000] {taskinstance.py:2306} INFO - Starting attempt 1 of 1
[2025-12-16T17:31:28.326+0000] {taskinstance.py:2330} INFO - Executing <Task(BashOperator): load_users> on 2025-11-11 00:00:00+00:00
[2025-12-16T17:31:28.342+0000] {logging_mixin.py:188} WARNING - /home/***/.local/lib/python3.12/site-packages/***/task/task_runner/standard_task_runner.py:62 DeprecationWarning: This process (pid=1131) is multi-threaded, use of fork() may lead to deadlocks in the child.
[2025-12-16T17:31:28.341+0000] {standard_task_runner.py:90} INFO - Running: ['***', 'tasks', 'run', 'users_elt_daily', 'load_users', 'scheduled__2025-11-11T00:00:00+00:00', '--job-id', '120', '--raw', '--subdir', 'DAGS_FOLDER/users_elt_daily.py', '--cfg-path', '/tmp/tmpoqbn2q34']
[2025-12-16T17:31:28.345+0000] {standard_task_runner.py:64} INFO - Started process 1138 to run task
[2025-12-16T17:31:28.345+0000] {standard_task_runner.py:91} INFO - Job 120: Subtask load_users
[2025-12-16T17:31:28.477+0000] {task_command.py:426} INFO - Running <TaskInstance: users_elt_daily.load_users scheduled__2025-11-11T00:00:00+00:00 [running]> on host be068e76f4a7
[2025-12-16T17:31:28.639+0000] {taskinstance.py:2648} INFO - Exporting env vars: AIRFLOW_CTX_DAG_OWNER='***' AIRFLOW_CTX_DAG_ID='users_elt_daily' AIRFLOW_CTX_TASK_ID='load_users' AIRFLOW_CTX_EXECUTION_DATE='2025-11-11T00:00:00+00:00' AIRFLOW_CTX_TRY_NUMBER='1' AIRFLOW_CTX_DAG_RUN_ID='scheduled__2025-11-11T00:00:00+00:00'
[2025-12-16T17:31:28.641+0000] {taskinstance.py:430} INFO - ::endgroup::
[2025-12-16T17:31:28.667+0000] {subprocess.py:63} INFO - Tmp dir root location: /tmp
[2025-12-16T17:31:28.670+0000] {subprocess.py:75} INFO - Running command: ['/usr/bin/bash', '-c', 'python /opt/***/scripts/load_users.py --ds 2025-11-11']
[2025-12-16T17:31:28.693+0000] {subprocess.py:86} INFO - Output:
[2025-12-16T17:31:28.997+0000] {subprocess.py:93} INFO - [load_users] ds=2025-11-11 inserted=6 rows
[2025-12-16T17:31:29.014+0000] {subprocess.py:97} INFO - Command exited with return code 0
[2025-12-16T17:31:29.016+0000] {taskinstance.py:441} INFO - ::group::Post task execution logs
[2025-12-16T17:31:29.053+0000] {taskinstance.py:1206} INFO - Marking task as SUCCESS. dag_id=users_elt_daily, task_id=load_users, run_id=scheduled__2025-11-11T00:00:00+00:00, execution_date=20251111T000000, start_date=20251216T173128, end_date=20251216T173129
[2025-12-16T17:31:29.084+0000] {local_task_job_runner.py:243} INFO - Task exited with return code 0
[2025-12-16T17:31:29.099+0000] {local_task_job_runner.py:222} INFO - ::endgroup::
[2025-12-16T17:40:59.229+0000] {local_task_job_runner.py:120} INFO - ::group::Pre task execution logs
[2025-12-16T17:40:59.291+0000] {taskinstance.py:2076} INFO - Dependencies all met for dep_context=non-requeueable deps ti=<TaskInstance: users_elt_daily.load_users scheduled__2025-11-11T00:00:00+00:00 [queued]>
[2025-12-16T17:40:59.309+0000] {taskinstance.py:2076} INFO - Dependencies all met for dep_context=requeueable deps ti=<TaskInstance: users_elt_daily.load_users scheduled__2025-11-11T00:00:00+00:00 [queued]>
[2025-12-16T17:40:59.310+0000] {taskinstance.py:2306} INFO - Starting attempt 1 of 1
[2025-12-16T17:40:59.336+0000] {taskinstance.py:2330} INFO - Executing <Task(BashOperator): load_users> on 2025-11-11 00:00:00+00:00
[2025-12-16T17:40:59.355+0000] {standard_task_runner.py:90} INFO - Running: ['***', 'tasks', 'run', 'users_elt_daily', 'load_users', 'scheduled__2025-11-11T00:00:00+00:00', '--job-id', '208', '--raw', '--subdir', 'DAGS_FOLDER/users_elt_daily.py', '--cfg-path', '/tmp/tmp75swpdai']
[2025-12-16T17:40:59.360+0000] {standard_task_runner.py:91} INFO - Job 208: Subtask load_users
[2025-12-16T17:40:59.362+0000] {logging_mixin.py:188} WARNING - /home/***/.local/lib/python3.12/site-packages/***/task/task_runner/standard_task_runner.py:62 DeprecationWarning: This process (pid=579) is multi-threaded, use of fork() may lead to deadlocks in the child.
[2025-12-16T17:40:59.364+0000] {standard_task_runner.py:64} INFO - Started process 584 to run task
[2025-12-16T17:40:59.468+0000] {task_command.py:426} INFO - Running <TaskInstance: users_elt_daily.load_users scheduled__2025-11-11T00:00:00+00:00 [running]> on host be068e76f4a7
[2025-12-16T17:40:59.623+0000] {taskinstance.py:2648} INFO - Exporting env vars: AIRFLOW_CTX_DAG_OWNER='***' AIRFLOW_CTX_DAG_ID='users_elt_daily' AIRFLOW_CTX_TASK_ID='load_users' AIRFLOW_CTX_EXECUTION_DATE='2025-11-11T00:00:00+00:00' AIRFLOW_CTX_TRY_NUMBER='1' AIRFLOW_CTX_DAG_RUN_ID='scheduled__2025-11-11T00:00:00+00:00'
[2025-12-16T17:40:59.627+0000] {taskinstance.py:430} INFO - ::endgroup::
[2025-12-16T17:40:59.652+0000] {subprocess.py:63} INFO - Tmp dir root location: /tmp
[2025-12-16T17:40:59.655+0000] {subprocess.py:75} INFO - Running command: ['/usr/bin/bash', '-c', 'python /opt/***/scripts/load_users.py --ds 2025-11-11']
[2025-12-16T17:40:59.674+0000] {subprocess.py:86} INFO - Output:
[2025-12-16T17:41:00.003+0000] {subprocess.py:93} INFO - [load_users] ds=2025-11-11 inserted=6 rows
[2025-12-16T17:41:00.030+0000] {subprocess.py:97} INFO - Command exited with return code 0
[2025-12-16T17:41:00.032+0000] {taskinstance.py:441} INFO - ::group::Post task execution logs
[2025-12-16T17:41:00.074+0000] {taskinstance.py:1206} INFO - Marking task as SUCCESS. dag_id=users_elt_daily, task_id=load_users, run_id=scheduled__2025-11-11T00:00:00+00:00, execution_date=20251111T000000, start_date=20251216T174059, end_date=20251216T174100
[2025-12-16T17:41:00.144+0000] {local_task_job_runner.py:243} INFO - Task exited with return code 0
[2025-12-16T17:41:00.169+0000] {taskinstance.py:3503} INFO - 0 downstream tasks scheduled from follow-on schedule check
[2025-12-16T17:41:00.173+0000] {local_task_job_runner.py:222} INFO - ::endgroup::
