[2025-12-16T17:41:11.762+0000] {local_task_job_runner.py:120} INFO - ::group::Pre task execution logs
[2025-12-16T17:41:11.872+0000] {taskinstance.py:2076} INFO - Dependencies all met for dep_context=non-requeueable deps ti=<TaskInstance: invoices_elt_daily.extract_invoices scheduled__2025-11-07T00:00:00+00:00 [queued]>
[2025-12-16T17:41:11.901+0000] {taskinstance.py:2076} INFO - Dependencies all met for dep_context=requeueable deps ti=<TaskInstance: invoices_elt_daily.extract_invoices scheduled__2025-11-07T00:00:00+00:00 [queued]>
[2025-12-16T17:41:11.903+0000] {taskinstance.py:2306} INFO - Starting attempt 1 of 1
[2025-12-16T17:41:12.011+0000] {taskinstance.py:2330} INFO - Executing <Task(BashOperator): extract_invoices> on 2025-11-07 00:00:00+00:00
[2025-12-16T17:41:12.038+0000] {logging_mixin.py:188} WARNING - /home/***/.local/lib/python3.12/site-packages/***/task/task_runner/standard_task_runner.py:62 DeprecationWarning: This process (pid=708) is multi-threaded, use of fork() may lead to deadlocks in the child.
[2025-12-16T17:41:12.041+0000] {standard_task_runner.py:64} INFO - Started process 717 to run task
[2025-12-16T17:41:12.038+0000] {standard_task_runner.py:90} INFO - Running: ['***', 'tasks', 'run', 'invoices_elt_daily', 'extract_invoices', 'scheduled__2025-11-07T00:00:00+00:00', '--job-id', '253', '--raw', '--subdir', 'DAGS_FOLDER/invoices_elt_daily.py', '--cfg-path', '/tmp/tmpvpc3nylc']
[2025-12-16T17:41:12.043+0000] {standard_task_runner.py:91} INFO - Job 253: Subtask extract_invoices
[2025-12-16T17:41:12.223+0000] {task_command.py:426} INFO - Running <TaskInstance: invoices_elt_daily.extract_invoices scheduled__2025-11-07T00:00:00+00:00 [running]> on host be068e76f4a7
[2025-12-16T17:41:12.423+0000] {taskinstance.py:2648} INFO - Exporting env vars: AIRFLOW_CTX_DAG_OWNER='***' AIRFLOW_CTX_DAG_ID='invoices_elt_daily' AIRFLOW_CTX_TASK_ID='extract_invoices' AIRFLOW_CTX_EXECUTION_DATE='2025-11-07T00:00:00+00:00' AIRFLOW_CTX_TRY_NUMBER='1' AIRFLOW_CTX_DAG_RUN_ID='scheduled__2025-11-07T00:00:00+00:00'
[2025-12-16T17:41:12.427+0000] {taskinstance.py:430} INFO - ::endgroup::
[2025-12-16T17:41:12.467+0000] {subprocess.py:63} INFO - Tmp dir root location: /tmp
[2025-12-16T17:41:12.472+0000] {subprocess.py:75} INFO - Running command: ['/usr/bin/bash', '-c', 'python /opt/***/scripts/extract_invoices.py --ds 2025-11-07']
[2025-12-16T17:41:12.505+0000] {subprocess.py:86} INFO - Output:
[2025-12-16T17:41:13.366+0000] {subprocess.py:93} INFO - [extract_invoices] ds=2025-11-07 not billing day -> wrote empty file
[2025-12-16T17:41:13.435+0000] {subprocess.py:97} INFO - Command exited with return code 0
[2025-12-16T17:41:13.438+0000] {taskinstance.py:441} INFO - ::group::Post task execution logs
[2025-12-16T17:41:13.572+0000] {taskinstance.py:1206} INFO - Marking task as SUCCESS. dag_id=invoices_elt_daily, task_id=extract_invoices, run_id=scheduled__2025-11-07T00:00:00+00:00, execution_date=20251107T000000, start_date=20251216T174111, end_date=20251216T174113
[2025-12-16T17:41:13.694+0000] {local_task_job_runner.py:243} INFO - Task exited with return code 0
[2025-12-16T17:41:13.841+0000] {taskinstance.py:3503} INFO - 1 downstream tasks scheduled from follow-on schedule check
[2025-12-16T17:41:13.885+0000] {local_task_job_runner.py:222} INFO - ::endgroup::
