[2025-12-16T17:31:36.754+0000] {local_task_job_runner.py:120} INFO - ::group::Pre task execution logs
[2025-12-16T17:31:36.803+0000] {taskinstance.py:2076} INFO - Dependencies all met for dep_context=non-requeueable deps ti=<TaskInstance: users_elt_daily.load_users scheduled__2025-11-28T00:00:00+00:00 [queued]>
[2025-12-16T17:31:36.816+0000] {taskinstance.py:2076} INFO - Dependencies all met for dep_context=requeueable deps ti=<TaskInstance: users_elt_daily.load_users scheduled__2025-11-28T00:00:00+00:00 [queued]>
[2025-12-16T17:31:36.817+0000] {taskinstance.py:2306} INFO - Starting attempt 1 of 1
[2025-12-16T17:31:36.836+0000] {taskinstance.py:2330} INFO - Executing <Task(BashOperator): load_users> on 2025-11-28 00:00:00+00:00
[2025-12-16T17:31:36.848+0000] {logging_mixin.py:188} WARNING - /home/***/.local/lib/python3.12/site-packages/***/task/task_runner/standard_task_runner.py:62 DeprecationWarning: This process (pid=1230) is multi-threaded, use of fork() may lead to deadlocks in the child.
[2025-12-16T17:31:36.847+0000] {standard_task_runner.py:90} INFO - Running: ['***', 'tasks', 'run', 'users_elt_daily', 'load_users', 'scheduled__2025-11-28T00:00:00+00:00', '--job-id', '146', '--raw', '--subdir', 'DAGS_FOLDER/users_elt_daily.py', '--cfg-path', '/tmp/tmp1hrm7oln']
[2025-12-16T17:31:36.850+0000] {standard_task_runner.py:64} INFO - Started process 1232 to run task
[2025-12-16T17:31:36.851+0000] {standard_task_runner.py:91} INFO - Job 146: Subtask load_users
[2025-12-16T17:31:36.936+0000] {task_command.py:426} INFO - Running <TaskInstance: users_elt_daily.load_users scheduled__2025-11-28T00:00:00+00:00 [running]> on host be068e76f4a7
[2025-12-16T17:31:37.069+0000] {taskinstance.py:2648} INFO - Exporting env vars: AIRFLOW_CTX_DAG_OWNER='***' AIRFLOW_CTX_DAG_ID='users_elt_daily' AIRFLOW_CTX_TASK_ID='load_users' AIRFLOW_CTX_EXECUTION_DATE='2025-11-28T00:00:00+00:00' AIRFLOW_CTX_TRY_NUMBER='1' AIRFLOW_CTX_DAG_RUN_ID='scheduled__2025-11-28T00:00:00+00:00'
[2025-12-16T17:31:37.071+0000] {taskinstance.py:430} INFO - ::endgroup::
[2025-12-16T17:31:37.092+0000] {subprocess.py:63} INFO - Tmp dir root location: /tmp
[2025-12-16T17:31:37.094+0000] {subprocess.py:75} INFO - Running command: ['/usr/bin/bash', '-c', 'python /opt/***/scripts/load_users.py --ds 2025-11-28']
[2025-12-16T17:31:37.111+0000] {subprocess.py:86} INFO - Output:
[2025-12-16T17:31:37.445+0000] {subprocess.py:93} INFO - [load_users] ds=2025-11-28 inserted=11 rows
[2025-12-16T17:31:37.464+0000] {subprocess.py:97} INFO - Command exited with return code 0
[2025-12-16T17:31:37.465+0000] {taskinstance.py:441} INFO - ::group::Post task execution logs
[2025-12-16T17:31:37.501+0000] {taskinstance.py:1206} INFO - Marking task as SUCCESS. dag_id=users_elt_daily, task_id=load_users, run_id=scheduled__2025-11-28T00:00:00+00:00, execution_date=20251128T000000, start_date=20251216T173136, end_date=20251216T173137
[2025-12-16T17:31:37.549+0000] {local_task_job_runner.py:243} INFO - Task exited with return code 0
[2025-12-16T17:31:37.570+0000] {taskinstance.py:3503} INFO - 0 downstream tasks scheduled from follow-on schedule check
[2025-12-16T17:31:37.574+0000] {local_task_job_runner.py:222} INFO - ::endgroup::
[2025-12-16T17:41:07.775+0000] {local_task_job_runner.py:120} INFO - ::group::Pre task execution logs
[2025-12-16T17:41:07.847+0000] {taskinstance.py:2076} INFO - Dependencies all met for dep_context=non-requeueable deps ti=<TaskInstance: users_elt_daily.load_users scheduled__2025-11-28T00:00:00+00:00 [queued]>
[2025-12-16T17:41:07.864+0000] {taskinstance.py:2076} INFO - Dependencies all met for dep_context=requeueable deps ti=<TaskInstance: users_elt_daily.load_users scheduled__2025-11-28T00:00:00+00:00 [queued]>
[2025-12-16T17:41:07.865+0000] {taskinstance.py:2306} INFO - Starting attempt 1 of 1
[2025-12-16T17:41:07.888+0000] {taskinstance.py:2330} INFO - Executing <Task(BashOperator): load_users> on 2025-11-28 00:00:00+00:00
[2025-12-16T17:41:07.903+0000] {standard_task_runner.py:90} INFO - Running: ['***', 'tasks', 'run', 'users_elt_daily', 'load_users', 'scheduled__2025-11-28T00:00:00+00:00', '--job-id', '242', '--raw', '--subdir', 'DAGS_FOLDER/users_elt_daily.py', '--cfg-path', '/tmp/tmp1gfpa4fy']
[2025-12-16T17:41:07.904+0000] {logging_mixin.py:188} WARNING - /home/***/.local/lib/python3.12/site-packages/***/task/task_runner/standard_task_runner.py:62 DeprecationWarning: This process (pid=678) is multi-threaded, use of fork() may lead to deadlocks in the child.
[2025-12-16T17:41:07.906+0000] {standard_task_runner.py:91} INFO - Job 242: Subtask load_users
[2025-12-16T17:41:07.906+0000] {standard_task_runner.py:64} INFO - Started process 681 to run task
[2025-12-16T17:41:07.999+0000] {task_command.py:426} INFO - Running <TaskInstance: users_elt_daily.load_users scheduled__2025-11-28T00:00:00+00:00 [running]> on host be068e76f4a7
[2025-12-16T17:41:08.125+0000] {taskinstance.py:2648} INFO - Exporting env vars: AIRFLOW_CTX_DAG_OWNER='***' AIRFLOW_CTX_DAG_ID='users_elt_daily' AIRFLOW_CTX_TASK_ID='load_users' AIRFLOW_CTX_EXECUTION_DATE='2025-11-28T00:00:00+00:00' AIRFLOW_CTX_TRY_NUMBER='1' AIRFLOW_CTX_DAG_RUN_ID='scheduled__2025-11-28T00:00:00+00:00'
[2025-12-16T17:41:08.126+0000] {taskinstance.py:430} INFO - ::endgroup::
[2025-12-16T17:41:08.144+0000] {subprocess.py:63} INFO - Tmp dir root location: /tmp
[2025-12-16T17:41:08.145+0000] {subprocess.py:75} INFO - Running command: ['/usr/bin/bash', '-c', 'python /opt/***/scripts/load_users.py --ds 2025-11-28']
[2025-12-16T17:41:08.166+0000] {subprocess.py:86} INFO - Output:
[2025-12-16T17:41:08.500+0000] {subprocess.py:93} INFO - [load_users] ds=2025-11-28 inserted=11 rows
[2025-12-16T17:41:08.516+0000] {subprocess.py:97} INFO - Command exited with return code 0
[2025-12-16T17:41:08.517+0000] {taskinstance.py:441} INFO - ::group::Post task execution logs
[2025-12-16T17:41:08.552+0000] {taskinstance.py:1206} INFO - Marking task as SUCCESS. dag_id=users_elt_daily, task_id=load_users, run_id=scheduled__2025-11-28T00:00:00+00:00, execution_date=20251128T000000, start_date=20251216T174107, end_date=20251216T174108
[2025-12-16T17:41:08.606+0000] {local_task_job_runner.py:243} INFO - Task exited with return code 0
[2025-12-16T17:41:08.627+0000] {taskinstance.py:3503} INFO - 0 downstream tasks scheduled from follow-on schedule check
[2025-12-16T17:41:08.630+0000] {local_task_job_runner.py:222} INFO - ::endgroup::
