[2025-12-16T17:13:12.656+0000] {local_task_job_runner.py:120} INFO - ::group::Pre task execution logs
[2025-12-16T17:13:12.891+0000] {taskinstance.py:2076} INFO - Dependencies all met for dep_context=non-requeueable deps ti=<TaskInstance: invoices_elt_daily.load_invoices scheduled__2025-12-08T00:00:00+00:00 [queued]>
[2025-12-16T17:13:12.935+0000] {taskinstance.py:2076} INFO - Dependencies all met for dep_context=requeueable deps ti=<TaskInstance: invoices_elt_daily.load_invoices scheduled__2025-12-08T00:00:00+00:00 [queued]>
[2025-12-16T17:13:12.938+0000] {taskinstance.py:2306} INFO - Starting attempt 1 of 1
[2025-12-16T17:13:13.403+0000] {taskinstance.py:2330} INFO - Executing <Task(BashOperator): load_invoices> on 2025-12-08 00:00:00+00:00
[2025-12-16T17:13:13.435+0000] {standard_task_runner.py:90} INFO - Running: ['***', 'tasks', 'run', 'invoices_elt_daily', 'load_invoices', 'scheduled__2025-12-08T00:00:00+00:00', '--job-id', '82', '--raw', '--subdir', 'DAGS_FOLDER/invoices_elt_daily.py', '--cfg-path', '/tmp/tmpxo9tsyt1']
[2025-12-16T17:13:13.440+0000] {standard_task_runner.py:91} INFO - Job 82: Subtask load_invoices
[2025-12-16T17:13:13.440+0000] {logging_mixin.py:188} WARNING - /home/***/.local/lib/python3.12/site-packages/***/task/task_runner/standard_task_runner.py:62 DeprecationWarning: This process (pid=308) is multi-threaded, use of fork() may lead to deadlocks in the child.
[2025-12-16T17:13:13.446+0000] {standard_task_runner.py:64} INFO - Started process 323 to run task
[2025-12-16T17:13:13.630+0000] {task_command.py:426} INFO - Running <TaskInstance: invoices_elt_daily.load_invoices scheduled__2025-12-08T00:00:00+00:00 [running]> on host be068e76f4a7
[2025-12-16T17:13:13.912+0000] {taskinstance.py:2648} INFO - Exporting env vars: AIRFLOW_CTX_DAG_OWNER='***' AIRFLOW_CTX_DAG_ID='invoices_elt_daily' AIRFLOW_CTX_TASK_ID='load_invoices' AIRFLOW_CTX_EXECUTION_DATE='2025-12-08T00:00:00+00:00' AIRFLOW_CTX_TRY_NUMBER='1' AIRFLOW_CTX_DAG_RUN_ID='scheduled__2025-12-08T00:00:00+00:00'
[2025-12-16T17:13:13.916+0000] {taskinstance.py:430} INFO - ::endgroup::
[2025-12-16T17:13:13.963+0000] {subprocess.py:63} INFO - Tmp dir root location: /tmp
[2025-12-16T17:13:13.967+0000] {subprocess.py:75} INFO - Running command: ['/usr/bin/bash', '-c', 'python /opt/***/scripts/load_invoices.py --ds 2025-12-08']
[2025-12-16T17:13:14.001+0000] {subprocess.py:86} INFO - Output:
[2025-12-16T17:13:14.502+0000] {subprocess.py:93} INFO - [load_invoices] ds=2025-12-08 inserted=0
[2025-12-16T17:13:14.543+0000] {subprocess.py:97} INFO - Command exited with return code 0
[2025-12-16T17:13:14.545+0000] {taskinstance.py:441} INFO - ::group::Post task execution logs
[2025-12-16T17:13:14.602+0000] {taskinstance.py:1206} INFO - Marking task as SUCCESS. dag_id=invoices_elt_daily, task_id=load_invoices, run_id=scheduled__2025-12-08T00:00:00+00:00, execution_date=20251208T000000, start_date=20251216T171312, end_date=20251216T171314
[2025-12-16T17:13:14.689+0000] {local_task_job_runner.py:243} INFO - Task exited with return code 0
[2025-12-16T17:13:14.728+0000] {taskinstance.py:3503} INFO - 0 downstream tasks scheduled from follow-on schedule check
[2025-12-16T17:13:14.732+0000] {local_task_job_runner.py:222} INFO - ::endgroup::
[2025-12-16T17:41:36.845+0000] {local_task_job_runner.py:120} INFO - ::group::Pre task execution logs
[2025-12-16T17:41:36.944+0000] {taskinstance.py:2076} INFO - Dependencies all met for dep_context=non-requeueable deps ti=<TaskInstance: invoices_elt_daily.load_invoices scheduled__2025-12-08T00:00:00+00:00 [queued]>
[2025-12-16T17:41:36.970+0000] {taskinstance.py:2076} INFO - Dependencies all met for dep_context=requeueable deps ti=<TaskInstance: invoices_elt_daily.load_invoices scheduled__2025-12-08T00:00:00+00:00 [queued]>
[2025-12-16T17:41:36.973+0000] {taskinstance.py:2306} INFO - Starting attempt 1 of 1
[2025-12-16T17:41:37.039+0000] {taskinstance.py:2330} INFO - Executing <Task(BashOperator): load_invoices> on 2025-12-08 00:00:00+00:00
[2025-12-16T17:41:37.064+0000] {standard_task_runner.py:90} INFO - Running: ['***', 'tasks', 'run', 'invoices_elt_daily', 'load_invoices', 'scheduled__2025-12-08T00:00:00+00:00', '--job-id', '355', '--raw', '--subdir', 'DAGS_FOLDER/invoices_elt_daily.py', '--cfg-path', '/tmp/tmpk3h6mz9z']
[2025-12-16T17:41:37.066+0000] {logging_mixin.py:188} WARNING - /home/***/.local/lib/python3.12/site-packages/***/task/task_runner/standard_task_runner.py:62 DeprecationWarning: This process (pid=1034) is multi-threaded, use of fork() may lead to deadlocks in the child.
[2025-12-16T17:41:37.069+0000] {standard_task_runner.py:91} INFO - Job 355: Subtask load_invoices
[2025-12-16T17:41:37.070+0000] {standard_task_runner.py:64} INFO - Started process 1043 to run task
[2025-12-16T17:41:37.209+0000] {task_command.py:426} INFO - Running <TaskInstance: invoices_elt_daily.load_invoices scheduled__2025-12-08T00:00:00+00:00 [running]> on host be068e76f4a7
[2025-12-16T17:41:37.400+0000] {taskinstance.py:2648} INFO - Exporting env vars: AIRFLOW_CTX_DAG_OWNER='***' AIRFLOW_CTX_DAG_ID='invoices_elt_daily' AIRFLOW_CTX_TASK_ID='load_invoices' AIRFLOW_CTX_EXECUTION_DATE='2025-12-08T00:00:00+00:00' AIRFLOW_CTX_TRY_NUMBER='1' AIRFLOW_CTX_DAG_RUN_ID='scheduled__2025-12-08T00:00:00+00:00'
[2025-12-16T17:41:37.404+0000] {taskinstance.py:430} INFO - ::endgroup::
[2025-12-16T17:41:37.435+0000] {subprocess.py:63} INFO - Tmp dir root location: /tmp
[2025-12-16T17:41:37.439+0000] {subprocess.py:75} INFO - Running command: ['/usr/bin/bash', '-c', 'python /opt/***/scripts/load_invoices.py --ds 2025-12-08']
[2025-12-16T17:41:37.470+0000] {subprocess.py:86} INFO - Output:
[2025-12-16T17:41:37.925+0000] {subprocess.py:93} INFO - [load_invoices] ds=2025-12-08 inserted=0
[2025-12-16T17:41:37.955+0000] {subprocess.py:97} INFO - Command exited with return code 0
[2025-12-16T17:41:37.960+0000] {taskinstance.py:441} INFO - ::group::Post task execution logs
[2025-12-16T17:41:38.004+0000] {taskinstance.py:1206} INFO - Marking task as SUCCESS. dag_id=invoices_elt_daily, task_id=load_invoices, run_id=scheduled__2025-12-08T00:00:00+00:00, execution_date=20251208T000000, start_date=20251216T174136, end_date=20251216T174138
[2025-12-16T17:41:38.056+0000] {local_task_job_runner.py:243} INFO - Task exited with return code 0
[2025-12-16T17:41:38.080+0000] {taskinstance.py:3503} INFO - 0 downstream tasks scheduled from follow-on schedule check
[2025-12-16T17:41:38.084+0000] {local_task_job_runner.py:222} INFO - ::endgroup::
