[2025-12-16T17:31:26.125+0000] {local_task_job_runner.py:120} INFO - ::group::Pre task execution logs
[2025-12-16T17:31:26.254+0000] {taskinstance.py:2076} INFO - Dependencies all met for dep_context=non-requeueable deps ti=<TaskInstance: users_elt_daily.extract_users scheduled__2025-11-12T00:00:00+00:00 [queued]>
[2025-12-16T17:31:26.276+0000] {taskinstance.py:2076} INFO - Dependencies all met for dep_context=requeueable deps ti=<TaskInstance: users_elt_daily.extract_users scheduled__2025-11-12T00:00:00+00:00 [queued]>
[2025-12-16T17:31:26.278+0000] {taskinstance.py:2306} INFO - Starting attempt 1 of 1
[2025-12-16T17:31:26.361+0000] {taskinstance.py:2330} INFO - Executing <Task(BashOperator): extract_users> on 2025-11-12 00:00:00+00:00
[2025-12-16T17:31:26.390+0000] {logging_mixin.py:188} WARNING - /home/***/.local/lib/python3.12/site-packages/***/task/task_runner/standard_task_runner.py:62 DeprecationWarning: This process (pid=1090) is multi-threaded, use of fork() may lead to deadlocks in the child.
[2025-12-16T17:31:26.393+0000] {standard_task_runner.py:64} INFO - Started process 1101 to run task
[2025-12-16T17:31:26.392+0000] {standard_task_runner.py:90} INFO - Running: ['***', 'tasks', 'run', 'users_elt_daily', 'extract_users', 'scheduled__2025-11-12T00:00:00+00:00', '--job-id', '109', '--raw', '--subdir', 'DAGS_FOLDER/users_elt_daily.py', '--cfg-path', '/tmp/tmpx0u8899a']
[2025-12-16T17:31:26.400+0000] {standard_task_runner.py:91} INFO - Job 109: Subtask extract_users
[2025-12-16T17:31:26.639+0000] {task_command.py:426} INFO - Running <TaskInstance: users_elt_daily.extract_users scheduled__2025-11-12T00:00:00+00:00 [running]> on host be068e76f4a7
[2025-12-16T17:31:26.861+0000] {taskinstance.py:2648} INFO - Exporting env vars: AIRFLOW_CTX_DAG_OWNER='***' AIRFLOW_CTX_DAG_ID='users_elt_daily' AIRFLOW_CTX_TASK_ID='extract_users' AIRFLOW_CTX_EXECUTION_DATE='2025-11-12T00:00:00+00:00' AIRFLOW_CTX_TRY_NUMBER='1' AIRFLOW_CTX_DAG_RUN_ID='scheduled__2025-11-12T00:00:00+00:00'
[2025-12-16T17:31:26.863+0000] {taskinstance.py:430} INFO - ::endgroup::
[2025-12-16T17:31:26.913+0000] {subprocess.py:63} INFO - Tmp dir root location: /tmp
[2025-12-16T17:31:26.916+0000] {subprocess.py:75} INFO - Running command: ['/usr/bin/bash', '-c', 'python /opt/***/scripts/extract_users.py --ds 2025-11-12']
[2025-12-16T17:31:26.951+0000] {subprocess.py:86} INFO - Output:
[2025-12-16T17:31:27.422+0000] {subprocess.py:93} INFO - [extract_users] ds=2025-11-12 wrote=/opt/***/data/source/users/users_2025-11-12.json new_users=10 last_user_id=174
[2025-12-16T17:31:27.446+0000] {subprocess.py:97} INFO - Command exited with return code 0
[2025-12-16T17:31:27.448+0000] {taskinstance.py:441} INFO - ::group::Post task execution logs
[2025-12-16T17:31:27.508+0000] {taskinstance.py:1206} INFO - Marking task as SUCCESS. dag_id=users_elt_daily, task_id=extract_users, run_id=scheduled__2025-11-12T00:00:00+00:00, execution_date=20251112T000000, start_date=20251216T173126, end_date=20251216T173127
[2025-12-16T17:31:27.566+0000] {local_task_job_runner.py:243} INFO - Task exited with return code 0
[2025-12-16T17:31:27.594+0000] {local_task_job_runner.py:222} INFO - ::endgroup::
[2025-12-16T17:40:57.455+0000] {local_task_job_runner.py:120} INFO - ::group::Pre task execution logs
[2025-12-16T17:40:57.566+0000] {taskinstance.py:2076} INFO - Dependencies all met for dep_context=non-requeueable deps ti=<TaskInstance: users_elt_daily.extract_users scheduled__2025-11-12T00:00:00+00:00 [queued]>
[2025-12-16T17:40:57.589+0000] {taskinstance.py:2076} INFO - Dependencies all met for dep_context=requeueable deps ti=<TaskInstance: users_elt_daily.extract_users scheduled__2025-11-12T00:00:00+00:00 [queued]>
[2025-12-16T17:40:57.591+0000] {taskinstance.py:2306} INFO - Starting attempt 1 of 1
[2025-12-16T17:40:57.637+0000] {taskinstance.py:2330} INFO - Executing <Task(BashOperator): extract_users> on 2025-11-12 00:00:00+00:00
[2025-12-16T17:40:57.662+0000] {standard_task_runner.py:90} INFO - Running: ['***', 'tasks', 'run', 'users_elt_daily', 'extract_users', 'scheduled__2025-11-12T00:00:00+00:00', '--job-id', '204', '--raw', '--subdir', 'DAGS_FOLDER/users_elt_daily.py', '--cfg-path', '/tmp/tmpuo_y5peh']
[2025-12-16T17:40:57.676+0000] {standard_task_runner.py:91} INFO - Job 204: Subtask extract_users
[2025-12-16T17:40:57.678+0000] {logging_mixin.py:188} WARNING - /home/***/.local/lib/python3.12/site-packages/***/task/task_runner/standard_task_runner.py:62 DeprecationWarning: This process (pid=547) is multi-threaded, use of fork() may lead to deadlocks in the child.
[2025-12-16T17:40:57.683+0000] {standard_task_runner.py:64} INFO - Started process 565 to run task
[2025-12-16T17:40:57.896+0000] {task_command.py:426} INFO - Running <TaskInstance: users_elt_daily.extract_users scheduled__2025-11-12T00:00:00+00:00 [running]> on host be068e76f4a7
[2025-12-16T17:40:58.117+0000] {taskinstance.py:2648} INFO - Exporting env vars: AIRFLOW_CTX_DAG_OWNER='***' AIRFLOW_CTX_DAG_ID='users_elt_daily' AIRFLOW_CTX_TASK_ID='extract_users' AIRFLOW_CTX_EXECUTION_DATE='2025-11-12T00:00:00+00:00' AIRFLOW_CTX_TRY_NUMBER='1' AIRFLOW_CTX_DAG_RUN_ID='scheduled__2025-11-12T00:00:00+00:00'
[2025-12-16T17:40:58.120+0000] {taskinstance.py:430} INFO - ::endgroup::
[2025-12-16T17:40:58.164+0000] {subprocess.py:63} INFO - Tmp dir root location: /tmp
[2025-12-16T17:40:58.168+0000] {subprocess.py:75} INFO - Running command: ['/usr/bin/bash', '-c', 'python /opt/***/scripts/extract_users.py --ds 2025-11-12']
[2025-12-16T17:40:58.198+0000] {subprocess.py:86} INFO - Output:
[2025-12-16T17:40:58.562+0000] {subprocess.py:93} INFO - [extract_users] ds=2025-11-12 already exists -> skip (/opt/***/data/source/users/users_2025-11-12.json)
[2025-12-16T17:40:58.580+0000] {subprocess.py:97} INFO - Command exited with return code 0
[2025-12-16T17:40:58.582+0000] {taskinstance.py:441} INFO - ::group::Post task execution logs
[2025-12-16T17:40:58.634+0000] {taskinstance.py:1206} INFO - Marking task as SUCCESS. dag_id=users_elt_daily, task_id=extract_users, run_id=scheduled__2025-11-12T00:00:00+00:00, execution_date=20251112T000000, start_date=20251216T174057, end_date=20251216T174058
[2025-12-16T17:40:58.720+0000] {local_task_job_runner.py:243} INFO - Task exited with return code 0
[2025-12-16T17:40:58.740+0000] {local_task_job_runner.py:222} INFO - ::endgroup::
