[2025-12-16T17:31:27.957+0000] {local_task_job_runner.py:120} INFO - ::group::Pre task execution logs
[2025-12-16T17:31:28.031+0000] {taskinstance.py:2076} INFO - Dependencies all met for dep_context=non-requeueable deps ti=<TaskInstance: users_elt_daily.extract_users scheduled__2025-11-17T00:00:00+00:00 [queued]>
[2025-12-16T17:31:28.053+0000] {taskinstance.py:2076} INFO - Dependencies all met for dep_context=requeueable deps ti=<TaskInstance: users_elt_daily.extract_users scheduled__2025-11-17T00:00:00+00:00 [queued]>
[2025-12-16T17:31:28.054+0000] {taskinstance.py:2306} INFO - Starting attempt 1 of 1
[2025-12-16T17:31:28.094+0000] {taskinstance.py:2330} INFO - Executing <Task(BashOperator): extract_users> on 2025-11-17 00:00:00+00:00
[2025-12-16T17:31:28.111+0000] {logging_mixin.py:188} WARNING - /home/***/.local/lib/python3.12/site-packages/***/task/task_runner/standard_task_runner.py:62 DeprecationWarning: This process (pid=1124) is multi-threaded, use of fork() may lead to deadlocks in the child.
[2025-12-16T17:31:28.114+0000] {standard_task_runner.py:64} INFO - Started process 1134 to run task
[2025-12-16T17:31:28.111+0000] {standard_task_runner.py:90} INFO - Running: ['***', 'tasks', 'run', 'users_elt_daily', 'extract_users', 'scheduled__2025-11-17T00:00:00+00:00', '--job-id', '118', '--raw', '--subdir', 'DAGS_FOLDER/users_elt_daily.py', '--cfg-path', '/tmp/tmpv6r8gp2p']
[2025-12-16T17:31:28.116+0000] {standard_task_runner.py:91} INFO - Job 118: Subtask extract_users
[2025-12-16T17:31:28.250+0000] {task_command.py:426} INFO - Running <TaskInstance: users_elt_daily.extract_users scheduled__2025-11-17T00:00:00+00:00 [running]> on host be068e76f4a7
[2025-12-16T17:31:28.442+0000] {taskinstance.py:2648} INFO - Exporting env vars: AIRFLOW_CTX_DAG_OWNER='***' AIRFLOW_CTX_DAG_ID='users_elt_daily' AIRFLOW_CTX_TASK_ID='extract_users' AIRFLOW_CTX_EXECUTION_DATE='2025-11-17T00:00:00+00:00' AIRFLOW_CTX_TRY_NUMBER='1' AIRFLOW_CTX_DAG_RUN_ID='scheduled__2025-11-17T00:00:00+00:00'
[2025-12-16T17:31:28.443+0000] {taskinstance.py:430} INFO - ::endgroup::
[2025-12-16T17:31:28.473+0000] {subprocess.py:63} INFO - Tmp dir root location: /tmp
[2025-12-16T17:31:28.476+0000] {subprocess.py:75} INFO - Running command: ['/usr/bin/bash', '-c', 'python /opt/***/scripts/extract_users.py --ds 2025-11-17']
[2025-12-16T17:31:28.501+0000] {subprocess.py:86} INFO - Output:
[2025-12-16T17:31:28.820+0000] {subprocess.py:93} INFO - [extract_users] ds=2025-11-17 wrote=/opt/***/data/source/users/users_2025-11-17.json new_users=14 last_user_id=228
[2025-12-16T17:31:28.833+0000] {subprocess.py:97} INFO - Command exited with return code 0
[2025-12-16T17:31:28.834+0000] {taskinstance.py:441} INFO - ::group::Post task execution logs
[2025-12-16T17:31:28.873+0000] {taskinstance.py:1206} INFO - Marking task as SUCCESS. dag_id=users_elt_daily, task_id=extract_users, run_id=scheduled__2025-11-17T00:00:00+00:00, execution_date=20251117T000000, start_date=20251216T173128, end_date=20251216T173128
[2025-12-16T17:31:28.933+0000] {local_task_job_runner.py:243} INFO - Task exited with return code 0
[2025-12-16T17:31:28.958+0000] {taskinstance.py:3503} INFO - 1 downstream tasks scheduled from follow-on schedule check
[2025-12-16T17:31:28.963+0000] {local_task_job_runner.py:222} INFO - ::endgroup::
[2025-12-16T17:41:02.313+0000] {local_task_job_runner.py:120} INFO - ::group::Pre task execution logs
[2025-12-16T17:41:02.371+0000] {taskinstance.py:2076} INFO - Dependencies all met for dep_context=non-requeueable deps ti=<TaskInstance: users_elt_daily.extract_users scheduled__2025-11-17T00:00:00+00:00 [queued]>
[2025-12-16T17:41:02.386+0000] {taskinstance.py:2076} INFO - Dependencies all met for dep_context=requeueable deps ti=<TaskInstance: users_elt_daily.extract_users scheduled__2025-11-17T00:00:00+00:00 [queued]>
[2025-12-16T17:41:02.388+0000] {taskinstance.py:2306} INFO - Starting attempt 1 of 1
[2025-12-16T17:41:02.446+0000] {taskinstance.py:2330} INFO - Executing <Task(BashOperator): extract_users> on 2025-11-17 00:00:00+00:00
[2025-12-16T17:41:02.460+0000] {logging_mixin.py:188} WARNING - /home/***/.local/lib/python3.12/site-packages/***/task/task_runner/standard_task_runner.py:62 DeprecationWarning: This process (pid=599) is multi-threaded, use of fork() may lead to deadlocks in the child.
[2025-12-16T17:41:02.459+0000] {standard_task_runner.py:90} INFO - Running: ['***', 'tasks', 'run', 'users_elt_daily', 'extract_users', 'scheduled__2025-11-17T00:00:00+00:00', '--job-id', '216', '--raw', '--subdir', 'DAGS_FOLDER/users_elt_daily.py', '--cfg-path', '/tmp/tmp8itiv7dt']
[2025-12-16T17:41:02.462+0000] {standard_task_runner.py:64} INFO - Started process 604 to run task
[2025-12-16T17:41:02.462+0000] {standard_task_runner.py:91} INFO - Job 216: Subtask extract_users
[2025-12-16T17:41:02.567+0000] {task_command.py:426} INFO - Running <TaskInstance: users_elt_daily.extract_users scheduled__2025-11-17T00:00:00+00:00 [running]> on host be068e76f4a7
[2025-12-16T17:41:02.734+0000] {taskinstance.py:2648} INFO - Exporting env vars: AIRFLOW_CTX_DAG_OWNER='***' AIRFLOW_CTX_DAG_ID='users_elt_daily' AIRFLOW_CTX_TASK_ID='extract_users' AIRFLOW_CTX_EXECUTION_DATE='2025-11-17T00:00:00+00:00' AIRFLOW_CTX_TRY_NUMBER='1' AIRFLOW_CTX_DAG_RUN_ID='scheduled__2025-11-17T00:00:00+00:00'
[2025-12-16T17:41:02.736+0000] {taskinstance.py:430} INFO - ::endgroup::
[2025-12-16T17:41:02.763+0000] {subprocess.py:63} INFO - Tmp dir root location: /tmp
[2025-12-16T17:41:02.765+0000] {subprocess.py:75} INFO - Running command: ['/usr/bin/bash', '-c', 'python /opt/***/scripts/extract_users.py --ds 2025-11-17']
[2025-12-16T17:41:02.785+0000] {subprocess.py:86} INFO - Output:
[2025-12-16T17:41:03.226+0000] {subprocess.py:93} INFO - [extract_users] ds=2025-11-17 already exists -> skip (/opt/***/data/source/users/users_2025-11-17.json)
[2025-12-16T17:41:03.253+0000] {subprocess.py:97} INFO - Command exited with return code 0
[2025-12-16T17:41:03.255+0000] {taskinstance.py:441} INFO - ::group::Post task execution logs
[2025-12-16T17:41:03.309+0000] {taskinstance.py:1206} INFO - Marking task as SUCCESS. dag_id=users_elt_daily, task_id=extract_users, run_id=scheduled__2025-11-17T00:00:00+00:00, execution_date=20251117T000000, start_date=20251216T174102, end_date=20251216T174103
[2025-12-16T17:41:03.404+0000] {local_task_job_runner.py:243} INFO - Task exited with return code 0
[2025-12-16T17:41:03.489+0000] {taskinstance.py:3503} INFO - 1 downstream tasks scheduled from follow-on schedule check
[2025-12-16T17:41:03.505+0000] {local_task_job_runner.py:222} INFO - ::endgroup::
