[2025-12-16T17:31:42.542+0000] {local_task_job_runner.py:120} INFO - ::group::Pre task execution logs
[2025-12-16T17:31:42.614+0000] {taskinstance.py:2076} INFO - Dependencies all met for dep_context=non-requeueable deps ti=<TaskInstance: users_elt_daily.load_users scheduled__2025-12-08T00:00:00+00:00 [queued]>
[2025-12-16T17:31:42.637+0000] {taskinstance.py:2076} INFO - Dependencies all met for dep_context=requeueable deps ti=<TaskInstance: users_elt_daily.load_users scheduled__2025-12-08T00:00:00+00:00 [queued]>
[2025-12-16T17:31:42.640+0000] {taskinstance.py:2306} INFO - Starting attempt 1 of 1
[2025-12-16T17:31:42.690+0000] {taskinstance.py:2330} INFO - Executing <Task(BashOperator): load_users> on 2025-12-08 00:00:00+00:00
[2025-12-16T17:31:42.710+0000] {standard_task_runner.py:90} INFO - Running: ['***', 'tasks', 'run', 'users_elt_daily', 'load_users', 'scheduled__2025-12-08T00:00:00+00:00', '--job-id', '168', '--raw', '--subdir', 'DAGS_FOLDER/users_elt_daily.py', '--cfg-path', '/tmp/tmp__tbokr3']
[2025-12-16T17:31:42.711+0000] {logging_mixin.py:188} WARNING - /home/***/.local/lib/python3.12/site-packages/***/task/task_runner/standard_task_runner.py:62 DeprecationWarning: This process (pid=1286) is multi-threaded, use of fork() may lead to deadlocks in the child.
[2025-12-16T17:31:42.716+0000] {standard_task_runner.py:91} INFO - Job 168: Subtask load_users
[2025-12-16T17:31:42.720+0000] {standard_task_runner.py:64} INFO - Started process 1297 to run task
[2025-12-16T17:31:42.859+0000] {task_command.py:426} INFO - Running <TaskInstance: users_elt_daily.load_users scheduled__2025-12-08T00:00:00+00:00 [running]> on host be068e76f4a7
[2025-12-16T17:31:43.049+0000] {taskinstance.py:2648} INFO - Exporting env vars: AIRFLOW_CTX_DAG_OWNER='***' AIRFLOW_CTX_DAG_ID='users_elt_daily' AIRFLOW_CTX_TASK_ID='load_users' AIRFLOW_CTX_EXECUTION_DATE='2025-12-08T00:00:00+00:00' AIRFLOW_CTX_TRY_NUMBER='1' AIRFLOW_CTX_DAG_RUN_ID='scheduled__2025-12-08T00:00:00+00:00'
[2025-12-16T17:31:43.050+0000] {taskinstance.py:430} INFO - ::endgroup::
[2025-12-16T17:31:43.077+0000] {subprocess.py:63} INFO - Tmp dir root location: /tmp
[2025-12-16T17:31:43.079+0000] {subprocess.py:75} INFO - Running command: ['/usr/bin/bash', '-c', 'python /opt/***/scripts/load_users.py --ds 2025-12-08']
[2025-12-16T17:31:43.122+0000] {subprocess.py:86} INFO - Output:
[2025-12-16T17:31:43.889+0000] {subprocess.py:93} INFO - [load_users] ds=2025-12-08 inserted=14 rows
[2025-12-16T17:31:43.940+0000] {subprocess.py:97} INFO - Command exited with return code 0
[2025-12-16T17:31:43.943+0000] {taskinstance.py:441} INFO - ::group::Post task execution logs
[2025-12-16T17:31:44.016+0000] {taskinstance.py:1206} INFO - Marking task as SUCCESS. dag_id=users_elt_daily, task_id=load_users, run_id=scheduled__2025-12-08T00:00:00+00:00, execution_date=20251208T000000, start_date=20251216T173142, end_date=20251216T173144
[2025-12-16T17:31:44.105+0000] {local_task_job_runner.py:243} INFO - Task exited with return code 0
[2025-12-16T17:31:44.132+0000] {local_task_job_runner.py:222} INFO - ::endgroup::
[2025-12-16T17:41:18.179+0000] {local_task_job_runner.py:120} INFO - ::group::Pre task execution logs
[2025-12-16T17:41:18.297+0000] {taskinstance.py:2076} INFO - Dependencies all met for dep_context=non-requeueable deps ti=<TaskInstance: users_elt_daily.load_users scheduled__2025-12-08T00:00:00+00:00 [queued]>
[2025-12-16T17:41:18.330+0000] {taskinstance.py:2076} INFO - Dependencies all met for dep_context=requeueable deps ti=<TaskInstance: users_elt_daily.load_users scheduled__2025-12-08T00:00:00+00:00 [queued]>
[2025-12-16T17:41:18.332+0000] {taskinstance.py:2306} INFO - Starting attempt 1 of 1
[2025-12-16T17:41:18.915+0000] {taskinstance.py:2330} INFO - Executing <Task(BashOperator): load_users> on 2025-12-08 00:00:00+00:00
[2025-12-16T17:41:18.949+0000] {logging_mixin.py:188} WARNING - /home/***/.local/lib/python3.12/site-packages/***/task/task_runner/standard_task_runner.py:62 DeprecationWarning: This process (pid=829) is multi-threaded, use of fork() may lead to deadlocks in the child.
[2025-12-16T17:41:18.953+0000] {standard_task_runner.py:64} INFO - Started process 849 to run task
[2025-12-16T17:41:18.952+0000] {standard_task_runner.py:90} INFO - Running: ['***', 'tasks', 'run', 'users_elt_daily', 'load_users', 'scheduled__2025-12-08T00:00:00+00:00', '--job-id', '289', '--raw', '--subdir', 'DAGS_FOLDER/users_elt_daily.py', '--cfg-path', '/tmp/tmpw84j8zv_']
[2025-12-16T17:41:18.958+0000] {standard_task_runner.py:91} INFO - Job 289: Subtask load_users
[2025-12-16T17:41:19.105+0000] {task_command.py:426} INFO - Running <TaskInstance: users_elt_daily.load_users scheduled__2025-12-08T00:00:00+00:00 [running]> on host be068e76f4a7
[2025-12-16T17:41:19.319+0000] {taskinstance.py:2648} INFO - Exporting env vars: AIRFLOW_CTX_DAG_OWNER='***' AIRFLOW_CTX_DAG_ID='users_elt_daily' AIRFLOW_CTX_TASK_ID='load_users' AIRFLOW_CTX_EXECUTION_DATE='2025-12-08T00:00:00+00:00' AIRFLOW_CTX_TRY_NUMBER='1' AIRFLOW_CTX_DAG_RUN_ID='scheduled__2025-12-08T00:00:00+00:00'
[2025-12-16T17:41:19.321+0000] {taskinstance.py:430} INFO - ::endgroup::
[2025-12-16T17:41:19.351+0000] {subprocess.py:63} INFO - Tmp dir root location: /tmp
[2025-12-16T17:41:19.354+0000] {subprocess.py:75} INFO - Running command: ['/usr/bin/bash', '-c', 'python /opt/***/scripts/load_users.py --ds 2025-12-08']
[2025-12-16T17:41:19.388+0000] {subprocess.py:86} INFO - Output:
[2025-12-16T17:41:19.902+0000] {subprocess.py:93} INFO - [load_users] ds=2025-12-08 inserted=14 rows
[2025-12-16T17:41:19.938+0000] {subprocess.py:97} INFO - Command exited with return code 0
[2025-12-16T17:41:19.939+0000] {taskinstance.py:441} INFO - ::group::Post task execution logs
[2025-12-16T17:41:19.988+0000] {taskinstance.py:1206} INFO - Marking task as SUCCESS. dag_id=users_elt_daily, task_id=load_users, run_id=scheduled__2025-12-08T00:00:00+00:00, execution_date=20251208T000000, start_date=20251216T174118, end_date=20251216T174119
[2025-12-16T17:41:20.056+0000] {local_task_job_runner.py:243} INFO - Task exited with return code 0
[2025-12-16T17:41:20.087+0000] {taskinstance.py:3503} INFO - 0 downstream tasks scheduled from follow-on schedule check
[2025-12-16T17:41:20.090+0000] {local_task_job_runner.py:222} INFO - ::endgroup::
