[2025-12-16T17:13:13.444+0000] {local_task_job_runner.py:120} INFO - ::group::Pre task execution logs
[2025-12-16T17:13:13.558+0000] {taskinstance.py:2076} INFO - Dependencies all met for dep_context=non-requeueable deps ti=<TaskInstance: invoices_elt_daily.load_invoices scheduled__2025-12-09T00:00:00+00:00 [queued]>
[2025-12-16T17:13:13.584+0000] {taskinstance.py:2076} INFO - Dependencies all met for dep_context=requeueable deps ti=<TaskInstance: invoices_elt_daily.load_invoices scheduled__2025-12-09T00:00:00+00:00 [queued]>
[2025-12-16T17:13:13.585+0000] {taskinstance.py:2306} INFO - Starting attempt 1 of 1
[2025-12-16T17:13:13.739+0000] {taskinstance.py:2330} INFO - Executing <Task(BashOperator): load_invoices> on 2025-12-09 00:00:00+00:00
[2025-12-16T17:13:13.772+0000] {logging_mixin.py:188} WARNING - /home/***/.local/lib/python3.12/site-packages/***/task/task_runner/standard_task_runner.py:62 DeprecationWarning: This process (pid=317) is multi-threaded, use of fork() may lead to deadlocks in the child.
[2025-12-16T17:13:13.769+0000] {standard_task_runner.py:90} INFO - Running: ['***', 'tasks', 'run', 'invoices_elt_daily', 'load_invoices', 'scheduled__2025-12-09T00:00:00+00:00', '--job-id', '85', '--raw', '--subdir', 'DAGS_FOLDER/invoices_elt_daily.py', '--cfg-path', '/tmp/tmp76rn2b3d']
[2025-12-16T17:13:13.776+0000] {standard_task_runner.py:64} INFO - Started process 327 to run task
[2025-12-16T17:13:13.776+0000] {standard_task_runner.py:91} INFO - Job 85: Subtask load_invoices
[2025-12-16T17:13:13.967+0000] {task_command.py:426} INFO - Running <TaskInstance: invoices_elt_daily.load_invoices scheduled__2025-12-09T00:00:00+00:00 [running]> on host be068e76f4a7
[2025-12-16T17:13:14.185+0000] {taskinstance.py:2648} INFO - Exporting env vars: AIRFLOW_CTX_DAG_OWNER='***' AIRFLOW_CTX_DAG_ID='invoices_elt_daily' AIRFLOW_CTX_TASK_ID='load_invoices' AIRFLOW_CTX_EXECUTION_DATE='2025-12-09T00:00:00+00:00' AIRFLOW_CTX_TRY_NUMBER='1' AIRFLOW_CTX_DAG_RUN_ID='scheduled__2025-12-09T00:00:00+00:00'
[2025-12-16T17:13:14.187+0000] {taskinstance.py:430} INFO - ::endgroup::
[2025-12-16T17:13:14.226+0000] {subprocess.py:63} INFO - Tmp dir root location: /tmp
[2025-12-16T17:13:14.229+0000] {subprocess.py:75} INFO - Running command: ['/usr/bin/bash', '-c', 'python /opt/***/scripts/load_invoices.py --ds 2025-12-09']
[2025-12-16T17:13:14.259+0000] {subprocess.py:86} INFO - Output:
[2025-12-16T17:13:14.733+0000] {subprocess.py:93} INFO - [load_invoices] ds=2025-12-09 inserted=0
[2025-12-16T17:13:14.773+0000] {subprocess.py:97} INFO - Command exited with return code 0
[2025-12-16T17:13:14.776+0000] {taskinstance.py:441} INFO - ::group::Post task execution logs
[2025-12-16T17:13:14.831+0000] {taskinstance.py:1206} INFO - Marking task as SUCCESS. dag_id=invoices_elt_daily, task_id=load_invoices, run_id=scheduled__2025-12-09T00:00:00+00:00, execution_date=20251209T000000, start_date=20251216T171313, end_date=20251216T171314
[2025-12-16T17:13:14.887+0000] {local_task_job_runner.py:243} INFO - Task exited with return code 0
[2025-12-16T17:13:14.919+0000] {taskinstance.py:3503} INFO - 0 downstream tasks scheduled from follow-on schedule check
[2025-12-16T17:13:14.923+0000] {local_task_job_runner.py:222} INFO - ::endgroup::
[2025-12-16T17:41:37.214+0000] {local_task_job_runner.py:120} INFO - ::group::Pre task execution logs
[2025-12-16T17:41:37.285+0000] {taskinstance.py:2076} INFO - Dependencies all met for dep_context=non-requeueable deps ti=<TaskInstance: invoices_elt_daily.load_invoices scheduled__2025-12-09T00:00:00+00:00 [queued]>
[2025-12-16T17:41:37.303+0000] {taskinstance.py:2076} INFO - Dependencies all met for dep_context=requeueable deps ti=<TaskInstance: invoices_elt_daily.load_invoices scheduled__2025-12-09T00:00:00+00:00 [queued]>
[2025-12-16T17:41:37.305+0000] {taskinstance.py:2306} INFO - Starting attempt 1 of 1
[2025-12-16T17:41:37.332+0000] {taskinstance.py:2330} INFO - Executing <Task(BashOperator): load_invoices> on 2025-12-09 00:00:00+00:00
[2025-12-16T17:41:37.353+0000] {logging_mixin.py:188} WARNING - /home/***/.local/lib/python3.12/site-packages/***/task/task_runner/standard_task_runner.py:62 DeprecationWarning: This process (pid=1039) is multi-threaded, use of fork() may lead to deadlocks in the child.
[2025-12-16T17:41:37.352+0000] {standard_task_runner.py:90} INFO - Running: ['***', 'tasks', 'run', 'invoices_elt_daily', 'load_invoices', 'scheduled__2025-12-09T00:00:00+00:00', '--job-id', '359', '--raw', '--subdir', 'DAGS_FOLDER/invoices_elt_daily.py', '--cfg-path', '/tmp/tmpllqiugni']
[2025-12-16T17:41:37.356+0000] {standard_task_runner.py:64} INFO - Started process 1049 to run task
[2025-12-16T17:41:37.357+0000] {standard_task_runner.py:91} INFO - Job 359: Subtask load_invoices
[2025-12-16T17:41:37.486+0000] {task_command.py:426} INFO - Running <TaskInstance: invoices_elt_daily.load_invoices scheduled__2025-12-09T00:00:00+00:00 [running]> on host be068e76f4a7
[2025-12-16T17:41:37.680+0000] {taskinstance.py:2648} INFO - Exporting env vars: AIRFLOW_CTX_DAG_OWNER='***' AIRFLOW_CTX_DAG_ID='invoices_elt_daily' AIRFLOW_CTX_TASK_ID='load_invoices' AIRFLOW_CTX_EXECUTION_DATE='2025-12-09T00:00:00+00:00' AIRFLOW_CTX_TRY_NUMBER='1' AIRFLOW_CTX_DAG_RUN_ID='scheduled__2025-12-09T00:00:00+00:00'
[2025-12-16T17:41:37.685+0000] {taskinstance.py:430} INFO - ::endgroup::
[2025-12-16T17:41:37.724+0000] {subprocess.py:63} INFO - Tmp dir root location: /tmp
[2025-12-16T17:41:37.727+0000] {subprocess.py:75} INFO - Running command: ['/usr/bin/bash', '-c', 'python /opt/***/scripts/load_invoices.py --ds 2025-12-09']
[2025-12-16T17:41:37.750+0000] {subprocess.py:86} INFO - Output:
[2025-12-16T17:41:38.151+0000] {subprocess.py:93} INFO - [load_invoices] ds=2025-12-09 inserted=0
[2025-12-16T17:41:38.175+0000] {subprocess.py:97} INFO - Command exited with return code 0
[2025-12-16T17:41:38.176+0000] {taskinstance.py:441} INFO - ::group::Post task execution logs
[2025-12-16T17:41:38.211+0000] {taskinstance.py:1206} INFO - Marking task as SUCCESS. dag_id=invoices_elt_daily, task_id=load_invoices, run_id=scheduled__2025-12-09T00:00:00+00:00, execution_date=20251209T000000, start_date=20251216T174137, end_date=20251216T174138
[2025-12-16T17:41:38.256+0000] {local_task_job_runner.py:243} INFO - Task exited with return code 0
[2025-12-16T17:41:38.278+0000] {taskinstance.py:3503} INFO - 0 downstream tasks scheduled from follow-on schedule check
[2025-12-16T17:41:38.281+0000] {local_task_job_runner.py:222} INFO - ::endgroup::
