[2025-12-16T17:41:29.557+0000] {local_task_job_runner.py:120} INFO - ::group::Pre task execution logs
[2025-12-16T17:41:29.620+0000] {taskinstance.py:2076} INFO - Dependencies all met for dep_context=non-requeueable deps ti=<TaskInstance: invoices_elt_daily.load_invoices scheduled__2025-11-28T00:00:00+00:00 [queued]>
[2025-12-16T17:41:29.638+0000] {taskinstance.py:2076} INFO - Dependencies all met for dep_context=requeueable deps ti=<TaskInstance: invoices_elt_daily.load_invoices scheduled__2025-11-28T00:00:00+00:00 [queued]>
[2025-12-16T17:41:29.640+0000] {taskinstance.py:2306} INFO - Starting attempt 1 of 1
[2025-12-16T17:41:29.666+0000] {taskinstance.py:2330} INFO - Executing <Task(BashOperator): load_invoices> on 2025-11-28 00:00:00+00:00
[2025-12-16T17:41:29.683+0000] {logging_mixin.py:188} WARNING - /home/***/.local/lib/python3.12/site-packages/***/task/task_runner/standard_task_runner.py:62 DeprecationWarning: This process (pid=965) is multi-threaded, use of fork() may lead to deadlocks in the child.
[2025-12-16T17:41:29.686+0000] {standard_task_runner.py:64} INFO - Started process 970 to run task
[2025-12-16T17:41:29.683+0000] {standard_task_runner.py:90} INFO - Running: ['***', 'tasks', 'run', 'invoices_elt_daily', 'load_invoices', 'scheduled__2025-11-28T00:00:00+00:00', '--job-id', '332', '--raw', '--subdir', 'DAGS_FOLDER/invoices_elt_daily.py', '--cfg-path', '/tmp/tmp12ayvwdr']
[2025-12-16T17:41:29.688+0000] {standard_task_runner.py:91} INFO - Job 332: Subtask load_invoices
[2025-12-16T17:41:29.811+0000] {task_command.py:426} INFO - Running <TaskInstance: invoices_elt_daily.load_invoices scheduled__2025-11-28T00:00:00+00:00 [running]> on host be068e76f4a7
[2025-12-16T17:41:29.987+0000] {taskinstance.py:2648} INFO - Exporting env vars: AIRFLOW_CTX_DAG_OWNER='***' AIRFLOW_CTX_DAG_ID='invoices_elt_daily' AIRFLOW_CTX_TASK_ID='load_invoices' AIRFLOW_CTX_EXECUTION_DATE='2025-11-28T00:00:00+00:00' AIRFLOW_CTX_TRY_NUMBER='1' AIRFLOW_CTX_DAG_RUN_ID='scheduled__2025-11-28T00:00:00+00:00'
[2025-12-16T17:41:29.989+0000] {taskinstance.py:430} INFO - ::endgroup::
[2025-12-16T17:41:30.009+0000] {subprocess.py:63} INFO - Tmp dir root location: /tmp
[2025-12-16T17:41:30.012+0000] {subprocess.py:75} INFO - Running command: ['/usr/bin/bash', '-c', 'python /opt/***/scripts/load_invoices.py --ds 2025-11-28']
[2025-12-16T17:41:30.031+0000] {subprocess.py:86} INFO - Output:
[2025-12-16T17:41:30.338+0000] {subprocess.py:93} INFO - [load_invoices] ds=2025-11-28 inserted=0
[2025-12-16T17:41:30.359+0000] {subprocess.py:97} INFO - Command exited with return code 0
[2025-12-16T17:41:30.361+0000] {taskinstance.py:441} INFO - ::group::Post task execution logs
[2025-12-16T17:41:30.398+0000] {taskinstance.py:1206} INFO - Marking task as SUCCESS. dag_id=invoices_elt_daily, task_id=load_invoices, run_id=scheduled__2025-11-28T00:00:00+00:00, execution_date=20251128T000000, start_date=20251216T174129, end_date=20251216T174130
[2025-12-16T17:41:30.465+0000] {local_task_job_runner.py:243} INFO - Task exited with return code 0
[2025-12-16T17:41:30.486+0000] {taskinstance.py:3503} INFO - 0 downstream tasks scheduled from follow-on schedule check
[2025-12-16T17:41:30.489+0000] {local_task_job_runner.py:222} INFO - ::endgroup::
