[2025-12-16T17:31:32.166+0000] {local_task_job_runner.py:120} INFO - ::group::Pre task execution logs
[2025-12-16T17:31:32.234+0000] {taskinstance.py:2076} INFO - Dependencies all met for dep_context=non-requeueable deps ti=<TaskInstance: users_elt_daily.extract_users scheduled__2025-11-22T00:00:00+00:00 [queued]>
[2025-12-16T17:31:32.248+0000] {taskinstance.py:2076} INFO - Dependencies all met for dep_context=requeueable deps ti=<TaskInstance: users_elt_daily.extract_users scheduled__2025-11-22T00:00:00+00:00 [queued]>
[2025-12-16T17:31:32.249+0000] {taskinstance.py:2306} INFO - Starting attempt 1 of 1
[2025-12-16T17:31:32.305+0000] {taskinstance.py:2330} INFO - Executing <Task(BashOperator): extract_users> on 2025-11-22 00:00:00+00:00
[2025-12-16T17:31:32.321+0000] {logging_mixin.py:188} WARNING - /home/***/.local/lib/python3.12/site-packages/***/task/task_runner/standard_task_runner.py:62 DeprecationWarning: This process (pid=1161) is multi-threaded, use of fork() may lead to deadlocks in the child.
[2025-12-16T17:31:32.323+0000] {standard_task_runner.py:64} INFO - Started process 1170 to run task
[2025-12-16T17:31:32.320+0000] {standard_task_runner.py:90} INFO - Running: ['***', 'tasks', 'run', 'users_elt_daily', 'extract_users', 'scheduled__2025-11-22T00:00:00+00:00', '--job-id', '130', '--raw', '--subdir', 'DAGS_FOLDER/users_elt_daily.py', '--cfg-path', '/tmp/tmp2hftvr9a']
[2025-12-16T17:31:32.324+0000] {standard_task_runner.py:91} INFO - Job 130: Subtask extract_users
[2025-12-16T17:31:32.430+0000] {task_command.py:426} INFO - Running <TaskInstance: users_elt_daily.extract_users scheduled__2025-11-22T00:00:00+00:00 [running]> on host be068e76f4a7
[2025-12-16T17:31:32.681+0000] {taskinstance.py:2648} INFO - Exporting env vars: AIRFLOW_CTX_DAG_OWNER='***' AIRFLOW_CTX_DAG_ID='users_elt_daily' AIRFLOW_CTX_TASK_ID='extract_users' AIRFLOW_CTX_EXECUTION_DATE='2025-11-22T00:00:00+00:00' AIRFLOW_CTX_TRY_NUMBER='1' AIRFLOW_CTX_DAG_RUN_ID='scheduled__2025-11-22T00:00:00+00:00'
[2025-12-16T17:31:32.682+0000] {taskinstance.py:430} INFO - ::endgroup::
[2025-12-16T17:31:32.729+0000] {subprocess.py:63} INFO - Tmp dir root location: /tmp
[2025-12-16T17:31:32.736+0000] {subprocess.py:75} INFO - Running command: ['/usr/bin/bash', '-c', 'python /opt/***/scripts/extract_users.py --ds 2025-11-22']
[2025-12-16T17:31:32.769+0000] {subprocess.py:86} INFO - Output:
[2025-12-16T17:31:33.564+0000] {subprocess.py:93} INFO - [extract_users] ds=2025-11-22 wrote=/opt/***/data/source/users/users_2025-11-22.json new_users=11 last_user_id=285
[2025-12-16T17:31:33.606+0000] {subprocess.py:97} INFO - Command exited with return code 0
[2025-12-16T17:31:33.608+0000] {taskinstance.py:441} INFO - ::group::Post task execution logs
[2025-12-16T17:31:33.682+0000] {taskinstance.py:1206} INFO - Marking task as SUCCESS. dag_id=users_elt_daily, task_id=extract_users, run_id=scheduled__2025-11-22T00:00:00+00:00, execution_date=20251122T000000, start_date=20251216T173132, end_date=20251216T173133
[2025-12-16T17:31:33.910+0000] {local_task_job_runner.py:243} INFO - Task exited with return code 0
[2025-12-16T17:31:33.994+0000] {taskinstance.py:3503} INFO - 1 downstream tasks scheduled from follow-on schedule check
[2025-12-16T17:31:34.007+0000] {local_task_job_runner.py:222} INFO - ::endgroup::
[2025-12-16T17:41:03.251+0000] {local_task_job_runner.py:120} INFO - ::group::Pre task execution logs
[2025-12-16T17:41:03.326+0000] {taskinstance.py:2076} INFO - Dependencies all met for dep_context=non-requeueable deps ti=<TaskInstance: users_elt_daily.extract_users scheduled__2025-11-22T00:00:00+00:00 [queued]>
[2025-12-16T17:41:03.364+0000] {taskinstance.py:2076} INFO - Dependencies all met for dep_context=requeueable deps ti=<TaskInstance: users_elt_daily.extract_users scheduled__2025-11-22T00:00:00+00:00 [queued]>
[2025-12-16T17:41:03.365+0000] {taskinstance.py:2306} INFO - Starting attempt 1 of 1
[2025-12-16T17:41:03.413+0000] {taskinstance.py:2330} INFO - Executing <Task(BashOperator): extract_users> on 2025-11-22 00:00:00+00:00
[2025-12-16T17:41:03.448+0000] {standard_task_runner.py:90} INFO - Running: ['***', 'tasks', 'run', 'users_elt_daily', 'extract_users', 'scheduled__2025-11-22T00:00:00+00:00', '--job-id', '222', '--raw', '--subdir', 'DAGS_FOLDER/users_elt_daily.py', '--cfg-path', '/tmp/tmppjk_w8c5']
[2025-12-16T17:41:03.470+0000] {standard_task_runner.py:91} INFO - Job 222: Subtask extract_users
[2025-12-16T17:41:03.453+0000] {logging_mixin.py:188} WARNING - /home/***/.local/lib/python3.12/site-packages/***/task/task_runner/standard_task_runner.py:62 DeprecationWarning: This process (pid=613) is multi-threaded, use of fork() may lead to deadlocks in the child.
[2025-12-16T17:41:03.488+0000] {standard_task_runner.py:64} INFO - Started process 624 to run task
[2025-12-16T17:41:03.783+0000] {task_command.py:426} INFO - Running <TaskInstance: users_elt_daily.extract_users scheduled__2025-11-22T00:00:00+00:00 [running]> on host be068e76f4a7
[2025-12-16T17:41:04.162+0000] {taskinstance.py:2648} INFO - Exporting env vars: AIRFLOW_CTX_DAG_OWNER='***' AIRFLOW_CTX_DAG_ID='users_elt_daily' AIRFLOW_CTX_TASK_ID='extract_users' AIRFLOW_CTX_EXECUTION_DATE='2025-11-22T00:00:00+00:00' AIRFLOW_CTX_TRY_NUMBER='1' AIRFLOW_CTX_DAG_RUN_ID='scheduled__2025-11-22T00:00:00+00:00'
[2025-12-16T17:41:04.168+0000] {taskinstance.py:430} INFO - ::endgroup::
[2025-12-16T17:41:04.222+0000] {subprocess.py:63} INFO - Tmp dir root location: /tmp
[2025-12-16T17:41:04.226+0000] {subprocess.py:75} INFO - Running command: ['/usr/bin/bash', '-c', 'python /opt/***/scripts/extract_users.py --ds 2025-11-22']
[2025-12-16T17:41:04.264+0000] {subprocess.py:86} INFO - Output:
[2025-12-16T17:41:04.859+0000] {subprocess.py:93} INFO - [extract_users] ds=2025-11-22 already exists -> skip (/opt/***/data/source/users/users_2025-11-22.json)
[2025-12-16T17:41:04.881+0000] {subprocess.py:97} INFO - Command exited with return code 0
[2025-12-16T17:41:04.882+0000] {taskinstance.py:441} INFO - ::group::Post task execution logs
[2025-12-16T17:41:04.970+0000] {taskinstance.py:1206} INFO - Marking task as SUCCESS. dag_id=users_elt_daily, task_id=extract_users, run_id=scheduled__2025-11-22T00:00:00+00:00, execution_date=20251122T000000, start_date=20251216T174103, end_date=20251216T174104
[2025-12-16T17:41:05.235+0000] {local_task_job_runner.py:243} INFO - Task exited with return code 0
[2025-12-16T17:41:05.290+0000] {taskinstance.py:3503} INFO - 1 downstream tasks scheduled from follow-on schedule check
[2025-12-16T17:41:05.310+0000] {local_task_job_runner.py:222} INFO - ::endgroup::
