[2025-12-16T17:31:28.224+0000] {local_task_job_runner.py:120} INFO - ::group::Pre task execution logs
[2025-12-16T17:31:28.296+0000] {taskinstance.py:2076} INFO - Dependencies all met for dep_context=non-requeueable deps ti=<TaskInstance: users_elt_daily.load_users scheduled__2025-11-12T00:00:00+00:00 [queued]>
[2025-12-16T17:31:28.315+0000] {taskinstance.py:2076} INFO - Dependencies all met for dep_context=requeueable deps ti=<TaskInstance: users_elt_daily.load_users scheduled__2025-11-12T00:00:00+00:00 [queued]>
[2025-12-16T17:31:28.316+0000] {taskinstance.py:2306} INFO - Starting attempt 1 of 1
[2025-12-16T17:31:28.339+0000] {taskinstance.py:2330} INFO - Executing <Task(BashOperator): load_users> on 2025-11-12 00:00:00+00:00
[2025-12-16T17:31:28.359+0000] {logging_mixin.py:188} WARNING - /home/***/.local/lib/python3.12/site-packages/***/task/task_runner/standard_task_runner.py:62 DeprecationWarning: This process (pid=1130) is multi-threaded, use of fork() may lead to deadlocks in the child.
[2025-12-16T17:31:28.358+0000] {standard_task_runner.py:90} INFO - Running: ['***', 'tasks', 'run', 'users_elt_daily', 'load_users', 'scheduled__2025-11-12T00:00:00+00:00', '--job-id', '121', '--raw', '--subdir', 'DAGS_FOLDER/users_elt_daily.py', '--cfg-path', '/tmp/tmpj35mws82']
[2025-12-16T17:31:28.362+0000] {standard_task_runner.py:64} INFO - Started process 1139 to run task
[2025-12-16T17:31:28.362+0000] {standard_task_runner.py:91} INFO - Job 121: Subtask load_users
[2025-12-16T17:31:28.487+0000] {task_command.py:426} INFO - Running <TaskInstance: users_elt_daily.load_users scheduled__2025-11-12T00:00:00+00:00 [running]> on host be068e76f4a7
[2025-12-16T17:31:28.652+0000] {taskinstance.py:2648} INFO - Exporting env vars: AIRFLOW_CTX_DAG_OWNER='***' AIRFLOW_CTX_DAG_ID='users_elt_daily' AIRFLOW_CTX_TASK_ID='load_users' AIRFLOW_CTX_EXECUTION_DATE='2025-11-12T00:00:00+00:00' AIRFLOW_CTX_TRY_NUMBER='1' AIRFLOW_CTX_DAG_RUN_ID='scheduled__2025-11-12T00:00:00+00:00'
[2025-12-16T17:31:28.654+0000] {taskinstance.py:430} INFO - ::endgroup::
[2025-12-16T17:31:28.680+0000] {subprocess.py:63} INFO - Tmp dir root location: /tmp
[2025-12-16T17:31:28.683+0000] {subprocess.py:75} INFO - Running command: ['/usr/bin/bash', '-c', 'python /opt/***/scripts/load_users.py --ds 2025-11-12']
[2025-12-16T17:31:28.705+0000] {subprocess.py:86} INFO - Output:
[2025-12-16T17:31:29.020+0000] {subprocess.py:93} INFO - [load_users] ds=2025-11-12 inserted=10 rows
[2025-12-16T17:31:29.037+0000] {subprocess.py:97} INFO - Command exited with return code 0
[2025-12-16T17:31:29.039+0000] {taskinstance.py:441} INFO - ::group::Post task execution logs
[2025-12-16T17:31:29.074+0000] {taskinstance.py:1206} INFO - Marking task as SUCCESS. dag_id=users_elt_daily, task_id=load_users, run_id=scheduled__2025-11-12T00:00:00+00:00, execution_date=20251112T000000, start_date=20251216T173128, end_date=20251216T173129
[2025-12-16T17:31:29.101+0000] {local_task_job_runner.py:243} INFO - Task exited with return code 0
[2025-12-16T17:31:29.115+0000] {local_task_job_runner.py:222} INFO - ::endgroup::
[2025-12-16T17:40:59.239+0000] {local_task_job_runner.py:120} INFO - ::group::Pre task execution logs
[2025-12-16T17:40:59.298+0000] {taskinstance.py:2076} INFO - Dependencies all met for dep_context=non-requeueable deps ti=<TaskInstance: users_elt_daily.load_users scheduled__2025-11-12T00:00:00+00:00 [queued]>
[2025-12-16T17:40:59.315+0000] {taskinstance.py:2076} INFO - Dependencies all met for dep_context=requeueable deps ti=<TaskInstance: users_elt_daily.load_users scheduled__2025-11-12T00:00:00+00:00 [queued]>
[2025-12-16T17:40:59.316+0000] {taskinstance.py:2306} INFO - Starting attempt 1 of 1
[2025-12-16T17:40:59.345+0000] {taskinstance.py:2330} INFO - Executing <Task(BashOperator): load_users> on 2025-11-12 00:00:00+00:00
[2025-12-16T17:40:59.364+0000] {logging_mixin.py:188} WARNING - /home/***/.local/lib/python3.12/site-packages/***/task/task_runner/standard_task_runner.py:62 DeprecationWarning: This process (pid=576) is multi-threaded, use of fork() may lead to deadlocks in the child.
[2025-12-16T17:40:59.364+0000] {standard_task_runner.py:90} INFO - Running: ['***', 'tasks', 'run', 'users_elt_daily', 'load_users', 'scheduled__2025-11-12T00:00:00+00:00', '--job-id', '211', '--raw', '--subdir', 'DAGS_FOLDER/users_elt_daily.py', '--cfg-path', '/tmp/tmpo8z0ho1a']
[2025-12-16T17:40:59.367+0000] {standard_task_runner.py:64} INFO - Started process 586 to run task
[2025-12-16T17:40:59.368+0000] {standard_task_runner.py:91} INFO - Job 211: Subtask load_users
[2025-12-16T17:40:59.476+0000] {task_command.py:426} INFO - Running <TaskInstance: users_elt_daily.load_users scheduled__2025-11-12T00:00:00+00:00 [running]> on host be068e76f4a7
[2025-12-16T17:40:59.627+0000] {taskinstance.py:2648} INFO - Exporting env vars: AIRFLOW_CTX_DAG_OWNER='***' AIRFLOW_CTX_DAG_ID='users_elt_daily' AIRFLOW_CTX_TASK_ID='load_users' AIRFLOW_CTX_EXECUTION_DATE='2025-11-12T00:00:00+00:00' AIRFLOW_CTX_TRY_NUMBER='1' AIRFLOW_CTX_DAG_RUN_ID='scheduled__2025-11-12T00:00:00+00:00'
[2025-12-16T17:40:59.628+0000] {taskinstance.py:430} INFO - ::endgroup::
[2025-12-16T17:40:59.653+0000] {subprocess.py:63} INFO - Tmp dir root location: /tmp
[2025-12-16T17:40:59.656+0000] {subprocess.py:75} INFO - Running command: ['/usr/bin/bash', '-c', 'python /opt/***/scripts/load_users.py --ds 2025-11-12']
[2025-12-16T17:40:59.674+0000] {subprocess.py:86} INFO - Output:
[2025-12-16T17:41:00.004+0000] {subprocess.py:93} INFO - [load_users] ds=2025-11-12 inserted=10 rows
[2025-12-16T17:41:00.035+0000] {subprocess.py:97} INFO - Command exited with return code 0
[2025-12-16T17:41:00.036+0000] {taskinstance.py:441} INFO - ::group::Post task execution logs
[2025-12-16T17:41:00.077+0000] {taskinstance.py:1206} INFO - Marking task as SUCCESS. dag_id=users_elt_daily, task_id=load_users, run_id=scheduled__2025-11-12T00:00:00+00:00, execution_date=20251112T000000, start_date=20251216T174059, end_date=20251216T174100
[2025-12-16T17:41:00.147+0000] {local_task_job_runner.py:243} INFO - Task exited with return code 0
[2025-12-16T17:41:00.174+0000] {taskinstance.py:3503} INFO - 0 downstream tasks scheduled from follow-on schedule check
[2025-12-16T17:41:00.180+0000] {local_task_job_runner.py:222} INFO - ::endgroup::
