[2025-12-16T17:31:25.804+0000] {local_task_job_runner.py:120} INFO - ::group::Pre task execution logs
[2025-12-16T17:31:25.882+0000] {taskinstance.py:2076} INFO - Dependencies all met for dep_context=non-requeueable deps ti=<TaskInstance: users_elt_daily.extract_users scheduled__2025-11-11T00:00:00+00:00 [queued]>
[2025-12-16T17:31:25.905+0000] {taskinstance.py:2076} INFO - Dependencies all met for dep_context=requeueable deps ti=<TaskInstance: users_elt_daily.extract_users scheduled__2025-11-11T00:00:00+00:00 [queued]>
[2025-12-16T17:31:25.907+0000] {taskinstance.py:2306} INFO - Starting attempt 1 of 1
[2025-12-16T17:31:25.968+0000] {taskinstance.py:2330} INFO - Executing <Task(BashOperator): extract_users> on 2025-11-11 00:00:00+00:00
[2025-12-16T17:31:25.999+0000] {logging_mixin.py:188} WARNING - /home/***/.local/lib/python3.12/site-packages/***/task/task_runner/standard_task_runner.py:62 DeprecationWarning: This process (pid=1084) is multi-threaded, use of fork() may lead to deadlocks in the child.
[2025-12-16T17:31:25.994+0000] {standard_task_runner.py:90} INFO - Running: ['***', 'tasks', 'run', 'users_elt_daily', 'extract_users', 'scheduled__2025-11-11T00:00:00+00:00', '--job-id', '106', '--raw', '--subdir', 'DAGS_FOLDER/users_elt_daily.py', '--cfg-path', '/tmp/tmpi_zgbc0r']
[2025-12-16T17:31:26.002+0000] {standard_task_runner.py:64} INFO - Started process 1095 to run task
[2025-12-16T17:31:26.003+0000] {standard_task_runner.py:91} INFO - Job 106: Subtask extract_users
[2025-12-16T17:31:26.224+0000] {task_command.py:426} INFO - Running <TaskInstance: users_elt_daily.extract_users scheduled__2025-11-11T00:00:00+00:00 [running]> on host be068e76f4a7
[2025-12-16T17:31:26.459+0000] {taskinstance.py:2648} INFO - Exporting env vars: AIRFLOW_CTX_DAG_OWNER='***' AIRFLOW_CTX_DAG_ID='users_elt_daily' AIRFLOW_CTX_TASK_ID='extract_users' AIRFLOW_CTX_EXECUTION_DATE='2025-11-11T00:00:00+00:00' AIRFLOW_CTX_TRY_NUMBER='1' AIRFLOW_CTX_DAG_RUN_ID='scheduled__2025-11-11T00:00:00+00:00'
[2025-12-16T17:31:26.462+0000] {taskinstance.py:430} INFO - ::endgroup::
[2025-12-16T17:31:26.533+0000] {subprocess.py:63} INFO - Tmp dir root location: /tmp
[2025-12-16T17:31:26.551+0000] {subprocess.py:75} INFO - Running command: ['/usr/bin/bash', '-c', 'python /opt/***/scripts/extract_users.py --ds 2025-11-11']
[2025-12-16T17:31:26.601+0000] {subprocess.py:86} INFO - Output:
[2025-12-16T17:31:27.158+0000] {subprocess.py:93} INFO - [extract_users] ds=2025-11-11 wrote=/opt/***/data/source/users/users_2025-11-11.json new_users=6 last_user_id=164
[2025-12-16T17:31:27.185+0000] {subprocess.py:97} INFO - Command exited with return code 0
[2025-12-16T17:31:27.186+0000] {taskinstance.py:441} INFO - ::group::Post task execution logs
[2025-12-16T17:31:27.259+0000] {taskinstance.py:1206} INFO - Marking task as SUCCESS. dag_id=users_elt_daily, task_id=extract_users, run_id=scheduled__2025-11-11T00:00:00+00:00, execution_date=20251111T000000, start_date=20251216T173125, end_date=20251216T173127
[2025-12-16T17:31:27.522+0000] {local_task_job_runner.py:243} INFO - Task exited with return code 0
[2025-12-16T17:31:27.558+0000] {local_task_job_runner.py:222} INFO - ::endgroup::
[2025-12-16T17:40:57.009+0000] {local_task_job_runner.py:120} INFO - ::group::Pre task execution logs
[2025-12-16T17:40:57.125+0000] {taskinstance.py:2076} INFO - Dependencies all met for dep_context=non-requeueable deps ti=<TaskInstance: users_elt_daily.extract_users scheduled__2025-11-11T00:00:00+00:00 [queued]>
[2025-12-16T17:40:57.146+0000] {taskinstance.py:2076} INFO - Dependencies all met for dep_context=requeueable deps ti=<TaskInstance: users_elt_daily.extract_users scheduled__2025-11-11T00:00:00+00:00 [queued]>
[2025-12-16T17:40:57.148+0000] {taskinstance.py:2306} INFO - Starting attempt 1 of 1
[2025-12-16T17:40:57.215+0000] {taskinstance.py:2330} INFO - Executing <Task(BashOperator): extract_users> on 2025-11-11 00:00:00+00:00
[2025-12-16T17:40:57.241+0000] {standard_task_runner.py:90} INFO - Running: ['***', 'tasks', 'run', 'users_elt_daily', 'extract_users', 'scheduled__2025-11-11T00:00:00+00:00', '--job-id', '199', '--raw', '--subdir', 'DAGS_FOLDER/users_elt_daily.py', '--cfg-path', '/tmp/tmp3lilqpqf']
[2025-12-16T17:40:57.252+0000] {standard_task_runner.py:91} INFO - Job 199: Subtask extract_users
[2025-12-16T17:40:57.255+0000] {logging_mixin.py:188} WARNING - /home/***/.local/lib/python3.12/site-packages/***/task/task_runner/standard_task_runner.py:62 DeprecationWarning: This process (pid=542) is multi-threaded, use of fork() may lead to deadlocks in the child.
[2025-12-16T17:40:57.257+0000] {standard_task_runner.py:64} INFO - Started process 556 to run task
[2025-12-16T17:40:57.467+0000] {task_command.py:426} INFO - Running <TaskInstance: users_elt_daily.extract_users scheduled__2025-11-11T00:00:00+00:00 [running]> on host be068e76f4a7
[2025-12-16T17:40:57.719+0000] {taskinstance.py:2648} INFO - Exporting env vars: AIRFLOW_CTX_DAG_OWNER='***' AIRFLOW_CTX_DAG_ID='users_elt_daily' AIRFLOW_CTX_TASK_ID='extract_users' AIRFLOW_CTX_EXECUTION_DATE='2025-11-11T00:00:00+00:00' AIRFLOW_CTX_TRY_NUMBER='1' AIRFLOW_CTX_DAG_RUN_ID='scheduled__2025-11-11T00:00:00+00:00'
[2025-12-16T17:40:57.723+0000] {taskinstance.py:430} INFO - ::endgroup::
[2025-12-16T17:40:57.774+0000] {subprocess.py:63} INFO - Tmp dir root location: /tmp
[2025-12-16T17:40:57.783+0000] {subprocess.py:75} INFO - Running command: ['/usr/bin/bash', '-c', 'python /opt/***/scripts/extract_users.py --ds 2025-11-11']
[2025-12-16T17:40:57.839+0000] {subprocess.py:86} INFO - Output:
[2025-12-16T17:40:58.316+0000] {subprocess.py:93} INFO - [extract_users] ds=2025-11-11 already exists -> skip (/opt/***/data/source/users/users_2025-11-11.json)
[2025-12-16T17:40:58.332+0000] {subprocess.py:97} INFO - Command exited with return code 0
[2025-12-16T17:40:58.335+0000] {taskinstance.py:441} INFO - ::group::Post task execution logs
[2025-12-16T17:40:58.384+0000] {taskinstance.py:1206} INFO - Marking task as SUCCESS. dag_id=users_elt_daily, task_id=extract_users, run_id=scheduled__2025-11-11T00:00:00+00:00, execution_date=20251111T000000, start_date=20251216T174057, end_date=20251216T174058
[2025-12-16T17:40:58.429+0000] {local_task_job_runner.py:243} INFO - Task exited with return code 0
[2025-12-16T17:40:58.463+0000] {taskinstance.py:3503} INFO - 1 downstream tasks scheduled from follow-on schedule check
[2025-12-16T17:40:58.467+0000] {local_task_job_runner.py:222} INFO - ::endgroup::
