[2025-12-16T17:41:11.130+0000] {local_task_job_runner.py:120} INFO - ::group::Pre task execution logs
[2025-12-16T17:41:11.249+0000] {taskinstance.py:2076} INFO - Dependencies all met for dep_context=non-requeueable deps ti=<TaskInstance: invoices_elt_daily.extract_invoices scheduled__2025-11-06T00:00:00+00:00 [queued]>
[2025-12-16T17:41:11.282+0000] {taskinstance.py:2076} INFO - Dependencies all met for dep_context=requeueable deps ti=<TaskInstance: invoices_elt_daily.extract_invoices scheduled__2025-11-06T00:00:00+00:00 [queued]>
[2025-12-16T17:41:11.285+0000] {taskinstance.py:2306} INFO - Starting attempt 1 of 1
[2025-12-16T17:41:11.492+0000] {taskinstance.py:2330} INFO - Executing <Task(BashOperator): extract_invoices> on 2025-11-06 00:00:00+00:00
[2025-12-16T17:41:11.527+0000] {logging_mixin.py:188} WARNING - /home/***/.local/lib/python3.12/site-packages/***/task/task_runner/standard_task_runner.py:62 DeprecationWarning: This process (pid=700) is multi-threaded, use of fork() may lead to deadlocks in the child.
[2025-12-16T17:41:11.526+0000] {standard_task_runner.py:90} INFO - Running: ['***', 'tasks', 'run', 'invoices_elt_daily', 'extract_invoices', 'scheduled__2025-11-06T00:00:00+00:00', '--job-id', '251', '--raw', '--subdir', 'DAGS_FOLDER/invoices_elt_daily.py', '--cfg-path', '/tmp/tmphewj9_77']
[2025-12-16T17:41:11.531+0000] {standard_task_runner.py:64} INFO - Started process 711 to run task
[2025-12-16T17:41:11.532+0000] {standard_task_runner.py:91} INFO - Job 251: Subtask extract_invoices
[2025-12-16T17:41:11.807+0000] {task_command.py:426} INFO - Running <TaskInstance: invoices_elt_daily.extract_invoices scheduled__2025-11-06T00:00:00+00:00 [running]> on host be068e76f4a7
[2025-12-16T17:41:12.019+0000] {taskinstance.py:2648} INFO - Exporting env vars: AIRFLOW_CTX_DAG_OWNER='***' AIRFLOW_CTX_DAG_ID='invoices_elt_daily' AIRFLOW_CTX_TASK_ID='extract_invoices' AIRFLOW_CTX_EXECUTION_DATE='2025-11-06T00:00:00+00:00' AIRFLOW_CTX_TRY_NUMBER='1' AIRFLOW_CTX_DAG_RUN_ID='scheduled__2025-11-06T00:00:00+00:00'
[2025-12-16T17:41:12.021+0000] {taskinstance.py:430} INFO - ::endgroup::
[2025-12-16T17:41:12.068+0000] {subprocess.py:63} INFO - Tmp dir root location: /tmp
[2025-12-16T17:41:12.073+0000] {subprocess.py:75} INFO - Running command: ['/usr/bin/bash', '-c', 'python /opt/***/scripts/extract_invoices.py --ds 2025-11-06']
[2025-12-16T17:41:12.117+0000] {subprocess.py:86} INFO - Output:
[2025-12-16T17:41:12.954+0000] {subprocess.py:93} INFO - [extract_invoices] ds=2025-11-06 not billing day -> wrote empty file
[2025-12-16T17:41:12.999+0000] {subprocess.py:97} INFO - Command exited with return code 0
[2025-12-16T17:41:13.001+0000] {taskinstance.py:441} INFO - ::group::Post task execution logs
[2025-12-16T17:41:13.072+0000] {taskinstance.py:1206} INFO - Marking task as SUCCESS. dag_id=invoices_elt_daily, task_id=extract_invoices, run_id=scheduled__2025-11-06T00:00:00+00:00, execution_date=20251106T000000, start_date=20251216T174111, end_date=20251216T174113
[2025-12-16T17:41:13.208+0000] {local_task_job_runner.py:243} INFO - Task exited with return code 0
[2025-12-16T17:41:13.301+0000] {taskinstance.py:3503} INFO - 1 downstream tasks scheduled from follow-on schedule check
[2025-12-16T17:41:13.305+0000] {local_task_job_runner.py:222} INFO - ::endgroup::
