[2025-12-16T17:31:42.856+0000] {local_task_job_runner.py:120} INFO - ::group::Pre task execution logs
[2025-12-16T17:31:42.923+0000] {taskinstance.py:2076} INFO - Dependencies all met for dep_context=non-requeueable deps ti=<TaskInstance: users_elt_daily.load_users scheduled__2025-12-09T00:00:00+00:00 [queued]>
[2025-12-16T17:31:42.940+0000] {taskinstance.py:2076} INFO - Dependencies all met for dep_context=requeueable deps ti=<TaskInstance: users_elt_daily.load_users scheduled__2025-12-09T00:00:00+00:00 [queued]>
[2025-12-16T17:31:42.941+0000] {taskinstance.py:2306} INFO - Starting attempt 1 of 1
[2025-12-16T17:31:42.968+0000] {taskinstance.py:2330} INFO - Executing <Task(BashOperator): load_users> on 2025-12-09 00:00:00+00:00
[2025-12-16T17:31:42.986+0000] {logging_mixin.py:188} WARNING - /home/***/.local/lib/python3.12/site-packages/***/task/task_runner/standard_task_runner.py:62 DeprecationWarning: This process (pid=1292) is multi-threaded, use of fork() may lead to deadlocks in the child.
[2025-12-16T17:31:42.986+0000] {standard_task_runner.py:90} INFO - Running: ['***', 'tasks', 'run', 'users_elt_daily', 'load_users', 'scheduled__2025-12-09T00:00:00+00:00', '--job-id', '169', '--raw', '--subdir', 'DAGS_FOLDER/users_elt_daily.py', '--cfg-path', '/tmp/tmpg38nmjgq']
[2025-12-16T17:31:42.989+0000] {standard_task_runner.py:64} INFO - Started process 1300 to run task
[2025-12-16T17:31:42.989+0000] {standard_task_runner.py:91} INFO - Job 169: Subtask load_users
[2025-12-16T17:31:43.122+0000] {task_command.py:426} INFO - Running <TaskInstance: users_elt_daily.load_users scheduled__2025-12-09T00:00:00+00:00 [running]> on host be068e76f4a7
[2025-12-16T17:31:43.495+0000] {taskinstance.py:2648} INFO - Exporting env vars: AIRFLOW_CTX_DAG_OWNER='***' AIRFLOW_CTX_DAG_ID='users_elt_daily' AIRFLOW_CTX_TASK_ID='load_users' AIRFLOW_CTX_EXECUTION_DATE='2025-12-09T00:00:00+00:00' AIRFLOW_CTX_TRY_NUMBER='1' AIRFLOW_CTX_DAG_RUN_ID='scheduled__2025-12-09T00:00:00+00:00'
[2025-12-16T17:31:43.498+0000] {taskinstance.py:430} INFO - ::endgroup::
[2025-12-16T17:31:43.542+0000] {subprocess.py:63} INFO - Tmp dir root location: /tmp
[2025-12-16T17:31:43.545+0000] {subprocess.py:75} INFO - Running command: ['/usr/bin/bash', '-c', 'python /opt/***/scripts/load_users.py --ds 2025-12-09']
[2025-12-16T17:31:43.577+0000] {subprocess.py:86} INFO - Output:
[2025-12-16T17:31:44.238+0000] {subprocess.py:93} INFO - [load_users] ds=2025-12-09 inserted=17 rows
[2025-12-16T17:31:44.266+0000] {subprocess.py:97} INFO - Command exited with return code 0
[2025-12-16T17:31:44.268+0000] {taskinstance.py:441} INFO - ::group::Post task execution logs
[2025-12-16T17:31:44.322+0000] {taskinstance.py:1206} INFO - Marking task as SUCCESS. dag_id=users_elt_daily, task_id=load_users, run_id=scheduled__2025-12-09T00:00:00+00:00, execution_date=20251209T000000, start_date=20251216T173142, end_date=20251216T173144
[2025-12-16T17:31:44.374+0000] {local_task_job_runner.py:243} INFO - Task exited with return code 0
[2025-12-16T17:31:44.408+0000] {taskinstance.py:3503} INFO - 0 downstream tasks scheduled from follow-on schedule check
[2025-12-16T17:31:44.412+0000] {local_task_job_runner.py:222} INFO - ::endgroup::
[2025-12-16T17:41:18.691+0000] {local_task_job_runner.py:120} INFO - ::group::Pre task execution logs
[2025-12-16T17:41:18.772+0000] {taskinstance.py:2076} INFO - Dependencies all met for dep_context=non-requeueable deps ti=<TaskInstance: users_elt_daily.load_users scheduled__2025-12-09T00:00:00+00:00 [queued]>
[2025-12-16T17:41:18.791+0000] {taskinstance.py:2076} INFO - Dependencies all met for dep_context=requeueable deps ti=<TaskInstance: users_elt_daily.load_users scheduled__2025-12-09T00:00:00+00:00 [queued]>
[2025-12-16T17:41:18.799+0000] {taskinstance.py:2306} INFO - Starting attempt 1 of 1
[2025-12-16T17:41:18.824+0000] {taskinstance.py:2330} INFO - Executing <Task(BashOperator): load_users> on 2025-12-09 00:00:00+00:00
[2025-12-16T17:41:18.842+0000] {logging_mixin.py:188} WARNING - /home/***/.local/lib/python3.12/site-packages/***/task/task_runner/standard_task_runner.py:62 DeprecationWarning: This process (pid=840) is multi-threaded, use of fork() may lead to deadlocks in the child.
[2025-12-16T17:41:18.841+0000] {standard_task_runner.py:90} INFO - Running: ['***', 'tasks', 'run', 'users_elt_daily', 'load_users', 'scheduled__2025-12-09T00:00:00+00:00', '--job-id', '291', '--raw', '--subdir', 'DAGS_FOLDER/users_elt_daily.py', '--cfg-path', '/tmp/tmpgq5cd3os']
[2025-12-16T17:41:18.844+0000] {standard_task_runner.py:64} INFO - Started process 847 to run task
[2025-12-16T17:41:18.845+0000] {standard_task_runner.py:91} INFO - Job 291: Subtask load_users
[2025-12-16T17:41:18.975+0000] {task_command.py:426} INFO - Running <TaskInstance: users_elt_daily.load_users scheduled__2025-12-09T00:00:00+00:00 [running]> on host be068e76f4a7
[2025-12-16T17:41:19.181+0000] {taskinstance.py:2648} INFO - Exporting env vars: AIRFLOW_CTX_DAG_OWNER='***' AIRFLOW_CTX_DAG_ID='users_elt_daily' AIRFLOW_CTX_TASK_ID='load_users' AIRFLOW_CTX_EXECUTION_DATE='2025-12-09T00:00:00+00:00' AIRFLOW_CTX_TRY_NUMBER='1' AIRFLOW_CTX_DAG_RUN_ID='scheduled__2025-12-09T00:00:00+00:00'
[2025-12-16T17:41:19.183+0000] {taskinstance.py:430} INFO - ::endgroup::
[2025-12-16T17:41:19.212+0000] {subprocess.py:63} INFO - Tmp dir root location: /tmp
[2025-12-16T17:41:19.216+0000] {subprocess.py:75} INFO - Running command: ['/usr/bin/bash', '-c', 'python /opt/***/scripts/load_users.py --ds 2025-12-09']
[2025-12-16T17:41:19.247+0000] {subprocess.py:86} INFO - Output:
[2025-12-16T17:41:19.759+0000] {subprocess.py:93} INFO - [load_users] ds=2025-12-09 inserted=17 rows
[2025-12-16T17:41:19.798+0000] {subprocess.py:97} INFO - Command exited with return code 0
[2025-12-16T17:41:19.801+0000] {taskinstance.py:441} INFO - ::group::Post task execution logs
[2025-12-16T17:41:19.853+0000] {taskinstance.py:1206} INFO - Marking task as SUCCESS. dag_id=users_elt_daily, task_id=load_users, run_id=scheduled__2025-12-09T00:00:00+00:00, execution_date=20251209T000000, start_date=20251216T174118, end_date=20251216T174119
[2025-12-16T17:41:19.953+0000] {local_task_job_runner.py:243} INFO - Task exited with return code 0
[2025-12-16T17:41:19.984+0000] {taskinstance.py:3503} INFO - 0 downstream tasks scheduled from follow-on schedule check
[2025-12-16T17:41:19.988+0000] {local_task_job_runner.py:222} INFO - ::endgroup::
