[2025-12-16T17:31:40.198+0000] {local_task_job_runner.py:120} INFO - ::group::Pre task execution logs
[2025-12-16T17:31:40.260+0000] {taskinstance.py:2076} INFO - Dependencies all met for dep_context=non-requeueable deps ti=<TaskInstance: users_elt_daily.extract_users scheduled__2025-12-06T00:00:00+00:00 [queued]>
[2025-12-16T17:31:40.280+0000] {taskinstance.py:2076} INFO - Dependencies all met for dep_context=requeueable deps ti=<TaskInstance: users_elt_daily.extract_users scheduled__2025-12-06T00:00:00+00:00 [queued]>
[2025-12-16T17:31:40.281+0000] {taskinstance.py:2306} INFO - Starting attempt 1 of 1
[2025-12-16T17:31:40.305+0000] {taskinstance.py:2330} INFO - Executing <Task(BashOperator): extract_users> on 2025-12-06 00:00:00+00:00
[2025-12-16T17:31:40.321+0000] {logging_mixin.py:188} WARNING - /home/***/.local/lib/python3.12/site-packages/***/task/task_runner/standard_task_runner.py:62 DeprecationWarning: This process (pid=1249) is multi-threaded, use of fork() may lead to deadlocks in the child.
[2025-12-16T17:31:40.323+0000] {standard_task_runner.py:64} INFO - Started process 1257 to run task
[2025-12-16T17:31:40.322+0000] {standard_task_runner.py:90} INFO - Running: ['***', 'tasks', 'run', 'users_elt_daily', 'extract_users', 'scheduled__2025-12-06T00:00:00+00:00', '--job-id', '154', '--raw', '--subdir', 'DAGS_FOLDER/users_elt_daily.py', '--cfg-path', '/tmp/tmp4az64kzp']
[2025-12-16T17:31:40.327+0000] {standard_task_runner.py:91} INFO - Job 154: Subtask extract_users
[2025-12-16T17:31:40.445+0000] {task_command.py:426} INFO - Running <TaskInstance: users_elt_daily.extract_users scheduled__2025-12-06T00:00:00+00:00 [running]> on host be068e76f4a7
[2025-12-16T17:31:40.629+0000] {taskinstance.py:2648} INFO - Exporting env vars: AIRFLOW_CTX_DAG_OWNER='***' AIRFLOW_CTX_DAG_ID='users_elt_daily' AIRFLOW_CTX_TASK_ID='extract_users' AIRFLOW_CTX_EXECUTION_DATE='2025-12-06T00:00:00+00:00' AIRFLOW_CTX_TRY_NUMBER='1' AIRFLOW_CTX_DAG_RUN_ID='scheduled__2025-12-06T00:00:00+00:00'
[2025-12-16T17:31:40.631+0000] {taskinstance.py:430} INFO - ::endgroup::
[2025-12-16T17:31:40.660+0000] {subprocess.py:63} INFO - Tmp dir root location: /tmp
[2025-12-16T17:31:40.664+0000] {subprocess.py:75} INFO - Running command: ['/usr/bin/bash', '-c', 'python /opt/***/scripts/extract_users.py --ds 2025-12-06']
[2025-12-16T17:31:40.693+0000] {subprocess.py:86} INFO - Output:
[2025-12-16T17:31:41.164+0000] {subprocess.py:93} INFO - Traceback (most recent call last):
[2025-12-16T17:31:41.167+0000] {subprocess.py:93} INFO -   File "/opt/***/scripts/extract_users.py", line 68, in <module>
[2025-12-16T17:31:41.172+0000] {subprocess.py:93} INFO -     main(
[2025-12-16T17:31:41.173+0000] {subprocess.py:93} INFO -   File "/opt/***/scripts/extract_users.py", line 23, in main
[2025-12-16T17:31:41.179+0000] {subprocess.py:93} INFO -     state = load_state(state_path)
[2025-12-16T17:31:41.180+0000] {subprocess.py:93} INFO -             ^^^^^^^^^^^^^^^^^^^^^^
[2025-12-16T17:31:41.181+0000] {subprocess.py:93} INFO -   File "/opt/***/scripts/extract_users.py", line 12, in load_state
[2025-12-16T17:31:41.185+0000] {subprocess.py:93} INFO -     return json.loads(state_path.read_text(encoding="utf-8"))
[2025-12-16T17:31:41.186+0000] {subprocess.py:93} INFO -            ^^^^^^^^^^^^^^^^^^^^^^^^^^^^^^^^^^^^^^^^^^^^^^^^^^
[2025-12-16T17:31:41.187+0000] {subprocess.py:93} INFO -   File "/usr/local/lib/python3.12/json/__init__.py", line 346, in loads
[2025-12-16T17:31:41.189+0000] {subprocess.py:93} INFO -     return _default_decoder.decode(s)
[2025-12-16T17:31:41.190+0000] {subprocess.py:93} INFO -            ^^^^^^^^^^^^^^^^^^^^^^^^^^
[2025-12-16T17:31:41.191+0000] {subprocess.py:93} INFO -   File "/usr/local/lib/python3.12/json/decoder.py", line 337, in decode
[2025-12-16T17:31:41.192+0000] {subprocess.py:93} INFO -     obj, end = self.raw_decode(s, idx=_w(s, 0).end())
[2025-12-16T17:31:41.193+0000] {subprocess.py:93} INFO -                ^^^^^^^^^^^^^^^^^^^^^^^^^^^^^^^^^^^^^^
[2025-12-16T17:31:41.194+0000] {subprocess.py:93} INFO -   File "/usr/local/lib/python3.12/json/decoder.py", line 355, in raw_decode
[2025-12-16T17:31:41.195+0000] {subprocess.py:93} INFO -     raise JSONDecodeError("Expecting value", s, err.value) from None
[2025-12-16T17:31:41.196+0000] {subprocess.py:93} INFO - json.decoder.JSONDecodeError: Expecting value: line 1 column 1 (char 0)
[2025-12-16T17:31:41.214+0000] {subprocess.py:97} INFO - Command exited with return code 1
[2025-12-16T17:31:41.216+0000] {taskinstance.py:441} INFO - ::group::Post task execution logs
[2025-12-16T17:31:41.243+0000] {taskinstance.py:2905} ERROR - Task failed with exception
Traceback (most recent call last):
  File "/home/airflow/.local/lib/python3.12/site-packages/airflow/models/taskinstance.py", line 465, in _execute_task
    result = _execute_callable(context=context, **execute_callable_kwargs)
             ^^^^^^^^^^^^^^^^^^^^^^^^^^^^^^^^^^^^^^^^^^^^^^^^^^^^^^^^^^^^^
  File "/home/airflow/.local/lib/python3.12/site-packages/airflow/models/taskinstance.py", line 432, in _execute_callable
    return execute_callable(context=context, **execute_callable_kwargs)
           ^^^^^^^^^^^^^^^^^^^^^^^^^^^^^^^^^^^^^^^^^^^^^^^^^^^^^^^^^^^^
  File "/home/airflow/.local/lib/python3.12/site-packages/airflow/models/baseoperator.py", line 401, in wrapper
    return func(self, *args, **kwargs)
           ^^^^^^^^^^^^^^^^^^^^^^^^^^^
  File "/home/airflow/.local/lib/python3.12/site-packages/airflow/operators/bash.py", line 243, in execute
    raise AirflowException(
airflow.exceptions.AirflowException: Bash command failed. The command returned a non-zero exit code 1.
[2025-12-16T17:31:41.251+0000] {taskinstance.py:1206} INFO - Marking task as FAILED. dag_id=users_elt_daily, task_id=extract_users, run_id=scheduled__2025-12-06T00:00:00+00:00, execution_date=20251206T000000, start_date=20251216T173140, end_date=20251216T173141
[2025-12-16T17:31:41.391+0000] {standard_task_runner.py:110} ERROR - Failed to execute job 154 for task extract_users (Bash command failed. The command returned a non-zero exit code 1.; 1257)
[2025-12-16T17:31:41.425+0000] {local_task_job_runner.py:243} INFO - Task exited with return code 1
[2025-12-16T17:31:41.482+0000] {taskinstance.py:3503} INFO - 0 downstream tasks scheduled from follow-on schedule check
[2025-12-16T17:31:41.496+0000] {local_task_job_runner.py:222} INFO - ::endgroup::
[2025-12-16T17:41:12.563+0000] {local_task_job_runner.py:120} INFO - ::group::Pre task execution logs
[2025-12-16T17:41:12.773+0000] {taskinstance.py:2076} INFO - Dependencies all met for dep_context=non-requeueable deps ti=<TaskInstance: users_elt_daily.extract_users scheduled__2025-12-06T00:00:00+00:00 [queued]>
[2025-12-16T17:41:12.813+0000] {taskinstance.py:2076} INFO - Dependencies all met for dep_context=requeueable deps ti=<TaskInstance: users_elt_daily.extract_users scheduled__2025-12-06T00:00:00+00:00 [queued]>
[2025-12-16T17:41:12.821+0000] {taskinstance.py:2306} INFO - Starting attempt 1 of 1
[2025-12-16T17:41:13.174+0000] {taskinstance.py:2330} INFO - Executing <Task(BashOperator): extract_users> on 2025-12-06 00:00:00+00:00
[2025-12-16T17:41:13.212+0000] {logging_mixin.py:188} WARNING - /home/***/.local/lib/python3.12/site-packages/***/task/task_runner/standard_task_runner.py:62 DeprecationWarning: This process (pid=722) is multi-threaded, use of fork() may lead to deadlocks in the child.
[2025-12-16T17:41:13.219+0000] {standard_task_runner.py:64} INFO - Started process 739 to run task
[2025-12-16T17:41:13.208+0000] {standard_task_runner.py:90} INFO - Running: ['***', 'tasks', 'run', 'users_elt_daily', 'extract_users', 'scheduled__2025-12-06T00:00:00+00:00', '--job-id', '260', '--raw', '--subdir', 'DAGS_FOLDER/users_elt_daily.py', '--cfg-path', '/tmp/tmpdmm5pdvy']
[2025-12-16T17:41:13.223+0000] {standard_task_runner.py:91} INFO - Job 260: Subtask extract_users
[2025-12-16T17:41:13.465+0000] {task_command.py:426} INFO - Running <TaskInstance: users_elt_daily.extract_users scheduled__2025-12-06T00:00:00+00:00 [running]> on host be068e76f4a7
[2025-12-16T17:41:13.959+0000] {taskinstance.py:2648} INFO - Exporting env vars: AIRFLOW_CTX_DAG_OWNER='***' AIRFLOW_CTX_DAG_ID='users_elt_daily' AIRFLOW_CTX_TASK_ID='extract_users' AIRFLOW_CTX_EXECUTION_DATE='2025-12-06T00:00:00+00:00' AIRFLOW_CTX_TRY_NUMBER='1' AIRFLOW_CTX_DAG_RUN_ID='scheduled__2025-12-06T00:00:00+00:00'
[2025-12-16T17:41:13.968+0000] {taskinstance.py:430} INFO - ::endgroup::
[2025-12-16T17:41:14.064+0000] {subprocess.py:63} INFO - Tmp dir root location: /tmp
[2025-12-16T17:41:14.077+0000] {subprocess.py:75} INFO - Running command: ['/usr/bin/bash', '-c', 'python /opt/***/scripts/extract_users.py --ds 2025-12-06']
[2025-12-16T17:41:14.190+0000] {subprocess.py:86} INFO - Output:
[2025-12-16T17:41:15.619+0000] {subprocess.py:93} INFO - [extract_users] ds=2025-12-06 wrote=/opt/***/data/source/users/users_2025-12-06.json new_users=13 last_user_id=560
[2025-12-16T17:41:15.677+0000] {subprocess.py:97} INFO - Command exited with return code 0
[2025-12-16T17:41:15.680+0000] {taskinstance.py:441} INFO - ::group::Post task execution logs
[2025-12-16T17:41:15.831+0000] {taskinstance.py:1206} INFO - Marking task as SUCCESS. dag_id=users_elt_daily, task_id=extract_users, run_id=scheduled__2025-12-06T00:00:00+00:00, execution_date=20251206T000000, start_date=20251216T174112, end_date=20251216T174115
[2025-12-16T17:41:15.948+0000] {local_task_job_runner.py:243} INFO - Task exited with return code 0
[2025-12-16T17:41:16.045+0000] {taskinstance.py:3503} INFO - 1 downstream tasks scheduled from follow-on schedule check
[2025-12-16T17:41:16.072+0000] {local_task_job_runner.py:222} INFO - ::endgroup::
