[2025-12-16T17:31:27.317+0000] {local_task_job_runner.py:120} INFO - ::group::Pre task execution logs
[2025-12-16T17:31:27.391+0000] {taskinstance.py:2076} INFO - Dependencies all met for dep_context=non-requeueable deps ti=<TaskInstance: users_elt_daily.load_users scheduled__2025-11-08T00:00:00+00:00 [queued]>
[2025-12-16T17:31:27.413+0000] {taskinstance.py:2076} INFO - Dependencies all met for dep_context=requeueable deps ti=<TaskInstance: users_elt_daily.load_users scheduled__2025-11-08T00:00:00+00:00 [queued]>
[2025-12-16T17:31:27.414+0000] {taskinstance.py:2306} INFO - Starting attempt 1 of 1
[2025-12-16T17:31:27.454+0000] {taskinstance.py:2330} INFO - Executing <Task(BashOperator): load_users> on 2025-11-08 00:00:00+00:00
[2025-12-16T17:31:27.481+0000] {standard_task_runner.py:90} INFO - Running: ['***', 'tasks', 'run', 'users_elt_daily', 'load_users', 'scheduled__2025-11-08T00:00:00+00:00', '--job-id', '115', '--raw', '--subdir', 'DAGS_FOLDER/users_elt_daily.py', '--cfg-path', '/tmp/tmp_piskxt1']
[2025-12-16T17:31:27.483+0000] {logging_mixin.py:188} WARNING - /home/***/.local/lib/python3.12/site-packages/***/task/task_runner/standard_task_runner.py:62 DeprecationWarning: This process (pid=1110) is multi-threaded, use of fork() may lead to deadlocks in the child.
[2025-12-16T17:31:27.486+0000] {standard_task_runner.py:91} INFO - Job 115: Subtask load_users
[2025-12-16T17:31:27.486+0000] {standard_task_runner.py:64} INFO - Started process 1122 to run task
[2025-12-16T17:31:27.633+0000] {task_command.py:426} INFO - Running <TaskInstance: users_elt_daily.load_users scheduled__2025-11-08T00:00:00+00:00 [running]> on host be068e76f4a7
[2025-12-16T17:31:27.868+0000] {taskinstance.py:2648} INFO - Exporting env vars: AIRFLOW_CTX_DAG_OWNER='***' AIRFLOW_CTX_DAG_ID='users_elt_daily' AIRFLOW_CTX_TASK_ID='load_users' AIRFLOW_CTX_EXECUTION_DATE='2025-11-08T00:00:00+00:00' AIRFLOW_CTX_TRY_NUMBER='1' AIRFLOW_CTX_DAG_RUN_ID='scheduled__2025-11-08T00:00:00+00:00'
[2025-12-16T17:31:27.870+0000] {taskinstance.py:430} INFO - ::endgroup::
[2025-12-16T17:31:27.906+0000] {subprocess.py:63} INFO - Tmp dir root location: /tmp
[2025-12-16T17:31:27.910+0000] {subprocess.py:75} INFO - Running command: ['/usr/bin/bash', '-c', 'python /opt/***/scripts/load_users.py --ds 2025-11-08']
[2025-12-16T17:31:27.942+0000] {subprocess.py:86} INFO - Output:
[2025-12-16T17:31:28.473+0000] {subprocess.py:93} INFO - [load_users] ds=2025-11-08 inserted=18 rows
[2025-12-16T17:31:28.502+0000] {subprocess.py:97} INFO - Command exited with return code 0
[2025-12-16T17:31:28.503+0000] {taskinstance.py:441} INFO - ::group::Post task execution logs
[2025-12-16T17:31:28.548+0000] {taskinstance.py:1206} INFO - Marking task as SUCCESS. dag_id=users_elt_daily, task_id=load_users, run_id=scheduled__2025-11-08T00:00:00+00:00, execution_date=20251108T000000, start_date=20251216T173127, end_date=20251216T173128
[2025-12-16T17:31:28.605+0000] {local_task_job_runner.py:243} INFO - Task exited with return code 0
[2025-12-16T17:31:28.633+0000] {taskinstance.py:3503} INFO - 0 downstream tasks scheduled from follow-on schedule check
[2025-12-16T17:31:28.636+0000] {local_task_job_runner.py:222} INFO - ::endgroup::
[2025-12-16T17:40:59.230+0000] {local_task_job_runner.py:120} INFO - ::group::Pre task execution logs
[2025-12-16T17:40:59.293+0000] {taskinstance.py:2076} INFO - Dependencies all met for dep_context=non-requeueable deps ti=<TaskInstance: users_elt_daily.load_users scheduled__2025-11-08T00:00:00+00:00 [queued]>
[2025-12-16T17:40:59.310+0000] {taskinstance.py:2076} INFO - Dependencies all met for dep_context=requeueable deps ti=<TaskInstance: users_elt_daily.load_users scheduled__2025-11-08T00:00:00+00:00 [queued]>
[2025-12-16T17:40:59.311+0000] {taskinstance.py:2306} INFO - Starting attempt 1 of 1
[2025-12-16T17:40:59.338+0000] {taskinstance.py:2330} INFO - Executing <Task(BashOperator): load_users> on 2025-11-08 00:00:00+00:00
[2025-12-16T17:40:59.356+0000] {standard_task_runner.py:90} INFO - Running: ['***', 'tasks', 'run', 'users_elt_daily', 'load_users', 'scheduled__2025-11-08T00:00:00+00:00', '--job-id', '209', '--raw', '--subdir', 'DAGS_FOLDER/users_elt_daily.py', '--cfg-path', '/tmp/tmp3s946n6_']
[2025-12-16T17:40:59.361+0000] {logging_mixin.py:188} WARNING - /home/***/.local/lib/python3.12/site-packages/***/task/task_runner/standard_task_runner.py:62 DeprecationWarning: This process (pid=578) is multi-threaded, use of fork() may lead to deadlocks in the child.
[2025-12-16T17:40:59.361+0000] {standard_task_runner.py:91} INFO - Job 209: Subtask load_users
[2025-12-16T17:40:59.362+0000] {standard_task_runner.py:64} INFO - Started process 583 to run task
[2025-12-16T17:40:59.468+0000] {task_command.py:426} INFO - Running <TaskInstance: users_elt_daily.load_users scheduled__2025-11-08T00:00:00+00:00 [running]> on host be068e76f4a7
[2025-12-16T17:40:59.619+0000] {taskinstance.py:2648} INFO - Exporting env vars: AIRFLOW_CTX_DAG_OWNER='***' AIRFLOW_CTX_DAG_ID='users_elt_daily' AIRFLOW_CTX_TASK_ID='load_users' AIRFLOW_CTX_EXECUTION_DATE='2025-11-08T00:00:00+00:00' AIRFLOW_CTX_TRY_NUMBER='1' AIRFLOW_CTX_DAG_RUN_ID='scheduled__2025-11-08T00:00:00+00:00'
[2025-12-16T17:40:59.623+0000] {taskinstance.py:430} INFO - ::endgroup::
[2025-12-16T17:40:59.650+0000] {subprocess.py:63} INFO - Tmp dir root location: /tmp
[2025-12-16T17:40:59.653+0000] {subprocess.py:75} INFO - Running command: ['/usr/bin/bash', '-c', 'python /opt/***/scripts/load_users.py --ds 2025-11-08']
[2025-12-16T17:40:59.672+0000] {subprocess.py:86} INFO - Output:
[2025-12-16T17:40:59.991+0000] {subprocess.py:93} INFO - [load_users] ds=2025-11-08 inserted=18 rows
[2025-12-16T17:41:00.021+0000] {subprocess.py:97} INFO - Command exited with return code 0
[2025-12-16T17:41:00.023+0000] {taskinstance.py:441} INFO - ::group::Post task execution logs
[2025-12-16T17:41:00.064+0000] {taskinstance.py:1206} INFO - Marking task as SUCCESS. dag_id=users_elt_daily, task_id=load_users, run_id=scheduled__2025-11-08T00:00:00+00:00, execution_date=20251108T000000, start_date=20251216T174059, end_date=20251216T174100
[2025-12-16T17:41:00.141+0000] {local_task_job_runner.py:243} INFO - Task exited with return code 0
[2025-12-16T17:41:00.165+0000] {taskinstance.py:3503} INFO - 0 downstream tasks scheduled from follow-on schedule check
[2025-12-16T17:41:00.168+0000] {local_task_job_runner.py:222} INFO - ::endgroup::
