[2025-12-16T17:31:39.656+0000] {local_task_job_runner.py:120} INFO - ::group::Pre task execution logs
[2025-12-16T17:31:39.711+0000] {taskinstance.py:2076} INFO - Dependencies all met for dep_context=non-requeueable deps ti=<TaskInstance: users_elt_daily.extract_users scheduled__2025-12-02T00:00:00+00:00 [queued]>
[2025-12-16T17:31:39.726+0000] {taskinstance.py:2076} INFO - Dependencies all met for dep_context=requeueable deps ti=<TaskInstance: users_elt_daily.extract_users scheduled__2025-12-02T00:00:00+00:00 [queued]>
[2025-12-16T17:31:39.727+0000] {taskinstance.py:2306} INFO - Starting attempt 1 of 1
[2025-12-16T17:31:39.746+0000] {taskinstance.py:2330} INFO - Executing <Task(BashOperator): extract_users> on 2025-12-02 00:00:00+00:00
[2025-12-16T17:31:39.759+0000] {logging_mixin.py:188} WARNING - /home/***/.local/lib/python3.12/site-packages/***/task/task_runner/standard_task_runner.py:62 DeprecationWarning: This process (pid=1242) is multi-threaded, use of fork() may lead to deadlocks in the child.
[2025-12-16T17:31:39.761+0000] {standard_task_runner.py:64} INFO - Started process 1246 to run task
[2025-12-16T17:31:39.759+0000] {standard_task_runner.py:90} INFO - Running: ['***', 'tasks', 'run', 'users_elt_daily', 'extract_users', 'scheduled__2025-12-02T00:00:00+00:00', '--job-id', '150', '--raw', '--subdir', 'DAGS_FOLDER/users_elt_daily.py', '--cfg-path', '/tmp/tmpvat3iwgn']
[2025-12-16T17:31:39.762+0000] {standard_task_runner.py:91} INFO - Job 150: Subtask extract_users
[2025-12-16T17:31:39.857+0000] {task_command.py:426} INFO - Running <TaskInstance: users_elt_daily.extract_users scheduled__2025-12-02T00:00:00+00:00 [running]> on host be068e76f4a7
[2025-12-16T17:31:40.003+0000] {taskinstance.py:2648} INFO - Exporting env vars: AIRFLOW_CTX_DAG_OWNER='***' AIRFLOW_CTX_DAG_ID='users_elt_daily' AIRFLOW_CTX_TASK_ID='extract_users' AIRFLOW_CTX_EXECUTION_DATE='2025-12-02T00:00:00+00:00' AIRFLOW_CTX_TRY_NUMBER='1' AIRFLOW_CTX_DAG_RUN_ID='scheduled__2025-12-02T00:00:00+00:00'
[2025-12-16T17:31:40.005+0000] {taskinstance.py:430} INFO - ::endgroup::
[2025-12-16T17:31:40.024+0000] {subprocess.py:63} INFO - Tmp dir root location: /tmp
[2025-12-16T17:31:40.026+0000] {subprocess.py:75} INFO - Running command: ['/usr/bin/bash', '-c', 'python /opt/***/scripts/extract_users.py --ds 2025-12-02']
[2025-12-16T17:31:40.046+0000] {subprocess.py:86} INFO - Output:
[2025-12-16T17:31:40.405+0000] {subprocess.py:93} INFO - [extract_users] ds=2025-12-02 wrote=/opt/***/data/source/users/users_2025-12-02.json new_users=13 last_user_id=380
[2025-12-16T17:31:40.429+0000] {subprocess.py:97} INFO - Command exited with return code 0
[2025-12-16T17:31:40.431+0000] {taskinstance.py:441} INFO - ::group::Post task execution logs
[2025-12-16T17:31:40.479+0000] {taskinstance.py:1206} INFO - Marking task as SUCCESS. dag_id=users_elt_daily, task_id=extract_users, run_id=scheduled__2025-12-02T00:00:00+00:00, execution_date=20251202T000000, start_date=20251216T173139, end_date=20251216T173140
[2025-12-16T17:31:40.539+0000] {local_task_job_runner.py:243} INFO - Task exited with return code 0
[2025-12-16T17:31:40.574+0000] {taskinstance.py:3503} INFO - 1 downstream tasks scheduled from follow-on schedule check
[2025-12-16T17:31:40.577+0000] {local_task_job_runner.py:222} INFO - ::endgroup::
[2025-12-16T17:41:10.823+0000] {local_task_job_runner.py:120} INFO - ::group::Pre task execution logs
[2025-12-16T17:41:10.907+0000] {taskinstance.py:2076} INFO - Dependencies all met for dep_context=non-requeueable deps ti=<TaskInstance: users_elt_daily.extract_users scheduled__2025-12-02T00:00:00+00:00 [queued]>
[2025-12-16T17:41:10.927+0000] {taskinstance.py:2076} INFO - Dependencies all met for dep_context=requeueable deps ti=<TaskInstance: users_elt_daily.extract_users scheduled__2025-12-02T00:00:00+00:00 [queued]>
[2025-12-16T17:41:10.931+0000] {taskinstance.py:2306} INFO - Starting attempt 1 of 1
[2025-12-16T17:41:11.023+0000] {taskinstance.py:2330} INFO - Executing <Task(BashOperator): extract_users> on 2025-12-02 00:00:00+00:00
[2025-12-16T17:41:11.057+0000] {standard_task_runner.py:90} INFO - Running: ['***', 'tasks', 'run', 'users_elt_daily', 'extract_users', 'scheduled__2025-12-02T00:00:00+00:00', '--job-id', '250', '--raw', '--subdir', 'DAGS_FOLDER/users_elt_daily.py', '--cfg-path', '/tmp/tmp3rvn6skb']
[2025-12-16T17:41:11.061+0000] {logging_mixin.py:188} WARNING - /home/***/.local/lib/python3.12/site-packages/***/task/task_runner/standard_task_runner.py:62 DeprecationWarning: This process (pid=693) is multi-threaded, use of fork() may lead to deadlocks in the child.
[2025-12-16T17:41:11.063+0000] {standard_task_runner.py:91} INFO - Job 250: Subtask extract_users
[2025-12-16T17:41:11.064+0000] {standard_task_runner.py:64} INFO - Started process 706 to run task
[2025-12-16T17:41:11.244+0000] {task_command.py:426} INFO - Running <TaskInstance: users_elt_daily.extract_users scheduled__2025-12-02T00:00:00+00:00 [running]> on host be068e76f4a7
[2025-12-16T17:41:11.505+0000] {taskinstance.py:2648} INFO - Exporting env vars: AIRFLOW_CTX_DAG_OWNER='***' AIRFLOW_CTX_DAG_ID='users_elt_daily' AIRFLOW_CTX_TASK_ID='extract_users' AIRFLOW_CTX_EXECUTION_DATE='2025-12-02T00:00:00+00:00' AIRFLOW_CTX_TRY_NUMBER='1' AIRFLOW_CTX_DAG_RUN_ID='scheduled__2025-12-02T00:00:00+00:00'
[2025-12-16T17:41:11.511+0000] {taskinstance.py:430} INFO - ::endgroup::
[2025-12-16T17:41:11.550+0000] {subprocess.py:63} INFO - Tmp dir root location: /tmp
[2025-12-16T17:41:11.557+0000] {subprocess.py:75} INFO - Running command: ['/usr/bin/bash', '-c', 'python /opt/***/scripts/extract_users.py --ds 2025-12-02']
[2025-12-16T17:41:11.603+0000] {subprocess.py:86} INFO - Output:
[2025-12-16T17:41:12.192+0000] {subprocess.py:93} INFO - [extract_users] ds=2025-12-02 already exists -> skip (/opt/***/data/source/users/users_2025-12-02.json)
[2025-12-16T17:41:12.226+0000] {subprocess.py:97} INFO - Command exited with return code 0
[2025-12-16T17:41:12.230+0000] {taskinstance.py:441} INFO - ::group::Post task execution logs
[2025-12-16T17:41:12.310+0000] {taskinstance.py:1206} INFO - Marking task as SUCCESS. dag_id=users_elt_daily, task_id=extract_users, run_id=scheduled__2025-12-02T00:00:00+00:00, execution_date=20251202T000000, start_date=20251216T174110, end_date=20251216T174112
[2025-12-16T17:41:12.547+0000] {local_task_job_runner.py:243} INFO - Task exited with return code 0
[2025-12-16T17:41:12.646+0000] {taskinstance.py:3503} INFO - 1 downstream tasks scheduled from follow-on schedule check
[2025-12-16T17:41:12.659+0000] {local_task_job_runner.py:222} INFO - ::endgroup::
