[2025-12-16T17:31:42.538+0000] {local_task_job_runner.py:120} INFO - ::group::Pre task execution logs
[2025-12-16T17:31:42.607+0000] {taskinstance.py:2076} INFO - Dependencies all met for dep_context=non-requeueable deps ti=<TaskInstance: users_elt_daily.load_users scheduled__2025-12-07T00:00:00+00:00 [queued]>
[2025-12-16T17:31:42.630+0000] {taskinstance.py:2076} INFO - Dependencies all met for dep_context=requeueable deps ti=<TaskInstance: users_elt_daily.load_users scheduled__2025-12-07T00:00:00+00:00 [queued]>
[2025-12-16T17:31:42.632+0000] {taskinstance.py:2306} INFO - Starting attempt 1 of 1
[2025-12-16T17:31:42.677+0000] {taskinstance.py:2330} INFO - Executing <Task(BashOperator): load_users> on 2025-12-07 00:00:00+00:00
[2025-12-16T17:31:42.700+0000] {logging_mixin.py:188} WARNING - /home/***/.local/lib/python3.12/site-packages/***/task/task_runner/standard_task_runner.py:62 DeprecationWarning: This process (pid=1287) is multi-threaded, use of fork() may lead to deadlocks in the child.
[2025-12-16T17:31:42.702+0000] {standard_task_runner.py:64} INFO - Started process 1296 to run task
[2025-12-16T17:31:42.700+0000] {standard_task_runner.py:90} INFO - Running: ['***', 'tasks', 'run', 'users_elt_daily', 'load_users', 'scheduled__2025-12-07T00:00:00+00:00', '--job-id', '167', '--raw', '--subdir', 'DAGS_FOLDER/users_elt_daily.py', '--cfg-path', '/tmp/tmptej2sp3g']
[2025-12-16T17:31:42.705+0000] {standard_task_runner.py:91} INFO - Job 167: Subtask load_users
[2025-12-16T17:31:42.846+0000] {task_command.py:426} INFO - Running <TaskInstance: users_elt_daily.load_users scheduled__2025-12-07T00:00:00+00:00 [running]> on host be068e76f4a7
[2025-12-16T17:31:43.018+0000] {taskinstance.py:2648} INFO - Exporting env vars: AIRFLOW_CTX_DAG_OWNER='***' AIRFLOW_CTX_DAG_ID='users_elt_daily' AIRFLOW_CTX_TASK_ID='load_users' AIRFLOW_CTX_EXECUTION_DATE='2025-12-07T00:00:00+00:00' AIRFLOW_CTX_TRY_NUMBER='1' AIRFLOW_CTX_DAG_RUN_ID='scheduled__2025-12-07T00:00:00+00:00'
[2025-12-16T17:31:43.021+0000] {taskinstance.py:430} INFO - ::endgroup::
[2025-12-16T17:31:43.052+0000] {subprocess.py:63} INFO - Tmp dir root location: /tmp
[2025-12-16T17:31:43.055+0000] {subprocess.py:75} INFO - Running command: ['/usr/bin/bash', '-c', 'python /opt/***/scripts/load_users.py --ds 2025-12-07']
[2025-12-16T17:31:43.080+0000] {subprocess.py:86} INFO - Output:
[2025-12-16T17:31:43.916+0000] {subprocess.py:93} INFO - [load_users] ds=2025-12-07 inserted=18 rows
[2025-12-16T17:31:43.965+0000] {subprocess.py:97} INFO - Command exited with return code 0
[2025-12-16T17:31:43.968+0000] {taskinstance.py:441} INFO - ::group::Post task execution logs
[2025-12-16T17:31:44.037+0000] {taskinstance.py:1206} INFO - Marking task as SUCCESS. dag_id=users_elt_daily, task_id=load_users, run_id=scheduled__2025-12-07T00:00:00+00:00, execution_date=20251207T000000, start_date=20251216T173142, end_date=20251216T173144
[2025-12-16T17:31:44.097+0000] {local_task_job_runner.py:243} INFO - Task exited with return code 0
[2025-12-16T17:31:44.123+0000] {local_task_job_runner.py:222} INFO - ::endgroup::
[2025-12-16T17:41:17.832+0000] {local_task_job_runner.py:120} INFO - ::group::Pre task execution logs
[2025-12-16T17:41:17.929+0000] {taskinstance.py:2076} INFO - Dependencies all met for dep_context=non-requeueable deps ti=<TaskInstance: users_elt_daily.load_users scheduled__2025-12-07T00:00:00+00:00 [queued]>
[2025-12-16T17:41:17.951+0000] {taskinstance.py:2076} INFO - Dependencies all met for dep_context=requeueable deps ti=<TaskInstance: users_elt_daily.load_users scheduled__2025-12-07T00:00:00+00:00 [queued]>
[2025-12-16T17:41:17.953+0000] {taskinstance.py:2306} INFO - Starting attempt 1 of 1
[2025-12-16T17:41:18.191+0000] {taskinstance.py:2330} INFO - Executing <Task(BashOperator): load_users> on 2025-12-07 00:00:00+00:00
[2025-12-16T17:41:18.220+0000] {standard_task_runner.py:90} INFO - Running: ['***', 'tasks', 'run', 'users_elt_daily', 'load_users', 'scheduled__2025-12-07T00:00:00+00:00', '--job-id', '286', '--raw', '--subdir', 'DAGS_FOLDER/users_elt_daily.py', '--cfg-path', '/tmp/tmpry17ipl7']
[2025-12-16T17:41:18.226+0000] {standard_task_runner.py:91} INFO - Job 286: Subtask load_users
[2025-12-16T17:41:18.223+0000] {logging_mixin.py:188} WARNING - /home/***/.local/lib/python3.12/site-packages/***/task/task_runner/standard_task_runner.py:62 DeprecationWarning: This process (pid=820) is multi-threaded, use of fork() may lead to deadlocks in the child.
[2025-12-16T17:41:18.228+0000] {standard_task_runner.py:64} INFO - Started process 837 to run task
[2025-12-16T17:41:18.385+0000] {task_command.py:426} INFO - Running <TaskInstance: users_elt_daily.load_users scheduled__2025-12-07T00:00:00+00:00 [running]> on host be068e76f4a7
[2025-12-16T17:41:18.600+0000] {taskinstance.py:2648} INFO - Exporting env vars: AIRFLOW_CTX_DAG_OWNER='***' AIRFLOW_CTX_DAG_ID='users_elt_daily' AIRFLOW_CTX_TASK_ID='load_users' AIRFLOW_CTX_EXECUTION_DATE='2025-12-07T00:00:00+00:00' AIRFLOW_CTX_TRY_NUMBER='1' AIRFLOW_CTX_DAG_RUN_ID='scheduled__2025-12-07T00:00:00+00:00'
[2025-12-16T17:41:18.601+0000] {taskinstance.py:430} INFO - ::endgroup::
[2025-12-16T17:41:18.631+0000] {subprocess.py:63} INFO - Tmp dir root location: /tmp
[2025-12-16T17:41:18.634+0000] {subprocess.py:75} INFO - Running command: ['/usr/bin/bash', '-c', 'python /opt/***/scripts/load_users.py --ds 2025-12-07']
[2025-12-16T17:41:18.668+0000] {subprocess.py:86} INFO - Output:
[2025-12-16T17:41:19.201+0000] {subprocess.py:93} INFO - [load_users] ds=2025-12-07 inserted=18 rows
[2025-12-16T17:41:19.236+0000] {subprocess.py:97} INFO - Command exited with return code 0
[2025-12-16T17:41:19.239+0000] {taskinstance.py:441} INFO - ::group::Post task execution logs
[2025-12-16T17:41:19.315+0000] {taskinstance.py:1206} INFO - Marking task as SUCCESS. dag_id=users_elt_daily, task_id=load_users, run_id=scheduled__2025-12-07T00:00:00+00:00, execution_date=20251207T000000, start_date=20251216T174117, end_date=20251216T174119
[2025-12-16T17:41:19.544+0000] {local_task_job_runner.py:243} INFO - Task exited with return code 0
[2025-12-16T17:41:19.584+0000] {taskinstance.py:3503} INFO - 0 downstream tasks scheduled from follow-on schedule check
[2025-12-16T17:41:19.588+0000] {local_task_job_runner.py:222} INFO - ::endgroup::
