[2025-12-16T17:31:41.188+0000] {local_task_job_runner.py:120} INFO - ::group::Pre task execution logs
[2025-12-16T17:31:41.267+0000] {taskinstance.py:2076} INFO - Dependencies all met for dep_context=non-requeueable deps ti=<TaskInstance: users_elt_daily.load_users scheduled__2025-12-02T00:00:00+00:00 [queued]>
[2025-12-16T17:31:41.287+0000] {taskinstance.py:2076} INFO - Dependencies all met for dep_context=requeueable deps ti=<TaskInstance: users_elt_daily.load_users scheduled__2025-12-02T00:00:00+00:00 [queued]>
[2025-12-16T17:31:41.289+0000] {taskinstance.py:2306} INFO - Starting attempt 1 of 1
[2025-12-16T17:31:41.388+0000] {taskinstance.py:2330} INFO - Executing <Task(BashOperator): load_users> on 2025-12-02 00:00:00+00:00
[2025-12-16T17:31:41.409+0000] {logging_mixin.py:188} WARNING - /home/***/.local/lib/python3.12/site-packages/***/task/task_runner/standard_task_runner.py:62 DeprecationWarning: This process (pid=1266) is multi-threaded, use of fork() may lead to deadlocks in the child.
[2025-12-16T17:31:41.412+0000] {standard_task_runner.py:64} INFO - Started process 1273 to run task
[2025-12-16T17:31:41.407+0000] {standard_task_runner.py:90} INFO - Running: ['***', 'tasks', 'run', 'users_elt_daily', 'load_users', 'scheduled__2025-12-02T00:00:00+00:00', '--job-id', '159', '--raw', '--subdir', 'DAGS_FOLDER/users_elt_daily.py', '--cfg-path', '/tmp/tmpv_rs8eh0']
[2025-12-16T17:31:41.416+0000] {standard_task_runner.py:91} INFO - Job 159: Subtask load_users
[2025-12-16T17:31:41.565+0000] {task_command.py:426} INFO - Running <TaskInstance: users_elt_daily.load_users scheduled__2025-12-02T00:00:00+00:00 [running]> on host be068e76f4a7
[2025-12-16T17:31:41.751+0000] {taskinstance.py:2648} INFO - Exporting env vars: AIRFLOW_CTX_DAG_OWNER='***' AIRFLOW_CTX_DAG_ID='users_elt_daily' AIRFLOW_CTX_TASK_ID='load_users' AIRFLOW_CTX_EXECUTION_DATE='2025-12-02T00:00:00+00:00' AIRFLOW_CTX_TRY_NUMBER='1' AIRFLOW_CTX_DAG_RUN_ID='scheduled__2025-12-02T00:00:00+00:00'
[2025-12-16T17:31:41.752+0000] {taskinstance.py:430} INFO - ::endgroup::
[2025-12-16T17:31:41.791+0000] {subprocess.py:63} INFO - Tmp dir root location: /tmp
[2025-12-16T17:31:41.794+0000] {subprocess.py:75} INFO - Running command: ['/usr/bin/bash', '-c', 'python /opt/***/scripts/load_users.py --ds 2025-12-02']
[2025-12-16T17:31:41.824+0000] {subprocess.py:86} INFO - Output:
[2025-12-16T17:31:42.413+0000] {subprocess.py:93} INFO - [load_users] ds=2025-12-02 inserted=13 rows
[2025-12-16T17:31:42.453+0000] {subprocess.py:97} INFO - Command exited with return code 0
[2025-12-16T17:31:42.455+0000] {taskinstance.py:441} INFO - ::group::Post task execution logs
[2025-12-16T17:31:42.514+0000] {taskinstance.py:1206} INFO - Marking task as SUCCESS. dag_id=users_elt_daily, task_id=load_users, run_id=scheduled__2025-12-02T00:00:00+00:00, execution_date=20251202T000000, start_date=20251216T173141, end_date=20251216T173142
[2025-12-16T17:31:42.684+0000] {local_task_job_runner.py:243} INFO - Task exited with return code 0
[2025-12-16T17:31:42.725+0000] {taskinstance.py:3503} INFO - 0 downstream tasks scheduled from follow-on schedule check
[2025-12-16T17:31:42.730+0000] {local_task_job_runner.py:222} INFO - ::endgroup::
[2025-12-16T17:41:14.285+0000] {local_task_job_runner.py:120} INFO - ::group::Pre task execution logs
[2025-12-16T17:41:14.502+0000] {taskinstance.py:2076} INFO - Dependencies all met for dep_context=non-requeueable deps ti=<TaskInstance: users_elt_daily.load_users scheduled__2025-12-02T00:00:00+00:00 [queued]>
[2025-12-16T17:41:14.598+0000] {taskinstance.py:2076} INFO - Dependencies all met for dep_context=requeueable deps ti=<TaskInstance: users_elt_daily.load_users scheduled__2025-12-02T00:00:00+00:00 [queued]>
[2025-12-16T17:41:14.642+0000] {taskinstance.py:2306} INFO - Starting attempt 1 of 1
[2025-12-16T17:41:14.720+0000] {taskinstance.py:2330} INFO - Executing <Task(BashOperator): load_users> on 2025-12-02 00:00:00+00:00
[2025-12-16T17:41:14.780+0000] {standard_task_runner.py:90} INFO - Running: ['***', 'tasks', 'run', 'users_elt_daily', 'load_users', 'scheduled__2025-12-02T00:00:00+00:00', '--job-id', '267', '--raw', '--subdir', 'DAGS_FOLDER/users_elt_daily.py', '--cfg-path', '/tmp/tmp0fih5xy7']
[2025-12-16T17:41:14.790+0000] {standard_task_runner.py:91} INFO - Job 267: Subtask load_users
[2025-12-16T17:41:14.798+0000] {logging_mixin.py:188} WARNING - /home/***/.local/lib/python3.12/site-packages/***/task/task_runner/standard_task_runner.py:62 DeprecationWarning: This process (pid=743) is multi-threaded, use of fork() may lead to deadlocks in the child.
[2025-12-16T17:41:14.801+0000] {standard_task_runner.py:64} INFO - Started process 768 to run task
[2025-12-16T17:41:15.053+0000] {task_command.py:426} INFO - Running <TaskInstance: users_elt_daily.load_users scheduled__2025-12-02T00:00:00+00:00 [running]> on host be068e76f4a7
[2025-12-16T17:41:15.598+0000] {taskinstance.py:2648} INFO - Exporting env vars: AIRFLOW_CTX_DAG_OWNER='***' AIRFLOW_CTX_DAG_ID='users_elt_daily' AIRFLOW_CTX_TASK_ID='load_users' AIRFLOW_CTX_EXECUTION_DATE='2025-12-02T00:00:00+00:00' AIRFLOW_CTX_TRY_NUMBER='1' AIRFLOW_CTX_DAG_RUN_ID='scheduled__2025-12-02T00:00:00+00:00'
[2025-12-16T17:41:15.602+0000] {taskinstance.py:430} INFO - ::endgroup::
[2025-12-16T17:41:15.707+0000] {subprocess.py:63} INFO - Tmp dir root location: /tmp
[2025-12-16T17:41:15.715+0000] {subprocess.py:75} INFO - Running command: ['/usr/bin/bash', '-c', 'python /opt/***/scripts/load_users.py --ds 2025-12-02']
[2025-12-16T17:41:15.807+0000] {subprocess.py:86} INFO - Output:
[2025-12-16T17:41:16.976+0000] {subprocess.py:93} INFO - [load_users] ds=2025-12-02 inserted=13 rows
[2025-12-16T17:41:17.028+0000] {subprocess.py:97} INFO - Command exited with return code 0
[2025-12-16T17:41:17.032+0000] {taskinstance.py:441} INFO - ::group::Post task execution logs
[2025-12-16T17:41:17.141+0000] {taskinstance.py:1206} INFO - Marking task as SUCCESS. dag_id=users_elt_daily, task_id=load_users, run_id=scheduled__2025-12-02T00:00:00+00:00, execution_date=20251202T000000, start_date=20251216T174114, end_date=20251216T174117
[2025-12-16T17:41:17.304+0000] {local_task_job_runner.py:243} INFO - Task exited with return code 0
[2025-12-16T17:41:17.364+0000] {taskinstance.py:3503} INFO - 0 downstream tasks scheduled from follow-on schedule check
[2025-12-16T17:41:17.369+0000] {local_task_job_runner.py:222} INFO - ::endgroup::
