[2025-12-16T17:13:14.730+0000] {local_task_job_runner.py:120} INFO - ::group::Pre task execution logs
[2025-12-16T17:13:14.811+0000] {taskinstance.py:2076} INFO - Dependencies all met for dep_context=non-requeueable deps ti=<TaskInstance: invoices_elt_daily.load_invoices scheduled__2025-12-13T00:00:00+00:00 [queued]>
[2025-12-16T17:13:14.832+0000] {taskinstance.py:2076} INFO - Dependencies all met for dep_context=requeueable deps ti=<TaskInstance: invoices_elt_daily.load_invoices scheduled__2025-12-13T00:00:00+00:00 [queued]>
[2025-12-16T17:13:14.835+0000] {taskinstance.py:2306} INFO - Starting attempt 1 of 1
[2025-12-16T17:13:14.860+0000] {taskinstance.py:2330} INFO - Executing <Task(BashOperator): load_invoices> on 2025-12-13 00:00:00+00:00
[2025-12-16T17:13:14.875+0000] {standard_task_runner.py:90} INFO - Running: ['***', 'tasks', 'run', 'invoices_elt_daily', 'load_invoices', 'scheduled__2025-12-13T00:00:00+00:00', '--job-id', '89', '--raw', '--subdir', 'DAGS_FOLDER/invoices_elt_daily.py', '--cfg-path', '/tmp/tmp_4zkclnl']
[2025-12-16T17:13:14.880+0000] {standard_task_runner.py:91} INFO - Job 89: Subtask load_invoices
[2025-12-16T17:13:14.879+0000] {logging_mixin.py:188} WARNING - /home/***/.local/lib/python3.12/site-packages/***/task/task_runner/standard_task_runner.py:62 DeprecationWarning: This process (pid=336) is multi-threaded, use of fork() may lead to deadlocks in the child.
[2025-12-16T17:13:14.882+0000] {standard_task_runner.py:64} INFO - Started process 341 to run task
[2025-12-16T17:13:14.985+0000] {task_command.py:426} INFO - Running <TaskInstance: invoices_elt_daily.load_invoices scheduled__2025-12-13T00:00:00+00:00 [running]> on host be068e76f4a7
[2025-12-16T17:13:15.113+0000] {taskinstance.py:2648} INFO - Exporting env vars: AIRFLOW_CTX_DAG_OWNER='***' AIRFLOW_CTX_DAG_ID='invoices_elt_daily' AIRFLOW_CTX_TASK_ID='load_invoices' AIRFLOW_CTX_EXECUTION_DATE='2025-12-13T00:00:00+00:00' AIRFLOW_CTX_TRY_NUMBER='1' AIRFLOW_CTX_DAG_RUN_ID='scheduled__2025-12-13T00:00:00+00:00'
[2025-12-16T17:13:15.114+0000] {taskinstance.py:430} INFO - ::endgroup::
[2025-12-16T17:13:15.132+0000] {subprocess.py:63} INFO - Tmp dir root location: /tmp
[2025-12-16T17:13:15.133+0000] {subprocess.py:75} INFO - Running command: ['/usr/bin/bash', '-c', 'python /opt/***/scripts/load_invoices.py --ds 2025-12-13']
[2025-12-16T17:13:15.150+0000] {subprocess.py:86} INFO - Output:
[2025-12-16T17:13:15.417+0000] {subprocess.py:93} INFO - [load_invoices] ds=2025-12-13 inserted=0
[2025-12-16T17:13:15.431+0000] {subprocess.py:97} INFO - Command exited with return code 0
[2025-12-16T17:13:15.432+0000] {taskinstance.py:441} INFO - ::group::Post task execution logs
[2025-12-16T17:13:15.469+0000] {taskinstance.py:1206} INFO - Marking task as SUCCESS. dag_id=invoices_elt_daily, task_id=load_invoices, run_id=scheduled__2025-12-13T00:00:00+00:00, execution_date=20251213T000000, start_date=20251216T171314, end_date=20251216T171315
[2025-12-16T17:13:15.499+0000] {local_task_job_runner.py:243} INFO - Task exited with return code 0
[2025-12-16T17:13:15.522+0000] {taskinstance.py:3503} INFO - 0 downstream tasks scheduled from follow-on schedule check
[2025-12-16T17:13:15.525+0000] {local_task_job_runner.py:222} INFO - ::endgroup::
[2025-12-16T17:41:38.561+0000] {local_task_job_runner.py:120} INFO - ::group::Pre task execution logs
[2025-12-16T17:41:38.613+0000] {taskinstance.py:2076} INFO - Dependencies all met for dep_context=non-requeueable deps ti=<TaskInstance: invoices_elt_daily.load_invoices scheduled__2025-12-13T00:00:00+00:00 [queued]>
[2025-12-16T17:41:38.626+0000] {taskinstance.py:2076} INFO - Dependencies all met for dep_context=requeueable deps ti=<TaskInstance: invoices_elt_daily.load_invoices scheduled__2025-12-13T00:00:00+00:00 [queued]>
[2025-12-16T17:41:38.627+0000] {taskinstance.py:2306} INFO - Starting attempt 1 of 1
[2025-12-16T17:41:38.645+0000] {taskinstance.py:2330} INFO - Executing <Task(BashOperator): load_invoices> on 2025-12-13 00:00:00+00:00
[2025-12-16T17:41:38.658+0000] {logging_mixin.py:188} WARNING - /home/***/.local/lib/python3.12/site-packages/***/task/task_runner/standard_task_runner.py:62 DeprecationWarning: This process (pid=1059) is multi-threaded, use of fork() may lead to deadlocks in the child.
[2025-12-16T17:41:38.660+0000] {standard_task_runner.py:64} INFO - Started process 1062 to run task
[2025-12-16T17:41:38.658+0000] {standard_task_runner.py:90} INFO - Running: ['***', 'tasks', 'run', 'invoices_elt_daily', 'load_invoices', 'scheduled__2025-12-13T00:00:00+00:00', '--job-id', '361', '--raw', '--subdir', 'DAGS_FOLDER/invoices_elt_daily.py', '--cfg-path', '/tmp/tmppaaqvp97']
[2025-12-16T17:41:38.662+0000] {standard_task_runner.py:91} INFO - Job 361: Subtask load_invoices
[2025-12-16T17:41:38.755+0000] {task_command.py:426} INFO - Running <TaskInstance: invoices_elt_daily.load_invoices scheduled__2025-12-13T00:00:00+00:00 [running]> on host be068e76f4a7
[2025-12-16T17:41:38.888+0000] {taskinstance.py:2648} INFO - Exporting env vars: AIRFLOW_CTX_DAG_OWNER='***' AIRFLOW_CTX_DAG_ID='invoices_elt_daily' AIRFLOW_CTX_TASK_ID='load_invoices' AIRFLOW_CTX_EXECUTION_DATE='2025-12-13T00:00:00+00:00' AIRFLOW_CTX_TRY_NUMBER='1' AIRFLOW_CTX_DAG_RUN_ID='scheduled__2025-12-13T00:00:00+00:00'
[2025-12-16T17:41:38.889+0000] {taskinstance.py:430} INFO - ::endgroup::
[2025-12-16T17:41:38.916+0000] {subprocess.py:63} INFO - Tmp dir root location: /tmp
[2025-12-16T17:41:38.919+0000] {subprocess.py:75} INFO - Running command: ['/usr/bin/bash', '-c', 'python /opt/***/scripts/load_invoices.py --ds 2025-12-13']
[2025-12-16T17:41:38.938+0000] {subprocess.py:86} INFO - Output:
[2025-12-16T17:41:39.262+0000] {subprocess.py:93} INFO - [load_invoices] ds=2025-12-13 inserted=0
[2025-12-16T17:41:39.284+0000] {subprocess.py:97} INFO - Command exited with return code 0
[2025-12-16T17:41:39.285+0000] {taskinstance.py:441} INFO - ::group::Post task execution logs
[2025-12-16T17:41:39.324+0000] {taskinstance.py:1206} INFO - Marking task as SUCCESS. dag_id=invoices_elt_daily, task_id=load_invoices, run_id=scheduled__2025-12-13T00:00:00+00:00, execution_date=20251213T000000, start_date=20251216T174138, end_date=20251216T174139
[2025-12-16T17:41:39.398+0000] {local_task_job_runner.py:243} INFO - Task exited with return code 0
[2025-12-16T17:41:39.423+0000] {taskinstance.py:3503} INFO - 0 downstream tasks scheduled from follow-on schedule check
[2025-12-16T17:41:39.428+0000] {local_task_job_runner.py:222} INFO - ::endgroup::
