[2025-12-16T17:31:35.488+0000] {local_task_job_runner.py:120} INFO - ::group::Pre task execution logs
[2025-12-16T17:31:35.581+0000] {taskinstance.py:2076} INFO - Dependencies all met for dep_context=non-requeueable deps ti=<TaskInstance: users_elt_daily.load_users scheduled__2025-11-25T00:00:00+00:00 [queued]>
[2025-12-16T17:31:35.605+0000] {taskinstance.py:2076} INFO - Dependencies all met for dep_context=requeueable deps ti=<TaskInstance: users_elt_daily.load_users scheduled__2025-11-25T00:00:00+00:00 [queued]>
[2025-12-16T17:31:35.607+0000] {taskinstance.py:2306} INFO - Starting attempt 1 of 1
[2025-12-16T17:31:35.637+0000] {taskinstance.py:2330} INFO - Executing <Task(BashOperator): load_users> on 2025-11-25 00:00:00+00:00
[2025-12-16T17:31:35.656+0000] {logging_mixin.py:188} WARNING - /home/***/.local/lib/python3.12/site-packages/***/task/task_runner/standard_task_runner.py:62 DeprecationWarning: This process (pid=1201) is multi-threaded, use of fork() may lead to deadlocks in the child.
[2025-12-16T17:31:35.656+0000] {standard_task_runner.py:90} INFO - Running: ['***', 'tasks', 'run', 'users_elt_daily', 'load_users', 'scheduled__2025-11-25T00:00:00+00:00', '--job-id', '143', '--raw', '--subdir', 'DAGS_FOLDER/users_elt_daily.py', '--cfg-path', '/tmp/tmp3d17onf3']
[2025-12-16T17:31:35.663+0000] {standard_task_runner.py:64} INFO - Started process 1207 to run task
[2025-12-16T17:31:35.663+0000] {standard_task_runner.py:91} INFO - Job 143: Subtask load_users
[2025-12-16T17:31:35.801+0000] {task_command.py:426} INFO - Running <TaskInstance: users_elt_daily.load_users scheduled__2025-11-25T00:00:00+00:00 [running]> on host be068e76f4a7
[2025-12-16T17:31:36.045+0000] {taskinstance.py:2648} INFO - Exporting env vars: AIRFLOW_CTX_DAG_OWNER='***' AIRFLOW_CTX_DAG_ID='users_elt_daily' AIRFLOW_CTX_TASK_ID='load_users' AIRFLOW_CTX_EXECUTION_DATE='2025-11-25T00:00:00+00:00' AIRFLOW_CTX_TRY_NUMBER='1' AIRFLOW_CTX_DAG_RUN_ID='scheduled__2025-11-25T00:00:00+00:00'
[2025-12-16T17:31:36.047+0000] {taskinstance.py:430} INFO - ::endgroup::
[2025-12-16T17:31:36.084+0000] {subprocess.py:63} INFO - Tmp dir root location: /tmp
[2025-12-16T17:31:36.088+0000] {subprocess.py:75} INFO - Running command: ['/usr/bin/bash', '-c', 'python /opt/***/scripts/load_users.py --ds 2025-11-25']
[2025-12-16T17:31:36.118+0000] {subprocess.py:86} INFO - Output:
[2025-12-16T17:31:36.501+0000] {subprocess.py:93} INFO - [load_users] ds=2025-11-25 inserted=19 rows
[2025-12-16T17:31:36.526+0000] {subprocess.py:97} INFO - Command exited with return code 0
[2025-12-16T17:31:36.530+0000] {taskinstance.py:441} INFO - ::group::Post task execution logs
[2025-12-16T17:31:36.579+0000] {taskinstance.py:1206} INFO - Marking task as SUCCESS. dag_id=users_elt_daily, task_id=load_users, run_id=scheduled__2025-11-25T00:00:00+00:00, execution_date=20251125T000000, start_date=20251216T173135, end_date=20251216T173136
[2025-12-16T17:31:36.644+0000] {local_task_job_runner.py:243} INFO - Task exited with return code 0
[2025-12-16T17:31:36.672+0000] {taskinstance.py:3503} INFO - 0 downstream tasks scheduled from follow-on schedule check
[2025-12-16T17:31:36.676+0000] {local_task_job_runner.py:222} INFO - ::endgroup::
[2025-12-16T17:41:06.832+0000] {local_task_job_runner.py:120} INFO - ::group::Pre task execution logs
[2025-12-16T17:41:06.913+0000] {taskinstance.py:2076} INFO - Dependencies all met for dep_context=non-requeueable deps ti=<TaskInstance: users_elt_daily.load_users scheduled__2025-11-25T00:00:00+00:00 [queued]>
[2025-12-16T17:41:06.935+0000] {taskinstance.py:2076} INFO - Dependencies all met for dep_context=requeueable deps ti=<TaskInstance: users_elt_daily.load_users scheduled__2025-11-25T00:00:00+00:00 [queued]>
[2025-12-16T17:41:06.936+0000] {taskinstance.py:2306} INFO - Starting attempt 1 of 1
[2025-12-16T17:41:06.964+0000] {taskinstance.py:2330} INFO - Executing <Task(BashOperator): load_users> on 2025-11-25 00:00:00+00:00
[2025-12-16T17:41:06.984+0000] {logging_mixin.py:188} WARNING - /home/***/.local/lib/python3.12/site-packages/***/task/task_runner/standard_task_runner.py:62 DeprecationWarning: This process (pid=665) is multi-threaded, use of fork() may lead to deadlocks in the child.
[2025-12-16T17:41:06.987+0000] {standard_task_runner.py:64} INFO - Started process 673 to run task
[2025-12-16T17:41:06.984+0000] {standard_task_runner.py:90} INFO - Running: ['***', 'tasks', 'run', 'users_elt_daily', 'load_users', 'scheduled__2025-11-25T00:00:00+00:00', '--job-id', '239', '--raw', '--subdir', 'DAGS_FOLDER/users_elt_daily.py', '--cfg-path', '/tmp/tmpi5_81k_c']
[2025-12-16T17:41:06.988+0000] {standard_task_runner.py:91} INFO - Job 239: Subtask load_users
[2025-12-16T17:41:07.124+0000] {task_command.py:426} INFO - Running <TaskInstance: users_elt_daily.load_users scheduled__2025-11-25T00:00:00+00:00 [running]> on host be068e76f4a7
[2025-12-16T17:41:07.314+0000] {taskinstance.py:2648} INFO - Exporting env vars: AIRFLOW_CTX_DAG_OWNER='***' AIRFLOW_CTX_DAG_ID='users_elt_daily' AIRFLOW_CTX_TASK_ID='load_users' AIRFLOW_CTX_EXECUTION_DATE='2025-11-25T00:00:00+00:00' AIRFLOW_CTX_TRY_NUMBER='1' AIRFLOW_CTX_DAG_RUN_ID='scheduled__2025-11-25T00:00:00+00:00'
[2025-12-16T17:41:07.315+0000] {taskinstance.py:430} INFO - ::endgroup::
[2025-12-16T17:41:07.359+0000] {subprocess.py:63} INFO - Tmp dir root location: /tmp
[2025-12-16T17:41:07.365+0000] {subprocess.py:75} INFO - Running command: ['/usr/bin/bash', '-c', 'python /opt/***/scripts/load_users.py --ds 2025-11-25']
[2025-12-16T17:41:07.393+0000] {subprocess.py:86} INFO - Output:
[2025-12-16T17:41:07.851+0000] {subprocess.py:93} INFO - [load_users] ds=2025-11-25 inserted=19 rows
[2025-12-16T17:41:07.877+0000] {subprocess.py:97} INFO - Command exited with return code 0
[2025-12-16T17:41:07.879+0000] {taskinstance.py:441} INFO - ::group::Post task execution logs
[2025-12-16T17:41:07.920+0000] {taskinstance.py:1206} INFO - Marking task as SUCCESS. dag_id=users_elt_daily, task_id=load_users, run_id=scheduled__2025-11-25T00:00:00+00:00, execution_date=20251125T000000, start_date=20251216T174106, end_date=20251216T174107
[2025-12-16T17:41:07.971+0000] {local_task_job_runner.py:243} INFO - Task exited with return code 0
[2025-12-16T17:41:07.995+0000] {taskinstance.py:3503} INFO - 0 downstream tasks scheduled from follow-on schedule check
[2025-12-16T17:41:07.998+0000] {local_task_job_runner.py:222} INFO - ::endgroup::
