[2025-12-16T18:07:52.532+0000] {local_task_job_runner.py:120} INFO - ::group::Pre task execution logs
[2025-12-16T18:07:52.574+0000] {taskinstance.py:2076} INFO - Dependencies all met for dep_context=non-requeueable deps ti=<TaskInstance: invoices_elt_daily.load_invoices manual__2025-12-16T18:07:50+00:00 [queued]>
[2025-12-16T18:07:52.586+0000] {taskinstance.py:2076} INFO - Dependencies all met for dep_context=requeueable deps ti=<TaskInstance: invoices_elt_daily.load_invoices manual__2025-12-16T18:07:50+00:00 [queued]>
[2025-12-16T18:07:52.587+0000] {taskinstance.py:2306} INFO - Starting attempt 1 of 1
[2025-12-16T18:07:52.602+0000] {taskinstance.py:2330} INFO - Executing <Task(BashOperator): load_invoices> on 2025-12-16 18:07:50+00:00
[2025-12-16T18:07:52.612+0000] {standard_task_runner.py:90} INFO - Running: ['***', 'tasks', 'run', 'invoices_elt_daily', 'load_invoices', 'manual__2025-12-16T18:07:50+00:00', '--job-id', '371', '--raw', '--subdir', 'DAGS_FOLDER/invoices_elt_daily.py', '--cfg-path', '/tmp/tmpzxtanmiv']
[2025-12-16T18:07:52.616+0000] {standard_task_runner.py:91} INFO - Job 371: Subtask load_invoices
[2025-12-16T18:07:52.616+0000] {logging_mixin.py:188} WARNING - /home/***/.local/lib/python3.12/site-packages/***/task/task_runner/standard_task_runner.py:62 DeprecationWarning: This process (pid=915) is multi-threaded, use of fork() may lead to deadlocks in the child.
[2025-12-16T18:07:52.617+0000] {standard_task_runner.py:64} INFO - Started process 916 to run task
[2025-12-16T18:07:52.713+0000] {task_command.py:426} INFO - Running <TaskInstance: invoices_elt_daily.load_invoices manual__2025-12-16T18:07:50+00:00 [running]> on host be068e76f4a7
[2025-12-16T18:07:52.826+0000] {taskinstance.py:2648} INFO - Exporting env vars: AIRFLOW_CTX_DAG_OWNER='***' AIRFLOW_CTX_DAG_ID='invoices_elt_daily' AIRFLOW_CTX_TASK_ID='load_invoices' AIRFLOW_CTX_EXECUTION_DATE='2025-12-16T18:07:50+00:00' AIRFLOW_CTX_TRY_NUMBER='1' AIRFLOW_CTX_DAG_RUN_ID='manual__2025-12-16T18:07:50+00:00'
[2025-12-16T18:07:52.827+0000] {taskinstance.py:430} INFO - ::endgroup::
[2025-12-16T18:07:52.843+0000] {subprocess.py:63} INFO - Tmp dir root location: /tmp
[2025-12-16T18:07:52.845+0000] {subprocess.py:75} INFO - Running command: ['/usr/bin/bash', '-c', 'python /opt/***/scripts/load_invoices.py --ds 2025-12-16']
[2025-12-16T18:07:52.860+0000] {subprocess.py:86} INFO - Output:
[2025-12-16T18:07:53.100+0000] {subprocess.py:93} INFO - [load_invoices] ds=2025-12-16 inserted=0
[2025-12-16T18:07:53.113+0000] {subprocess.py:97} INFO - Command exited with return code 0
[2025-12-16T18:07:53.114+0000] {taskinstance.py:441} INFO - ::group::Post task execution logs
[2025-12-16T18:07:53.157+0000] {taskinstance.py:1206} INFO - Marking task as SUCCESS. dag_id=invoices_elt_daily, task_id=load_invoices, run_id=manual__2025-12-16T18:07:50+00:00, execution_date=20251216T180750, start_date=20251216T180752, end_date=20251216T180753
[2025-12-16T18:07:53.194+0000] {local_task_job_runner.py:243} INFO - Task exited with return code 0
[2025-12-16T18:07:53.216+0000] {taskinstance.py:3503} INFO - 0 downstream tasks scheduled from follow-on schedule check
[2025-12-16T18:07:53.219+0000] {local_task_job_runner.py:222} INFO - ::endgroup::
