[2025-12-16T17:13:08.933+0000] {local_task_job_runner.py:120} INFO - ::group::Pre task execution logs
[2025-12-16T17:13:08.990+0000] {taskinstance.py:2076} INFO - Dependencies all met for dep_context=non-requeueable deps ti=<TaskInstance: invoices_elt_daily.extract_invoices scheduled__2025-12-01T00:00:00+00:00 [queued]>
[2025-12-16T17:13:09.004+0000] {taskinstance.py:2076} INFO - Dependencies all met for dep_context=requeueable deps ti=<TaskInstance: invoices_elt_daily.extract_invoices scheduled__2025-12-01T00:00:00+00:00 [queued]>
[2025-12-16T17:13:09.005+0000] {taskinstance.py:2306} INFO - Starting attempt 1 of 1
[2025-12-16T17:13:09.028+0000] {taskinstance.py:2330} INFO - Executing <Task(BashOperator): extract_invoices> on 2025-12-01 00:00:00+00:00
[2025-12-16T17:13:09.045+0000] {standard_task_runner.py:90} INFO - Running: ['***', 'tasks', 'run', 'invoices_elt_daily', 'extract_invoices', 'scheduled__2025-12-01T00:00:00+00:00', '--job-id', '60', '--raw', '--subdir', 'DAGS_FOLDER/invoices_elt_daily.py', '--cfg-path', '/tmp/tmpe5b10voi']
[2025-12-16T17:13:09.051+0000] {standard_task_runner.py:91} INFO - Job 60: Subtask extract_invoices
[2025-12-16T17:13:09.051+0000] {logging_mixin.py:188} WARNING - /home/***/.local/lib/python3.12/site-packages/***/task/task_runner/standard_task_runner.py:62 DeprecationWarning: This process (pid=233) is multi-threaded, use of fork() may lead to deadlocks in the child.
[2025-12-16T17:13:09.052+0000] {standard_task_runner.py:64} INFO - Started process 238 to run task
[2025-12-16T17:13:09.171+0000] {task_command.py:426} INFO - Running <TaskInstance: invoices_elt_daily.extract_invoices scheduled__2025-12-01T00:00:00+00:00 [running]> on host be068e76f4a7
[2025-12-16T17:13:09.397+0000] {taskinstance.py:2648} INFO - Exporting env vars: AIRFLOW_CTX_DAG_OWNER='***' AIRFLOW_CTX_DAG_ID='invoices_elt_daily' AIRFLOW_CTX_TASK_ID='extract_invoices' AIRFLOW_CTX_EXECUTION_DATE='2025-12-01T00:00:00+00:00' AIRFLOW_CTX_TRY_NUMBER='1' AIRFLOW_CTX_DAG_RUN_ID='scheduled__2025-12-01T00:00:00+00:00'
[2025-12-16T17:13:09.399+0000] {taskinstance.py:430} INFO - ::endgroup::
[2025-12-16T17:13:09.427+0000] {subprocess.py:63} INFO - Tmp dir root location: /tmp
[2025-12-16T17:13:09.430+0000] {subprocess.py:75} INFO - Running command: ['/usr/bin/bash', '-c', 'python /opt/***/scripts/extract_invoices.py --ds 2025-12-01']
[2025-12-16T17:13:09.453+0000] {subprocess.py:86} INFO - Output:
[2025-12-16T17:13:09.967+0000] {subprocess.py:93} INFO - [extract_invoices] ds=2025-12-01 invoices=5 wrote=/opt/***/data/source/invoices/invoices_2025-12-01.json
[2025-12-16T17:13:10.008+0000] {subprocess.py:97} INFO - Command exited with return code 0
[2025-12-16T17:13:10.011+0000] {taskinstance.py:441} INFO - ::group::Post task execution logs
[2025-12-16T17:13:10.060+0000] {taskinstance.py:1206} INFO - Marking task as SUCCESS. dag_id=invoices_elt_daily, task_id=extract_invoices, run_id=scheduled__2025-12-01T00:00:00+00:00, execution_date=20251201T000000, start_date=20251216T171308, end_date=20251216T171310
[2025-12-16T17:13:10.195+0000] {local_task_job_runner.py:243} INFO - Task exited with return code 0
[2025-12-16T17:13:10.243+0000] {taskinstance.py:3503} INFO - 1 downstream tasks scheduled from follow-on schedule check
[2025-12-16T17:13:10.249+0000] {local_task_job_runner.py:222} INFO - ::endgroup::
[2025-12-16T17:41:32.930+0000] {local_task_job_runner.py:120} INFO - ::group::Pre task execution logs
[2025-12-16T17:41:32.972+0000] {taskinstance.py:2076} INFO - Dependencies all met for dep_context=non-requeueable deps ti=<TaskInstance: invoices_elt_daily.extract_invoices scheduled__2025-12-01T00:00:00+00:00 [queued]>
[2025-12-16T17:41:32.983+0000] {taskinstance.py:2076} INFO - Dependencies all met for dep_context=requeueable deps ti=<TaskInstance: invoices_elt_daily.extract_invoices scheduled__2025-12-01T00:00:00+00:00 [queued]>
[2025-12-16T17:41:32.984+0000] {taskinstance.py:2306} INFO - Starting attempt 1 of 1
[2025-12-16T17:41:33.001+0000] {taskinstance.py:2330} INFO - Executing <Task(BashOperator): extract_invoices> on 2025-12-01 00:00:00+00:00
[2025-12-16T17:41:33.012+0000] {logging_mixin.py:188} WARNING - /home/***/.local/lib/python3.12/site-packages/***/task/task_runner/standard_task_runner.py:62 DeprecationWarning: This process (pid=980) is multi-threaded, use of fork() may lead to deadlocks in the child.
[2025-12-16T17:41:33.014+0000] {standard_task_runner.py:64} INFO - Started process 984 to run task
[2025-12-16T17:41:33.012+0000] {standard_task_runner.py:90} INFO - Running: ['***', 'tasks', 'run', 'invoices_elt_daily', 'extract_invoices', 'scheduled__2025-12-01T00:00:00+00:00', '--job-id', '335', '--raw', '--subdir', 'DAGS_FOLDER/invoices_elt_daily.py', '--cfg-path', '/tmp/tmp4cihlqwn']
[2025-12-16T17:41:33.015+0000] {standard_task_runner.py:91} INFO - Job 335: Subtask extract_invoices
[2025-12-16T17:41:33.108+0000] {task_command.py:426} INFO - Running <TaskInstance: invoices_elt_daily.extract_invoices scheduled__2025-12-01T00:00:00+00:00 [running]> on host be068e76f4a7
[2025-12-16T17:41:33.317+0000] {taskinstance.py:2648} INFO - Exporting env vars: AIRFLOW_CTX_DAG_OWNER='***' AIRFLOW_CTX_DAG_ID='invoices_elt_daily' AIRFLOW_CTX_TASK_ID='extract_invoices' AIRFLOW_CTX_EXECUTION_DATE='2025-12-01T00:00:00+00:00' AIRFLOW_CTX_TRY_NUMBER='1' AIRFLOW_CTX_DAG_RUN_ID='scheduled__2025-12-01T00:00:00+00:00'
[2025-12-16T17:41:33.318+0000] {taskinstance.py:430} INFO - ::endgroup::
[2025-12-16T17:41:33.338+0000] {subprocess.py:63} INFO - Tmp dir root location: /tmp
[2025-12-16T17:41:33.340+0000] {subprocess.py:75} INFO - Running command: ['/usr/bin/bash', '-c', 'python /opt/***/scripts/extract_invoices.py --ds 2025-12-01']
[2025-12-16T17:41:33.363+0000] {subprocess.py:86} INFO - Output:
[2025-12-16T17:41:34.187+0000] {subprocess.py:93} INFO - [extract_invoices] ds=2025-12-01 already exists -> skip
[2025-12-16T17:41:34.241+0000] {subprocess.py:97} INFO - Command exited with return code 0
[2025-12-16T17:41:34.247+0000] {taskinstance.py:441} INFO - ::group::Post task execution logs
[2025-12-16T17:41:34.334+0000] {taskinstance.py:1206} INFO - Marking task as SUCCESS. dag_id=invoices_elt_daily, task_id=extract_invoices, run_id=scheduled__2025-12-01T00:00:00+00:00, execution_date=20251201T000000, start_date=20251216T174132, end_date=20251216T174134
[2025-12-16T17:41:34.580+0000] {local_task_job_runner.py:243} INFO - Task exited with return code 0
[2025-12-16T17:41:34.635+0000] {taskinstance.py:3503} INFO - 1 downstream tasks scheduled from follow-on schedule check
[2025-12-16T17:41:34.643+0000] {local_task_job_runner.py:222} INFO - ::endgroup::
