[2025-12-16T17:31:35.283+0000] {local_task_job_runner.py:120} INFO - ::group::Pre task execution logs
[2025-12-16T17:31:35.397+0000] {taskinstance.py:2076} INFO - Dependencies all met for dep_context=non-requeueable deps ti=<TaskInstance: users_elt_daily.load_users scheduled__2025-11-23T00:00:00+00:00 [queued]>
[2025-12-16T17:31:35.432+0000] {taskinstance.py:2076} INFO - Dependencies all met for dep_context=requeueable deps ti=<TaskInstance: users_elt_daily.load_users scheduled__2025-11-23T00:00:00+00:00 [queued]>
[2025-12-16T17:31:35.433+0000] {taskinstance.py:2306} INFO - Starting attempt 1 of 1
[2025-12-16T17:31:35.475+0000] {taskinstance.py:2330} INFO - Executing <Task(BashOperator): load_users> on 2025-11-23 00:00:00+00:00
[2025-12-16T17:31:35.497+0000] {logging_mixin.py:188} WARNING - /home/***/.local/lib/python3.12/site-packages/***/task/task_runner/standard_task_runner.py:62 DeprecationWarning: This process (pid=1195) is multi-threaded, use of fork() may lead to deadlocks in the child.
[2025-12-16T17:31:35.495+0000] {standard_task_runner.py:90} INFO - Running: ['***', 'tasks', 'run', 'users_elt_daily', 'load_users', 'scheduled__2025-11-23T00:00:00+00:00', '--job-id', '142', '--raw', '--subdir', 'DAGS_FOLDER/users_elt_daily.py', '--cfg-path', '/tmp/tmpfglwk1xi']
[2025-12-16T17:31:35.500+0000] {standard_task_runner.py:64} INFO - Started process 1206 to run task
[2025-12-16T17:31:35.501+0000] {standard_task_runner.py:91} INFO - Job 142: Subtask load_users
[2025-12-16T17:31:35.650+0000] {task_command.py:426} INFO - Running <TaskInstance: users_elt_daily.load_users scheduled__2025-11-23T00:00:00+00:00 [running]> on host be068e76f4a7
[2025-12-16T17:31:35.878+0000] {taskinstance.py:2648} INFO - Exporting env vars: AIRFLOW_CTX_DAG_OWNER='***' AIRFLOW_CTX_DAG_ID='users_elt_daily' AIRFLOW_CTX_TASK_ID='load_users' AIRFLOW_CTX_EXECUTION_DATE='2025-11-23T00:00:00+00:00' AIRFLOW_CTX_TRY_NUMBER='1' AIRFLOW_CTX_DAG_RUN_ID='scheduled__2025-11-23T00:00:00+00:00'
[2025-12-16T17:31:35.881+0000] {taskinstance.py:430} INFO - ::endgroup::
[2025-12-16T17:31:35.920+0000] {subprocess.py:63} INFO - Tmp dir root location: /tmp
[2025-12-16T17:31:35.923+0000] {subprocess.py:75} INFO - Running command: ['/usr/bin/bash', '-c', 'python /opt/***/scripts/load_users.py --ds 2025-11-23']
[2025-12-16T17:31:35.952+0000] {subprocess.py:86} INFO - Output:
[2025-12-16T17:31:36.369+0000] {subprocess.py:93} INFO - [load_users] ds=2025-11-23 inserted=8 rows
[2025-12-16T17:31:36.394+0000] {subprocess.py:97} INFO - Command exited with return code 0
[2025-12-16T17:31:36.396+0000] {taskinstance.py:441} INFO - ::group::Post task execution logs
[2025-12-16T17:31:36.441+0000] {taskinstance.py:1206} INFO - Marking task as SUCCESS. dag_id=users_elt_daily, task_id=load_users, run_id=scheduled__2025-11-23T00:00:00+00:00, execution_date=20251123T000000, start_date=20251216T173135, end_date=20251216T173136
[2025-12-16T17:31:36.525+0000] {local_task_job_runner.py:243} INFO - Task exited with return code 0
[2025-12-16T17:31:36.551+0000] {local_task_job_runner.py:222} INFO - ::endgroup::
[2025-12-16T17:41:06.240+0000] {local_task_job_runner.py:120} INFO - ::group::Pre task execution logs
[2025-12-16T17:41:06.319+0000] {taskinstance.py:2076} INFO - Dependencies all met for dep_context=non-requeueable deps ti=<TaskInstance: users_elt_daily.load_users scheduled__2025-11-23T00:00:00+00:00 [queued]>
[2025-12-16T17:41:06.340+0000] {taskinstance.py:2076} INFO - Dependencies all met for dep_context=requeueable deps ti=<TaskInstance: users_elt_daily.load_users scheduled__2025-11-23T00:00:00+00:00 [queued]>
[2025-12-16T17:41:06.342+0000] {taskinstance.py:2306} INFO - Starting attempt 1 of 1
[2025-12-16T17:41:06.374+0000] {taskinstance.py:2330} INFO - Executing <Task(BashOperator): load_users> on 2025-11-23 00:00:00+00:00
[2025-12-16T17:41:06.392+0000] {logging_mixin.py:188} WARNING - /home/***/.local/lib/python3.12/site-packages/***/task/task_runner/standard_task_runner.py:62 DeprecationWarning: This process (pid=654) is multi-threaded, use of fork() may lead to deadlocks in the child.
[2025-12-16T17:41:06.392+0000] {standard_task_runner.py:90} INFO - Running: ['***', 'tasks', 'run', 'users_elt_daily', 'load_users', 'scheduled__2025-11-23T00:00:00+00:00', '--job-id', '237', '--raw', '--subdir', 'DAGS_FOLDER/users_elt_daily.py', '--cfg-path', '/tmp/tmpki416ktd']
[2025-12-16T17:41:06.396+0000] {standard_task_runner.py:64} INFO - Started process 666 to run task
[2025-12-16T17:41:06.397+0000] {standard_task_runner.py:91} INFO - Job 237: Subtask load_users
[2025-12-16T17:41:06.564+0000] {task_command.py:426} INFO - Running <TaskInstance: users_elt_daily.load_users scheduled__2025-11-23T00:00:00+00:00 [running]> on host be068e76f4a7
[2025-12-16T17:41:06.806+0000] {taskinstance.py:2648} INFO - Exporting env vars: AIRFLOW_CTX_DAG_OWNER='***' AIRFLOW_CTX_DAG_ID='users_elt_daily' AIRFLOW_CTX_TASK_ID='load_users' AIRFLOW_CTX_EXECUTION_DATE='2025-11-23T00:00:00+00:00' AIRFLOW_CTX_TRY_NUMBER='1' AIRFLOW_CTX_DAG_RUN_ID='scheduled__2025-11-23T00:00:00+00:00'
[2025-12-16T17:41:06.818+0000] {taskinstance.py:430} INFO - ::endgroup::
[2025-12-16T17:41:06.850+0000] {subprocess.py:63} INFO - Tmp dir root location: /tmp
[2025-12-16T17:41:06.853+0000] {subprocess.py:75} INFO - Running command: ['/usr/bin/bash', '-c', 'python /opt/***/scripts/load_users.py --ds 2025-11-23']
[2025-12-16T17:41:06.882+0000] {subprocess.py:86} INFO - Output:
[2025-12-16T17:41:07.398+0000] {subprocess.py:93} INFO - [load_users] ds=2025-11-23 inserted=8 rows
[2025-12-16T17:41:07.430+0000] {subprocess.py:97} INFO - Command exited with return code 0
[2025-12-16T17:41:07.432+0000] {taskinstance.py:441} INFO - ::group::Post task execution logs
[2025-12-16T17:41:07.483+0000] {taskinstance.py:1206} INFO - Marking task as SUCCESS. dag_id=users_elt_daily, task_id=load_users, run_id=scheduled__2025-11-23T00:00:00+00:00, execution_date=20251123T000000, start_date=20251216T174106, end_date=20251216T174107
[2025-12-16T17:41:07.639+0000] {local_task_job_runner.py:243} INFO - Task exited with return code 0
[2025-12-16T17:41:07.675+0000] {taskinstance.py:3503} INFO - 0 downstream tasks scheduled from follow-on schedule check
[2025-12-16T17:41:07.678+0000] {local_task_job_runner.py:222} INFO - ::endgroup::
