[2025-12-16T17:13:09.181+0000] {local_task_job_runner.py:120} INFO - ::group::Pre task execution logs
[2025-12-16T17:13:09.245+0000] {taskinstance.py:2076} INFO - Dependencies all met for dep_context=non-requeueable deps ti=<TaskInstance: invoices_elt_daily.extract_invoices scheduled__2025-12-03T00:00:00+00:00 [queued]>
[2025-12-16T17:13:09.258+0000] {taskinstance.py:2076} INFO - Dependencies all met for dep_context=requeueable deps ti=<TaskInstance: invoices_elt_daily.extract_invoices scheduled__2025-12-03T00:00:00+00:00 [queued]>
[2025-12-16T17:13:09.259+0000] {taskinstance.py:2306} INFO - Starting attempt 1 of 1
[2025-12-16T17:13:09.293+0000] {taskinstance.py:2330} INFO - Executing <Task(BashOperator): extract_invoices> on 2025-12-03 00:00:00+00:00
[2025-12-16T17:13:09.308+0000] {standard_task_runner.py:90} INFO - Running: ['***', 'tasks', 'run', 'invoices_elt_daily', 'extract_invoices', 'scheduled__2025-12-03T00:00:00+00:00', '--job-id', '63', '--raw', '--subdir', 'DAGS_FOLDER/invoices_elt_daily.py', '--cfg-path', '/tmp/tmp4e0w6jc8']
[2025-12-16T17:13:09.313+0000] {standard_task_runner.py:91} INFO - Job 63: Subtask extract_invoices
[2025-12-16T17:13:09.313+0000] {logging_mixin.py:188} WARNING - /home/***/.local/lib/python3.12/site-packages/***/task/task_runner/standard_task_runner.py:62 DeprecationWarning: This process (pid=236) is multi-threaded, use of fork() may lead to deadlocks in the child.
[2025-12-16T17:13:09.315+0000] {standard_task_runner.py:64} INFO - Started process 242 to run task
[2025-12-16T17:13:09.433+0000] {task_command.py:426} INFO - Running <TaskInstance: invoices_elt_daily.extract_invoices scheduled__2025-12-03T00:00:00+00:00 [running]> on host be068e76f4a7
[2025-12-16T17:13:09.604+0000] {taskinstance.py:2648} INFO - Exporting env vars: AIRFLOW_CTX_DAG_OWNER='***' AIRFLOW_CTX_DAG_ID='invoices_elt_daily' AIRFLOW_CTX_TASK_ID='extract_invoices' AIRFLOW_CTX_EXECUTION_DATE='2025-12-03T00:00:00+00:00' AIRFLOW_CTX_TRY_NUMBER='1' AIRFLOW_CTX_DAG_RUN_ID='scheduled__2025-12-03T00:00:00+00:00'
[2025-12-16T17:13:09.605+0000] {taskinstance.py:430} INFO - ::endgroup::
[2025-12-16T17:13:09.635+0000] {subprocess.py:63} INFO - Tmp dir root location: /tmp
[2025-12-16T17:13:09.637+0000] {subprocess.py:75} INFO - Running command: ['/usr/bin/bash', '-c', 'python /opt/***/scripts/extract_invoices.py --ds 2025-12-03']
[2025-12-16T17:13:09.661+0000] {subprocess.py:86} INFO - Output:
[2025-12-16T17:13:10.183+0000] {subprocess.py:93} INFO - [extract_invoices] ds=2025-12-03 not billing day -> wrote empty file
[2025-12-16T17:13:10.223+0000] {subprocess.py:97} INFO - Command exited with return code 0
[2025-12-16T17:13:10.225+0000] {taskinstance.py:441} INFO - ::group::Post task execution logs
[2025-12-16T17:13:10.289+0000] {taskinstance.py:1206} INFO - Marking task as SUCCESS. dag_id=invoices_elt_daily, task_id=extract_invoices, run_id=scheduled__2025-12-03T00:00:00+00:00, execution_date=20251203T000000, start_date=20251216T171309, end_date=20251216T171310
[2025-12-16T17:13:10.496+0000] {local_task_job_runner.py:243} INFO - Task exited with return code 0
[2025-12-16T17:13:10.549+0000] {taskinstance.py:3503} INFO - 1 downstream tasks scheduled from follow-on schedule check
[2025-12-16T17:13:10.554+0000] {local_task_job_runner.py:222} INFO - ::endgroup::
[2025-12-16T17:41:33.114+0000] {local_task_job_runner.py:120} INFO - ::group::Pre task execution logs
[2025-12-16T17:41:33.165+0000] {taskinstance.py:2076} INFO - Dependencies all met for dep_context=non-requeueable deps ti=<TaskInstance: invoices_elt_daily.extract_invoices scheduled__2025-12-03T00:00:00+00:00 [queued]>
[2025-12-16T17:41:33.176+0000] {taskinstance.py:2076} INFO - Dependencies all met for dep_context=requeueable deps ti=<TaskInstance: invoices_elt_daily.extract_invoices scheduled__2025-12-03T00:00:00+00:00 [queued]>
[2025-12-16T17:41:33.177+0000] {taskinstance.py:2306} INFO - Starting attempt 1 of 1
[2025-12-16T17:41:33.224+0000] {taskinstance.py:2330} INFO - Executing <Task(BashOperator): extract_invoices> on 2025-12-03 00:00:00+00:00
[2025-12-16T17:41:33.236+0000] {logging_mixin.py:188} WARNING - /home/***/.local/lib/python3.12/site-packages/***/task/task_runner/standard_task_runner.py:62 DeprecationWarning: This process (pid=982) is multi-threaded, use of fork() may lead to deadlocks in the child.
[2025-12-16T17:41:33.238+0000] {standard_task_runner.py:64} INFO - Started process 987 to run task
[2025-12-16T17:41:33.236+0000] {standard_task_runner.py:90} INFO - Running: ['***', 'tasks', 'run', 'invoices_elt_daily', 'extract_invoices', 'scheduled__2025-12-03T00:00:00+00:00', '--job-id', '337', '--raw', '--subdir', 'DAGS_FOLDER/invoices_elt_daily.py', '--cfg-path', '/tmp/tmpa6s6xue6']
[2025-12-16T17:41:33.240+0000] {standard_task_runner.py:91} INFO - Job 337: Subtask extract_invoices
[2025-12-16T17:41:33.335+0000] {task_command.py:426} INFO - Running <TaskInstance: invoices_elt_daily.extract_invoices scheduled__2025-12-03T00:00:00+00:00 [running]> on host be068e76f4a7
[2025-12-16T17:41:33.638+0000] {taskinstance.py:2648} INFO - Exporting env vars: AIRFLOW_CTX_DAG_OWNER='***' AIRFLOW_CTX_DAG_ID='invoices_elt_daily' AIRFLOW_CTX_TASK_ID='extract_invoices' AIRFLOW_CTX_EXECUTION_DATE='2025-12-03T00:00:00+00:00' AIRFLOW_CTX_TRY_NUMBER='1' AIRFLOW_CTX_DAG_RUN_ID='scheduled__2025-12-03T00:00:00+00:00'
[2025-12-16T17:41:33.640+0000] {taskinstance.py:430} INFO - ::endgroup::
[2025-12-16T17:41:33.703+0000] {subprocess.py:63} INFO - Tmp dir root location: /tmp
[2025-12-16T17:41:33.708+0000] {subprocess.py:75} INFO - Running command: ['/usr/bin/bash', '-c', 'python /opt/***/scripts/extract_invoices.py --ds 2025-12-03']
[2025-12-16T17:41:33.770+0000] {subprocess.py:86} INFO - Output:
[2025-12-16T17:41:34.526+0000] {subprocess.py:93} INFO - [extract_invoices] ds=2025-12-03 already exists -> skip
[2025-12-16T17:41:34.576+0000] {subprocess.py:97} INFO - Command exited with return code 0
[2025-12-16T17:41:34.577+0000] {taskinstance.py:441} INFO - ::group::Post task execution logs
[2025-12-16T17:41:34.641+0000] {taskinstance.py:1206} INFO - Marking task as SUCCESS. dag_id=invoices_elt_daily, task_id=extract_invoices, run_id=scheduled__2025-12-03T00:00:00+00:00, execution_date=20251203T000000, start_date=20251216T174133, end_date=20251216T174134
[2025-12-16T17:41:34.709+0000] {local_task_job_runner.py:243} INFO - Task exited with return code 0
[2025-12-16T17:41:34.760+0000] {taskinstance.py:3503} INFO - 1 downstream tasks scheduled from follow-on schedule check
[2025-12-16T17:41:34.765+0000] {local_task_job_runner.py:222} INFO - ::endgroup::
