[2025-12-16T17:31:39.116+0000] {local_task_job_runner.py:120} INFO - ::group::Pre task execution logs
[2025-12-16T17:31:39.169+0000] {taskinstance.py:2076} INFO - Dependencies all met for dep_context=non-requeueable deps ti=<TaskInstance: users_elt_daily.extract_users scheduled__2025-11-30T00:00:00+00:00 [queued]>
[2025-12-16T17:31:39.180+0000] {taskinstance.py:2076} INFO - Dependencies all met for dep_context=requeueable deps ti=<TaskInstance: users_elt_daily.extract_users scheduled__2025-11-30T00:00:00+00:00 [queued]>
[2025-12-16T17:31:39.181+0000] {taskinstance.py:2306} INFO - Starting attempt 1 of 1
[2025-12-16T17:31:39.196+0000] {taskinstance.py:2330} INFO - Executing <Task(BashOperator): extract_users> on 2025-11-30 00:00:00+00:00
[2025-12-16T17:31:39.206+0000] {logging_mixin.py:188} WARNING - /home/***/.local/lib/python3.12/site-packages/***/task/task_runner/standard_task_runner.py:62 DeprecationWarning: This process (pid=1240) is multi-threaded, use of fork() may lead to deadlocks in the child.
[2025-12-16T17:31:39.208+0000] {standard_task_runner.py:64} INFO - Started process 1241 to run task
[2025-12-16T17:31:39.206+0000] {standard_task_runner.py:90} INFO - Running: ['***', 'tasks', 'run', 'users_elt_daily', 'extract_users', 'scheduled__2025-11-30T00:00:00+00:00', '--job-id', '149', '--raw', '--subdir', 'DAGS_FOLDER/users_elt_daily.py', '--cfg-path', '/tmp/tmp0wp3avdi']
[2025-12-16T17:31:39.209+0000] {standard_task_runner.py:91} INFO - Job 149: Subtask extract_users
[2025-12-16T17:31:39.293+0000] {task_command.py:426} INFO - Running <TaskInstance: users_elt_daily.extract_users scheduled__2025-11-30T00:00:00+00:00 [running]> on host be068e76f4a7
[2025-12-16T17:31:39.410+0000] {taskinstance.py:2648} INFO - Exporting env vars: AIRFLOW_CTX_DAG_OWNER='***' AIRFLOW_CTX_DAG_ID='users_elt_daily' AIRFLOW_CTX_TASK_ID='extract_users' AIRFLOW_CTX_EXECUTION_DATE='2025-11-30T00:00:00+00:00' AIRFLOW_CTX_TRY_NUMBER='1' AIRFLOW_CTX_DAG_RUN_ID='scheduled__2025-11-30T00:00:00+00:00'
[2025-12-16T17:31:39.411+0000] {taskinstance.py:430} INFO - ::endgroup::
[2025-12-16T17:31:39.429+0000] {subprocess.py:63} INFO - Tmp dir root location: /tmp
[2025-12-16T17:31:39.431+0000] {subprocess.py:75} INFO - Running command: ['/usr/bin/bash', '-c', 'python /opt/***/scripts/extract_users.py --ds 2025-11-30']
[2025-12-16T17:31:39.449+0000] {subprocess.py:86} INFO - Output:
[2025-12-16T17:31:39.709+0000] {subprocess.py:93} INFO - [extract_users] ds=2025-11-30 wrote=/opt/***/data/source/users/users_2025-11-30.json new_users=9 last_user_id=367
[2025-12-16T17:31:39.723+0000] {subprocess.py:97} INFO - Command exited with return code 0
[2025-12-16T17:31:39.725+0000] {taskinstance.py:441} INFO - ::group::Post task execution logs
[2025-12-16T17:31:39.762+0000] {taskinstance.py:1206} INFO - Marking task as SUCCESS. dag_id=users_elt_daily, task_id=extract_users, run_id=scheduled__2025-11-30T00:00:00+00:00, execution_date=20251130T000000, start_date=20251216T173139, end_date=20251216T173139
[2025-12-16T17:31:39.825+0000] {local_task_job_runner.py:243} INFO - Task exited with return code 0
[2025-12-16T17:31:39.846+0000] {local_task_job_runner.py:222} INFO - ::endgroup::
[2025-12-16T17:41:10.352+0000] {local_task_job_runner.py:120} INFO - ::group::Pre task execution logs
[2025-12-16T17:41:10.418+0000] {taskinstance.py:2076} INFO - Dependencies all met for dep_context=non-requeueable deps ti=<TaskInstance: users_elt_daily.extract_users scheduled__2025-11-30T00:00:00+00:00 [queued]>
[2025-12-16T17:41:10.437+0000] {taskinstance.py:2076} INFO - Dependencies all met for dep_context=requeueable deps ti=<TaskInstance: users_elt_daily.extract_users scheduled__2025-11-30T00:00:00+00:00 [queued]>
[2025-12-16T17:41:10.438+0000] {taskinstance.py:2306} INFO - Starting attempt 1 of 1
[2025-12-16T17:41:10.465+0000] {taskinstance.py:2330} INFO - Executing <Task(BashOperator): extract_users> on 2025-11-30 00:00:00+00:00
[2025-12-16T17:41:10.482+0000] {logging_mixin.py:188} WARNING - /home/***/.local/lib/python3.12/site-packages/***/task/task_runner/standard_task_runner.py:62 DeprecationWarning: This process (pid=688) is multi-threaded, use of fork() may lead to deadlocks in the child.
[2025-12-16T17:41:10.485+0000] {standard_task_runner.py:64} INFO - Started process 695 to run task
[2025-12-16T17:41:10.482+0000] {standard_task_runner.py:90} INFO - Running: ['***', 'tasks', 'run', 'users_elt_daily', 'extract_users', 'scheduled__2025-11-30T00:00:00+00:00', '--job-id', '246', '--raw', '--subdir', 'DAGS_FOLDER/users_elt_daily.py', '--cfg-path', '/tmp/tmpaymer17u']
[2025-12-16T17:41:10.487+0000] {standard_task_runner.py:91} INFO - Job 246: Subtask extract_users
[2025-12-16T17:41:10.609+0000] {task_command.py:426} INFO - Running <TaskInstance: users_elt_daily.extract_users scheduled__2025-11-30T00:00:00+00:00 [running]> on host be068e76f4a7
[2025-12-16T17:41:10.831+0000] {taskinstance.py:2648} INFO - Exporting env vars: AIRFLOW_CTX_DAG_OWNER='***' AIRFLOW_CTX_DAG_ID='users_elt_daily' AIRFLOW_CTX_TASK_ID='extract_users' AIRFLOW_CTX_EXECUTION_DATE='2025-11-30T00:00:00+00:00' AIRFLOW_CTX_TRY_NUMBER='1' AIRFLOW_CTX_DAG_RUN_ID='scheduled__2025-11-30T00:00:00+00:00'
[2025-12-16T17:41:10.834+0000] {taskinstance.py:430} INFO - ::endgroup::
[2025-12-16T17:41:10.866+0000] {subprocess.py:63} INFO - Tmp dir root location: /tmp
[2025-12-16T17:41:10.870+0000] {subprocess.py:75} INFO - Running command: ['/usr/bin/bash', '-c', 'python /opt/***/scripts/extract_users.py --ds 2025-11-30']
[2025-12-16T17:41:10.901+0000] {subprocess.py:86} INFO - Output:
[2025-12-16T17:41:11.429+0000] {subprocess.py:93} INFO - [extract_users] ds=2025-11-30 already exists -> skip (/opt/***/data/source/users/users_2025-11-30.json)
[2025-12-16T17:41:11.460+0000] {subprocess.py:97} INFO - Command exited with return code 0
[2025-12-16T17:41:11.464+0000] {taskinstance.py:441} INFO - ::group::Post task execution logs
[2025-12-16T17:41:11.536+0000] {taskinstance.py:1206} INFO - Marking task as SUCCESS. dag_id=users_elt_daily, task_id=extract_users, run_id=scheduled__2025-11-30T00:00:00+00:00, execution_date=20251130T000000, start_date=20251216T174110, end_date=20251216T174111
[2025-12-16T17:41:11.638+0000] {local_task_job_runner.py:243} INFO - Task exited with return code 0
[2025-12-16T17:41:11.709+0000] {taskinstance.py:3503} INFO - 1 downstream tasks scheduled from follow-on schedule check
[2025-12-16T17:41:11.730+0000] {local_task_job_runner.py:222} INFO - ::endgroup::
