[2025-12-16T17:13:11.451+0000] {local_task_job_runner.py:120} INFO - ::group::Pre task execution logs
[2025-12-16T17:13:11.544+0000] {taskinstance.py:2076} INFO - Dependencies all met for dep_context=non-requeueable deps ti=<TaskInstance: invoices_elt_daily.load_invoices scheduled__2025-12-03T00:00:00+00:00 [queued]>
[2025-12-16T17:13:11.571+0000] {taskinstance.py:2076} INFO - Dependencies all met for dep_context=requeueable deps ti=<TaskInstance: invoices_elt_daily.load_invoices scheduled__2025-12-03T00:00:00+00:00 [queued]>
[2025-12-16T17:13:11.573+0000] {taskinstance.py:2306} INFO - Starting attempt 1 of 1
[2025-12-16T17:13:11.620+0000] {taskinstance.py:2330} INFO - Executing <Task(BashOperator): load_invoices> on 2025-12-03 00:00:00+00:00
[2025-12-16T17:13:11.642+0000] {standard_task_runner.py:90} INFO - Running: ['***', 'tasks', 'run', 'invoices_elt_daily', 'load_invoices', 'scheduled__2025-12-03T00:00:00+00:00', '--job-id', '75', '--raw', '--subdir', 'DAGS_FOLDER/invoices_elt_daily.py', '--cfg-path', '/tmp/tmps0nh9h2_']
[2025-12-16T17:13:11.648+0000] {standard_task_runner.py:91} INFO - Job 75: Subtask load_invoices
[2025-12-16T17:13:11.651+0000] {logging_mixin.py:188} WARNING - /home/***/.local/lib/python3.12/site-packages/***/task/task_runner/standard_task_runner.py:62 DeprecationWarning: This process (pid=276) is multi-threaded, use of fork() may lead to deadlocks in the child.
[2025-12-16T17:13:11.654+0000] {standard_task_runner.py:64} INFO - Started process 299 to run task
[2025-12-16T17:13:11.820+0000] {task_command.py:426} INFO - Running <TaskInstance: invoices_elt_daily.load_invoices scheduled__2025-12-03T00:00:00+00:00 [running]> on host be068e76f4a7
[2025-12-16T17:13:12.073+0000] {taskinstance.py:2648} INFO - Exporting env vars: AIRFLOW_CTX_DAG_OWNER='***' AIRFLOW_CTX_DAG_ID='invoices_elt_daily' AIRFLOW_CTX_TASK_ID='load_invoices' AIRFLOW_CTX_EXECUTION_DATE='2025-12-03T00:00:00+00:00' AIRFLOW_CTX_TRY_NUMBER='1' AIRFLOW_CTX_DAG_RUN_ID='scheduled__2025-12-03T00:00:00+00:00'
[2025-12-16T17:13:12.079+0000] {taskinstance.py:430} INFO - ::endgroup::
[2025-12-16T17:13:12.131+0000] {subprocess.py:63} INFO - Tmp dir root location: /tmp
[2025-12-16T17:13:12.136+0000] {subprocess.py:75} INFO - Running command: ['/usr/bin/bash', '-c', 'python /opt/***/scripts/load_invoices.py --ds 2025-12-03']
[2025-12-16T17:13:12.199+0000] {subprocess.py:86} INFO - Output:
[2025-12-16T17:13:13.228+0000] {subprocess.py:93} INFO - [load_invoices] ds=2025-12-03 inserted=0
[2025-12-16T17:13:13.301+0000] {subprocess.py:97} INFO - Command exited with return code 0
[2025-12-16T17:13:13.310+0000] {taskinstance.py:441} INFO - ::group::Post task execution logs
[2025-12-16T17:13:13.429+0000] {taskinstance.py:1206} INFO - Marking task as SUCCESS. dag_id=invoices_elt_daily, task_id=load_invoices, run_id=scheduled__2025-12-03T00:00:00+00:00, execution_date=20251203T000000, start_date=20251216T171311, end_date=20251216T171313
[2025-12-16T17:13:13.526+0000] {local_task_job_runner.py:243} INFO - Task exited with return code 0
[2025-12-16T17:13:13.573+0000] {local_task_job_runner.py:222} INFO - ::endgroup::
[2025-12-16T17:41:35.340+0000] {local_task_job_runner.py:120} INFO - ::group::Pre task execution logs
[2025-12-16T17:41:35.435+0000] {taskinstance.py:2076} INFO - Dependencies all met for dep_context=non-requeueable deps ti=<TaskInstance: invoices_elt_daily.load_invoices scheduled__2025-12-03T00:00:00+00:00 [queued]>
[2025-12-16T17:41:35.456+0000] {taskinstance.py:2076} INFO - Dependencies all met for dep_context=requeueable deps ti=<TaskInstance: invoices_elt_daily.load_invoices scheduled__2025-12-03T00:00:00+00:00 [queued]>
[2025-12-16T17:41:35.458+0000] {taskinstance.py:2306} INFO - Starting attempt 1 of 1
[2025-12-16T17:41:35.558+0000] {taskinstance.py:2330} INFO - Executing <Task(BashOperator): load_invoices> on 2025-12-03 00:00:00+00:00
[2025-12-16T17:41:35.580+0000] {logging_mixin.py:188} WARNING - /home/***/.local/lib/python3.12/site-packages/***/task/task_runner/standard_task_runner.py:62 DeprecationWarning: This process (pid=1006) is multi-threaded, use of fork() may lead to deadlocks in the child.
[2025-12-16T17:41:35.584+0000] {standard_task_runner.py:64} INFO - Started process 1015 to run task
[2025-12-16T17:41:35.581+0000] {standard_task_runner.py:90} INFO - Running: ['***', 'tasks', 'run', 'invoices_elt_daily', 'load_invoices', 'scheduled__2025-12-03T00:00:00+00:00', '--job-id', '346', '--raw', '--subdir', 'DAGS_FOLDER/invoices_elt_daily.py', '--cfg-path', '/tmp/tmp8ph3scyw']
[2025-12-16T17:41:35.587+0000] {standard_task_runner.py:91} INFO - Job 346: Subtask load_invoices
[2025-12-16T17:41:35.754+0000] {task_command.py:426} INFO - Running <TaskInstance: invoices_elt_daily.load_invoices scheduled__2025-12-03T00:00:00+00:00 [running]> on host be068e76f4a7
[2025-12-16T17:41:35.969+0000] {taskinstance.py:2648} INFO - Exporting env vars: AIRFLOW_CTX_DAG_OWNER='***' AIRFLOW_CTX_DAG_ID='invoices_elt_daily' AIRFLOW_CTX_TASK_ID='load_invoices' AIRFLOW_CTX_EXECUTION_DATE='2025-12-03T00:00:00+00:00' AIRFLOW_CTX_TRY_NUMBER='1' AIRFLOW_CTX_DAG_RUN_ID='scheduled__2025-12-03T00:00:00+00:00'
[2025-12-16T17:41:35.971+0000] {taskinstance.py:430} INFO - ::endgroup::
[2025-12-16T17:41:36.005+0000] {subprocess.py:63} INFO - Tmp dir root location: /tmp
[2025-12-16T17:41:36.011+0000] {subprocess.py:75} INFO - Running command: ['/usr/bin/bash', '-c', 'python /opt/***/scripts/load_invoices.py --ds 2025-12-03']
[2025-12-16T17:41:36.048+0000] {subprocess.py:86} INFO - Output:
[2025-12-16T17:41:36.641+0000] {subprocess.py:93} INFO - [load_invoices] ds=2025-12-03 inserted=0
[2025-12-16T17:41:36.693+0000] {subprocess.py:97} INFO - Command exited with return code 0
[2025-12-16T17:41:36.695+0000] {taskinstance.py:441} INFO - ::group::Post task execution logs
[2025-12-16T17:41:36.772+0000] {taskinstance.py:1206} INFO - Marking task as SUCCESS. dag_id=invoices_elt_daily, task_id=load_invoices, run_id=scheduled__2025-12-03T00:00:00+00:00, execution_date=20251203T000000, start_date=20251216T174135, end_date=20251216T174136
[2025-12-16T17:41:36.858+0000] {local_task_job_runner.py:243} INFO - Task exited with return code 0
[2025-12-16T17:41:36.906+0000] {taskinstance.py:3503} INFO - 0 downstream tasks scheduled from follow-on schedule check
[2025-12-16T17:41:36.913+0000] {local_task_job_runner.py:222} INFO - ::endgroup::
