[2025-12-16T17:31:47.207+0000] {local_task_job_runner.py:120} INFO - ::group::Pre task execution logs
[2025-12-16T17:31:47.250+0000] {taskinstance.py:2076} INFO - Dependencies all met for dep_context=non-requeueable deps ti=<TaskInstance: users_elt_daily.extract_users scheduled__2025-12-15T00:00:00+00:00 [queued]>
[2025-12-16T17:31:47.261+0000] {taskinstance.py:2076} INFO - Dependencies all met for dep_context=requeueable deps ti=<TaskInstance: users_elt_daily.extract_users scheduled__2025-12-15T00:00:00+00:00 [queued]>
[2025-12-16T17:31:47.262+0000] {taskinstance.py:2306} INFO - Starting attempt 1 of 1
[2025-12-16T17:31:47.278+0000] {taskinstance.py:2330} INFO - Executing <Task(BashOperator): extract_users> on 2025-12-15 00:00:00+00:00
[2025-12-16T17:31:47.288+0000] {standard_task_runner.py:90} INFO - Running: ['***', 'tasks', 'run', 'users_elt_daily', 'extract_users', 'scheduled__2025-12-15T00:00:00+00:00', '--job-id', '175', '--raw', '--subdir', 'DAGS_FOLDER/users_elt_daily.py', '--cfg-path', '/tmp/tmpgzc7g85g']
[2025-12-16T17:31:47.289+0000] {logging_mixin.py:188} WARNING - /home/***/.local/lib/python3.12/site-packages/***/task/task_runner/standard_task_runner.py:62 DeprecationWarning: This process (pid=1316) is multi-threaded, use of fork() may lead to deadlocks in the child.
[2025-12-16T17:31:47.291+0000] {standard_task_runner.py:91} INFO - Job 175: Subtask extract_users
[2025-12-16T17:31:47.292+0000] {standard_task_runner.py:64} INFO - Started process 1318 to run task
[2025-12-16T17:31:47.378+0000] {task_command.py:426} INFO - Running <TaskInstance: users_elt_daily.extract_users scheduled__2025-12-15T00:00:00+00:00 [running]> on host be068e76f4a7
[2025-12-16T17:31:47.509+0000] {taskinstance.py:2648} INFO - Exporting env vars: AIRFLOW_CTX_DAG_OWNER='***' AIRFLOW_CTX_DAG_ID='users_elt_daily' AIRFLOW_CTX_TASK_ID='extract_users' AIRFLOW_CTX_EXECUTION_DATE='2025-12-15T00:00:00+00:00' AIRFLOW_CTX_TRY_NUMBER='1' AIRFLOW_CTX_DAG_RUN_ID='scheduled__2025-12-15T00:00:00+00:00'
[2025-12-16T17:31:47.510+0000] {taskinstance.py:430} INFO - ::endgroup::
[2025-12-16T17:31:47.531+0000] {subprocess.py:63} INFO - Tmp dir root location: /tmp
[2025-12-16T17:31:47.533+0000] {subprocess.py:75} INFO - Running command: ['/usr/bin/bash', '-c', 'python /opt/***/scripts/extract_users.py --ds 2025-12-15']
[2025-12-16T17:31:47.550+0000] {subprocess.py:86} INFO - Output:
[2025-12-16T17:31:47.789+0000] {subprocess.py:93} INFO - [extract_users] ds=2025-12-15 wrote=/opt/***/data/source/users/users_2025-12-15.json new_users=11 last_user_id=516
[2025-12-16T17:31:47.803+0000] {subprocess.py:97} INFO - Command exited with return code 0
[2025-12-16T17:31:47.804+0000] {taskinstance.py:441} INFO - ::group::Post task execution logs
[2025-12-16T17:31:47.836+0000] {taskinstance.py:1206} INFO - Marking task as SUCCESS. dag_id=users_elt_daily, task_id=extract_users, run_id=scheduled__2025-12-15T00:00:00+00:00, execution_date=20251215T000000, start_date=20251216T173147, end_date=20251216T173147
[2025-12-16T17:31:47.868+0000] {local_task_job_runner.py:243} INFO - Task exited with return code 0
[2025-12-16T17:31:47.894+0000] {taskinstance.py:3503} INFO - 1 downstream tasks scheduled from follow-on schedule check
[2025-12-16T17:31:47.897+0000] {local_task_job_runner.py:222} INFO - ::endgroup::
[2025-12-16T17:41:24.165+0000] {local_task_job_runner.py:120} INFO - ::group::Pre task execution logs
[2025-12-16T17:41:24.267+0000] {taskinstance.py:2076} INFO - Dependencies all met for dep_context=non-requeueable deps ti=<TaskInstance: users_elt_daily.extract_users scheduled__2025-12-15T00:00:00+00:00 [queued]>
[2025-12-16T17:41:24.293+0000] {taskinstance.py:2076} INFO - Dependencies all met for dep_context=requeueable deps ti=<TaskInstance: users_elt_daily.extract_users scheduled__2025-12-15T00:00:00+00:00 [queued]>
[2025-12-16T17:41:24.295+0000] {taskinstance.py:2306} INFO - Starting attempt 1 of 1
[2025-12-16T17:41:24.346+0000] {taskinstance.py:2330} INFO - Executing <Task(BashOperator): extract_users> on 2025-12-15 00:00:00+00:00
[2025-12-16T17:41:24.367+0000] {logging_mixin.py:188} WARNING - /home/***/.local/lib/python3.12/site-packages/***/task/task_runner/standard_task_runner.py:62 DeprecationWarning: This process (pid=880) is multi-threaded, use of fork() may lead to deadlocks in the child.
[2025-12-16T17:41:24.367+0000] {standard_task_runner.py:90} INFO - Running: ['***', 'tasks', 'run', 'users_elt_daily', 'extract_users', 'scheduled__2025-12-15T00:00:00+00:00', '--job-id', '306', '--raw', '--subdir', 'DAGS_FOLDER/users_elt_daily.py', '--cfg-path', '/tmp/tmpgi8f_pdq']
[2025-12-16T17:41:24.372+0000] {standard_task_runner.py:91} INFO - Job 306: Subtask extract_users
[2025-12-16T17:41:24.370+0000] {standard_task_runner.py:64} INFO - Started process 892 to run task
[2025-12-16T17:41:24.576+0000] {task_command.py:426} INFO - Running <TaskInstance: users_elt_daily.extract_users scheduled__2025-12-15T00:00:00+00:00 [running]> on host be068e76f4a7
[2025-12-16T17:41:24.928+0000] {taskinstance.py:2648} INFO - Exporting env vars: AIRFLOW_CTX_DAG_OWNER='***' AIRFLOW_CTX_DAG_ID='users_elt_daily' AIRFLOW_CTX_TASK_ID='extract_users' AIRFLOW_CTX_EXECUTION_DATE='2025-12-15T00:00:00+00:00' AIRFLOW_CTX_TRY_NUMBER='1' AIRFLOW_CTX_DAG_RUN_ID='scheduled__2025-12-15T00:00:00+00:00'
[2025-12-16T17:41:24.930+0000] {taskinstance.py:430} INFO - ::endgroup::
[2025-12-16T17:41:24.988+0000] {subprocess.py:63} INFO - Tmp dir root location: /tmp
[2025-12-16T17:41:24.992+0000] {subprocess.py:75} INFO - Running command: ['/usr/bin/bash', '-c', 'python /opt/***/scripts/extract_users.py --ds 2025-12-15']
[2025-12-16T17:41:25.026+0000] {subprocess.py:86} INFO - Output:
[2025-12-16T17:41:25.505+0000] {subprocess.py:93} INFO - [extract_users] ds=2025-12-15 already exists -> skip (/opt/***/data/source/users/users_2025-12-15.json)
[2025-12-16T17:41:25.529+0000] {subprocess.py:97} INFO - Command exited with return code 0
[2025-12-16T17:41:25.532+0000] {taskinstance.py:441} INFO - ::group::Post task execution logs
[2025-12-16T17:41:25.617+0000] {taskinstance.py:1206} INFO - Marking task as SUCCESS. dag_id=users_elt_daily, task_id=extract_users, run_id=scheduled__2025-12-15T00:00:00+00:00, execution_date=20251215T000000, start_date=20251216T174124, end_date=20251216T174125
[2025-12-16T17:41:25.701+0000] {local_task_job_runner.py:243} INFO - Task exited with return code 0
[2025-12-16T17:41:25.738+0000] {local_task_job_runner.py:222} INFO - ::endgroup::
