[2025-12-16T17:31:23.982+0000] {local_task_job_runner.py:120} INFO - ::group::Pre task execution logs
[2025-12-16T17:31:24.043+0000] {taskinstance.py:2076} INFO - Dependencies all met for dep_context=non-requeueable deps ti=<TaskInstance: users_elt_daily.extract_users scheduled__2025-11-02T00:00:00+00:00 [queued]>
[2025-12-16T17:31:24.055+0000] {taskinstance.py:2076} INFO - Dependencies all met for dep_context=requeueable deps ti=<TaskInstance: users_elt_daily.extract_users scheduled__2025-11-02T00:00:00+00:00 [queued]>
[2025-12-16T17:31:24.057+0000] {taskinstance.py:2306} INFO - Starting attempt 1 of 1
[2025-12-16T17:31:24.082+0000] {taskinstance.py:2330} INFO - Executing <Task(BashOperator): extract_users> on 2025-11-02 00:00:00+00:00
[2025-12-16T17:31:24.097+0000] {logging_mixin.py:188} WARNING - /home/***/.local/lib/python3.12/site-packages/***/task/task_runner/standard_task_runner.py:62 DeprecationWarning: This process (pid=1061) is multi-threaded, use of fork() may lead to deadlocks in the child.
[2025-12-16T17:31:24.096+0000] {standard_task_runner.py:90} INFO - Running: ['***', 'tasks', 'run', 'users_elt_daily', 'extract_users', 'scheduled__2025-11-02T00:00:00+00:00', '--job-id', '95', '--raw', '--subdir', 'DAGS_FOLDER/users_elt_daily.py', '--cfg-path', '/tmp/tmp2umxqtx_']
[2025-12-16T17:31:24.100+0000] {standard_task_runner.py:64} INFO - Started process 1066 to run task
[2025-12-16T17:31:24.100+0000] {standard_task_runner.py:91} INFO - Job 95: Subtask extract_users
[2025-12-16T17:31:24.206+0000] {task_command.py:426} INFO - Running <TaskInstance: users_elt_daily.extract_users scheduled__2025-11-02T00:00:00+00:00 [running]> on host be068e76f4a7
[2025-12-16T17:31:24.365+0000] {taskinstance.py:2648} INFO - Exporting env vars: AIRFLOW_CTX_DAG_OWNER='***' AIRFLOW_CTX_DAG_ID='users_elt_daily' AIRFLOW_CTX_TASK_ID='extract_users' AIRFLOW_CTX_EXECUTION_DATE='2025-11-02T00:00:00+00:00' AIRFLOW_CTX_TRY_NUMBER='1' AIRFLOW_CTX_DAG_RUN_ID='scheduled__2025-11-02T00:00:00+00:00'
[2025-12-16T17:31:24.367+0000] {taskinstance.py:430} INFO - ::endgroup::
[2025-12-16T17:31:24.409+0000] {subprocess.py:63} INFO - Tmp dir root location: /tmp
[2025-12-16T17:31:24.412+0000] {subprocess.py:75} INFO - Running command: ['/usr/bin/bash', '-c', 'python /opt/***/scripts/extract_users.py --ds 2025-11-02']
[2025-12-16T17:31:24.439+0000] {subprocess.py:86} INFO - Output:
[2025-12-16T17:31:24.924+0000] {subprocess.py:93} INFO - [extract_users] ds=2025-11-02 wrote=/opt/***/data/source/users/users_2025-11-02.json new_users=9 last_user_id=44
[2025-12-16T17:31:24.953+0000] {subprocess.py:97} INFO - Command exited with return code 0
[2025-12-16T17:31:24.955+0000] {taskinstance.py:441} INFO - ::group::Post task execution logs
[2025-12-16T17:31:25.013+0000] {taskinstance.py:1206} INFO - Marking task as SUCCESS. dag_id=users_elt_daily, task_id=extract_users, run_id=scheduled__2025-11-02T00:00:00+00:00, execution_date=20251102T000000, start_date=20251216T173124, end_date=20251216T173125
[2025-12-16T17:31:25.079+0000] {local_task_job_runner.py:243} INFO - Task exited with return code 0
[2025-12-16T17:31:25.121+0000] {taskinstance.py:3503} INFO - 1 downstream tasks scheduled from follow-on schedule check
[2025-12-16T17:31:25.126+0000] {local_task_job_runner.py:222} INFO - ::endgroup::
[2025-12-16T17:40:54.393+0000] {local_task_job_runner.py:120} INFO - ::group::Pre task execution logs
[2025-12-16T17:40:54.456+0000] {taskinstance.py:2076} INFO - Dependencies all met for dep_context=non-requeueable deps ti=<TaskInstance: users_elt_daily.extract_users scheduled__2025-11-02T00:00:00+00:00 [queued]>
[2025-12-16T17:40:54.469+0000] {taskinstance.py:2076} INFO - Dependencies all met for dep_context=requeueable deps ti=<TaskInstance: users_elt_daily.extract_users scheduled__2025-11-02T00:00:00+00:00 [queued]>
[2025-12-16T17:40:54.473+0000] {taskinstance.py:2306} INFO - Starting attempt 1 of 1
[2025-12-16T17:40:54.550+0000] {taskinstance.py:2330} INFO - Executing <Task(BashOperator): extract_users> on 2025-11-02 00:00:00+00:00
[2025-12-16T17:40:54.563+0000] {standard_task_runner.py:90} INFO - Running: ['***', 'tasks', 'run', 'users_elt_daily', 'extract_users', 'scheduled__2025-11-02T00:00:00+00:00', '--job-id', '185', '--raw', '--subdir', 'DAGS_FOLDER/users_elt_daily.py', '--cfg-path', '/tmp/tmpvds5dqqq']
[2025-12-16T17:40:54.567+0000] {logging_mixin.py:188} WARNING - /home/***/.local/lib/python3.12/site-packages/***/task/task_runner/standard_task_runner.py:62 DeprecationWarning: This process (pid=502) is multi-threaded, use of fork() may lead to deadlocks in the child.
[2025-12-16T17:40:54.568+0000] {standard_task_runner.py:91} INFO - Job 185: Subtask extract_users
[2025-12-16T17:40:54.570+0000] {standard_task_runner.py:64} INFO - Started process 509 to run task
[2025-12-16T17:40:54.689+0000] {task_command.py:426} INFO - Running <TaskInstance: users_elt_daily.extract_users scheduled__2025-11-02T00:00:00+00:00 [running]> on host be068e76f4a7
[2025-12-16T17:40:54.855+0000] {taskinstance.py:2648} INFO - Exporting env vars: AIRFLOW_CTX_DAG_OWNER='***' AIRFLOW_CTX_DAG_ID='users_elt_daily' AIRFLOW_CTX_TASK_ID='extract_users' AIRFLOW_CTX_EXECUTION_DATE='2025-11-02T00:00:00+00:00' AIRFLOW_CTX_TRY_NUMBER='1' AIRFLOW_CTX_DAG_RUN_ID='scheduled__2025-11-02T00:00:00+00:00'
[2025-12-16T17:40:54.858+0000] {taskinstance.py:430} INFO - ::endgroup::
[2025-12-16T17:40:54.890+0000] {subprocess.py:63} INFO - Tmp dir root location: /tmp
[2025-12-16T17:40:54.894+0000] {subprocess.py:75} INFO - Running command: ['/usr/bin/bash', '-c', 'python /opt/***/scripts/extract_users.py --ds 2025-11-02']
[2025-12-16T17:40:54.922+0000] {subprocess.py:86} INFO - Output:
[2025-12-16T17:40:55.408+0000] {subprocess.py:93} INFO - [extract_users] ds=2025-11-02 already exists -> skip (/opt/***/data/source/users/users_2025-11-02.json)
[2025-12-16T17:40:55.428+0000] {subprocess.py:97} INFO - Command exited with return code 0
[2025-12-16T17:40:55.430+0000] {taskinstance.py:441} INFO - ::group::Post task execution logs
[2025-12-16T17:40:55.477+0000] {taskinstance.py:1206} INFO - Marking task as SUCCESS. dag_id=users_elt_daily, task_id=extract_users, run_id=scheduled__2025-11-02T00:00:00+00:00, execution_date=20251102T000000, start_date=20251216T174054, end_date=20251216T174055
[2025-12-16T17:40:55.550+0000] {local_task_job_runner.py:243} INFO - Task exited with return code 0
[2025-12-16T17:40:55.598+0000] {taskinstance.py:3503} INFO - 1 downstream tasks scheduled from follow-on schedule check
[2025-12-16T17:40:55.603+0000] {local_task_job_runner.py:222} INFO - ::endgroup::
