[2025-12-16T17:31:29.431+0000] {local_task_job_runner.py:120} INFO - ::group::Pre task execution logs
[2025-12-16T17:31:29.470+0000] {taskinstance.py:2076} INFO - Dependencies all met for dep_context=non-requeueable deps ti=<TaskInstance: users_elt_daily.load_users scheduled__2025-11-14T00:00:00+00:00 [queued]>
[2025-12-16T17:31:29.481+0000] {taskinstance.py:2076} INFO - Dependencies all met for dep_context=requeueable deps ti=<TaskInstance: users_elt_daily.load_users scheduled__2025-11-14T00:00:00+00:00 [queued]>
[2025-12-16T17:31:29.482+0000] {taskinstance.py:2306} INFO - Starting attempt 1 of 1
[2025-12-16T17:31:29.498+0000] {taskinstance.py:2330} INFO - Executing <Task(BashOperator): load_users> on 2025-11-14 00:00:00+00:00
[2025-12-16T17:31:29.512+0000] {logging_mixin.py:188} WARNING - /home/***/.local/lib/python3.12/site-packages/***/task/task_runner/standard_task_runner.py:62 DeprecationWarning: This process (pid=1144) is multi-threaded, use of fork() may lead to deadlocks in the child.
[2025-12-16T17:31:29.511+0000] {standard_task_runner.py:90} INFO - Running: ['***', 'tasks', 'run', 'users_elt_daily', 'load_users', 'scheduled__2025-11-14T00:00:00+00:00', '--job-id', '124', '--raw', '--subdir', 'DAGS_FOLDER/users_elt_daily.py', '--cfg-path', '/tmp/tmpgmwdowm7']
[2025-12-16T17:31:29.515+0000] {standard_task_runner.py:64} INFO - Started process 1151 to run task
[2025-12-16T17:31:29.516+0000] {standard_task_runner.py:91} INFO - Job 124: Subtask load_users
[2025-12-16T17:31:29.592+0000] {task_command.py:426} INFO - Running <TaskInstance: users_elt_daily.load_users scheduled__2025-11-14T00:00:00+00:00 [running]> on host be068e76f4a7
[2025-12-16T17:31:29.701+0000] {taskinstance.py:2648} INFO - Exporting env vars: AIRFLOW_CTX_DAG_OWNER='***' AIRFLOW_CTX_DAG_ID='users_elt_daily' AIRFLOW_CTX_TASK_ID='load_users' AIRFLOW_CTX_EXECUTION_DATE='2025-11-14T00:00:00+00:00' AIRFLOW_CTX_TRY_NUMBER='1' AIRFLOW_CTX_DAG_RUN_ID='scheduled__2025-11-14T00:00:00+00:00'
[2025-12-16T17:31:29.702+0000] {taskinstance.py:430} INFO - ::endgroup::
[2025-12-16T17:31:29.718+0000] {subprocess.py:63} INFO - Tmp dir root location: /tmp
[2025-12-16T17:31:29.720+0000] {subprocess.py:75} INFO - Running command: ['/usr/bin/bash', '-c', 'python /opt/***/scripts/load_users.py --ds 2025-11-14']
[2025-12-16T17:31:29.736+0000] {subprocess.py:86} INFO - Output:
[2025-12-16T17:31:30.035+0000] {subprocess.py:93} INFO - [load_users] ds=2025-11-14 inserted=16 rows
[2025-12-16T17:31:30.053+0000] {subprocess.py:97} INFO - Command exited with return code 0
[2025-12-16T17:31:30.054+0000] {taskinstance.py:441} INFO - ::group::Post task execution logs
[2025-12-16T17:31:30.088+0000] {taskinstance.py:1206} INFO - Marking task as SUCCESS. dag_id=users_elt_daily, task_id=load_users, run_id=scheduled__2025-11-14T00:00:00+00:00, execution_date=20251114T000000, start_date=20251216T173129, end_date=20251216T173130
[2025-12-16T17:31:30.132+0000] {local_task_job_runner.py:243} INFO - Task exited with return code 0
[2025-12-16T17:31:30.155+0000] {taskinstance.py:3503} INFO - 0 downstream tasks scheduled from follow-on schedule check
[2025-12-16T17:31:30.159+0000] {local_task_job_runner.py:222} INFO - ::endgroup::
[2025-12-16T17:41:02.767+0000] {local_task_job_runner.py:120} INFO - ::group::Pre task execution logs
[2025-12-16T17:41:02.822+0000] {taskinstance.py:2076} INFO - Dependencies all met for dep_context=non-requeueable deps ti=<TaskInstance: users_elt_daily.load_users scheduled__2025-11-14T00:00:00+00:00 [queued]>
[2025-12-16T17:41:02.838+0000] {taskinstance.py:2076} INFO - Dependencies all met for dep_context=requeueable deps ti=<TaskInstance: users_elt_daily.load_users scheduled__2025-11-14T00:00:00+00:00 [queued]>
[2025-12-16T17:41:02.839+0000] {taskinstance.py:2306} INFO - Starting attempt 1 of 1
[2025-12-16T17:41:02.862+0000] {taskinstance.py:2330} INFO - Executing <Task(BashOperator): load_users> on 2025-11-14 00:00:00+00:00
[2025-12-16T17:41:02.877+0000] {standard_task_runner.py:90} INFO - Running: ['***', 'tasks', 'run', 'users_elt_daily', 'load_users', 'scheduled__2025-11-14T00:00:00+00:00', '--job-id', '220', '--raw', '--subdir', 'DAGS_FOLDER/users_elt_daily.py', '--cfg-path', '/tmp/tmpppb11grm']
[2025-12-16T17:41:02.877+0000] {logging_mixin.py:188} WARNING - /home/***/.local/lib/python3.12/site-packages/***/task/task_runner/standard_task_runner.py:62 DeprecationWarning: This process (pid=605) is multi-threaded, use of fork() may lead to deadlocks in the child.
[2025-12-16T17:41:02.886+0000] {standard_task_runner.py:91} INFO - Job 220: Subtask load_users
[2025-12-16T17:41:02.891+0000] {standard_task_runner.py:64} INFO - Started process 614 to run task
[2025-12-16T17:41:03.016+0000] {task_command.py:426} INFO - Running <TaskInstance: users_elt_daily.load_users scheduled__2025-11-14T00:00:00+00:00 [running]> on host be068e76f4a7
[2025-12-16T17:41:03.208+0000] {taskinstance.py:2648} INFO - Exporting env vars: AIRFLOW_CTX_DAG_OWNER='***' AIRFLOW_CTX_DAG_ID='users_elt_daily' AIRFLOW_CTX_TASK_ID='load_users' AIRFLOW_CTX_EXECUTION_DATE='2025-11-14T00:00:00+00:00' AIRFLOW_CTX_TRY_NUMBER='1' AIRFLOW_CTX_DAG_RUN_ID='scheduled__2025-11-14T00:00:00+00:00'
[2025-12-16T17:41:03.211+0000] {taskinstance.py:430} INFO - ::endgroup::
[2025-12-16T17:41:03.245+0000] {subprocess.py:63} INFO - Tmp dir root location: /tmp
[2025-12-16T17:41:03.248+0000] {subprocess.py:75} INFO - Running command: ['/usr/bin/bash', '-c', 'python /opt/***/scripts/load_users.py --ds 2025-11-14']
[2025-12-16T17:41:03.273+0000] {subprocess.py:86} INFO - Output:
[2025-12-16T17:41:04.268+0000] {subprocess.py:93} INFO - [load_users] ds=2025-11-14 inserted=16 rows
[2025-12-16T17:41:04.315+0000] {subprocess.py:97} INFO - Command exited with return code 0
[2025-12-16T17:41:04.317+0000] {taskinstance.py:441} INFO - ::group::Post task execution logs
[2025-12-16T17:41:04.385+0000] {taskinstance.py:1206} INFO - Marking task as SUCCESS. dag_id=users_elt_daily, task_id=load_users, run_id=scheduled__2025-11-14T00:00:00+00:00, execution_date=20251114T000000, start_date=20251216T174102, end_date=20251216T174104
[2025-12-16T17:41:04.454+0000] {local_task_job_runner.py:243} INFO - Task exited with return code 0
[2025-12-16T17:41:04.512+0000] {taskinstance.py:3503} INFO - 0 downstream tasks scheduled from follow-on schedule check
[2025-12-16T17:41:04.517+0000] {local_task_job_runner.py:222} INFO - ::endgroup::
