[2025-12-16T17:41:25.664+0000] {local_task_job_runner.py:120} INFO - ::group::Pre task execution logs
[2025-12-16T17:41:25.779+0000] {taskinstance.py:2076} INFO - Dependencies all met for dep_context=non-requeueable deps ti=<TaskInstance: invoices_elt_daily.extract_invoices scheduled__2025-11-24T00:00:00+00:00 [queued]>
[2025-12-16T17:41:25.800+0000] {taskinstance.py:2076} INFO - Dependencies all met for dep_context=requeueable deps ti=<TaskInstance: invoices_elt_daily.extract_invoices scheduled__2025-11-24T00:00:00+00:00 [queued]>
[2025-12-16T17:41:25.802+0000] {taskinstance.py:2306} INFO - Starting attempt 1 of 1
[2025-12-16T17:41:25.964+0000] {taskinstance.py:2330} INFO - Executing <Task(BashOperator): extract_invoices> on 2025-11-24 00:00:00+00:00
[2025-12-16T17:41:26.000+0000] {logging_mixin.py:188} WARNING - /home/***/.local/lib/python3.12/site-packages/***/task/task_runner/standard_task_runner.py:62 DeprecationWarning: This process (pid=901) is multi-threaded, use of fork() may lead to deadlocks in the child.
[2025-12-16T17:41:26.007+0000] {standard_task_runner.py:64} INFO - Started process 912 to run task
[2025-12-16T17:41:25.998+0000] {standard_task_runner.py:90} INFO - Running: ['***', 'tasks', 'run', 'invoices_elt_daily', 'extract_invoices', 'scheduled__2025-11-24T00:00:00+00:00', '--job-id', '311', '--raw', '--subdir', 'DAGS_FOLDER/invoices_elt_daily.py', '--cfg-path', '/tmp/tmppvn1gk6b']
[2025-12-16T17:41:26.009+0000] {standard_task_runner.py:91} INFO - Job 311: Subtask extract_invoices
[2025-12-16T17:41:26.200+0000] {task_command.py:426} INFO - Running <TaskInstance: invoices_elt_daily.extract_invoices scheduled__2025-11-24T00:00:00+00:00 [running]> on host be068e76f4a7
[2025-12-16T17:41:26.418+0000] {taskinstance.py:2648} INFO - Exporting env vars: AIRFLOW_CTX_DAG_OWNER='***' AIRFLOW_CTX_DAG_ID='invoices_elt_daily' AIRFLOW_CTX_TASK_ID='extract_invoices' AIRFLOW_CTX_EXECUTION_DATE='2025-11-24T00:00:00+00:00' AIRFLOW_CTX_TRY_NUMBER='1' AIRFLOW_CTX_DAG_RUN_ID='scheduled__2025-11-24T00:00:00+00:00'
[2025-12-16T17:41:26.420+0000] {taskinstance.py:430} INFO - ::endgroup::
[2025-12-16T17:41:26.466+0000] {subprocess.py:63} INFO - Tmp dir root location: /tmp
[2025-12-16T17:41:26.469+0000] {subprocess.py:75} INFO - Running command: ['/usr/bin/bash', '-c', 'python /opt/***/scripts/extract_invoices.py --ds 2025-11-24']
[2025-12-16T17:41:26.511+0000] {subprocess.py:86} INFO - Output:
[2025-12-16T17:41:27.138+0000] {subprocess.py:93} INFO - [extract_invoices] ds=2025-11-24 not billing day -> wrote empty file
[2025-12-16T17:41:27.193+0000] {subprocess.py:97} INFO - Command exited with return code 0
[2025-12-16T17:41:27.196+0000] {taskinstance.py:441} INFO - ::group::Post task execution logs
[2025-12-16T17:41:27.289+0000] {taskinstance.py:1206} INFO - Marking task as SUCCESS. dag_id=invoices_elt_daily, task_id=extract_invoices, run_id=scheduled__2025-11-24T00:00:00+00:00, execution_date=20251124T000000, start_date=20251216T174125, end_date=20251216T174127
[2025-12-16T17:41:27.617+0000] {local_task_job_runner.py:243} INFO - Task exited with return code 0
[2025-12-16T17:41:27.684+0000] {taskinstance.py:3503} INFO - 1 downstream tasks scheduled from follow-on schedule check
[2025-12-16T17:41:27.695+0000] {local_task_job_runner.py:222} INFO - ::endgroup::
