[2025-12-16T17:31:26.658+0000] {local_task_job_runner.py:120} INFO - ::group::Pre task execution logs
[2025-12-16T17:31:26.745+0000] {taskinstance.py:2076} INFO - Dependencies all met for dep_context=non-requeueable deps ti=<TaskInstance: users_elt_daily.load_users scheduled__2025-11-05T00:00:00+00:00 [queued]>
[2025-12-16T17:31:26.762+0000] {taskinstance.py:2076} INFO - Dependencies all met for dep_context=requeueable deps ti=<TaskInstance: users_elt_daily.load_users scheduled__2025-11-05T00:00:00+00:00 [queued]>
[2025-12-16T17:31:26.764+0000] {taskinstance.py:2306} INFO - Starting attempt 1 of 1
[2025-12-16T17:31:26.804+0000] {taskinstance.py:2330} INFO - Executing <Task(BashOperator): load_users> on 2025-11-05 00:00:00+00:00
[2025-12-16T17:31:26.825+0000] {logging_mixin.py:188} WARNING - /home/***/.local/lib/python3.12/site-packages/***/task/task_runner/standard_task_runner.py:62 DeprecationWarning: This process (pid=1099) is multi-threaded, use of fork() may lead to deadlocks in the child.
[2025-12-16T17:31:26.828+0000] {standard_task_runner.py:64} INFO - Started process 1111 to run task
[2025-12-16T17:31:26.824+0000] {standard_task_runner.py:90} INFO - Running: ['***', 'tasks', 'run', 'users_elt_daily', 'load_users', 'scheduled__2025-11-05T00:00:00+00:00', '--job-id', '111', '--raw', '--subdir', 'DAGS_FOLDER/users_elt_daily.py', '--cfg-path', '/tmp/tmp4am7kivb']
[2025-12-16T17:31:26.838+0000] {standard_task_runner.py:91} INFO - Job 111: Subtask load_users
[2025-12-16T17:31:27.027+0000] {task_command.py:426} INFO - Running <TaskInstance: users_elt_daily.load_users scheduled__2025-11-05T00:00:00+00:00 [running]> on host be068e76f4a7
[2025-12-16T17:31:27.226+0000] {taskinstance.py:2648} INFO - Exporting env vars: AIRFLOW_CTX_DAG_OWNER='***' AIRFLOW_CTX_DAG_ID='users_elt_daily' AIRFLOW_CTX_TASK_ID='load_users' AIRFLOW_CTX_EXECUTION_DATE='2025-11-05T00:00:00+00:00' AIRFLOW_CTX_TRY_NUMBER='1' AIRFLOW_CTX_DAG_RUN_ID='scheduled__2025-11-05T00:00:00+00:00'
[2025-12-16T17:31:27.229+0000] {taskinstance.py:430} INFO - ::endgroup::
[2025-12-16T17:31:27.267+0000] {subprocess.py:63} INFO - Tmp dir root location: /tmp
[2025-12-16T17:31:27.271+0000] {subprocess.py:75} INFO - Running command: ['/usr/bin/bash', '-c', 'python /opt/***/scripts/load_users.py --ds 2025-11-05']
[2025-12-16T17:31:27.302+0000] {subprocess.py:86} INFO - Output:
[2025-12-16T17:31:27.938+0000] {subprocess.py:93} INFO - [load_users] ds=2025-11-05 inserted=14 rows
[2025-12-16T17:31:27.977+0000] {subprocess.py:97} INFO - Command exited with return code 0
[2025-12-16T17:31:27.979+0000] {taskinstance.py:441} INFO - ::group::Post task execution logs
[2025-12-16T17:31:28.029+0000] {taskinstance.py:1206} INFO - Marking task as SUCCESS. dag_id=users_elt_daily, task_id=load_users, run_id=scheduled__2025-11-05T00:00:00+00:00, execution_date=20251105T000000, start_date=20251216T173126, end_date=20251216T173128
[2025-12-16T17:31:28.104+0000] {local_task_job_runner.py:243} INFO - Task exited with return code 0
[2025-12-16T17:31:28.142+0000] {taskinstance.py:3503} INFO - 0 downstream tasks scheduled from follow-on schedule check
[2025-12-16T17:31:28.147+0000] {local_task_job_runner.py:222} INFO - ::endgroup::
[2025-12-16T17:40:57.422+0000] {local_task_job_runner.py:120} INFO - ::group::Pre task execution logs
[2025-12-16T17:40:57.552+0000] {taskinstance.py:2076} INFO - Dependencies all met for dep_context=non-requeueable deps ti=<TaskInstance: users_elt_daily.load_users scheduled__2025-11-05T00:00:00+00:00 [queued]>
[2025-12-16T17:40:57.572+0000] {taskinstance.py:2076} INFO - Dependencies all met for dep_context=requeueable deps ti=<TaskInstance: users_elt_daily.load_users scheduled__2025-11-05T00:00:00+00:00 [queued]>
[2025-12-16T17:40:57.574+0000] {taskinstance.py:2306} INFO - Starting attempt 1 of 1
[2025-12-16T17:40:57.621+0000] {taskinstance.py:2330} INFO - Executing <Task(BashOperator): load_users> on 2025-11-05 00:00:00+00:00
[2025-12-16T17:40:57.644+0000] {standard_task_runner.py:90} INFO - Running: ['***', 'tasks', 'run', 'users_elt_daily', 'load_users', 'scheduled__2025-11-05T00:00:00+00:00', '--job-id', '202', '--raw', '--subdir', 'DAGS_FOLDER/users_elt_daily.py', '--cfg-path', '/tmp/tmpzz4m5rg4']
[2025-12-16T17:40:57.652+0000] {standard_task_runner.py:91} INFO - Job 202: Subtask load_users
[2025-12-16T17:40:57.650+0000] {logging_mixin.py:188} WARNING - /home/***/.local/lib/python3.12/site-packages/***/task/task_runner/standard_task_runner.py:62 DeprecationWarning: This process (pid=549) is multi-threaded, use of fork() may lead to deadlocks in the child.
[2025-12-16T17:40:57.664+0000] {standard_task_runner.py:64} INFO - Started process 564 to run task
[2025-12-16T17:40:57.856+0000] {task_command.py:426} INFO - Running <TaskInstance: users_elt_daily.load_users scheduled__2025-11-05T00:00:00+00:00 [running]> on host be068e76f4a7
[2025-12-16T17:40:58.095+0000] {taskinstance.py:2648} INFO - Exporting env vars: AIRFLOW_CTX_DAG_OWNER='***' AIRFLOW_CTX_DAG_ID='users_elt_daily' AIRFLOW_CTX_TASK_ID='load_users' AIRFLOW_CTX_EXECUTION_DATE='2025-11-05T00:00:00+00:00' AIRFLOW_CTX_TRY_NUMBER='1' AIRFLOW_CTX_DAG_RUN_ID='scheduled__2025-11-05T00:00:00+00:00'
[2025-12-16T17:40:58.099+0000] {taskinstance.py:430} INFO - ::endgroup::
[2025-12-16T17:40:58.137+0000] {subprocess.py:63} INFO - Tmp dir root location: /tmp
[2025-12-16T17:40:58.140+0000] {subprocess.py:75} INFO - Running command: ['/usr/bin/bash', '-c', 'python /opt/***/scripts/load_users.py --ds 2025-11-05']
[2025-12-16T17:40:58.174+0000] {subprocess.py:86} INFO - Output:
[2025-12-16T17:40:58.619+0000] {subprocess.py:93} INFO - [load_users] ds=2025-11-05 inserted=14 rows
[2025-12-16T17:40:58.668+0000] {subprocess.py:97} INFO - Command exited with return code 0
[2025-12-16T17:40:58.672+0000] {taskinstance.py:441} INFO - ::group::Post task execution logs
[2025-12-16T17:40:58.725+0000] {taskinstance.py:1206} INFO - Marking task as SUCCESS. dag_id=users_elt_daily, task_id=load_users, run_id=scheduled__2025-11-05T00:00:00+00:00, execution_date=20251105T000000, start_date=20251216T174057, end_date=20251216T174058
[2025-12-16T17:40:58.784+0000] {local_task_job_runner.py:243} INFO - Task exited with return code 0
[2025-12-16T17:40:58.811+0000] {local_task_job_runner.py:222} INFO - ::endgroup::
