[2025-12-16T17:31:40.653+0000] {local_task_job_runner.py:120} INFO - ::group::Pre task execution logs
[2025-12-16T17:31:40.725+0000] {taskinstance.py:2076} INFO - Dependencies all met for dep_context=non-requeueable deps ti=<TaskInstance: users_elt_daily.extract_users scheduled__2025-12-08T00:00:00+00:00 [queued]>
[2025-12-16T17:31:40.744+0000] {taskinstance.py:2076} INFO - Dependencies all met for dep_context=requeueable deps ti=<TaskInstance: users_elt_daily.extract_users scheduled__2025-12-08T00:00:00+00:00 [queued]>
[2025-12-16T17:31:40.749+0000] {taskinstance.py:2306} INFO - Starting attempt 1 of 1
[2025-12-16T17:31:40.778+0000] {taskinstance.py:2330} INFO - Executing <Task(BashOperator): extract_users> on 2025-12-08 00:00:00+00:00
[2025-12-16T17:31:40.799+0000] {logging_mixin.py:188} WARNING - /home/***/.local/lib/python3.12/site-packages/***/task/task_runner/standard_task_runner.py:62 DeprecationWarning: This process (pid=1256) is multi-threaded, use of fork() may lead to deadlocks in the child.
[2025-12-16T17:31:40.798+0000] {standard_task_runner.py:90} INFO - Running: ['***', 'tasks', 'run', 'users_elt_daily', 'extract_users', 'scheduled__2025-12-08T00:00:00+00:00', '--job-id', '157', '--raw', '--subdir', 'DAGS_FOLDER/users_elt_daily.py', '--cfg-path', '/tmp/tmpkwy75365']
[2025-12-16T17:31:40.802+0000] {standard_task_runner.py:64} INFO - Started process 1267 to run task
[2025-12-16T17:31:40.804+0000] {standard_task_runner.py:91} INFO - Job 157: Subtask extract_users
[2025-12-16T17:31:40.966+0000] {task_command.py:426} INFO - Running <TaskInstance: users_elt_daily.extract_users scheduled__2025-12-08T00:00:00+00:00 [running]> on host be068e76f4a7
[2025-12-16T17:31:41.200+0000] {taskinstance.py:2648} INFO - Exporting env vars: AIRFLOW_CTX_DAG_OWNER='***' AIRFLOW_CTX_DAG_ID='users_elt_daily' AIRFLOW_CTX_TASK_ID='extract_users' AIRFLOW_CTX_EXECUTION_DATE='2025-12-08T00:00:00+00:00' AIRFLOW_CTX_TRY_NUMBER='1' AIRFLOW_CTX_DAG_RUN_ID='scheduled__2025-12-08T00:00:00+00:00'
[2025-12-16T17:31:41.201+0000] {taskinstance.py:430} INFO - ::endgroup::
[2025-12-16T17:31:41.235+0000] {subprocess.py:63} INFO - Tmp dir root location: /tmp
[2025-12-16T17:31:41.240+0000] {subprocess.py:75} INFO - Running command: ['/usr/bin/bash', '-c', 'python /opt/***/scripts/extract_users.py --ds 2025-12-08']
[2025-12-16T17:31:41.267+0000] {subprocess.py:86} INFO - Output:
[2025-12-16T17:31:41.706+0000] {subprocess.py:93} INFO - [extract_users] ds=2025-12-08 wrote=/opt/***/data/source/users/users_2025-12-08.json new_users=14 last_user_id=440
[2025-12-16T17:31:41.733+0000] {subprocess.py:97} INFO - Command exited with return code 0
[2025-12-16T17:31:41.735+0000] {taskinstance.py:441} INFO - ::group::Post task execution logs
[2025-12-16T17:31:41.800+0000] {taskinstance.py:1206} INFO - Marking task as SUCCESS. dag_id=users_elt_daily, task_id=extract_users, run_id=scheduled__2025-12-08T00:00:00+00:00, execution_date=20251208T000000, start_date=20251216T173140, end_date=20251216T173141
[2025-12-16T17:31:41.866+0000] {local_task_job_runner.py:243} INFO - Task exited with return code 0
[2025-12-16T17:31:41.895+0000] {local_task_job_runner.py:222} INFO - ::endgroup::
[2025-12-16T17:41:14.301+0000] {local_task_job_runner.py:120} INFO - ::group::Pre task execution logs
[2025-12-16T17:41:14.692+0000] {taskinstance.py:2076} INFO - Dependencies all met for dep_context=non-requeueable deps ti=<TaskInstance: users_elt_daily.extract_users scheduled__2025-12-08T00:00:00+00:00 [queued]>
[2025-12-16T17:41:14.749+0000] {taskinstance.py:2076} INFO - Dependencies all met for dep_context=requeueable deps ti=<TaskInstance: users_elt_daily.extract_users scheduled__2025-12-08T00:00:00+00:00 [queued]>
[2025-12-16T17:41:14.760+0000] {taskinstance.py:2306} INFO - Starting attempt 1 of 1
[2025-12-16T17:41:15.186+0000] {taskinstance.py:2330} INFO - Executing <Task(BashOperator): extract_users> on 2025-12-08 00:00:00+00:00
[2025-12-16T17:41:15.220+0000] {standard_task_runner.py:90} INFO - Running: ['***', 'tasks', 'run', 'users_elt_daily', 'extract_users', 'scheduled__2025-12-08T00:00:00+00:00', '--job-id', '269', '--raw', '--subdir', 'DAGS_FOLDER/users_elt_daily.py', '--cfg-path', '/tmp/tmp5cnxespr']
[2025-12-16T17:41:15.231+0000] {standard_task_runner.py:91} INFO - Job 269: Subtask extract_users
[2025-12-16T17:41:15.226+0000] {logging_mixin.py:188} WARNING - /home/***/.local/lib/python3.12/site-packages/***/task/task_runner/standard_task_runner.py:62 DeprecationWarning: This process (pid=742) is multi-threaded, use of fork() may lead to deadlocks in the child.
[2025-12-16T17:41:15.238+0000] {standard_task_runner.py:64} INFO - Started process 778 to run task
[2025-12-16T17:41:15.570+0000] {task_command.py:426} INFO - Running <TaskInstance: users_elt_daily.extract_users scheduled__2025-12-08T00:00:00+00:00 [running]> on host be068e76f4a7
[2025-12-16T17:41:16.078+0000] {taskinstance.py:2648} INFO - Exporting env vars: AIRFLOW_CTX_DAG_OWNER='***' AIRFLOW_CTX_DAG_ID='users_elt_daily' AIRFLOW_CTX_TASK_ID='extract_users' AIRFLOW_CTX_EXECUTION_DATE='2025-12-08T00:00:00+00:00' AIRFLOW_CTX_TRY_NUMBER='1' AIRFLOW_CTX_DAG_RUN_ID='scheduled__2025-12-08T00:00:00+00:00'
[2025-12-16T17:41:16.080+0000] {taskinstance.py:430} INFO - ::endgroup::
[2025-12-16T17:41:16.129+0000] {subprocess.py:63} INFO - Tmp dir root location: /tmp
[2025-12-16T17:41:16.135+0000] {subprocess.py:75} INFO - Running command: ['/usr/bin/bash', '-c', 'python /opt/***/scripts/extract_users.py --ds 2025-12-08']
[2025-12-16T17:41:16.186+0000] {subprocess.py:86} INFO - Output:
[2025-12-16T17:41:16.918+0000] {subprocess.py:93} INFO - [extract_users] ds=2025-12-08 already exists -> skip (/opt/***/data/source/users/users_2025-12-08.json)
[2025-12-16T17:41:17.001+0000] {subprocess.py:97} INFO - Command exited with return code 0
[2025-12-16T17:41:17.004+0000] {taskinstance.py:441} INFO - ::group::Post task execution logs
[2025-12-16T17:41:17.122+0000] {taskinstance.py:1206} INFO - Marking task as SUCCESS. dag_id=users_elt_daily, task_id=extract_users, run_id=scheduled__2025-12-08T00:00:00+00:00, execution_date=20251208T000000, start_date=20251216T174114, end_date=20251216T174117
[2025-12-16T17:41:17.263+0000] {local_task_job_runner.py:243} INFO - Task exited with return code 0
[2025-12-16T17:41:17.352+0000] {taskinstance.py:3503} INFO - 1 downstream tasks scheduled from follow-on schedule check
[2025-12-16T17:41:17.370+0000] {local_task_job_runner.py:222} INFO - ::endgroup::
