[2025-12-16T17:31:43.069+0000] {local_task_job_runner.py:120} INFO - ::group::Pre task execution logs
[2025-12-16T17:31:43.200+0000] {taskinstance.py:2076} INFO - Dependencies all met for dep_context=non-requeueable deps ti=<TaskInstance: users_elt_daily.load_users scheduled__2025-12-10T00:00:00+00:00 [queued]>
[2025-12-16T17:31:43.267+0000] {taskinstance.py:2076} INFO - Dependencies all met for dep_context=requeueable deps ti=<TaskInstance: users_elt_daily.load_users scheduled__2025-12-10T00:00:00+00:00 [queued]>
[2025-12-16T17:31:43.271+0000] {taskinstance.py:2306} INFO - Starting attempt 1 of 1
[2025-12-16T17:31:43.327+0000] {taskinstance.py:2330} INFO - Executing <Task(BashOperator): load_users> on 2025-12-10 00:00:00+00:00
[2025-12-16T17:31:43.362+0000] {standard_task_runner.py:90} INFO - Running: ['***', 'tasks', 'run', 'users_elt_daily', 'load_users', 'scheduled__2025-12-10T00:00:00+00:00', '--job-id', '170', '--raw', '--subdir', 'DAGS_FOLDER/users_elt_daily.py', '--cfg-path', '/tmp/tmpgx9bu797']
[2025-12-16T17:31:43.375+0000] {standard_task_runner.py:91} INFO - Job 170: Subtask load_users
[2025-12-16T17:31:43.375+0000] {logging_mixin.py:188} WARNING - /home/***/.local/lib/python3.12/site-packages/***/task/task_runner/standard_task_runner.py:62 DeprecationWarning: This process (pid=1295) is multi-threaded, use of fork() may lead to deadlocks in the child.
[2025-12-16T17:31:43.377+0000] {standard_task_runner.py:64} INFO - Started process 1303 to run task
[2025-12-16T17:31:43.555+0000] {task_command.py:426} INFO - Running <TaskInstance: users_elt_daily.load_users scheduled__2025-12-10T00:00:00+00:00 [running]> on host be068e76f4a7
[2025-12-16T17:31:43.840+0000] {taskinstance.py:2648} INFO - Exporting env vars: AIRFLOW_CTX_DAG_OWNER='***' AIRFLOW_CTX_DAG_ID='users_elt_daily' AIRFLOW_CTX_TASK_ID='load_users' AIRFLOW_CTX_EXECUTION_DATE='2025-12-10T00:00:00+00:00' AIRFLOW_CTX_TRY_NUMBER='1' AIRFLOW_CTX_DAG_RUN_ID='scheduled__2025-12-10T00:00:00+00:00'
[2025-12-16T17:31:43.842+0000] {taskinstance.py:430} INFO - ::endgroup::
[2025-12-16T17:31:43.895+0000] {subprocess.py:63} INFO - Tmp dir root location: /tmp
[2025-12-16T17:31:43.898+0000] {subprocess.py:75} INFO - Running command: ['/usr/bin/bash', '-c', 'python /opt/***/scripts/load_users.py --ds 2025-12-10']
[2025-12-16T17:31:43.937+0000] {subprocess.py:86} INFO - Output:
[2025-12-16T17:31:44.422+0000] {subprocess.py:93} INFO - [load_users] ds=2025-12-10 inserted=6 rows
[2025-12-16T17:31:44.450+0000] {subprocess.py:97} INFO - Command exited with return code 0
[2025-12-16T17:31:44.452+0000] {taskinstance.py:441} INFO - ::group::Post task execution logs
[2025-12-16T17:31:44.507+0000] {taskinstance.py:1206} INFO - Marking task as SUCCESS. dag_id=users_elt_daily, task_id=load_users, run_id=scheduled__2025-12-10T00:00:00+00:00, execution_date=20251210T000000, start_date=20251216T173143, end_date=20251216T173144
[2025-12-16T17:31:44.569+0000] {local_task_job_runner.py:243} INFO - Task exited with return code 0
[2025-12-16T17:31:44.599+0000] {taskinstance.py:3503} INFO - 0 downstream tasks scheduled from follow-on schedule check
[2025-12-16T17:31:44.603+0000] {local_task_job_runner.py:222} INFO - ::endgroup::
[2025-12-16T17:41:18.669+0000] {local_task_job_runner.py:120} INFO - ::group::Pre task execution logs
[2025-12-16T17:41:18.747+0000] {taskinstance.py:2076} INFO - Dependencies all met for dep_context=non-requeueable deps ti=<TaskInstance: users_elt_daily.load_users scheduled__2025-12-10T00:00:00+00:00 [queued]>
[2025-12-16T17:41:18.768+0000] {taskinstance.py:2076} INFO - Dependencies all met for dep_context=requeueable deps ti=<TaskInstance: users_elt_daily.load_users scheduled__2025-12-10T00:00:00+00:00 [queued]>
[2025-12-16T17:41:18.770+0000] {taskinstance.py:2306} INFO - Starting attempt 1 of 1
[2025-12-16T17:41:18.795+0000] {taskinstance.py:2330} INFO - Executing <Task(BashOperator): load_users> on 2025-12-10 00:00:00+00:00
[2025-12-16T17:41:18.816+0000] {logging_mixin.py:188} WARNING - /home/***/.local/lib/python3.12/site-packages/***/task/task_runner/standard_task_runner.py:62 DeprecationWarning: This process (pid=839) is multi-threaded, use of fork() may lead to deadlocks in the child.
[2025-12-16T17:41:18.818+0000] {standard_task_runner.py:64} INFO - Started process 846 to run task
[2025-12-16T17:41:18.815+0000] {standard_task_runner.py:90} INFO - Running: ['***', 'tasks', 'run', 'users_elt_daily', 'load_users', 'scheduled__2025-12-10T00:00:00+00:00', '--job-id', '290', '--raw', '--subdir', 'DAGS_FOLDER/users_elt_daily.py', '--cfg-path', '/tmp/tmpnko07igr']
[2025-12-16T17:41:18.820+0000] {standard_task_runner.py:91} INFO - Job 290: Subtask load_users
[2025-12-16T17:41:18.949+0000] {task_command.py:426} INFO - Running <TaskInstance: users_elt_daily.load_users scheduled__2025-12-10T00:00:00+00:00 [running]> on host be068e76f4a7
[2025-12-16T17:41:19.179+0000] {taskinstance.py:2648} INFO - Exporting env vars: AIRFLOW_CTX_DAG_OWNER='***' AIRFLOW_CTX_DAG_ID='users_elt_daily' AIRFLOW_CTX_TASK_ID='load_users' AIRFLOW_CTX_EXECUTION_DATE='2025-12-10T00:00:00+00:00' AIRFLOW_CTX_TRY_NUMBER='1' AIRFLOW_CTX_DAG_RUN_ID='scheduled__2025-12-10T00:00:00+00:00'
[2025-12-16T17:41:19.181+0000] {taskinstance.py:430} INFO - ::endgroup::
[2025-12-16T17:41:19.208+0000] {subprocess.py:63} INFO - Tmp dir root location: /tmp
[2025-12-16T17:41:19.212+0000] {subprocess.py:75} INFO - Running command: ['/usr/bin/bash', '-c', 'python /opt/***/scripts/load_users.py --ds 2025-12-10']
[2025-12-16T17:41:19.242+0000] {subprocess.py:86} INFO - Output:
[2025-12-16T17:41:19.751+0000] {subprocess.py:93} INFO - [load_users] ds=2025-12-10 inserted=6 rows
[2025-12-16T17:41:19.789+0000] {subprocess.py:97} INFO - Command exited with return code 0
[2025-12-16T17:41:19.791+0000] {taskinstance.py:441} INFO - ::group::Post task execution logs
[2025-12-16T17:41:19.839+0000] {taskinstance.py:1206} INFO - Marking task as SUCCESS. dag_id=users_elt_daily, task_id=load_users, run_id=scheduled__2025-12-10T00:00:00+00:00, execution_date=20251210T000000, start_date=20251216T174118, end_date=20251216T174119
[2025-12-16T17:41:19.969+0000] {local_task_job_runner.py:243} INFO - Task exited with return code 0
[2025-12-16T17:41:19.998+0000] {taskinstance.py:3503} INFO - 0 downstream tasks scheduled from follow-on schedule check
[2025-12-16T17:41:20.002+0000] {local_task_job_runner.py:222} INFO - ::endgroup::
