[2025-12-16T17:31:47.155+0000] {local_task_job_runner.py:120} INFO - ::group::Pre task execution logs
[2025-12-16T17:31:47.202+0000] {taskinstance.py:2076} INFO - Dependencies all met for dep_context=non-requeueable deps ti=<TaskInstance: users_elt_daily.extract_users scheduled__2025-12-14T00:00:00+00:00 [queued]>
[2025-12-16T17:31:47.212+0000] {taskinstance.py:2076} INFO - Dependencies all met for dep_context=requeueable deps ti=<TaskInstance: users_elt_daily.extract_users scheduled__2025-12-14T00:00:00+00:00 [queued]>
[2025-12-16T17:31:47.213+0000] {taskinstance.py:2306} INFO - Starting attempt 1 of 1
[2025-12-16T17:31:47.230+0000] {taskinstance.py:2330} INFO - Executing <Task(BashOperator): extract_users> on 2025-12-14 00:00:00+00:00
[2025-12-16T17:31:47.242+0000] {logging_mixin.py:188} WARNING - /home/***/.local/lib/python3.12/site-packages/***/task/task_runner/standard_task_runner.py:62 DeprecationWarning: This process (pid=1315) is multi-threaded, use of fork() may lead to deadlocks in the child.
[2025-12-16T17:31:47.241+0000] {standard_task_runner.py:90} INFO - Running: ['***', 'tasks', 'run', 'users_elt_daily', 'extract_users', 'scheduled__2025-12-14T00:00:00+00:00', '--job-id', '174', '--raw', '--subdir', 'DAGS_FOLDER/users_elt_daily.py', '--cfg-path', '/tmp/tmpum4akbil']
[2025-12-16T17:31:47.243+0000] {standard_task_runner.py:64} INFO - Started process 1317 to run task
[2025-12-16T17:31:47.244+0000] {standard_task_runner.py:91} INFO - Job 174: Subtask extract_users
[2025-12-16T17:31:47.327+0000] {task_command.py:426} INFO - Running <TaskInstance: users_elt_daily.extract_users scheduled__2025-12-14T00:00:00+00:00 [running]> on host be068e76f4a7
[2025-12-16T17:31:47.451+0000] {taskinstance.py:2648} INFO - Exporting env vars: AIRFLOW_CTX_DAG_OWNER='***' AIRFLOW_CTX_DAG_ID='users_elt_daily' AIRFLOW_CTX_TASK_ID='extract_users' AIRFLOW_CTX_EXECUTION_DATE='2025-12-14T00:00:00+00:00' AIRFLOW_CTX_TRY_NUMBER='1' AIRFLOW_CTX_DAG_RUN_ID='scheduled__2025-12-14T00:00:00+00:00'
[2025-12-16T17:31:47.452+0000] {taskinstance.py:430} INFO - ::endgroup::
[2025-12-16T17:31:47.473+0000] {subprocess.py:63} INFO - Tmp dir root location: /tmp
[2025-12-16T17:31:47.475+0000] {subprocess.py:75} INFO - Running command: ['/usr/bin/bash', '-c', 'python /opt/***/scripts/extract_users.py --ds 2025-12-14']
[2025-12-16T17:31:47.493+0000] {subprocess.py:86} INFO - Output:
[2025-12-16T17:31:47.730+0000] {subprocess.py:93} INFO - [extract_users] ds=2025-12-14 wrote=/opt/***/data/source/users/users_2025-12-14.json new_users=19 last_user_id=505
[2025-12-16T17:31:47.739+0000] {subprocess.py:97} INFO - Command exited with return code 0
[2025-12-16T17:31:47.741+0000] {taskinstance.py:441} INFO - ::group::Post task execution logs
[2025-12-16T17:31:47.777+0000] {taskinstance.py:1206} INFO - Marking task as SUCCESS. dag_id=users_elt_daily, task_id=extract_users, run_id=scheduled__2025-12-14T00:00:00+00:00, execution_date=20251214T000000, start_date=20251216T173147, end_date=20251216T173147
[2025-12-16T17:31:47.821+0000] {local_task_job_runner.py:243} INFO - Task exited with return code 0
[2025-12-16T17:31:47.846+0000] {taskinstance.py:3503} INFO - 1 downstream tasks scheduled from follow-on schedule check
[2025-12-16T17:31:47.849+0000] {local_task_job_runner.py:222} INFO - ::endgroup::
[2025-12-16T17:41:23.630+0000] {local_task_job_runner.py:120} INFO - ::group::Pre task execution logs
[2025-12-16T17:41:23.771+0000] {taskinstance.py:2076} INFO - Dependencies all met for dep_context=non-requeueable deps ti=<TaskInstance: users_elt_daily.extract_users scheduled__2025-12-14T00:00:00+00:00 [queued]>
[2025-12-16T17:41:23.803+0000] {taskinstance.py:2076} INFO - Dependencies all met for dep_context=requeueable deps ti=<TaskInstance: users_elt_daily.extract_users scheduled__2025-12-14T00:00:00+00:00 [queued]>
[2025-12-16T17:41:23.807+0000] {taskinstance.py:2306} INFO - Starting attempt 1 of 1
[2025-12-16T17:41:23.906+0000] {taskinstance.py:2330} INFO - Executing <Task(BashOperator): extract_users> on 2025-12-14 00:00:00+00:00
[2025-12-16T17:41:23.934+0000] {logging_mixin.py:188} WARNING - /home/***/.local/lib/python3.12/site-packages/***/task/task_runner/standard_task_runner.py:62 DeprecationWarning: This process (pid=877) is multi-threaded, use of fork() may lead to deadlocks in the child.
[2025-12-16T17:41:23.937+0000] {standard_task_runner.py:64} INFO - Started process 885 to run task
[2025-12-16T17:41:23.931+0000] {standard_task_runner.py:90} INFO - Running: ['***', 'tasks', 'run', 'users_elt_daily', 'extract_users', 'scheduled__2025-12-14T00:00:00+00:00', '--job-id', '303', '--raw', '--subdir', 'DAGS_FOLDER/users_elt_daily.py', '--cfg-path', '/tmp/tmpw1ml7f_h']
[2025-12-16T17:41:23.947+0000] {standard_task_runner.py:91} INFO - Job 303: Subtask extract_users
[2025-12-16T17:41:24.132+0000] {task_command.py:426} INFO - Running <TaskInstance: users_elt_daily.extract_users scheduled__2025-12-14T00:00:00+00:00 [running]> on host be068e76f4a7
[2025-12-16T17:41:24.404+0000] {taskinstance.py:2648} INFO - Exporting env vars: AIRFLOW_CTX_DAG_OWNER='***' AIRFLOW_CTX_DAG_ID='users_elt_daily' AIRFLOW_CTX_TASK_ID='extract_users' AIRFLOW_CTX_EXECUTION_DATE='2025-12-14T00:00:00+00:00' AIRFLOW_CTX_TRY_NUMBER='1' AIRFLOW_CTX_DAG_RUN_ID='scheduled__2025-12-14T00:00:00+00:00'
[2025-12-16T17:41:24.406+0000] {taskinstance.py:430} INFO - ::endgroup::
[2025-12-16T17:41:24.454+0000] {subprocess.py:63} INFO - Tmp dir root location: /tmp
[2025-12-16T17:41:24.461+0000] {subprocess.py:75} INFO - Running command: ['/usr/bin/bash', '-c', 'python /opt/***/scripts/extract_users.py --ds 2025-12-14']
[2025-12-16T17:41:24.509+0000] {subprocess.py:86} INFO - Output:
[2025-12-16T17:41:25.119+0000] {subprocess.py:93} INFO - [extract_users] ds=2025-12-14 already exists -> skip (/opt/***/data/source/users/users_2025-12-14.json)
[2025-12-16T17:41:25.140+0000] {subprocess.py:97} INFO - Command exited with return code 0
[2025-12-16T17:41:25.142+0000] {taskinstance.py:441} INFO - ::group::Post task execution logs
[2025-12-16T17:41:25.217+0000] {taskinstance.py:1206} INFO - Marking task as SUCCESS. dag_id=users_elt_daily, task_id=extract_users, run_id=scheduled__2025-12-14T00:00:00+00:00, execution_date=20251214T000000, start_date=20251216T174123, end_date=20251216T174125
[2025-12-16T17:41:25.299+0000] {local_task_job_runner.py:243} INFO - Task exited with return code 0
[2025-12-16T17:41:25.329+0000] {local_task_job_runner.py:222} INFO - ::endgroup::
