[2025-12-16T17:31:35.490+0000] {local_task_job_runner.py:120} INFO - ::group::Pre task execution logs
[2025-12-16T17:31:35.580+0000] {taskinstance.py:2076} INFO - Dependencies all met for dep_context=non-requeueable deps ti=<TaskInstance: users_elt_daily.load_users scheduled__2025-11-24T00:00:00+00:00 [queued]>
[2025-12-16T17:31:35.603+0000] {taskinstance.py:2076} INFO - Dependencies all met for dep_context=requeueable deps ti=<TaskInstance: users_elt_daily.load_users scheduled__2025-11-24T00:00:00+00:00 [queued]>
[2025-12-16T17:31:35.604+0000] {taskinstance.py:2306} INFO - Starting attempt 1 of 1
[2025-12-16T17:31:35.634+0000] {taskinstance.py:2330} INFO - Executing <Task(BashOperator): load_users> on 2025-11-24 00:00:00+00:00
[2025-12-16T17:31:35.656+0000] {logging_mixin.py:188} WARNING - /home/***/.local/lib/python3.12/site-packages/***/task/task_runner/standard_task_runner.py:62 DeprecationWarning: This process (pid=1202) is multi-threaded, use of fork() may lead to deadlocks in the child.
[2025-12-16T17:31:35.658+0000] {standard_task_runner.py:90} INFO - Running: ['***', 'tasks', 'run', 'users_elt_daily', 'load_users', 'scheduled__2025-11-24T00:00:00+00:00', '--job-id', '144', '--raw', '--subdir', 'DAGS_FOLDER/users_elt_daily.py', '--cfg-path', '/tmp/tmpipr0b8cy']
[2025-12-16T17:31:35.663+0000] {standard_task_runner.py:64} INFO - Started process 1208 to run task
[2025-12-16T17:31:35.663+0000] {standard_task_runner.py:91} INFO - Job 144: Subtask load_users
[2025-12-16T17:31:35.797+0000] {task_command.py:426} INFO - Running <TaskInstance: users_elt_daily.load_users scheduled__2025-11-24T00:00:00+00:00 [running]> on host be068e76f4a7
[2025-12-16T17:31:36.035+0000] {taskinstance.py:2648} INFO - Exporting env vars: AIRFLOW_CTX_DAG_OWNER='***' AIRFLOW_CTX_DAG_ID='users_elt_daily' AIRFLOW_CTX_TASK_ID='load_users' AIRFLOW_CTX_EXECUTION_DATE='2025-11-24T00:00:00+00:00' AIRFLOW_CTX_TRY_NUMBER='1' AIRFLOW_CTX_DAG_RUN_ID='scheduled__2025-11-24T00:00:00+00:00'
[2025-12-16T17:31:36.037+0000] {taskinstance.py:430} INFO - ::endgroup::
[2025-12-16T17:31:36.074+0000] {subprocess.py:63} INFO - Tmp dir root location: /tmp
[2025-12-16T17:31:36.079+0000] {subprocess.py:75} INFO - Running command: ['/usr/bin/bash', '-c', 'python /opt/***/scripts/load_users.py --ds 2025-11-24']
[2025-12-16T17:31:36.109+0000] {subprocess.py:86} INFO - Output:
[2025-12-16T17:31:36.499+0000] {subprocess.py:93} INFO - [load_users] ds=2025-11-24 inserted=15 rows
[2025-12-16T17:31:36.525+0000] {subprocess.py:97} INFO - Command exited with return code 0
[2025-12-16T17:31:36.528+0000] {taskinstance.py:441} INFO - ::group::Post task execution logs
[2025-12-16T17:31:36.574+0000] {taskinstance.py:1206} INFO - Marking task as SUCCESS. dag_id=users_elt_daily, task_id=load_users, run_id=scheduled__2025-11-24T00:00:00+00:00, execution_date=20251124T000000, start_date=20251216T173135, end_date=20251216T173136
[2025-12-16T17:31:36.645+0000] {local_task_job_runner.py:243} INFO - Task exited with return code 0
[2025-12-16T17:31:36.671+0000] {taskinstance.py:3503} INFO - 0 downstream tasks scheduled from follow-on schedule check
[2025-12-16T17:31:36.674+0000] {local_task_job_runner.py:222} INFO - ::endgroup::
[2025-12-16T17:41:06.564+0000] {local_task_job_runner.py:120} INFO - ::group::Pre task execution logs
[2025-12-16T17:41:06.658+0000] {taskinstance.py:2076} INFO - Dependencies all met for dep_context=non-requeueable deps ti=<TaskInstance: users_elt_daily.load_users scheduled__2025-11-24T00:00:00+00:00 [queued]>
[2025-12-16T17:41:06.685+0000] {taskinstance.py:2076} INFO - Dependencies all met for dep_context=requeueable deps ti=<TaskInstance: users_elt_daily.load_users scheduled__2025-11-24T00:00:00+00:00 [queued]>
[2025-12-16T17:41:06.686+0000] {taskinstance.py:2306} INFO - Starting attempt 1 of 1
[2025-12-16T17:41:06.718+0000] {taskinstance.py:2330} INFO - Executing <Task(BashOperator): load_users> on 2025-11-24 00:00:00+00:00
[2025-12-16T17:41:06.738+0000] {logging_mixin.py:188} WARNING - /home/***/.local/lib/python3.12/site-packages/***/task/task_runner/standard_task_runner.py:62 DeprecationWarning: This process (pid=659) is multi-threaded, use of fork() may lead to deadlocks in the child.
[2025-12-16T17:41:06.741+0000] {standard_task_runner.py:64} INFO - Started process 670 to run task
[2025-12-16T17:41:06.738+0000] {standard_task_runner.py:90} INFO - Running: ['***', 'tasks', 'run', 'users_elt_daily', 'load_users', 'scheduled__2025-11-24T00:00:00+00:00', '--job-id', '238', '--raw', '--subdir', 'DAGS_FOLDER/users_elt_daily.py', '--cfg-path', '/tmp/tmpw3amyi6n']
[2025-12-16T17:41:06.744+0000] {standard_task_runner.py:91} INFO - Job 238: Subtask load_users
[2025-12-16T17:41:06.899+0000] {task_command.py:426} INFO - Running <TaskInstance: users_elt_daily.load_users scheduled__2025-11-24T00:00:00+00:00 [running]> on host be068e76f4a7
[2025-12-16T17:41:07.105+0000] {taskinstance.py:2648} INFO - Exporting env vars: AIRFLOW_CTX_DAG_OWNER='***' AIRFLOW_CTX_DAG_ID='users_elt_daily' AIRFLOW_CTX_TASK_ID='load_users' AIRFLOW_CTX_EXECUTION_DATE='2025-11-24T00:00:00+00:00' AIRFLOW_CTX_TRY_NUMBER='1' AIRFLOW_CTX_DAG_RUN_ID='scheduled__2025-11-24T00:00:00+00:00'
[2025-12-16T17:41:07.107+0000] {taskinstance.py:430} INFO - ::endgroup::
[2025-12-16T17:41:07.133+0000] {subprocess.py:63} INFO - Tmp dir root location: /tmp
[2025-12-16T17:41:07.137+0000] {subprocess.py:75} INFO - Running command: ['/usr/bin/bash', '-c', 'python /opt/***/scripts/load_users.py --ds 2025-11-24']
[2025-12-16T17:41:07.164+0000] {subprocess.py:86} INFO - Output:
[2025-12-16T17:41:07.642+0000] {subprocess.py:93} INFO - [load_users] ds=2025-11-24 inserted=15 rows
[2025-12-16T17:41:07.678+0000] {subprocess.py:97} INFO - Command exited with return code 0
[2025-12-16T17:41:07.680+0000] {taskinstance.py:441} INFO - ::group::Post task execution logs
[2025-12-16T17:41:07.732+0000] {taskinstance.py:1206} INFO - Marking task as SUCCESS. dag_id=users_elt_daily, task_id=load_users, run_id=scheduled__2025-11-24T00:00:00+00:00, execution_date=20251124T000000, start_date=20251216T174106, end_date=20251216T174107
[2025-12-16T17:41:07.809+0000] {local_task_job_runner.py:243} INFO - Task exited with return code 0
[2025-12-16T17:41:07.837+0000] {taskinstance.py:3503} INFO - 0 downstream tasks scheduled from follow-on schedule check
[2025-12-16T17:41:07.840+0000] {local_task_job_runner.py:222} INFO - ::endgroup::
