[2025-12-16T17:41:10.191+0000] {local_task_job_runner.py:120} INFO - ::group::Pre task execution logs
[2025-12-16T17:41:10.263+0000] {taskinstance.py:2076} INFO - Dependencies all met for dep_context=non-requeueable deps ti=<TaskInstance: invoices_elt_daily.extract_invoices scheduled__2025-11-02T00:00:00+00:00 [queued]>
[2025-12-16T17:41:10.278+0000] {taskinstance.py:2076} INFO - Dependencies all met for dep_context=requeueable deps ti=<TaskInstance: invoices_elt_daily.extract_invoices scheduled__2025-11-02T00:00:00+00:00 [queued]>
[2025-12-16T17:41:10.279+0000] {taskinstance.py:2306} INFO - Starting attempt 1 of 1
[2025-12-16T17:41:10.394+0000] {taskinstance.py:2330} INFO - Executing <Task(BashOperator): extract_invoices> on 2025-11-02 00:00:00+00:00
[2025-12-16T17:41:10.412+0000] {logging_mixin.py:188} WARNING - /home/***/.local/lib/python3.12/site-packages/***/task/task_runner/standard_task_runner.py:62 DeprecationWarning: This process (pid=685) is multi-threaded, use of fork() may lead to deadlocks in the child.
[2025-12-16T17:41:10.415+0000] {standard_task_runner.py:64} INFO - Started process 691 to run task
[2025-12-16T17:41:10.412+0000] {standard_task_runner.py:90} INFO - Running: ['***', 'tasks', 'run', 'invoices_elt_daily', 'extract_invoices', 'scheduled__2025-11-02T00:00:00+00:00', '--job-id', '244', '--raw', '--subdir', 'DAGS_FOLDER/invoices_elt_daily.py', '--cfg-path', '/tmp/tmpy3a3n4a7']
[2025-12-16T17:41:10.417+0000] {standard_task_runner.py:91} INFO - Job 244: Subtask extract_invoices
[2025-12-16T17:41:10.549+0000] {task_command.py:426} INFO - Running <TaskInstance: invoices_elt_daily.extract_invoices scheduled__2025-11-02T00:00:00+00:00 [running]> on host be068e76f4a7
[2025-12-16T17:41:10.742+0000] {taskinstance.py:2648} INFO - Exporting env vars: AIRFLOW_CTX_DAG_OWNER='***' AIRFLOW_CTX_DAG_ID='invoices_elt_daily' AIRFLOW_CTX_TASK_ID='extract_invoices' AIRFLOW_CTX_EXECUTION_DATE='2025-11-02T00:00:00+00:00' AIRFLOW_CTX_TRY_NUMBER='1' AIRFLOW_CTX_DAG_RUN_ID='scheduled__2025-11-02T00:00:00+00:00'
[2025-12-16T17:41:10.745+0000] {taskinstance.py:430} INFO - ::endgroup::
[2025-12-16T17:41:10.797+0000] {subprocess.py:63} INFO - Tmp dir root location: /tmp
[2025-12-16T17:41:10.800+0000] {subprocess.py:75} INFO - Running command: ['/usr/bin/bash', '-c', 'python /opt/***/scripts/extract_invoices.py --ds 2025-11-02']
[2025-12-16T17:41:10.835+0000] {subprocess.py:86} INFO - Output:
[2025-12-16T17:41:11.485+0000] {subprocess.py:93} INFO - [extract_invoices] ds=2025-11-02 not billing day -> wrote empty file
[2025-12-16T17:41:11.540+0000] {subprocess.py:97} INFO - Command exited with return code 0
[2025-12-16T17:41:11.544+0000] {taskinstance.py:441} INFO - ::group::Post task execution logs
[2025-12-16T17:41:11.642+0000] {taskinstance.py:1206} INFO - Marking task as SUCCESS. dag_id=invoices_elt_daily, task_id=extract_invoices, run_id=scheduled__2025-11-02T00:00:00+00:00, execution_date=20251102T000000, start_date=20251216T174110, end_date=20251216T174111
[2025-12-16T17:41:11.811+0000] {local_task_job_runner.py:243} INFO - Task exited with return code 0
[2025-12-16T17:41:11.881+0000] {taskinstance.py:3503} INFO - 1 downstream tasks scheduled from follow-on schedule check
[2025-12-16T17:41:11.889+0000] {local_task_job_runner.py:222} INFO - ::endgroup::
