[2025-12-16T17:31:41.529+0000] {local_task_job_runner.py:120} INFO - ::group::Pre task execution logs
[2025-12-16T17:31:41.610+0000] {taskinstance.py:2076} INFO - Dependencies all met for dep_context=non-requeueable deps ti=<TaskInstance: users_elt_daily.load_users scheduled__2025-12-03T00:00:00+00:00 [queued]>
[2025-12-16T17:31:41.630+0000] {taskinstance.py:2076} INFO - Dependencies all met for dep_context=requeueable deps ti=<TaskInstance: users_elt_daily.load_users scheduled__2025-12-03T00:00:00+00:00 [queued]>
[2025-12-16T17:31:41.631+0000] {taskinstance.py:2306} INFO - Starting attempt 1 of 1
[2025-12-16T17:31:41.729+0000] {taskinstance.py:2330} INFO - Executing <Task(BashOperator): load_users> on 2025-12-03 00:00:00+00:00
[2025-12-16T17:31:41.750+0000] {logging_mixin.py:188} WARNING - /home/***/.local/lib/python3.12/site-packages/***/task/task_runner/standard_task_runner.py:62 DeprecationWarning: This process (pid=1270) is multi-threaded, use of fork() may lead to deadlocks in the child.
[2025-12-16T17:31:41.750+0000] {standard_task_runner.py:90} INFO - Running: ['***', 'tasks', 'run', 'users_elt_daily', 'load_users', 'scheduled__2025-12-03T00:00:00+00:00', '--job-id', '162', '--raw', '--subdir', 'DAGS_FOLDER/users_elt_daily.py', '--cfg-path', '/tmp/tmpd7q8vo47']
[2025-12-16T17:31:41.754+0000] {standard_task_runner.py:64} INFO - Started process 1279 to run task
[2025-12-16T17:31:41.756+0000] {standard_task_runner.py:91} INFO - Job 162: Subtask load_users
[2025-12-16T17:31:41.895+0000] {task_command.py:426} INFO - Running <TaskInstance: users_elt_daily.load_users scheduled__2025-12-03T00:00:00+00:00 [running]> on host be068e76f4a7
[2025-12-16T17:31:42.094+0000] {taskinstance.py:2648} INFO - Exporting env vars: AIRFLOW_CTX_DAG_OWNER='***' AIRFLOW_CTX_DAG_ID='users_elt_daily' AIRFLOW_CTX_TASK_ID='load_users' AIRFLOW_CTX_EXECUTION_DATE='2025-12-03T00:00:00+00:00' AIRFLOW_CTX_TRY_NUMBER='1' AIRFLOW_CTX_DAG_RUN_ID='scheduled__2025-12-03T00:00:00+00:00'
[2025-12-16T17:31:42.099+0000] {taskinstance.py:430} INFO - ::endgroup::
[2025-12-16T17:31:42.138+0000] {subprocess.py:63} INFO - Tmp dir root location: /tmp
[2025-12-16T17:31:42.142+0000] {subprocess.py:75} INFO - Running command: ['/usr/bin/bash', '-c', 'python /opt/***/scripts/load_users.py --ds 2025-12-03']
[2025-12-16T17:31:42.175+0000] {subprocess.py:86} INFO - Output:
[2025-12-16T17:31:42.758+0000] {subprocess.py:93} INFO - [load_users] ds=2025-12-03 inserted=8 rows
[2025-12-16T17:31:42.797+0000] {subprocess.py:97} INFO - Command exited with return code 0
[2025-12-16T17:31:42.798+0000] {taskinstance.py:441} INFO - ::group::Post task execution logs
[2025-12-16T17:31:42.847+0000] {taskinstance.py:1206} INFO - Marking task as SUCCESS. dag_id=users_elt_daily, task_id=load_users, run_id=scheduled__2025-12-03T00:00:00+00:00, execution_date=20251203T000000, start_date=20251216T173141, end_date=20251216T173142
[2025-12-16T17:31:42.942+0000] {local_task_job_runner.py:243} INFO - Task exited with return code 0
[2025-12-16T17:31:42.975+0000] {taskinstance.py:3503} INFO - 0 downstream tasks scheduled from follow-on schedule check
[2025-12-16T17:31:42.979+0000] {local_task_job_runner.py:222} INFO - ::endgroup::
[2025-12-16T17:41:15.069+0000] {local_task_job_runner.py:120} INFO - ::group::Pre task execution logs
[2025-12-16T17:41:15.242+0000] {taskinstance.py:2076} INFO - Dependencies all met for dep_context=non-requeueable deps ti=<TaskInstance: users_elt_daily.load_users scheduled__2025-12-03T00:00:00+00:00 [queued]>
[2025-12-16T17:41:15.287+0000] {taskinstance.py:2076} INFO - Dependencies all met for dep_context=requeueable deps ti=<TaskInstance: users_elt_daily.load_users scheduled__2025-12-03T00:00:00+00:00 [queued]>
[2025-12-16T17:41:15.292+0000] {taskinstance.py:2306} INFO - Starting attempt 1 of 1
[2025-12-16T17:41:15.395+0000] {taskinstance.py:2330} INFO - Executing <Task(BashOperator): load_users> on 2025-12-03 00:00:00+00:00
[2025-12-16T17:41:15.444+0000] {logging_mixin.py:188} WARNING - /home/***/.local/lib/python3.12/site-packages/***/task/task_runner/standard_task_runner.py:62 DeprecationWarning: This process (pid=763) is multi-threaded, use of fork() may lead to deadlocks in the child.
[2025-12-16T17:41:15.452+0000] {standard_task_runner.py:64} INFO - Started process 787 to run task
[2025-12-16T17:41:15.441+0000] {standard_task_runner.py:90} INFO - Running: ['***', 'tasks', 'run', 'users_elt_daily', 'load_users', 'scheduled__2025-12-03T00:00:00+00:00', '--job-id', '271', '--raw', '--subdir', 'DAGS_FOLDER/users_elt_daily.py', '--cfg-path', '/tmp/tmpdf5ze9ol']
[2025-12-16T17:41:15.463+0000] {standard_task_runner.py:91} INFO - Job 271: Subtask load_users
[2025-12-16T17:41:15.715+0000] {task_command.py:426} INFO - Running <TaskInstance: users_elt_daily.load_users scheduled__2025-12-03T00:00:00+00:00 [running]> on host be068e76f4a7
[2025-12-16T17:41:16.197+0000] {taskinstance.py:2648} INFO - Exporting env vars: AIRFLOW_CTX_DAG_OWNER='***' AIRFLOW_CTX_DAG_ID='users_elt_daily' AIRFLOW_CTX_TASK_ID='load_users' AIRFLOW_CTX_EXECUTION_DATE='2025-12-03T00:00:00+00:00' AIRFLOW_CTX_TRY_NUMBER='1' AIRFLOW_CTX_DAG_RUN_ID='scheduled__2025-12-03T00:00:00+00:00'
[2025-12-16T17:41:16.203+0000] {taskinstance.py:430} INFO - ::endgroup::
[2025-12-16T17:41:16.244+0000] {subprocess.py:63} INFO - Tmp dir root location: /tmp
[2025-12-16T17:41:16.251+0000] {subprocess.py:75} INFO - Running command: ['/usr/bin/bash', '-c', 'python /opt/***/scripts/load_users.py --ds 2025-12-03']
[2025-12-16T17:41:16.311+0000] {subprocess.py:86} INFO - Output:
[2025-12-16T17:41:17.273+0000] {subprocess.py:93} INFO - [load_users] ds=2025-12-03 inserted=8 rows
[2025-12-16T17:41:17.325+0000] {subprocess.py:97} INFO - Command exited with return code 0
[2025-12-16T17:41:17.328+0000] {taskinstance.py:441} INFO - ::group::Post task execution logs
[2025-12-16T17:41:17.411+0000] {taskinstance.py:1206} INFO - Marking task as SUCCESS. dag_id=users_elt_daily, task_id=load_users, run_id=scheduled__2025-12-03T00:00:00+00:00, execution_date=20251203T000000, start_date=20251216T174115, end_date=20251216T174117
[2025-12-16T17:41:17.655+0000] {local_task_job_runner.py:243} INFO - Task exited with return code 0
[2025-12-16T17:41:17.765+0000] {taskinstance.py:3503} INFO - 0 downstream tasks scheduled from follow-on schedule check
[2025-12-16T17:41:17.774+0000] {local_task_job_runner.py:222} INFO - ::endgroup::
