[2025-12-16T17:31:24.987+0000] {local_task_job_runner.py:120} INFO - ::group::Pre task execution logs
[2025-12-16T17:31:25.073+0000] {taskinstance.py:2076} INFO - Dependencies all met for dep_context=non-requeueable deps ti=<TaskInstance: users_elt_daily.extract_users scheduled__2025-11-08T00:00:00+00:00 [queued]>
[2025-12-16T17:31:25.093+0000] {taskinstance.py:2076} INFO - Dependencies all met for dep_context=requeueable deps ti=<TaskInstance: users_elt_daily.extract_users scheduled__2025-11-08T00:00:00+00:00 [queued]>
[2025-12-16T17:31:25.094+0000] {taskinstance.py:2306} INFO - Starting attempt 1 of 1
[2025-12-16T17:31:25.128+0000] {taskinstance.py:2330} INFO - Executing <Task(BashOperator): extract_users> on 2025-11-08 00:00:00+00:00
[2025-12-16T17:31:25.150+0000] {logging_mixin.py:188} WARNING - /home/***/.local/lib/python3.12/site-packages/***/task/task_runner/standard_task_runner.py:62 DeprecationWarning: This process (pid=1074) is multi-threaded, use of fork() may lead to deadlocks in the child.
[2025-12-16T17:31:25.154+0000] {standard_task_runner.py:64} INFO - Started process 1082 to run task
[2025-12-16T17:31:25.150+0000] {standard_task_runner.py:90} INFO - Running: ['***', 'tasks', 'run', 'users_elt_daily', 'extract_users', 'scheduled__2025-11-08T00:00:00+00:00', '--job-id', '101', '--raw', '--subdir', 'DAGS_FOLDER/users_elt_daily.py', '--cfg-path', '/tmp/tmpx30pjmf_']
[2025-12-16T17:31:25.158+0000] {standard_task_runner.py:91} INFO - Job 101: Subtask extract_users
[2025-12-16T17:31:25.296+0000] {task_command.py:426} INFO - Running <TaskInstance: users_elt_daily.extract_users scheduled__2025-11-08T00:00:00+00:00 [running]> on host be068e76f4a7
[2025-12-16T17:31:25.545+0000] {taskinstance.py:2648} INFO - Exporting env vars: AIRFLOW_CTX_DAG_OWNER='***' AIRFLOW_CTX_DAG_ID='users_elt_daily' AIRFLOW_CTX_TASK_ID='extract_users' AIRFLOW_CTX_EXECUTION_DATE='2025-11-08T00:00:00+00:00' AIRFLOW_CTX_TRY_NUMBER='1' AIRFLOW_CTX_DAG_RUN_ID='scheduled__2025-11-08T00:00:00+00:00'
[2025-12-16T17:31:25.550+0000] {taskinstance.py:430} INFO - ::endgroup::
[2025-12-16T17:31:25.595+0000] {subprocess.py:63} INFO - Tmp dir root location: /tmp
[2025-12-16T17:31:25.598+0000] {subprocess.py:75} INFO - Running command: ['/usr/bin/bash', '-c', 'python /opt/***/scripts/extract_users.py --ds 2025-11-08']
[2025-12-16T17:31:25.626+0000] {subprocess.py:86} INFO - Output:
[2025-12-16T17:31:26.207+0000] {subprocess.py:93} INFO - [extract_users] ds=2025-11-08 wrote=/opt/***/data/source/users/users_2025-11-08.json new_users=18 last_user_id=126
[2025-12-16T17:31:26.251+0000] {subprocess.py:97} INFO - Command exited with return code 0
[2025-12-16T17:31:26.256+0000] {taskinstance.py:441} INFO - ::group::Post task execution logs
[2025-12-16T17:31:26.317+0000] {taskinstance.py:1206} INFO - Marking task as SUCCESS. dag_id=users_elt_daily, task_id=extract_users, run_id=scheduled__2025-11-08T00:00:00+00:00, execution_date=20251108T000000, start_date=20251216T173125, end_date=20251216T173126
[2025-12-16T17:31:26.394+0000] {local_task_job_runner.py:243} INFO - Task exited with return code 0
[2025-12-16T17:31:26.486+0000] {taskinstance.py:3503} INFO - 1 downstream tasks scheduled from follow-on schedule check
[2025-12-16T17:31:26.516+0000] {local_task_job_runner.py:222} INFO - ::endgroup::
[2025-12-16T17:40:55.646+0000] {local_task_job_runner.py:120} INFO - ::group::Pre task execution logs
[2025-12-16T17:40:55.740+0000] {taskinstance.py:2076} INFO - Dependencies all met for dep_context=non-requeueable deps ti=<TaskInstance: users_elt_daily.extract_users scheduled__2025-11-08T00:00:00+00:00 [queued]>
[2025-12-16T17:40:55.761+0000] {taskinstance.py:2076} INFO - Dependencies all met for dep_context=requeueable deps ti=<TaskInstance: users_elt_daily.extract_users scheduled__2025-11-08T00:00:00+00:00 [queued]>
[2025-12-16T17:40:55.762+0000] {taskinstance.py:2306} INFO - Starting attempt 1 of 1
[2025-12-16T17:40:55.864+0000] {taskinstance.py:2330} INFO - Executing <Task(BashOperator): extract_users> on 2025-11-08 00:00:00+00:00
[2025-12-16T17:40:55.891+0000] {standard_task_runner.py:90} INFO - Running: ['***', 'tasks', 'run', 'users_elt_daily', 'extract_users', 'scheduled__2025-11-08T00:00:00+00:00', '--job-id', '191', '--raw', '--subdir', 'DAGS_FOLDER/users_elt_daily.py', '--cfg-path', '/tmp/tmpootfbj4k']
[2025-12-16T17:40:55.898+0000] {standard_task_runner.py:91} INFO - Job 191: Subtask extract_users
[2025-12-16T17:40:55.897+0000] {logging_mixin.py:188} WARNING - /home/***/.local/lib/python3.12/site-packages/***/task/task_runner/standard_task_runner.py:62 DeprecationWarning: This process (pid=522) is multi-threaded, use of fork() may lead to deadlocks in the child.
[2025-12-16T17:40:55.903+0000] {standard_task_runner.py:64} INFO - Started process 533 to run task
[2025-12-16T17:40:56.147+0000] {task_command.py:426} INFO - Running <TaskInstance: users_elt_daily.extract_users scheduled__2025-11-08T00:00:00+00:00 [running]> on host be068e76f4a7
[2025-12-16T17:40:56.391+0000] {taskinstance.py:2648} INFO - Exporting env vars: AIRFLOW_CTX_DAG_OWNER='***' AIRFLOW_CTX_DAG_ID='users_elt_daily' AIRFLOW_CTX_TASK_ID='extract_users' AIRFLOW_CTX_EXECUTION_DATE='2025-11-08T00:00:00+00:00' AIRFLOW_CTX_TRY_NUMBER='1' AIRFLOW_CTX_DAG_RUN_ID='scheduled__2025-11-08T00:00:00+00:00'
[2025-12-16T17:40:56.395+0000] {taskinstance.py:430} INFO - ::endgroup::
[2025-12-16T17:40:56.447+0000] {subprocess.py:63} INFO - Tmp dir root location: /tmp
[2025-12-16T17:40:56.452+0000] {subprocess.py:75} INFO - Running command: ['/usr/bin/bash', '-c', 'python /opt/***/scripts/extract_users.py --ds 2025-11-08']
[2025-12-16T17:40:56.495+0000] {subprocess.py:86} INFO - Output:
[2025-12-16T17:40:57.154+0000] {subprocess.py:93} INFO - [extract_users] ds=2025-11-08 already exists -> skip (/opt/***/data/source/users/users_2025-11-08.json)
[2025-12-16T17:40:57.188+0000] {subprocess.py:97} INFO - Command exited with return code 0
[2025-12-16T17:40:57.191+0000] {taskinstance.py:441} INFO - ::group::Post task execution logs
[2025-12-16T17:40:57.300+0000] {taskinstance.py:1206} INFO - Marking task as SUCCESS. dag_id=users_elt_daily, task_id=extract_users, run_id=scheduled__2025-11-08T00:00:00+00:00, execution_date=20251108T000000, start_date=20251216T174055, end_date=20251216T174057
[2025-12-16T17:40:57.648+0000] {local_task_job_runner.py:243} INFO - Task exited with return code 0
[2025-12-16T17:40:57.711+0000] {taskinstance.py:3503} INFO - 1 downstream tasks scheduled from follow-on schedule check
[2025-12-16T17:40:57.716+0000] {local_task_job_runner.py:222} INFO - ::endgroup::
