[2025-12-16T17:31:29.431+0000] {local_task_job_runner.py:120} INFO - ::group::Pre task execution logs
[2025-12-16T17:31:29.470+0000] {taskinstance.py:2076} INFO - Dependencies all met for dep_context=non-requeueable deps ti=<TaskInstance: users_elt_daily.load_users scheduled__2025-11-13T00:00:00+00:00 [queued]>
[2025-12-16T17:31:29.481+0000] {taskinstance.py:2076} INFO - Dependencies all met for dep_context=requeueable deps ti=<TaskInstance: users_elt_daily.load_users scheduled__2025-11-13T00:00:00+00:00 [queued]>
[2025-12-16T17:31:29.482+0000] {taskinstance.py:2306} INFO - Starting attempt 1 of 1
[2025-12-16T17:31:29.498+0000] {taskinstance.py:2330} INFO - Executing <Task(BashOperator): load_users> on 2025-11-13 00:00:00+00:00
[2025-12-16T17:31:29.512+0000] {logging_mixin.py:188} WARNING - /home/***/.local/lib/python3.12/site-packages/***/task/task_runner/standard_task_runner.py:62 DeprecationWarning: This process (pid=1145) is multi-threaded, use of fork() may lead to deadlocks in the child.
[2025-12-16T17:31:29.511+0000] {standard_task_runner.py:90} INFO - Running: ['***', 'tasks', 'run', 'users_elt_daily', 'load_users', 'scheduled__2025-11-13T00:00:00+00:00', '--job-id', '125', '--raw', '--subdir', 'DAGS_FOLDER/users_elt_daily.py', '--cfg-path', '/tmp/tmpyodrtv4a']
[2025-12-16T17:31:29.515+0000] {standard_task_runner.py:64} INFO - Started process 1149 to run task
[2025-12-16T17:31:29.516+0000] {standard_task_runner.py:91} INFO - Job 125: Subtask load_users
[2025-12-16T17:31:29.594+0000] {task_command.py:426} INFO - Running <TaskInstance: users_elt_daily.load_users scheduled__2025-11-13T00:00:00+00:00 [running]> on host be068e76f4a7
[2025-12-16T17:31:29.706+0000] {taskinstance.py:2648} INFO - Exporting env vars: AIRFLOW_CTX_DAG_OWNER='***' AIRFLOW_CTX_DAG_ID='users_elt_daily' AIRFLOW_CTX_TASK_ID='load_users' AIRFLOW_CTX_EXECUTION_DATE='2025-11-13T00:00:00+00:00' AIRFLOW_CTX_TRY_NUMBER='1' AIRFLOW_CTX_DAG_RUN_ID='scheduled__2025-11-13T00:00:00+00:00'
[2025-12-16T17:31:29.707+0000] {taskinstance.py:430} INFO - ::endgroup::
[2025-12-16T17:31:29.722+0000] {subprocess.py:63} INFO - Tmp dir root location: /tmp
[2025-12-16T17:31:29.723+0000] {subprocess.py:75} INFO - Running command: ['/usr/bin/bash', '-c', 'python /opt/***/scripts/load_users.py --ds 2025-11-13']
[2025-12-16T17:31:29.739+0000] {subprocess.py:86} INFO - Output:
[2025-12-16T17:31:30.031+0000] {subprocess.py:93} INFO - [load_users] ds=2025-11-13 inserted=9 rows
[2025-12-16T17:31:30.048+0000] {subprocess.py:97} INFO - Command exited with return code 0
[2025-12-16T17:31:30.049+0000] {taskinstance.py:441} INFO - ::group::Post task execution logs
[2025-12-16T17:31:30.081+0000] {taskinstance.py:1206} INFO - Marking task as SUCCESS. dag_id=users_elt_daily, task_id=load_users, run_id=scheduled__2025-11-13T00:00:00+00:00, execution_date=20251113T000000, start_date=20251216T173129, end_date=20251216T173130
[2025-12-16T17:31:30.132+0000] {local_task_job_runner.py:243} INFO - Task exited with return code 0
[2025-12-16T17:31:30.152+0000] {taskinstance.py:3503} INFO - 0 downstream tasks scheduled from follow-on schedule check
[2025-12-16T17:31:30.157+0000] {local_task_job_runner.py:222} INFO - ::endgroup::
[2025-12-16T17:40:59.479+0000] {local_task_job_runner.py:120} INFO - ::group::Pre task execution logs
[2025-12-16T17:40:59.540+0000] {taskinstance.py:2076} INFO - Dependencies all met for dep_context=non-requeueable deps ti=<TaskInstance: users_elt_daily.load_users scheduled__2025-11-13T00:00:00+00:00 [queued]>
[2025-12-16T17:40:59.554+0000] {taskinstance.py:2076} INFO - Dependencies all met for dep_context=requeueable deps ti=<TaskInstance: users_elt_daily.load_users scheduled__2025-11-13T00:00:00+00:00 [queued]>
[2025-12-16T17:40:59.555+0000] {taskinstance.py:2306} INFO - Starting attempt 1 of 1
[2025-12-16T17:40:59.573+0000] {taskinstance.py:2330} INFO - Executing <Task(BashOperator): load_users> on 2025-11-13 00:00:00+00:00
[2025-12-16T17:40:59.586+0000] {logging_mixin.py:188} WARNING - /home/***/.local/lib/python3.12/site-packages/***/task/task_runner/standard_task_runner.py:62 DeprecationWarning: This process (pid=581) is multi-threaded, use of fork() may lead to deadlocks in the child.
[2025-12-16T17:40:59.585+0000] {standard_task_runner.py:90} INFO - Running: ['***', 'tasks', 'run', 'users_elt_daily', 'load_users', 'scheduled__2025-11-13T00:00:00+00:00', '--job-id', '212', '--raw', '--subdir', 'DAGS_FOLDER/users_elt_daily.py', '--cfg-path', '/tmp/tmphem1svpo']
[2025-12-16T17:40:59.589+0000] {standard_task_runner.py:64} INFO - Started process 587 to run task
[2025-12-16T17:40:59.589+0000] {standard_task_runner.py:91} INFO - Job 212: Subtask load_users
[2025-12-16T17:40:59.687+0000] {task_command.py:426} INFO - Running <TaskInstance: users_elt_daily.load_users scheduled__2025-11-13T00:00:00+00:00 [running]> on host be068e76f4a7
[2025-12-16T17:40:59.826+0000] {taskinstance.py:2648} INFO - Exporting env vars: AIRFLOW_CTX_DAG_OWNER='***' AIRFLOW_CTX_DAG_ID='users_elt_daily' AIRFLOW_CTX_TASK_ID='load_users' AIRFLOW_CTX_EXECUTION_DATE='2025-11-13T00:00:00+00:00' AIRFLOW_CTX_TRY_NUMBER='1' AIRFLOW_CTX_DAG_RUN_ID='scheduled__2025-11-13T00:00:00+00:00'
[2025-12-16T17:40:59.828+0000] {taskinstance.py:430} INFO - ::endgroup::
[2025-12-16T17:40:59.849+0000] {subprocess.py:63} INFO - Tmp dir root location: /tmp
[2025-12-16T17:40:59.851+0000] {subprocess.py:75} INFO - Running command: ['/usr/bin/bash', '-c', 'python /opt/***/scripts/load_users.py --ds 2025-11-13']
[2025-12-16T17:40:59.871+0000] {subprocess.py:86} INFO - Output:
[2025-12-16T17:41:00.238+0000] {subprocess.py:93} INFO - [load_users] ds=2025-11-13 inserted=9 rows
[2025-12-16T17:41:00.254+0000] {subprocess.py:97} INFO - Command exited with return code 0
[2025-12-16T17:41:00.255+0000] {taskinstance.py:441} INFO - ::group::Post task execution logs
[2025-12-16T17:41:00.287+0000] {taskinstance.py:1206} INFO - Marking task as SUCCESS. dag_id=users_elt_daily, task_id=load_users, run_id=scheduled__2025-11-13T00:00:00+00:00, execution_date=20251113T000000, start_date=20251216T174059, end_date=20251216T174100
[2025-12-16T17:41:00.328+0000] {local_task_job_runner.py:243} INFO - Task exited with return code 0
[2025-12-16T17:41:00.343+0000] {local_task_job_runner.py:222} INFO - ::endgroup::
