[2025-12-16T17:31:34.531+0000] {local_task_job_runner.py:120} INFO - ::group::Pre task execution logs
[2025-12-16T17:31:34.636+0000] {taskinstance.py:2076} INFO - Dependencies all met for dep_context=non-requeueable deps ti=<TaskInstance: users_elt_daily.load_users scheduled__2025-11-21T00:00:00+00:00 [queued]>
[2025-12-16T17:31:34.667+0000] {taskinstance.py:2076} INFO - Dependencies all met for dep_context=requeueable deps ti=<TaskInstance: users_elt_daily.load_users scheduled__2025-11-21T00:00:00+00:00 [queued]>
[2025-12-16T17:31:34.669+0000] {taskinstance.py:2306} INFO - Starting attempt 1 of 1
[2025-12-16T17:31:34.704+0000] {taskinstance.py:2330} INFO - Executing <Task(BashOperator): load_users> on 2025-11-21 00:00:00+00:00
[2025-12-16T17:31:34.729+0000] {logging_mixin.py:188} WARNING - /home/***/.local/lib/python3.12/site-packages/***/task/task_runner/standard_task_runner.py:62 DeprecationWarning: This process (pid=1186) is multi-threaded, use of fork() may lead to deadlocks in the child.
[2025-12-16T17:31:34.733+0000] {standard_task_runner.py:64} INFO - Started process 1196 to run task
[2025-12-16T17:31:34.732+0000] {standard_task_runner.py:90} INFO - Running: ['***', 'tasks', 'run', 'users_elt_daily', 'load_users', 'scheduled__2025-11-21T00:00:00+00:00', '--job-id', '139', '--raw', '--subdir', 'DAGS_FOLDER/users_elt_daily.py', '--cfg-path', '/tmp/tmptw0ugsjg']
[2025-12-16T17:31:34.739+0000] {standard_task_runner.py:91} INFO - Job 139: Subtask load_users
[2025-12-16T17:31:34.925+0000] {task_command.py:426} INFO - Running <TaskInstance: users_elt_daily.load_users scheduled__2025-11-21T00:00:00+00:00 [running]> on host be068e76f4a7
[2025-12-16T17:31:35.178+0000] {taskinstance.py:2648} INFO - Exporting env vars: AIRFLOW_CTX_DAG_OWNER='***' AIRFLOW_CTX_DAG_ID='users_elt_daily' AIRFLOW_CTX_TASK_ID='load_users' AIRFLOW_CTX_EXECUTION_DATE='2025-11-21T00:00:00+00:00' AIRFLOW_CTX_TRY_NUMBER='1' AIRFLOW_CTX_DAG_RUN_ID='scheduled__2025-11-21T00:00:00+00:00'
[2025-12-16T17:31:35.180+0000] {taskinstance.py:430} INFO - ::endgroup::
[2025-12-16T17:31:35.218+0000] {subprocess.py:63} INFO - Tmp dir root location: /tmp
[2025-12-16T17:31:35.225+0000] {subprocess.py:75} INFO - Running command: ['/usr/bin/bash', '-c', 'python /opt/***/scripts/load_users.py --ds 2025-11-21']
[2025-12-16T17:31:35.270+0000] {subprocess.py:86} INFO - Output:
[2025-12-16T17:31:35.887+0000] {subprocess.py:93} INFO - [load_users] ds=2025-11-21 inserted=20 rows
[2025-12-16T17:31:35.923+0000] {subprocess.py:97} INFO - Command exited with return code 0
[2025-12-16T17:31:35.925+0000] {taskinstance.py:441} INFO - ::group::Post task execution logs
[2025-12-16T17:31:35.988+0000] {taskinstance.py:1206} INFO - Marking task as SUCCESS. dag_id=users_elt_daily, task_id=load_users, run_id=scheduled__2025-11-21T00:00:00+00:00, execution_date=20251121T000000, start_date=20251216T173134, end_date=20251216T173135
[2025-12-16T17:31:36.047+0000] {local_task_job_runner.py:243} INFO - Task exited with return code 0
[2025-12-16T17:31:36.090+0000] {taskinstance.py:3503} INFO - 0 downstream tasks scheduled from follow-on schedule check
[2025-12-16T17:31:36.094+0000] {local_task_job_runner.py:222} INFO - ::endgroup::
[2025-12-16T17:41:05.864+0000] {local_task_job_runner.py:120} INFO - ::group::Pre task execution logs
[2025-12-16T17:41:05.947+0000] {taskinstance.py:2076} INFO - Dependencies all met for dep_context=non-requeueable deps ti=<TaskInstance: users_elt_daily.load_users scheduled__2025-11-21T00:00:00+00:00 [queued]>
[2025-12-16T17:41:05.966+0000] {taskinstance.py:2076} INFO - Dependencies all met for dep_context=requeueable deps ti=<TaskInstance: users_elt_daily.load_users scheduled__2025-11-21T00:00:00+00:00 [queued]>
[2025-12-16T17:41:05.967+0000] {taskinstance.py:2306} INFO - Starting attempt 1 of 1
[2025-12-16T17:41:06.006+0000] {taskinstance.py:2330} INFO - Executing <Task(BashOperator): load_users> on 2025-11-21 00:00:00+00:00
[2025-12-16T17:41:06.032+0000] {logging_mixin.py:188} WARNING - /home/***/.local/lib/python3.12/site-packages/***/task/task_runner/standard_task_runner.py:62 DeprecationWarning: This process (pid=646) is multi-threaded, use of fork() may lead to deadlocks in the child.
[2025-12-16T17:41:06.039+0000] {standard_task_runner.py:64} INFO - Started process 658 to run task
[2025-12-16T17:41:06.034+0000] {standard_task_runner.py:90} INFO - Running: ['***', 'tasks', 'run', 'users_elt_daily', 'load_users', 'scheduled__2025-11-21T00:00:00+00:00', '--job-id', '234', '--raw', '--subdir', 'DAGS_FOLDER/users_elt_daily.py', '--cfg-path', '/tmp/tmp2d92j889']
[2025-12-16T17:41:06.043+0000] {standard_task_runner.py:91} INFO - Job 234: Subtask load_users
[2025-12-16T17:41:06.228+0000] {task_command.py:426} INFO - Running <TaskInstance: users_elt_daily.load_users scheduled__2025-11-21T00:00:00+00:00 [running]> on host be068e76f4a7
[2025-12-16T17:41:06.435+0000] {taskinstance.py:2648} INFO - Exporting env vars: AIRFLOW_CTX_DAG_OWNER='***' AIRFLOW_CTX_DAG_ID='users_elt_daily' AIRFLOW_CTX_TASK_ID='load_users' AIRFLOW_CTX_EXECUTION_DATE='2025-11-21T00:00:00+00:00' AIRFLOW_CTX_TRY_NUMBER='1' AIRFLOW_CTX_DAG_RUN_ID='scheduled__2025-11-21T00:00:00+00:00'
[2025-12-16T17:41:06.441+0000] {taskinstance.py:430} INFO - ::endgroup::
[2025-12-16T17:41:06.478+0000] {subprocess.py:63} INFO - Tmp dir root location: /tmp
[2025-12-16T17:41:06.482+0000] {subprocess.py:75} INFO - Running command: ['/usr/bin/bash', '-c', 'python /opt/***/scripts/load_users.py --ds 2025-11-21']
[2025-12-16T17:41:06.523+0000] {subprocess.py:86} INFO - Output:
[2025-12-16T17:41:07.099+0000] {subprocess.py:93} INFO - [load_users] ds=2025-11-21 inserted=20 rows
[2025-12-16T17:41:07.135+0000] {subprocess.py:97} INFO - Command exited with return code 0
[2025-12-16T17:41:07.137+0000] {taskinstance.py:441} INFO - ::group::Post task execution logs
[2025-12-16T17:41:07.193+0000] {taskinstance.py:1206} INFO - Marking task as SUCCESS. dag_id=users_elt_daily, task_id=load_users, run_id=scheduled__2025-11-21T00:00:00+00:00, execution_date=20251121T000000, start_date=20251216T174105, end_date=20251216T174107
[2025-12-16T17:41:07.277+0000] {local_task_job_runner.py:243} INFO - Task exited with return code 0
[2025-12-16T17:41:07.307+0000] {taskinstance.py:3503} INFO - 0 downstream tasks scheduled from follow-on schedule check
[2025-12-16T17:41:07.311+0000] {local_task_job_runner.py:222} INFO - ::endgroup::
