[2025-12-16T17:13:11.454+0000] {local_task_job_runner.py:120} INFO - ::group::Pre task execution logs
[2025-12-16T17:13:11.545+0000] {taskinstance.py:2076} INFO - Dependencies all met for dep_context=non-requeueable deps ti=<TaskInstance: invoices_elt_daily.extract_invoices scheduled__2025-12-12T00:00:00+00:00 [queued]>
[2025-12-16T17:13:11.566+0000] {taskinstance.py:2076} INFO - Dependencies all met for dep_context=requeueable deps ti=<TaskInstance: invoices_elt_daily.extract_invoices scheduled__2025-12-12T00:00:00+00:00 [queued]>
[2025-12-16T17:13:11.568+0000] {taskinstance.py:2306} INFO - Starting attempt 1 of 1
[2025-12-16T17:13:11.613+0000] {taskinstance.py:2330} INFO - Executing <Task(BashOperator): extract_invoices> on 2025-12-12 00:00:00+00:00
[2025-12-16T17:13:11.639+0000] {logging_mixin.py:188} WARNING - /home/***/.local/lib/python3.12/site-packages/***/task/task_runner/standard_task_runner.py:62 DeprecationWarning: This process (pid=274) is multi-threaded, use of fork() may lead to deadlocks in the child.
[2025-12-16T17:13:11.647+0000] {standard_task_runner.py:64} INFO - Started process 298 to run task
[2025-12-16T17:13:11.638+0000] {standard_task_runner.py:90} INFO - Running: ['***', 'tasks', 'run', 'invoices_elt_daily', 'extract_invoices', 'scheduled__2025-12-12T00:00:00+00:00', '--job-id', '76', '--raw', '--subdir', 'DAGS_FOLDER/invoices_elt_daily.py', '--cfg-path', '/tmp/tmpefkokw0d']
[2025-12-16T17:13:11.652+0000] {standard_task_runner.py:91} INFO - Job 76: Subtask extract_invoices
[2025-12-16T17:13:11.820+0000] {task_command.py:426} INFO - Running <TaskInstance: invoices_elt_daily.extract_invoices scheduled__2025-12-12T00:00:00+00:00 [running]> on host be068e76f4a7
[2025-12-16T17:13:12.075+0000] {taskinstance.py:2648} INFO - Exporting env vars: AIRFLOW_CTX_DAG_OWNER='***' AIRFLOW_CTX_DAG_ID='invoices_elt_daily' AIRFLOW_CTX_TASK_ID='extract_invoices' AIRFLOW_CTX_EXECUTION_DATE='2025-12-12T00:00:00+00:00' AIRFLOW_CTX_TRY_NUMBER='1' AIRFLOW_CTX_DAG_RUN_ID='scheduled__2025-12-12T00:00:00+00:00'
[2025-12-16T17:13:12.080+0000] {taskinstance.py:430} INFO - ::endgroup::
[2025-12-16T17:13:12.131+0000] {subprocess.py:63} INFO - Tmp dir root location: /tmp
[2025-12-16T17:13:12.135+0000] {subprocess.py:75} INFO - Running command: ['/usr/bin/bash', '-c', 'python /opt/***/scripts/extract_invoices.py --ds 2025-12-12']
[2025-12-16T17:13:12.197+0000] {subprocess.py:86} INFO - Output:
[2025-12-16T17:13:13.244+0000] {subprocess.py:93} INFO - [extract_invoices] ds=2025-12-12 not billing day -> wrote empty file
[2025-12-16T17:13:13.316+0000] {subprocess.py:97} INFO - Command exited with return code 0
[2025-12-16T17:13:13.322+0000] {taskinstance.py:441} INFO - ::group::Post task execution logs
[2025-12-16T17:13:13.428+0000] {taskinstance.py:1206} INFO - Marking task as SUCCESS. dag_id=invoices_elt_daily, task_id=extract_invoices, run_id=scheduled__2025-12-12T00:00:00+00:00, execution_date=20251212T000000, start_date=20251216T171311, end_date=20251216T171313
[2025-12-16T17:13:13.496+0000] {local_task_job_runner.py:243} INFO - Task exited with return code 0
[2025-12-16T17:13:13.564+0000] {taskinstance.py:3503} INFO - 1 downstream tasks scheduled from follow-on schedule check
[2025-12-16T17:13:13.571+0000] {local_task_job_runner.py:222} INFO - ::endgroup::
[2025-12-16T17:41:35.724+0000] {local_task_job_runner.py:120} INFO - ::group::Pre task execution logs
[2025-12-16T17:41:35.826+0000] {taskinstance.py:2076} INFO - Dependencies all met for dep_context=non-requeueable deps ti=<TaskInstance: invoices_elt_daily.extract_invoices scheduled__2025-12-12T00:00:00+00:00 [queued]>
[2025-12-16T17:41:35.846+0000] {taskinstance.py:2076} INFO - Dependencies all met for dep_context=requeueable deps ti=<TaskInstance: invoices_elt_daily.extract_invoices scheduled__2025-12-12T00:00:00+00:00 [queued]>
[2025-12-16T17:41:35.851+0000] {taskinstance.py:2306} INFO - Starting attempt 1 of 1
[2025-12-16T17:41:35.945+0000] {taskinstance.py:2330} INFO - Executing <Task(BashOperator): extract_invoices> on 2025-12-12 00:00:00+00:00
[2025-12-16T17:41:35.966+0000] {logging_mixin.py:188} WARNING - /home/***/.local/lib/python3.12/site-packages/***/task/task_runner/standard_task_runner.py:62 DeprecationWarning: This process (pid=1013) is multi-threaded, use of fork() may lead to deadlocks in the child.
[2025-12-16T17:41:35.964+0000] {standard_task_runner.py:90} INFO - Running: ['***', 'tasks', 'run', 'invoices_elt_daily', 'extract_invoices', 'scheduled__2025-12-12T00:00:00+00:00', '--job-id', '350', '--raw', '--subdir', 'DAGS_FOLDER/invoices_elt_daily.py', '--cfg-path', '/tmp/tmprwsv8367']
[2025-12-16T17:41:35.970+0000] {standard_task_runner.py:64} INFO - Started process 1022 to run task
[2025-12-16T17:41:35.971+0000] {standard_task_runner.py:91} INFO - Job 350: Subtask extract_invoices
[2025-12-16T17:41:36.128+0000] {task_command.py:426} INFO - Running <TaskInstance: invoices_elt_daily.extract_invoices scheduled__2025-12-12T00:00:00+00:00 [running]> on host be068e76f4a7
[2025-12-16T17:41:36.328+0000] {taskinstance.py:2648} INFO - Exporting env vars: AIRFLOW_CTX_DAG_OWNER='***' AIRFLOW_CTX_DAG_ID='invoices_elt_daily' AIRFLOW_CTX_TASK_ID='extract_invoices' AIRFLOW_CTX_EXECUTION_DATE='2025-12-12T00:00:00+00:00' AIRFLOW_CTX_TRY_NUMBER='1' AIRFLOW_CTX_DAG_RUN_ID='scheduled__2025-12-12T00:00:00+00:00'
[2025-12-16T17:41:36.332+0000] {taskinstance.py:430} INFO - ::endgroup::
[2025-12-16T17:41:36.373+0000] {subprocess.py:63} INFO - Tmp dir root location: /tmp
[2025-12-16T17:41:36.378+0000] {subprocess.py:75} INFO - Running command: ['/usr/bin/bash', '-c', 'python /opt/***/scripts/extract_invoices.py --ds 2025-12-12']
[2025-12-16T17:41:36.444+0000] {subprocess.py:86} INFO - Output:
[2025-12-16T17:41:37.057+0000] {subprocess.py:93} INFO - [extract_invoices] ds=2025-12-12 already exists -> skip
[2025-12-16T17:41:37.101+0000] {subprocess.py:97} INFO - Command exited with return code 0
[2025-12-16T17:41:37.103+0000] {taskinstance.py:441} INFO - ::group::Post task execution logs
[2025-12-16T17:41:37.166+0000] {taskinstance.py:1206} INFO - Marking task as SUCCESS. dag_id=invoices_elt_daily, task_id=extract_invoices, run_id=scheduled__2025-12-12T00:00:00+00:00, execution_date=20251212T000000, start_date=20251216T174135, end_date=20251216T174137
[2025-12-16T17:41:37.247+0000] {local_task_job_runner.py:243} INFO - Task exited with return code 0
[2025-12-16T17:41:37.288+0000] {taskinstance.py:3503} INFO - 1 downstream tasks scheduled from follow-on schedule check
[2025-12-16T17:41:37.292+0000] {local_task_job_runner.py:222} INFO - ::endgroup::
