[2025-12-16T17:31:41.856+0000] {local_task_job_runner.py:120} INFO - ::group::Pre task execution logs
[2025-12-16T17:31:41.944+0000] {taskinstance.py:2076} INFO - Dependencies all met for dep_context=non-requeueable deps ti=<TaskInstance: users_elt_daily.extract_users scheduled__2025-12-12T00:00:00+00:00 [queued]>
[2025-12-16T17:31:41.972+0000] {taskinstance.py:2076} INFO - Dependencies all met for dep_context=requeueable deps ti=<TaskInstance: users_elt_daily.extract_users scheduled__2025-12-12T00:00:00+00:00 [queued]>
[2025-12-16T17:31:41.973+0000] {taskinstance.py:2306} INFO - Starting attempt 1 of 1
[2025-12-16T17:31:42.042+0000] {taskinstance.py:2330} INFO - Executing <Task(BashOperator): extract_users> on 2025-12-12 00:00:00+00:00
[2025-12-16T17:31:42.060+0000] {logging_mixin.py:188} WARNING - /home/***/.local/lib/python3.12/site-packages/***/task/task_runner/standard_task_runner.py:62 DeprecationWarning: This process (pid=1276) is multi-threaded, use of fork() may lead to deadlocks in the child.
[2025-12-16T17:31:42.059+0000] {standard_task_runner.py:90} INFO - Running: ['***', 'tasks', 'run', 'users_elt_daily', 'extract_users', 'scheduled__2025-12-12T00:00:00+00:00', '--job-id', '164', '--raw', '--subdir', 'DAGS_FOLDER/users_elt_daily.py', '--cfg-path', '/tmp/tmpme3hheni']
[2025-12-16T17:31:42.069+0000] {standard_task_runner.py:91} INFO - Job 164: Subtask extract_users
[2025-12-16T17:31:42.063+0000] {standard_task_runner.py:64} INFO - Started process 1284 to run task
[2025-12-16T17:31:42.215+0000] {task_command.py:426} INFO - Running <TaskInstance: users_elt_daily.extract_users scheduled__2025-12-12T00:00:00+00:00 [running]> on host be068e76f4a7
[2025-12-16T17:31:42.455+0000] {taskinstance.py:2648} INFO - Exporting env vars: AIRFLOW_CTX_DAG_OWNER='***' AIRFLOW_CTX_DAG_ID='users_elt_daily' AIRFLOW_CTX_TASK_ID='extract_users' AIRFLOW_CTX_EXECUTION_DATE='2025-12-12T00:00:00+00:00' AIRFLOW_CTX_TRY_NUMBER='1' AIRFLOW_CTX_DAG_RUN_ID='scheduled__2025-12-12T00:00:00+00:00'
[2025-12-16T17:31:42.457+0000] {taskinstance.py:430} INFO - ::endgroup::
[2025-12-16T17:31:42.490+0000] {subprocess.py:63} INFO - Tmp dir root location: /tmp
[2025-12-16T17:31:42.495+0000] {subprocess.py:75} INFO - Running command: ['/usr/bin/bash', '-c', 'python /opt/***/scripts/extract_users.py --ds 2025-12-12']
[2025-12-16T17:31:42.526+0000] {subprocess.py:86} INFO - Output:
[2025-12-16T17:31:42.959+0000] {subprocess.py:93} INFO - [extract_users] ds=2025-12-12 wrote=/opt/***/data/source/users/users_2025-12-12.json new_users=7 last_user_id=478
[2025-12-16T17:31:42.985+0000] {subprocess.py:97} INFO - Command exited with return code 0
[2025-12-16T17:31:42.987+0000] {taskinstance.py:441} INFO - ::group::Post task execution logs
[2025-12-16T17:31:43.040+0000] {taskinstance.py:1206} INFO - Marking task as SUCCESS. dag_id=users_elt_daily, task_id=extract_users, run_id=scheduled__2025-12-12T00:00:00+00:00, execution_date=20251212T000000, start_date=20251216T173141, end_date=20251216T173143
[2025-12-16T17:31:43.092+0000] {local_task_job_runner.py:243} INFO - Task exited with return code 0
[2025-12-16T17:31:43.160+0000] {taskinstance.py:3503} INFO - 1 downstream tasks scheduled from follow-on schedule check
[2025-12-16T17:31:43.166+0000] {local_task_job_runner.py:222} INFO - ::endgroup::
[2025-12-16T17:41:17.795+0000] {local_task_job_runner.py:120} INFO - ::group::Pre task execution logs
[2025-12-16T17:41:17.908+0000] {taskinstance.py:2076} INFO - Dependencies all met for dep_context=non-requeueable deps ti=<TaskInstance: users_elt_daily.extract_users scheduled__2025-12-12T00:00:00+00:00 [queued]>
[2025-12-16T17:41:17.939+0000] {taskinstance.py:2076} INFO - Dependencies all met for dep_context=requeueable deps ti=<TaskInstance: users_elt_daily.extract_users scheduled__2025-12-12T00:00:00+00:00 [queued]>
[2025-12-16T17:41:17.947+0000] {taskinstance.py:2306} INFO - Starting attempt 1 of 1
[2025-12-16T17:41:18.170+0000] {taskinstance.py:2330} INFO - Executing <Task(BashOperator): extract_users> on 2025-12-12 00:00:00+00:00
[2025-12-16T17:41:18.203+0000] {logging_mixin.py:188} WARNING - /home/***/.local/lib/python3.12/site-packages/***/task/task_runner/standard_task_runner.py:62 DeprecationWarning: This process (pid=817) is multi-threaded, use of fork() may lead to deadlocks in the child.
[2025-12-16T17:41:18.208+0000] {standard_task_runner.py:64} INFO - Started process 835 to run task
[2025-12-16T17:41:18.204+0000] {standard_task_runner.py:90} INFO - Running: ['***', 'tasks', 'run', 'users_elt_daily', 'extract_users', 'scheduled__2025-12-12T00:00:00+00:00', '--job-id', '285', '--raw', '--subdir', 'DAGS_FOLDER/users_elt_daily.py', '--cfg-path', '/tmp/tmpg_gz9k13']
[2025-12-16T17:41:18.212+0000] {standard_task_runner.py:91} INFO - Job 285: Subtask extract_users
[2025-12-16T17:41:18.400+0000] {task_command.py:426} INFO - Running <TaskInstance: users_elt_daily.extract_users scheduled__2025-12-12T00:00:00+00:00 [running]> on host be068e76f4a7
[2025-12-16T17:41:18.615+0000] {taskinstance.py:2648} INFO - Exporting env vars: AIRFLOW_CTX_DAG_OWNER='***' AIRFLOW_CTX_DAG_ID='users_elt_daily' AIRFLOW_CTX_TASK_ID='extract_users' AIRFLOW_CTX_EXECUTION_DATE='2025-12-12T00:00:00+00:00' AIRFLOW_CTX_TRY_NUMBER='1' AIRFLOW_CTX_DAG_RUN_ID='scheduled__2025-12-12T00:00:00+00:00'
[2025-12-16T17:41:18.619+0000] {taskinstance.py:430} INFO - ::endgroup::
[2025-12-16T17:41:18.653+0000] {subprocess.py:63} INFO - Tmp dir root location: /tmp
[2025-12-16T17:41:18.656+0000] {subprocess.py:75} INFO - Running command: ['/usr/bin/bash', '-c', 'python /opt/***/scripts/extract_users.py --ds 2025-12-12']
[2025-12-16T17:41:18.691+0000] {subprocess.py:86} INFO - Output:
[2025-12-16T17:41:19.135+0000] {subprocess.py:93} INFO - [extract_users] ds=2025-12-12 already exists -> skip (/opt/***/data/source/users/users_2025-12-12.json)
[2025-12-16T17:41:19.158+0000] {subprocess.py:97} INFO - Command exited with return code 0
[2025-12-16T17:41:19.160+0000] {taskinstance.py:441} INFO - ::group::Post task execution logs
[2025-12-16T17:41:19.212+0000] {taskinstance.py:1206} INFO - Marking task as SUCCESS. dag_id=users_elt_daily, task_id=extract_users, run_id=scheduled__2025-12-12T00:00:00+00:00, execution_date=20251212T000000, start_date=20251216T174117, end_date=20251216T174119
[2025-12-16T17:41:19.280+0000] {local_task_job_runner.py:243} INFO - Task exited with return code 0
[2025-12-16T17:41:19.327+0000] {taskinstance.py:3503} INFO - 1 downstream tasks scheduled from follow-on schedule check
[2025-12-16T17:41:19.331+0000] {local_task_job_runner.py:222} INFO - ::endgroup::
