[2025-12-16T15:56:49.919+0000] {local_task_job_runner.py:120} INFO - ::group::Pre task execution logs
[2025-12-16T15:56:49.971+0000] {taskinstance.py:2076} INFO - Dependencies all met for dep_context=non-requeueable deps ti=<TaskInstance: plans_elt_daily.extract_plans manual__2025-12-16T15:56:49.314361+00:00 [queued]>
[2025-12-16T15:56:49.995+0000] {taskinstance.py:2076} INFO - Dependencies all met for dep_context=requeueable deps ti=<TaskInstance: plans_elt_daily.extract_plans manual__2025-12-16T15:56:49.314361+00:00 [queued]>
[2025-12-16T15:56:49.996+0000] {taskinstance.py:2306} INFO - Starting attempt 1 of 1
[2025-12-16T15:56:50.017+0000] {taskinstance.py:2330} INFO - Executing <Task(BashOperator): extract_plans> on 2025-12-16 15:56:49.314361+00:00
[2025-12-16T15:56:50.028+0000] {standard_task_runner.py:90} INFO - Running: ['***', 'tasks', 'run', 'plans_elt_daily', 'extract_plans', 'manual__2025-12-16T15:56:49.314361+00:00', '--job-id', '51', '--raw', '--subdir', 'DAGS_FOLDER/plans_elt_daily.py', '--cfg-path', '/tmp/tmp29foe5e3']
[2025-12-16T15:56:50.033+0000] {standard_task_runner.py:91} INFO - Job 51: Subtask extract_plans
[2025-12-16T15:56:50.034+0000] {logging_mixin.py:188} WARNING - /home/***/.local/lib/python3.12/site-packages/***/task/task_runner/standard_task_runner.py:62 DeprecationWarning: This process (pid=198) is multi-threaded, use of fork() may lead to deadlocks in the child.
[2025-12-16T15:56:50.034+0000] {standard_task_runner.py:64} INFO - Started process 199 to run task
[2025-12-16T15:56:50.123+0000] {task_command.py:426} INFO - Running <TaskInstance: plans_elt_daily.extract_plans manual__2025-12-16T15:56:49.314361+00:00 [running]> on host be068e76f4a7
[2025-12-16T15:56:50.239+0000] {taskinstance.py:2648} INFO - Exporting env vars: AIRFLOW_CTX_DAG_OWNER='***' AIRFLOW_CTX_DAG_ID='plans_elt_daily' AIRFLOW_CTX_TASK_ID='extract_plans' AIRFLOW_CTX_EXECUTION_DATE='2025-12-16T15:56:49.314361+00:00' AIRFLOW_CTX_TRY_NUMBER='1' AIRFLOW_CTX_DAG_RUN_ID='manual__2025-12-16T15:56:49.314361+00:00'
[2025-12-16T15:56:50.240+0000] {taskinstance.py:430} INFO - ::endgroup::
[2025-12-16T15:56:50.255+0000] {subprocess.py:63} INFO - Tmp dir root location: /tmp
[2025-12-16T15:56:50.257+0000] {subprocess.py:75} INFO - Running command: ['/usr/bin/bash', '-c', 'python /opt/***/scripts/extract_plans.py']
[2025-12-16T15:56:50.273+0000] {subprocess.py:86} INFO - Output:
[2025-12-16T15:56:50.427+0000] {subprocess.py:93} INFO - [extract_plans] wrote /opt/***/data/source/plans/plans.json
[2025-12-16T15:56:50.434+0000] {subprocess.py:97} INFO - Command exited with return code 0
[2025-12-16T15:56:50.435+0000] {taskinstance.py:441} INFO - ::group::Post task execution logs
[2025-12-16T15:56:50.469+0000] {taskinstance.py:1206} INFO - Marking task as SUCCESS. dag_id=plans_elt_daily, task_id=extract_plans, run_id=manual__2025-12-16T15:56:49.314361+00:00, execution_date=20251216T155649, start_date=20251216T155649, end_date=20251216T155650
[2025-12-16T15:56:50.532+0000] {local_task_job_runner.py:243} INFO - Task exited with return code 0
[2025-12-16T15:56:50.564+0000] {taskinstance.py:3503} INFO - 1 downstream tasks scheduled from follow-on schedule check
[2025-12-16T15:56:50.568+0000] {local_task_job_runner.py:222} INFO - ::endgroup::
