[2025-12-16T17:31:48.311+0000] {local_task_job_runner.py:120} INFO - ::group::Pre task execution logs
[2025-12-16T17:31:48.352+0000] {taskinstance.py:2076} INFO - Dependencies all met for dep_context=non-requeueable deps ti=<TaskInstance: users_elt_daily.load_users scheduled__2025-12-14T00:00:00+00:00 [queued]>
[2025-12-16T17:31:48.363+0000] {taskinstance.py:2076} INFO - Dependencies all met for dep_context=requeueable deps ti=<TaskInstance: users_elt_daily.load_users scheduled__2025-12-14T00:00:00+00:00 [queued]>
[2025-12-16T17:31:48.364+0000] {taskinstance.py:2306} INFO - Starting attempt 1 of 1
[2025-12-16T17:31:48.379+0000] {taskinstance.py:2330} INFO - Executing <Task(BashOperator): load_users> on 2025-12-14 00:00:00+00:00
[2025-12-16T17:31:48.389+0000] {logging_mixin.py:188} WARNING - /home/***/.local/lib/python3.12/site-packages/***/task/task_runner/standard_task_runner.py:62 DeprecationWarning: This process (pid=1322) is multi-threaded, use of fork() may lead to deadlocks in the child.
[2025-12-16T17:31:48.391+0000] {standard_task_runner.py:64} INFO - Started process 1324 to run task
[2025-12-16T17:31:48.390+0000] {standard_task_runner.py:90} INFO - Running: ['***', 'tasks', 'run', 'users_elt_daily', 'load_users', 'scheduled__2025-12-14T00:00:00+00:00', '--job-id', '177', '--raw', '--subdir', 'DAGS_FOLDER/users_elt_daily.py', '--cfg-path', '/tmp/tmpeilp2o2q']
[2025-12-16T17:31:48.392+0000] {standard_task_runner.py:91} INFO - Job 177: Subtask load_users
[2025-12-16T17:31:48.469+0000] {task_command.py:426} INFO - Running <TaskInstance: users_elt_daily.load_users scheduled__2025-12-14T00:00:00+00:00 [running]> on host be068e76f4a7
[2025-12-16T17:31:48.587+0000] {taskinstance.py:2648} INFO - Exporting env vars: AIRFLOW_CTX_DAG_OWNER='***' AIRFLOW_CTX_DAG_ID='users_elt_daily' AIRFLOW_CTX_TASK_ID='load_users' AIRFLOW_CTX_EXECUTION_DATE='2025-12-14T00:00:00+00:00' AIRFLOW_CTX_TRY_NUMBER='1' AIRFLOW_CTX_DAG_RUN_ID='scheduled__2025-12-14T00:00:00+00:00'
[2025-12-16T17:31:48.588+0000] {taskinstance.py:430} INFO - ::endgroup::
[2025-12-16T17:31:48.604+0000] {subprocess.py:63} INFO - Tmp dir root location: /tmp
[2025-12-16T17:31:48.605+0000] {subprocess.py:75} INFO - Running command: ['/usr/bin/bash', '-c', 'python /opt/***/scripts/load_users.py --ds 2025-12-14']
[2025-12-16T17:31:48.621+0000] {subprocess.py:86} INFO - Output:
[2025-12-16T17:31:48.882+0000] {subprocess.py:93} INFO - [load_users] ds=2025-12-14 inserted=19 rows
[2025-12-16T17:31:48.900+0000] {subprocess.py:97} INFO - Command exited with return code 0
[2025-12-16T17:31:48.902+0000] {taskinstance.py:441} INFO - ::group::Post task execution logs
[2025-12-16T17:31:48.934+0000] {taskinstance.py:1206} INFO - Marking task as SUCCESS. dag_id=users_elt_daily, task_id=load_users, run_id=scheduled__2025-12-14T00:00:00+00:00, execution_date=20251214T000000, start_date=20251216T173148, end_date=20251216T173148
[2025-12-16T17:31:48.968+0000] {local_task_job_runner.py:243} INFO - Task exited with return code 0
[2025-12-16T17:31:48.988+0000] {taskinstance.py:3503} INFO - 0 downstream tasks scheduled from follow-on schedule check
[2025-12-16T17:31:48.992+0000] {local_task_job_runner.py:222} INFO - ::endgroup::
[2025-12-16T17:41:26.092+0000] {local_task_job_runner.py:120} INFO - ::group::Pre task execution logs
[2025-12-16T17:41:26.202+0000] {taskinstance.py:2076} INFO - Dependencies all met for dep_context=non-requeueable deps ti=<TaskInstance: users_elt_daily.load_users scheduled__2025-12-14T00:00:00+00:00 [queued]>
[2025-12-16T17:41:26.227+0000] {taskinstance.py:2076} INFO - Dependencies all met for dep_context=requeueable deps ti=<TaskInstance: users_elt_daily.load_users scheduled__2025-12-14T00:00:00+00:00 [queued]>
[2025-12-16T17:41:26.228+0000] {taskinstance.py:2306} INFO - Starting attempt 1 of 1
[2025-12-16T17:41:26.340+0000] {taskinstance.py:2330} INFO - Executing <Task(BashOperator): load_users> on 2025-12-14 00:00:00+00:00
[2025-12-16T17:41:26.372+0000] {logging_mixin.py:188} WARNING - /home/***/.local/lib/python3.12/site-packages/***/task/task_runner/standard_task_runner.py:62 DeprecationWarning: This process (pid=909) is multi-threaded, use of fork() may lead to deadlocks in the child.
[2025-12-16T17:41:26.368+0000] {standard_task_runner.py:90} INFO - Running: ['***', 'tasks', 'run', 'users_elt_daily', 'load_users', 'scheduled__2025-12-14T00:00:00+00:00', '--job-id', '316', '--raw', '--subdir', 'DAGS_FOLDER/users_elt_daily.py', '--cfg-path', '/tmp/tmpp_suhi9t']
[2025-12-16T17:41:26.381+0000] {standard_task_runner.py:91} INFO - Job 316: Subtask load_users
[2025-12-16T17:41:26.379+0000] {standard_task_runner.py:64} INFO - Started process 921 to run task
[2025-12-16T17:41:26.543+0000] {task_command.py:426} INFO - Running <TaskInstance: users_elt_daily.load_users scheduled__2025-12-14T00:00:00+00:00 [running]> on host be068e76f4a7
[2025-12-16T17:41:26.775+0000] {taskinstance.py:2648} INFO - Exporting env vars: AIRFLOW_CTX_DAG_OWNER='***' AIRFLOW_CTX_DAG_ID='users_elt_daily' AIRFLOW_CTX_TASK_ID='load_users' AIRFLOW_CTX_EXECUTION_DATE='2025-12-14T00:00:00+00:00' AIRFLOW_CTX_TRY_NUMBER='1' AIRFLOW_CTX_DAG_RUN_ID='scheduled__2025-12-14T00:00:00+00:00'
[2025-12-16T17:41:26.779+0000] {taskinstance.py:430} INFO - ::endgroup::
[2025-12-16T17:41:26.841+0000] {subprocess.py:63} INFO - Tmp dir root location: /tmp
[2025-12-16T17:41:26.848+0000] {subprocess.py:75} INFO - Running command: ['/usr/bin/bash', '-c', 'python /opt/***/scripts/load_users.py --ds 2025-12-14']
[2025-12-16T17:41:26.883+0000] {subprocess.py:86} INFO - Output:
[2025-12-16T17:41:27.564+0000] {subprocess.py:93} INFO - [load_users] ds=2025-12-14 inserted=19 rows
[2025-12-16T17:41:27.618+0000] {subprocess.py:97} INFO - Command exited with return code 0
[2025-12-16T17:41:27.620+0000] {taskinstance.py:441} INFO - ::group::Post task execution logs
[2025-12-16T17:41:27.716+0000] {taskinstance.py:1206} INFO - Marking task as SUCCESS. dag_id=users_elt_daily, task_id=load_users, run_id=scheduled__2025-12-14T00:00:00+00:00, execution_date=20251214T000000, start_date=20251216T174126, end_date=20251216T174127
[2025-12-16T17:41:28.094+0000] {local_task_job_runner.py:243} INFO - Task exited with return code 0
[2025-12-16T17:41:28.134+0000] {taskinstance.py:3503} INFO - 0 downstream tasks scheduled from follow-on schedule check
[2025-12-16T17:41:28.144+0000] {local_task_job_runner.py:222} INFO - ::endgroup::
