[2025-12-16T17:40:56.003+0000] {local_task_job_runner.py:120} INFO - ::group::Pre task execution logs
[2025-12-16T17:40:56.162+0000] {taskinstance.py:2076} INFO - Dependencies all met for dep_context=non-requeueable deps ti=<TaskInstance: users_elt_daily.load_users manual__2025-12-01T00:00:00+00:00 [queued]>
[2025-12-16T17:40:56.191+0000] {taskinstance.py:2076} INFO - Dependencies all met for dep_context=requeueable deps ti=<TaskInstance: users_elt_daily.load_users manual__2025-12-01T00:00:00+00:00 [queued]>
[2025-12-16T17:40:56.194+0000] {taskinstance.py:2306} INFO - Starting attempt 1 of 1
[2025-12-16T17:40:56.352+0000] {taskinstance.py:2330} INFO - Executing <Task(BashOperator): load_users> on 2025-12-01 00:00:00+00:00
[2025-12-16T17:40:56.387+0000] {standard_task_runner.py:90} INFO - Running: ['***', 'tasks', 'run', 'users_elt_daily', 'load_users', 'manual__2025-12-01T00:00:00+00:00', '--job-id', '192', '--raw', '--subdir', 'DAGS_FOLDER/users_elt_daily.py', '--cfg-path', '/tmp/tmpsh0ukauq']
[2025-12-16T17:40:56.396+0000] {standard_task_runner.py:91} INFO - Job 192: Subtask load_users
[2025-12-16T17:40:56.405+0000] {logging_mixin.py:188} WARNING - /home/***/.local/lib/python3.12/site-packages/***/task/task_runner/standard_task_runner.py:62 DeprecationWarning: This process (pid=530) is multi-threaded, use of fork() may lead to deadlocks in the child.
[2025-12-16T17:40:56.410+0000] {standard_task_runner.py:64} INFO - Started process 541 to run task
[2025-12-16T17:40:56.602+0000] {task_command.py:426} INFO - Running <TaskInstance: users_elt_daily.load_users manual__2025-12-01T00:00:00+00:00 [running]> on host be068e76f4a7
[2025-12-16T17:40:56.867+0000] {taskinstance.py:2648} INFO - Exporting env vars: AIRFLOW_CTX_DAG_OWNER='***' AIRFLOW_CTX_DAG_ID='users_elt_daily' AIRFLOW_CTX_TASK_ID='load_users' AIRFLOW_CTX_EXECUTION_DATE='2025-12-01T00:00:00+00:00' AIRFLOW_CTX_TRY_NUMBER='1' AIRFLOW_CTX_DAG_RUN_ID='manual__2025-12-01T00:00:00+00:00'
[2025-12-16T17:40:56.871+0000] {taskinstance.py:430} INFO - ::endgroup::
[2025-12-16T17:40:56.923+0000] {subprocess.py:63} INFO - Tmp dir root location: /tmp
[2025-12-16T17:40:56.928+0000] {subprocess.py:75} INFO - Running command: ['/usr/bin/bash', '-c', 'python /opt/***/scripts/load_users.py --ds 2025-12-01']
[2025-12-16T17:40:56.971+0000] {subprocess.py:86} INFO - Output:
[2025-12-16T17:40:57.726+0000] {subprocess.py:93} INFO - [load_users] ds=2025-12-01 inserted=18 rows
[2025-12-16T17:40:57.777+0000] {subprocess.py:97} INFO - Command exited with return code 0
[2025-12-16T17:40:57.781+0000] {taskinstance.py:441} INFO - ::group::Post task execution logs
[2025-12-16T17:40:57.877+0000] {taskinstance.py:1206} INFO - Marking task as SUCCESS. dag_id=users_elt_daily, task_id=load_users, run_id=manual__2025-12-01T00:00:00+00:00, execution_date=20251201T000000, start_date=20251216T174056, end_date=20251216T174057
[2025-12-16T17:40:57.940+0000] {local_task_job_runner.py:243} INFO - Task exited with return code 0
[2025-12-16T17:40:57.981+0000] {taskinstance.py:3503} INFO - 0 downstream tasks scheduled from follow-on schedule check
[2025-12-16T17:40:57.987+0000] {local_task_job_runner.py:222} INFO - ::endgroup::
